<?xml version="1.0" encoding="UTF-8"?>
<robot generator="Robot 6.0.2 (Python 3.8.13 on linux)" generated="20230507 04:15:57.153"
  rpa="false" schemaversion="3">
  <suite id="s1" name="[Project] Bmci Connect Bis"
    source="/var/jenkins_home/jobs/Testify_149/workspace/[Project]_Bmci Connect Bis">
    <suite id="s1-s1" name="[TestPlan] Tester"
      source="/var/jenkins_home/jobs/Testify_149/workspace/[Project]_Bmci Connect Bis/[TestPlan]_Tester">
      <suite id="s1-s1-s1" name="[Functionality] Onboarding and login"
        source="/var/jenkins_home/jobs/Testify_149/workspace/[Project]_Bmci Connect Bis/[TestPlan]_Tester/001__[Functionality]_Onboarding and login">
        <suite id="s1-s1-s1-s1" name="[Scenario] Tester sur Google Chrome"
          source="/var/jenkins_home/jobs/Testify_149/workspace/[Project]_Bmci Connect Bis/[TestPlan]_Tester/001__[Functionality]_Onboarding and login/001__[Scenario]_Tester sur Google Chrome.robot">
          <test id="s1-s1-s1-s1-t1" name="Tester sur Google Chrome" line="9">
            <kw name="setup" type="SETUP">
              <kw name="Ouvrir Google Chrome">
                <kw name="Open Browser" library="SeleniumLibrary">
                  <arg>url=https://mbank-per.staging.bnpparibas.ma/</arg>
                  <arg>browser=Chrome</arg>
                  <arg>alias=Chrome</arg>
                  <arg>remote_url=http://173.249.49.116:4444/wd/hub</arg>
                  <doc>Opens a new browser instance to the optional ``url``.</doc>
                  <msg timestamp="20230507 04:16:01.335" level="INFO">Opening browser 'Chrome' to
                    base url 'https://mbank-per.staging.bnpparibas.ma/' through remote server at
                    'http://173.249.49.116:4444/wd/hub'.
                  </msg>
                  <status status="PASS" starttime="20230507 04:16:01.331"
                    endtime="20230507 04:16:04.146"/>
                </kw>
                <status status="PASS" starttime="20230507 04:16:01.330"
                  endtime="20230507 04:16:04.150"/>
              </kw>
              <status status="PASS" starttime="20230507 04:16:01.329"
                endtime="20230507 04:16:04.152"/>
            </kw>
            <kw name="Onboarding">
              <kw name="Element Should Contain" library="SeleniumLibrary">
                <arg>//*[@id="cdk-step-content-0-0"]/div/div[1]/p</arg>
                <arg>Visualisez et accédez aux détails</arg>
                <doc>Verifies that element ``locator`` contains text ``expected``.</doc>
                <msg timestamp="20230507 04:16:04.387" level="INFO">Element
                  '//*[@id="cdk-step-content-0-0"]/div/div[1]/p' contains text 'Visualisez et
                  accédez aux détails'.
                </msg>
                <status status="PASS" starttime="20230507 04:16:04.158"
                  endtime="20230507 04:16:04.388"/>
              </kw>
              <kw name="Capture Element Screenshot" library="SeleniumLibrary">
                <arg>//*[@id="cdk-step-content-0-0"]</arg>
                <arg>filename=oboarding1.png</arg>
                <doc>Captures a screenshot from the element identified by ``locator`` and embeds it
                  into log file.
                </doc>
                <msg timestamp="20230507 04:16:04.811" level="INFO" html="true">&lt;/td&gt;&lt;/tr&gt;&lt;tr&gt;&lt;td
                  colspan="3"&gt;&lt;a href="oboarding1.png"&gt;&lt;img src="oboarding1.png"
                  width="400px"&gt;&lt;/a&gt;
                </msg>
                <status status="PASS" starttime="20230507 04:16:04.391"
                  endtime="20230507 04:16:04.813"/>
              </kw>
              <kw name="Click Element" library="SeleniumLibrary">
                <arg>//*[@id="mat-dialog-0"]/app-onboarding-dialog/div[1]/button</arg>
                <doc>Click the element identified by ``locator``.</doc>
                <msg timestamp="20230507 04:16:04.825" level="INFO">Clicking element
                  '//*[@id="mat-dialog-0"]/app-onboarding-dialog/div[1]/button'.
                </msg>
                <status status="PASS" starttime="20230507 04:16:04.818"
                  endtime="20230507 04:16:05.105"/>
              </kw>
              <kw name="Wait Until Element Is Visible" library="SeleniumLibrary">
                <arg>//*[@id="cdk-step-content-0-1"]/div/div[1]/p</arg>
                <doc>Waits until the element ``locator`` is visible.</doc>
                <status status="PASS" starttime="20230507 04:16:05.111"
                  endtime="20230507 04:16:05.403"/>
              </kw>
              <kw name="Element Should Contain" library="SeleniumLibrary">
                <arg>//*[@id="cdk-step-content-0-1"]/div/div[1]/p</arg>
                <arg>Suivez l’évolution de vos portefeuilles titres et consultez${SPACE}</arg>
                <doc>Verifies that element ``locator`` contains text ``expected``.</doc>
                <msg timestamp="20230507 04:16:05.650" level="INFO">Element
                  '//*[@id="cdk-step-content-0-1"]/div/div[1]/p' contains text 'Suivez l’évolution
                  de vos portefeuilles titres et consultez '.
                </msg>
                <status status="PASS" starttime="20230507 04:16:05.406"
                  endtime="20230507 04:16:05.653"/>
              </kw>
              <kw name="Capture Element Screenshot" library="SeleniumLibrary">
                <arg>//*[@id="cdk-step-content-0-1"]</arg>
                <doc>Captures a screenshot from the element identified by ``locator`` and embeds it
                  into log file.
                </doc>
                <msg timestamp="20230507 04:16:05.975" level="INFO" html="true">&lt;/td&gt;&lt;/tr&gt;&lt;tr&gt;&lt;td
                  colspan="3"&gt;&lt;a href="selenium-element-screenshot-1.png"&gt;&lt;img
                  src="selenium-element-screenshot-1.png" width="400px"&gt;&lt;/a&gt;
                </msg>
                <status status="PASS" starttime="20230507 04:16:05.661"
                  endtime="20230507 04:16:05.977"/>
              </kw>
              <kw name="Click Element" library="SeleniumLibrary">
                <arg>//*[@id="mat-dialog-0"]/app-onboarding-dialog/div[1]/button[2]</arg>
                <doc>Click the element identified by ``locator``.</doc>
                <msg timestamp="20230507 04:16:05.983" level="INFO">Clicking element
                  '//*[@id="mat-dialog-0"]/app-onboarding-dialog/div[1]/button[2]'.
                </msg>
                <status status="PASS" starttime="20230507 04:16:05.979"
                  endtime="20230507 04:16:06.253"/>
              </kw>
              <kw name="Wait Until Element Is Visible" library="SeleniumLibrary">
                <arg>//*[@id="cdk-step-content-0-2"]/div/div[1]/p</arg>
                <doc>Waits until the element ``locator`` is visible.</doc>
                <status status="PASS" starttime="20230507 04:16:06.259"
                  endtime="20230507 04:16:06.609"/>
              </kw>
              <kw name="Element Should Contain" library="SeleniumLibrary">
                <arg>//*[@id="cdk-step-content-0-2"]/div/div[1]/p</arg>
                <arg>Activez ou rechargez vos dotations touristiques</arg>
                <doc>Verifies that element ``locator`` contains text ``expected``.</doc>
                <msg timestamp="20230507 04:16:06.834" level="INFO">Element
                  '//*[@id="cdk-step-content-0-2"]/div/div[1]/p' contains text 'Activez ou rechargez
                  vos dotations touristiques'.
                </msg>
                <status status="PASS" starttime="20230507 04:16:06.613"
                  endtime="20230507 04:16:06.835"/>
              </kw>
              <kw name="Capture Element Screenshot" library="SeleniumLibrary">
                <arg>//*[@id="cdk-step-content-0-2"]</arg>
                <doc>Captures a screenshot from the element identified by ``locator`` and embeds it
                  into log file.
                </doc>
                <msg timestamp="20230507 04:16:07.174" level="INFO" html="true">&lt;/td&gt;&lt;/tr&gt;&lt;tr&gt;&lt;td
                  colspan="3"&gt;&lt;a href="selenium-element-screenshot-2.png"&gt;&lt;img
                  src="selenium-element-screenshot-2.png" width="400px"&gt;&lt;/a&gt;
                </msg>
                <status status="PASS" starttime="20230507 04:16:06.837"
                  endtime="20230507 04:16:07.175"/>
              </kw>
              <kw name="Click Element" library="SeleniumLibrary">
                <arg>//*[@id="mat-dialog-0"]/app-onboarding-dialog/div[1]/button[2]</arg>
                <doc>Click the element identified by ``locator``.</doc>
                <msg timestamp="20230507 04:16:07.186" level="INFO">Clicking element
                  '//*[@id="mat-dialog-0"]/app-onboarding-dialog/div[1]/button[2]'.
                </msg>
                <status status="PASS" starttime="20230507 04:16:07.180"
                  endtime="20230507 04:16:07.440"/>
              </kw>
              <kw name="Wait Until Element Is Visible" library="SeleniumLibrary">
                <arg>//*[@id="cdk-step-content-0-3"]/div/div[1]/p</arg>
                <doc>Waits until the element ``locator`` is visible.</doc>
                <status status="PASS" starttime="20230507 04:16:07.444"
                  endtime="20230507 04:16:07.710"/>
              </kw>
              <kw name="Element Should Contain" library="SeleniumLibrary">
                <arg>//*[@id="cdk-step-content-0-3"]/div/div[1]/p</arg>
                <arg>Initiez et gérez vos virements permanents</arg>
                <doc>Verifies that element ``locator`` contains text ``expected``.</doc>
                <msg timestamp="20230507 04:16:07.930" level="INFO">Element
                  '//*[@id="cdk-step-content-0-3"]/div/div[1]/p' contains text 'Initiez et gérez vos
                  virements permanents'.
                </msg>
                <status status="PASS" starttime="20230507 04:16:07.715"
                  endtime="20230507 04:16:07.932"/>
              </kw>
              <kw name="Capture Element Screenshot" library="SeleniumLibrary">
                <arg>//*[@id="cdk-step-content-0-3"]</arg>
                <doc>Captures a screenshot from the element identified by ``locator`` and embeds it
                  into log file.
                </doc>
                <msg timestamp="20230507 04:16:08.257" level="INFO" html="true">&lt;/td&gt;&lt;/tr&gt;&lt;tr&gt;&lt;td
                  colspan="3"&gt;&lt;a href="selenium-element-screenshot-3.png"&gt;&lt;img
                  src="selenium-element-screenshot-3.png" width="400px"&gt;&lt;/a&gt;
                </msg>
                <status status="PASS" starttime="20230507 04:16:07.935"
                  endtime="20230507 04:16:08.259"/>
              </kw>
              <kw name="Click Element" library="SeleniumLibrary">
                <arg>//*[@id="mat-dialog-0"]/app-onboarding-dialog/div[1]/button[2]</arg>
                <doc>Click the element identified by ``locator``.</doc>
                <msg timestamp="20230507 04:16:08.268" level="INFO">Clicking element
                  '//*[@id="mat-dialog-0"]/app-onboarding-dialog/div[1]/button[2]'.
                </msg>
                <status status="PASS" starttime="20230507 04:16:08.263"
                  endtime="20230507 04:16:08.515"/>
              </kw>
              <kw name="Wait Until Element Is Visible" library="SeleniumLibrary">
                <arg>//*[@id="login"]</arg>
                <doc>Waits until the element ``locator`` is visible.</doc>
                <status status="PASS" starttime="20230507 04:16:08.519"
                  endtime="20230507 04:16:10.063"/>
              </kw>
              <kw name="Capture Page Screenshot" library="SeleniumLibrary">
                <doc>Takes a screenshot of the current page and embeds it into a log file.</doc>
                <msg timestamp="20230507 04:16:10.513" level="INFO" html="true">&lt;/td&gt;&lt;/tr&gt;&lt;tr&gt;&lt;td
                  colspan="3"&gt;&lt;a href="selenium-screenshot-1.png"&gt;&lt;img
                  src="selenium-screenshot-1.png" width="800px"&gt;&lt;/a&gt;
                </msg>
                <status status="PASS" starttime="20230507 04:16:10.068"
                  endtime="20230507 04:16:10.514"/>
              </kw>
              <kw name="Sleep" library="BuiltIn">
                <arg>2</arg>
                <doc>Pauses the test executed for the given time.</doc>
                <msg timestamp="20230507 04:16:12.520" level="INFO">Slept 2 seconds</msg>
                <status status="PASS" starttime="20230507 04:16:10.516"
                  endtime="20230507 04:16:12.523"/>
              </kw>
              <status status="PASS" starttime="20230507 04:16:04.154"
                endtime="20230507 04:16:12.529"/>
            </kw>
            <kw name="Login">
              <kw name="Input Text" library="SeleniumLibrary">
                <arg>//*[@id="login"]</arg>
                <arg>2307750825</arg>
                <doc>Types the given ``text`` into the text field identified by ``locator``.</doc>
                <msg timestamp="20230507 04:16:12.549" level="INFO">Typing text '2307750825' into
                  text field '//*[@id="login"]'.
                </msg>
                <status status="PASS" starttime="20230507 04:16:12.538"
                  endtime="20230507 04:16:13.073"/>
              </kw>
              <kw name="Click Element" library="SeleniumLibrary">
                <arg>xpath=//span[@class='eb-keyboard-key-text' and text()='1']</arg>
                <doc>Click the element identified by ``locator``.</doc>
                <msg timestamp="20230507 04:16:13.079" level="INFO">Clicking element
                  'xpath=//span[@class='eb-keyboard-key-text' and text()='1']'.
                </msg>
                <status status="PASS" starttime="20230507 04:16:13.075"
                  endtime="20230507 04:16:13.386"/>
              </kw>
              <kw name="Click Element" library="SeleniumLibrary">
                <arg>xpath=//span[@class='eb-keyboard-key-text' and text()='1']</arg>
                <doc>Click the element identified by ``locator``.</doc>
                <msg timestamp="20230507 04:16:13.402" level="INFO">Clicking element
                  'xpath=//span[@class='eb-keyboard-key-text' and text()='1']'.
                </msg>
                <status status="PASS" starttime="20230507 04:16:13.391"
                  endtime="20230507 04:16:13.643"/>
              </kw>
              <kw name="Click Element" library="SeleniumLibrary">
                <arg>xpath=//span[@class='eb-keyboard-key-text' and text()='1']</arg>
                <doc>Click the element identified by ``locator``.</doc>
                <msg timestamp="20230507 04:16:13.656" level="INFO">Clicking element
                  'xpath=//span[@class='eb-keyboard-key-text' and text()='1']'.
                </msg>
                <status status="PASS" starttime="20230507 04:16:13.648"
                  endtime="20230507 04:16:13.890"/>
              </kw>
              <kw name="Click Element" library="SeleniumLibrary">
                <arg>xpath=//span[@class='eb-keyboard-key-text' and text()='1']</arg>
                <doc>Click the element identified by ``locator``.</doc>
                <msg timestamp="20230507 04:16:13.903" level="INFO">Clicking element
                  'xpath=//span[@class='eb-keyboard-key-text' and text()='1']'.
                </msg>
                <status status="PASS" starttime="20230507 04:16:13.894"
                  endtime="20230507 04:16:14.180"/>
              </kw>
              <kw name="Click Element" library="SeleniumLibrary">
                <arg>xpath=//span[@class='eb-keyboard-key-text' and text()='1']</arg>
                <doc>Click the element identified by ``locator``.</doc>
                <msg timestamp="20230507 04:16:14.184" level="INFO">Clicking element
                  'xpath=//span[@class='eb-keyboard-key-text' and text()='1']'.
                </msg>
                <status status="PASS" starttime="20230507 04:16:14.181"
                  endtime="20230507 04:16:14.439"/>
              </kw>
              <kw name="Click Element" library="SeleniumLibrary">
                <arg>xpath=//span[@class='eb-keyboard-key-text' and text()='1']</arg>
                <doc>Click the element identified by ``locator``.</doc>
                <msg timestamp="20230507 04:16:14.454" level="INFO">Clicking element
                  'xpath=//span[@class='eb-keyboard-key-text' and text()='1']'.
                </msg>
                <status status="PASS" starttime="20230507 04:16:14.443"
                  endtime="20230507 04:16:14.709"/>
              </kw>
              <kw name="Click Element" library="SeleniumLibrary">
                <arg>//*[@class="eb-btn-connect mat-flat-button mat-button-base"]</arg>
                <doc>Click the element identified by ``locator``.</doc>
                <msg timestamp="20230507 04:16:14.713" level="INFO">Clicking element
                  '//*[@class="eb-btn-connect mat-flat-button mat-button-base"]'.
                </msg>
                <status status="PASS" starttime="20230507 04:16:14.710"
                  endtime="20230507 04:16:14.981"/>
              </kw>
              <kw name="Sleep" library="BuiltIn">
                <arg>10</arg>
                <doc>Pauses the test executed for the given time.</doc>
                <msg timestamp="20230507 04:16:24.992" level="INFO">Slept 10 seconds</msg>
                <status status="PASS" starttime="20230507 04:16:14.985"
                  endtime="20230507 04:16:24.999"/>
              </kw>
              <kw name="Capture Page Screenshot" library="SeleniumLibrary">
                <doc>Takes a screenshot of the current page and embeds it into a log file.</doc>
                <msg timestamp="20230507 04:16:25.498" level="INFO" html="true">&lt;/td&gt;&lt;/tr&gt;&lt;tr&gt;&lt;td
                  colspan="3"&gt;&lt;a href="selenium-screenshot-2.png"&gt;&lt;img
                  src="selenium-screenshot-2.png" width="800px"&gt;&lt;/a&gt;
                </msg>
                <status status="PASS" starttime="20230507 04:16:25.006"
                  endtime="20230507 04:16:25.500"/>
              </kw>
              <status status="PASS" starttime="20230507 04:16:12.530"
                endtime="20230507 04:16:25.502"/>
            </kw>
            <kw name="teardown" type="TEARDOWN">
              <kw name="Femer les navigateurs">
                <kw name="Close All Browsers" library="SeleniumLibrary">
                  <doc>Closes all open browsers and resets the browser cache.</doc>
                  <status status="PASS" starttime="20230507 04:16:25.511"
                    endtime="20230507 04:16:25.657"/>
                </kw>
                <status status="PASS" starttime="20230507 04:16:25.508"
                  endtime="20230507 04:16:25.661"/>
              </kw>
              <status status="PASS" starttime="20230507 04:16:25.504"
                endtime="20230507 04:16:25.662"/>
            </kw>
            <status status="PASS" starttime="20230507 04:16:01.324"
              endtime="20230507 04:16:25.663"/>
          </test>
          <status status="PASS" starttime="20230507 04:16:01.269" endtime="20230507 04:16:25.672"/>
        </suite>
        <doc>1- Ouvrir un navigateur sur google Chrome, Firefox, Opera, Safari

          2- Tapper https://mbank-per.staging.bnpparibas.ma/

          3- Passer la visite guidé , vérifier le wording et prendre des capture d'écran

          4- Afficher la page login

          5- Se connecter avec un mot de passe permanent

          6 - Afficher le dashboard

          7 - Prendre un capture d'écran

          8 - Quitter le navigateur
        </doc>
        <status status="PASS" starttime="20230507 04:16:01.261" endtime="20230507 04:16:25.686"/>
      </suite>
      <status status="PASS" starttime="20230507 04:16:01.254" endtime="20230507 04:16:25.694"/>
    </suite>
    <doc>user.country=CA</doc>
    <status status="PASS" starttime="20230507 04:15:57.158" endtime="20230507 04:16:25.700"/>
  </suite>
  <statistics>
    <total>
      <stat pass="1" fail="0" skip="0">All Tests</stat>
    </total>
    <tag>
    </tag>
    <suite>
      <stat pass="1" fail="0" skip="0" id="s1" name="[Project] Bmci Connect Bis">[Project] Bmci
        Connect Bis
      </stat>
      <stat pass="1" fail="0" skip="0" id="s1-s1" name="[TestPlan] Tester">[Project] Bmci Connect
        Bis.[TestPlan] Tester
      </stat>
      <stat pass="1" fail="0" skip="0" id="s1-s1-s1" name="[Functionality] Onboarding and login">
        [Project] Bmci Connect Bis.[TestPlan] Tester.[Functionality] Onboarding and login
      </stat>
      <stat pass="1" fail="0" skip="0" id="s1-s1-s1-s1" name="[Scenario] Tester sur Google Chrome">
        [Project] Bmci Connect Bis.[TestPlan] Tester.[Functionality] Onboarding and login.[Scenario]
        Tester sur Google Chrome
      </stat>
    </suite>
  </statistics>
  <errors>
  </errors>
</robot>
