<?xml version="1.0" encoding="UTF-8"?>
<robot generator="Robot 6.0.2 (Python 3.8.13 on linux)" generated="20230611 00:19:46.327" rpa="false" schemaversion="3">
<suite id="s1" name="[Project] Demonstration Test Application Mobile" source="/var/jenkins_home/jobs/Testify_11/workspace/[Project]_Demonstration Test Application Mobile">
<suite id="s1-s1" name="[TestPlan] Test Application Android" source="/var/jenkins_home/jobs/Testify_11/workspace/[Project]_Demonstration Test Application Mobile/[TestPlan]_Test Application Android">
<suite id="s1-s1-s1" name="[Functionality] Tester Home page" source="/var/jenkins_home/jobs/Testify_11/workspace/[Project]_Demonstration Test Application Mobile/[TestPlan]_Test Application Android/001__[Functionality]_Tester Home page">
<suite id="s1-s1-s1-s1" name="[Scenario] EER CIH MOBILE" source="/var/jenkins_home/jobs/Testify_11/workspace/[Project]_Demonstration Test Application Mobile/[TestPlan]_Test Application Android/001__[Functionality]_Tester Home page/004__[Scenario]_EER CIH MOBILE.robot">
<test id="s1-s1-s1-s1-t1" name="EER CIH MOBILE" line="9">
<kw name="setup" type="SETUP">
<kw name="Ouvrir l'application">
<kw name="Open Application" library="AppiumLibrary">
<arg>http://oauth-samir.grabou-2f81f:966284e9-4923-4582-9282-0da6e9aa2b7b@ondemand.eu-central-1.saucelabs.com/wd/hub</arg>
<arg>alias=MobileTest</arg>
<arg>platformName=Android</arg>
<arg>app=storage:filename=cih-mobile-4-94.apk</arg>
<arg>deviceName=Android GoogleAPI Emulator</arg>
<arg>deviceOrientation=portrait</arg>
<arg>platformVersion=12.0</arg>
<arg>automationName=UiAutomator2</arg>
<arg>sauce:options.username=oauth-samir.grabou-2f81f</arg>
<arg>sauce:options.accessKey=966284e9-4923-4582-9282-0da6e9aa2b7b</arg>
<arg>sauce:options.build=appium-build-ACFJ3</arg>
<arg>sauce:options.name=MobileTest</arg>
<doc>Opens a new application to given Appium server.
Capabilities of appium server, Android and iOS,
Please check https://github.com/appium/appium/blob/master/docs/en/writing-running-appium/server-args.md
| *Option*            | *Man.* | *Description*     |
| remote_url          | Yes    | Appium server url |
| alias               | no     | alias             |
| strict_ssl          | No     | allows you to send commands to an invalid certificate host like a self-signed one. |</doc>
<msg timestamp="20230611 00:20:51.042" level="INFO">Redirecting http://oauth-samir.grabou-2f81f:966284e9-4923-4582-9282-0da6e9aa2b7b@ondemand.eu-central-1.saucelabs.com/wd/hub/session -&gt; http://oauth-samir.grabou-2f81f:966284e9-4923-4582-9282-0da6e9aa2b7b@ondemand.eu-central-1.saucelabs.com/wd/hub/session/2db8f643c56a44a6a62dd979f58f682b</msg>
<status status="PASS" starttime="20230611 00:19:50.678" endtime="20230611 00:21:01.718"/>
</kw>
<status status="PASS" starttime="20230611 00:19:50.677" endtime="20230611 00:21:01.718"/>
</kw>
<status status="PASS" starttime="20230611 00:19:50.675" endtime="20230611 00:21:01.718"/>
</kw>
<kw name="Navigation Tests">
<kw name="Capture Page Screenshot" library="AppiumLibrary">
<doc>Takes a screenshot of the current page and embeds it into the log.</doc>
<msg timestamp="20230611 00:21:05.609" level="INFO" html="true">&lt;/td&gt;&lt;/tr&gt;&lt;tr&gt;&lt;td colspan="3"&gt;&lt;img src="data:image/png;base64, iVBORw0KGgoAAAANSUhEUgAAAwAAAAUACAYAAADwUTW0AAAAAXNSR0IArs4c6QAAAARzQklUCAgI
CHwIZIgAACAASURBVHic7N15fFxVwf/x770zk0mTJpmmG7Q0LYhAC9IAFgoFGlSgQoEqFkX50aLo
44JQlE0W2yr18VGxFWVxoS24gUIRLCAqkKKVRbCtUDYpXe3e7Nus5/fHJNNMMkmTdJYk5/N+vY5m
7tzlzJRXcr73LNeRZAQAAADACm6uKwAAAAAgewgAAAAAgEUIAAAAAIBFCAAAAACARQgAAAAAgEUI
AAAAAIBFCAAAAACARQgAAAAAgEUIAIOQx+PRiBEjdP/99ysWi8kYk1RisZh+9atfacSIEfJ4PLmu
LgAAALKIADCIOI6jr33tawqHw9q1a5cuv/xyOY6Tcr/PfOYz2rVrl8LhsG688cYc1LZ7Ho9Hrst/
ngAAAOnmSDK5rgQOjuM4mjZtmp5//vmUDf4DMcbotNNO04svvpiB2vWe67oaP368amtrVV1dLWP6
z3+igUBANTU1SdsqKio0efJkBQIBVVZWqra2VmvXru32GAAAsqW8vFzjx49XeXl50va1a9dq8+bN
SX+z+pN0/v2sqKjQc889l/K9s846S5WVlWm5zkBiKAO3uK5rHnzwQROLxYwxJvH/Xenq/b///e/G
cRxzwgknGI/Hk7PP4ziOmTp1qqmtrTUvvPCCKSgoMI7j5Px7lmTmzp1rqqurTXl5uZkwYYJ57rnn
uvyeN27caObMmWPKy8tNdXW1mTt3bs7rT6FQKBQ7SiAQMHPmzDGPPvpot22C9h599FEzZ84cEwgE
cl5/Kf43d8GCBWk7X0VFRZefvaKiIuefNwcl5xWg9LG4rmvefvvtAzb6eyIajRqPx2PGjBljNmzY
kJMQ4LquKS0tNe+++66JRCImFAqZq6++ul8EgPa/OJqamkxNTU2PvtdgMGj7LxgKhUKhZKlMmDDB
LFu2zFRXV/e5PVBdXW2WLVtmJkyYkLPPMXfuXGOMOegAMGvWLDN//nwzf/58s2zZsi4/87JlyxL7
XXTRRTn/d8xSyfxFfD5fTo/vWCZNmmTOPvtsc/rpp5vhw4f3q7r1tDiOYx566KG0NP6NifcM5OXl
GY/HY6LRqHnkkUey3vB2HMd8/etfN7FYzMRiMRONRk19fb056qijjOu6Ofme25fly5d3+t6WLFli
KioqEndMKioqzIIFCzoFhOXLl+e8/hQKhUIZvGXBggVpaQ+0N3/+/Kx/jrbGvzEHFwCWLFnS58+9
ZMmSnP97ZqFk7uSf+tSnzOOPP25qampycnz7MnbsWPOzn/3M7NixI+kfORQKmZdeeslccsklOatb
X8q0adNMNBrt83/cHUWjUTNhwgSTn59votGoiUajZvr06Vn7PK7rmoKCArNt2zYTiUQS9YrFYuae
e+7JyXfcsZSXlyfqtWnTJlNeXt7lvoFAwKxduzaxP0OAKBQKhZKJUl5ebtasWZO29kBHa9as6fbv
XTpL+8a/MQcXACorK/v8mSsrK3P+75qFkt4TnnTSSeauu+4yW7duTXyRoVAoa8enKhMnTjT/+c9/
EueLxWKmpqbGtLS0JLZFo1Fz2223Zb1ufSmu6yYa/30d89/x/Wg0ao4//ngzefLkpO8kW3fefT6f
WbZsWadQE41GTVVVlTnuuONy3gvQ1qCvqanpUddoIBBI9ARs3Lgxp3WnUCgUyuArs2bNOqjhPj1V
XV2d8WGsHRv/xhAAMlzSc6LPfvaz5qWXXkrZ4OxJI/lgj++uvPDCC8aYeGPynnvuMe973/uMJFNQ
UGCuuuoqU1tba4wxJhwOmzPOOCOrdetLufbaa7v8jzYSiSRKb4YHRaNRc+yxx5q77747afuNN96Y
8c/juq6ZMmWKaWxsTAz/aS8Wi5lXX33V5Ofn52w+QPs5APPmzUtsT3VXpP229l2ys2bNykndKRQK
hTL4SqoGc6Zlqje7q89CAMhoSc+JnnnmmcQXt2XLFnPvvfcmtvWkkXywx3dVPv3pTyfOe//996fc
p32D+oEHHsha3fpSXNdNaiCHw2FjjDErV640p512miktLTWBQMBcffXV5mc/+5n5yle+YhoaGlI2
rNuLRqNmzJgxpqqqqtP2TE8IdhzHPPbYY4mhP23j/9vqHIvFTDAYNLNmzcpZAJg3b17iO2kb7982
J6D9WMGO2wKBQOI4S8YUUigUCiULpf0w02xZu3Zt2j9Hd0GGAJC5krYnLVVXV+uRRx7RJZdcorKy
Mn3xi1/U3r17s3Z8V2bOnClJMsZowYIFKfdZvHixqqurJUnHHHNM1urWF6WlpYrFYorFYlq1apX8
fr/8fr9+9KMfafXq1dqzZ4+qqqr0ox/9SD/+8Y911113qaioSK7r6pRTTlFzc3PKdfUdx9GuXbtU
UlKS8pqZ4vF4NHv2bF1wwQXyeDwyxmjp0qW69dZbdcstt2jp0qWSJK/Xq4ULF6qoqKhPzzo4WG1r
J2/evLlXaxLX1NRo1apVSecAAOBgVVRUaPPmzVm73ubNm1VRUZHWc86dO1fLli1L6znRcxlLFw89
9JAxpu93yXtz/OLFi83GjRvN0qVLk7Y//fTTpqGh4YBjsN98801jTHyySzY+W1/L8uXLzfr1643j
OMZ1XTNz5syku/tt/x+JRFLeLXdd11x88cVJE23b9r/kkktS9hI89NBDGfksjuOYgoICs2bNmsTY
/0gkYmbOnGn8fr/x+/1m5syZieFMsVjMLFiwICdLlLbdSeh4V+BAQ4DaXldUVGRtEhWFQqFQ7Cjl
5eU9Xpb6YNTU1KT9b1hPhjDRA5DRkrmTZysA+Hy+xFAYY4w5/PDDe3Udn8+XGPry2GOPZeWz9bVc
ddVVxnEc4ziOeffdd7sc1tPc3NztpFnHcUx9fX1i/wceeCDpdUeZ+CyO45gvfelLSf92kUjEnHfe
ecbj8RiPx2POP//8RFiJRqNmy5YtZtSoUVkfCtRVAKBQKBQKJZclG3MB0j2Hrad1JgBkrng1CITD
Ya1Zs0ZTpkzRO++8o23btvXq+Llz52rYsGGSpJUrV2aiimnzk5/8RH6/X1VVVSooKOhyv8bGxm7P
Y4xRIBDQzp07NXz4cK1atUqXXXZZuqvbJdd1VVZWpjvuuEOumzwSzXEcGWMS/9/+mLFjx2rhwoW6
6qqrFI1Gs1bfNiUlJZo+fXrK9zrWt6Pa2tp++7h1AMDAtHz5ck2YMEHz58/PyPkXLlyoP/zhD2k7
H8N++o+MpYtsDgEqKCgw06ZNMyUlJb26xvDhw817771njDFm/fr1WftsfS0ejyfpjnlXNmzY0KO7
5F6v1/z3v/894DMF0v05HMcxd955Z6cejEgkYs4///yUPQDGxIc4hUIhc+aZZ2Z1WdCDuZPQxoY7
ChQKhULJTUn1sMqDle6HWPa2t4IegMyVtE0CzrWmpiatXr1atbW1vTpu6dKlOvzwwxUKhXT11Vdn
qHbpEwqF5PXu77gx3dxx7gljjEaPHt3pLny6zp+K67o66qijdPnllx/w/B3fdxxHXq9X1113Xdrr
BQDAQDVv3jytW7cubedbt26d5s2bl7bzcee/fxkUQ4D6avHixbrwwgslST/84Q/1zDPP5LhGB5Zq
uEwqJSUlBxyS4vF4tG3bNnk8ni73SfeKO47jKC8vT7/61a9UXFyc8vyO4yTqlKpujuNoxowZOu+8
8/Tkk08qFoultY6pzJs3T4FAoE/HLlmyRJMnT05zjQAA2K+mpkazZs3S2rVrU67o1xu1tbWaNWtW
r1a96w6N//7H2gBwww036JprrpEkrVixQt/4xjdyXKOeMa1j4w+ku/kBUrwRXVVVpeLi4nRVrUcc
x9G5556rD3zgA12+P2rUKB155JGSpJEjR6b8vF6vV3feeadeeukl7d27NyM9Fe0dzNj9dP0CBQCg
O5s2bVJFRYXWrFlzUOepqKjQpk2b0lInGv/906AZAtQbc+bM0aJFi+Q4jl544QXNnTs311XqsZ5O
xMnLy0vZKHZdVxdeeKHC4XCPG/+PPPJIr+rYHa/Xq29961vy+XwpG/au6+q+++7T+vXrtX79et13
331dDk8qKyvT7Nmz01a37pSXl2v69Oms5Q8A6NfWrl2rK664os/HX3HFFWlbsILGf/+WsQkG2ZwE
3NMyc+ZM09jYaIwxZt26dWb06NH9pm49KaNGjep2wm775wFMnDgxPtGjdbJseXm5aWxs7PaJwB3f
i0ajZtSoUWmpu9frNbfeemu3TyVum+Tb3NxsmpubTTAY7LJ+sVjM7N6924wfPz7jy4IezDKgmzZt
MsakfzIVhUKhUChdlb5MCk7n36l0LE/KJODMFat6AKZOnar7779fBQUFevfddzVr1izt2rUr19Xq
lX379nX7fttddcdx9OCDD+rKK6/Uvn37ZIzRv/71LxUUFHQ7hCjVe+l46rHjOCotLdXnPve5bocx
xWIxzZ49W6WlpSotLdUll1yStNxn++Mcx9GIESM0f/58eb3ejD4huO1uyPTp03s1FyAQCGj8+PFJ
5wAAINPmzp2beBJ9T6xatSptIyK489//WRMAjj76aP3ud79TaWmptm/fro9//OPauHFjrqvVa9Fo
VAsXLuzRmPfjjjtOV155ZaLB2pcG8vz589M2yXbBggUaN25cl0N62kQiEYVCIYVCIYXD4W73Ncbo
4osv1tixY9NSx65UVlYmfu7Nqgjtf5kSAAAA2TRr1qwerQy0bt06zZo1Ky3XpPE/cGSse6G/DAEa
PXq0Wb9+vTHGmH379plp06bl/LMdTHFd94Dr9rd54okn+vyY8Gg0mpa19l3XNdOmTTOhUKjb4UfG
xJ8DcPbZZxuv12u8Xq8555xzkp4D0FU9n332WVNYWJjRoUBtQ3mqq6tNIBA44P7l5eWJOq5duzbr
/51QKBQKhVJeXt5tO6CmpsaUl5en5VrpfioxQ4AyVwZND8DixYu1ceNGLV26NGl7QUGBVqxYoUmT
JikYDOraa69VVVWVJk6c2GWZMGFCjj5Fz8RiMc2YMUPGmAP2BMyYMUOnnnqqgsFgyve7Ot4Yoxkz
ZqTl7r8xRtddd508Hk+nXoiO13ddV4sWLdJjjz2mxx9/XLfffnu3PQamdThRRUWFLrjggoyuBrRg
wQJJ8WE9zz33XLdDgSoqKvToo48mXg+kieYAgMFj7dq13f4Nmjt3blp6qLnzP/BkLF1kqwfA5/Ml
PR338MMPT7x39dVX9zr5vfDCCxn/bAdbHMcxTz31VI8+TywWMx6PxzQ1NfX4O3jyySfTcjfddV1z
0kknmaamJhONRhMTgLsr0WjUhMNhEw6He3xMJBIxq1atSnw3mfre20+qqq6uNvPnzzfTp083kkwg
EDDTp083ixcvTvouD+YOBoVCoVAo6Sjz5s3r9Ld+3rx5aTl3uu/8p+PvJz0A3ZdB8RyAcDisNWvW
aMqUKXrnnXe0bdu2xHs+ny+HNcscY4xmzpyp9957T2VlZd3u6ziOwuGwfD6fLr30Ui1fvlyu66ac
E2CM0datWzVz5sy03U0fMmRI4vo9nYfQtp/pQS9H236ZnATcpu0uypw5cxQIBBK9AqnU1tZqwYIF
WrJkScbrBQBAd5YsWaLy8nLNmTNHknT//fen5e8Td/4HJkfxJDDgFRQU6IQTTtDrr7+u2traXFcn
azwej1auXKlzzz33gA3gcDis4cOHq6GhQbfffruuv/56eb3xDNj21OCnn35aH/vYx3TSSSfp9ddf
V3Nzs0Kh0EHV0XVdHXLIIfL7/Qd1nu60PdgsWw/dmjt3rhYsWJBY4aejttUU0vUgFQAADlYgEEgs
alFRUXHQfzMz3fhfuHBhtzfaulNZWanp06f36dhVq1apoqKiT8cOFIMmANjMcRzNmDFDTzzxROJ1
V4wx+sxnPqMHH3xQklRUVKRLL71U5557rpYvX67HH39cruvqrLPOUllZmZ5//nlt2LAhY/Vuu3Pf
3V3+A73f2/3Sqby8XIFAIPGLdO3atUkrBgEA0J+0zV872MZ/IBDo1ap4fVFZWdnnv6nl5eWqrKxU
SUlJr46rra1VRUXFoF+5jwAwiLiuq4ULF+qWW26RMabLybPGGO3bt08VFRVav369pNw0ngEAAJB9
g2YVIMRXB7rtttvk9Xp16KGHasWKFZ0a9W133J9//nnt2bMnaTsAAAAGP3oAAAAAAIvQAwAAAABY
hAAAAAAAWIQAAAAAAFiEAAAAAABYhAAAAAAAWIQAAAAAAFiEAAAAAABYhAAAAAAAWMR72GGH5boO
AAAAALKEHgAAAADAIgQAAAAAwCIEAAAAAMAizpbNm02uKwEAAAAg88aVlcnb9gMAAACAwWvrli2S
GAIEAAAAWIUAAAAAAFiEAAAAAABYhAAAAAAAWIQAAAAAAFiEAAAAAABYhAAAAAAAWIQAAAAAAFiE
AAAAAABYhAAAAAAAWIQAAAAAAFiEAAAAAABYhAAAAAAAWIQAAAAAAFiEAAAAAABYhAAAAAAAWIQA
AAAAAFiEAAAAAABYhAAAAAAAWIQAAAAAAFiEAAAAAABYhAAAAAAAWIQAAAAAAFiEAAAAAABYhAAA
AAAAWIQAAAAAAFiEAAAAAABYhAAAAAAAWIQAAAAAAFiEAAAAAABYhAAAAAAAWIQAAAAAAFiEAAAA
AABYhAAAAAAAWIQAAAAAAFiEAAAAAABYhAAAAAAAWIQAAAAAAFiEAAAAAABYhAAAAAAAWIQAAAAA
AFiEAAAAAABYhAAAAAAAWIQAAAAAAFiEAAAAAABYhAAAAAAAWIQAAAAAAFiEAAAAAABYhAAAAAAA
WIQAAAAAAFiEAAAAAABYhAAAAAAAWIQAAAAAAFiEAAAAAABYhAAAAAAAWIQAAAAAAFiEAAAAAABY
hAAAAAAAWIQAAAAAAFiEAAAAAABYhAAAAAAAWIQAAAAAAFiEAAAAAABYhAAAAAAAWIQAAAAAAFiE
AAAAAABYhAAAAAAAWIQAAAAAAFiEAAAAAABYhAAAAAAAWIQAAAAAAFiEAAAAAABYhAAAAAAAWIQA
AAAAAFiEAAAAAABYhAAAAAAAWIQAAAAAAFiEAAAAAABYhAAAAAAAWIQAAAAAAFiEAAAAAABYhAAA
AAAAWIQAAAAAAFiEAAAAAABYhAAAAAAAWIQAAAAAAFiEAAAAAABYhAAAAAAAWIQAAAAAAFiEAAAA
AABYhAAAAAAAWIQAAAAAAFiEAAAAAABYhAAAAAAAWIQAAAAAAFiEAAAAAABYhAAAAAAAWIQAAAAA
AFiEAAAAAABYhAAAAAAAWIQAAAAAAFiEAAAAAABYhAAAAAAAWIQAAAAAAFiEAAAAAABYhAAAAAAA
WIQAAAAAAFiEAAAAAABYhAAAAAAAWIQAAAAAAFiEAAAAAABYhAAAAAAAWIQAAAAAAFiEAAAAAABY
hAAAAAAAWIQAAAAAAFiEAAAAAABYhAAAAAAAWIQAAAAAAFiEAAAAAABYhAAAAAAAWIQAAAAAAFiE
AAAAAABYhAAAAAAAWIQAAAAAAFiEAAAAAABYhAAAAAAAWIQAAAAAAFiEAAAAAABYhAAAAAAAWIQA
AAAAAFiEAAAAAABYhAAAAAAAWIQAAAAAAFiEAAAAAABYhAAAAAAAWIQAAAAAAFiEAAAAAABYhAAA
AAAAWIQAAAAAAFiEAAAAAABYhAAAAAAAWIQAAAAAAFiEAAAAAABYhAAAAAAAWIQAAAAAAFiEAAAA
AABYhAAAAAAAWIQAAAAAAFiEAAAAAABYhAAAAAAAWIQAAAAAAFiEAAAAAABYhAAAAAAAWIQAAAAA
AFiEAAAAAABYhAAAAAAAWIQAAAAAAFiEAAAAAABYhAAAAAAAWIQAAAAAAFiEAAAAAABYhAAAAAAA
WIQAAAAAAFiEAAAAAABYhAAAAAAAWIQAAAAAAFiEAAAAAABYhAAAAAAAWIQAAAAAAFiEAAAAAABY
hAAAAAAAWIQAAAAAAFiEAAAAAABYhAAAAAAAWIQAAAAAAFiEAAAAAABYhAAAAAAAWIQAAAAAAFiE
AAAAAABYhAAAAAAAWIQAAAAAAFiEAAAAAABYhAAAAAAAWIQAAAAAAFiEAAAAAABYhAAAAAAAWIQA
AAAAAFiEAAAAAABYhAAAAAAAWIQAAAAAAFiEAAAAAABYhAAAAAAAWIQAAAAAAFiEAAAAAABYhAAA
AAAAWIQAAAAAAFiEAAAAAABYhAAAAAAAWIQAAAAAAFiEAAAAAABYhAAAAAAAWIQAAAAAAFiEAAAA
AABYhAAAAAAAWIQAAAAAAFiEAAAAAABYhAAAAAAAWIQAAAAAAFiEAAAAAABYhAAAAAAAWIQAAAAA
AFiEAAAAAABYhAAAAAAAWIQAAAAAAFiEAAAAAABYhAAAAAAAWIQAAAAAAFiEAAAAAABYhAAAAAAA
WIQAAAAAAFiEAAAAAABYhAAAAAAAWIQAAAAAAFiEAAAAAABYhAAAAAAAWIQAAAAAAFiEAAAAAABY
hAAAAAAAWIQAAAAAAFiEAAAAAABYhAAAAAAAWIQAAAAAAFiEAAAAAABYhAAAAAAAWIQAAAAAAFiE
AAAAAABYhAAAAAAAWIQAAAAAAFiEAAAAAABYhAAAAAAAWIQAAAAAAFiEAAAAAABYhAAAAAAAWIQA
AAAAAFiEAAAAAABYhAAAAAAAWIQAAAAAAFiEAAAAAABYhAAAAAAAWIQAAAAAAFiEAAAAAABYhAAA
AAAAWIQAAAAAAFiEAAAAAABYhAAAAAAAWIQAAAAAAFiEAAAAAABYhAAAAAAAWIQAAAAAAFiEAAAA
AABYhAAAAAAAWIQAAAAAAFiEAAAAAABYhAAAAAAAWIQAAAAAAFiEAAAAAABYhAAAAAAAWIQAAAAA
AFiEAAAAAABYhAAAAAAAWIQAAAAAAFiEAAAAAABYhAAAAAAAWIQAAAAAAFiEAAAAAABYhAAAAAAA
WIQAAAAAAFiEAAAAAABYhAAAAAAAWIQAAAAAAFiEAAAAAABYhAAAAAAAWIQAAAAAAFiEAAAAAABY
hAAAAAAAWIQAAAAAAFiEAAAAAABYhAAAAAAAWIQAAAAAAFiEAAAAAABYhAAAAAAAWIQAAAAAAFiE
AAAAAABYhAAAAAAAWIQAAAAAAFiEAAAAAABYhAAAAAAAWIQAAAAAAFiEAAAAAABYhAAAAAAAWIQA
AAAAAFiEAAAAAABYhAAAAAAAWIQAAAAAAFiEAAAAAABYhAAAAAAAWIQAAAAAAFiEAAAAAABYhAAA
AAAAWIQAAAAAAFiEAAAAAABYhAAAAAAAWIQAAAAAAFiEAAAAAABYhAAAAAAAWIQAAAAAAFiEAAAA
AABYhAAAAAAAWIQAAAAAAFiEAAAAAABYhAAAAAAAWIQAAAAAAFiEAAAAAABYhAAAAAAAWIQAAAAA
AFiEAAAAAABYhAAAAAAAWIQAAAAAAFiEAAAAAABYhAAAAAAAWIQAAAAAAFiEAAAAAABYhAAAAAAA
WIQAAAAAAFiEAAAAAABYhAAAAAAAWIQAAAAAAFiEAAAAAABYhAAAAAAAWIQAAAAAAFiEAAAAAABY
hAAAAAAAWMSb6wpkQviN1Yru3aZo9U7FqnYqVr1T0epdilXvUKx6l0ywKddVBAAAQD/g+Avklh4i
N3CIPMNGyy09VO6w0fIMO0SeEYfJN2larquYdoMiAMSqtiv4yp8U/NefFfz3KinUnOsqAQAAYAAw
wSZFd7yn6I73FE7xvuMvUN4Hpst/0rnyn3SO3NIxWa9jug3YABB+Y7VaXn1aoTV/VWTLG0nvGRnJ
OHJkJCf+/0ZS+58AAAAAySTaiE7rK8nIGEdyjBRsUvCVpxR85SlJknf8cfKf8BH5Tzx7wPYOOFs2
bzbjyspyXY8ea1m9QvW/nK/Y3q37N5rkhj4NfAAAAKRHPBLE2t1cbuMZWaaiOd+Wf+pFuateL2zd
skXjysoGTg9AZOM61f3iBoXffimxLXEv32l7TcMfAAAA6eTE25ztmpltbdDoni2q+cEc+Y6ZquLP
fU/ew4/PUR17p9+vAhSr3aO6n3xZ+66f3tr4N5KJ/1Ps/3eg4Q8AAIBMcxL/u3/kiVH4rRe174bp
qrvnasVq9+Swfj3TrwNA+I3V2nf1FDVX/iY+zKd1bL8c7vYDAAAgd+IzByTHxHsIFIup+ZkHtPfq
KQq//XKOa9e9fhsAmp/7taoWXKBYY43Umq8kh5v9AAAA6DdMu+apkZFprFHVbR9Vy99+n9N6daf/
BYBYTPVLb1TdXV+RYrHWjU7ywCsAAACgP3Gc1j4BSbGoan/0edXff2u79mz/0a8CgGmuV/W3P66m
J3+a66oAAAAAB6Xpjz9R9bc/LtPSmOuqJOk3ASC2Z4uqrj9Todcqc10VAAAAIC1Cr1Wq6sYKxfZs
yXVVEvpFAIjueE97rztTkZ0b4xuM6f4AAAAAoN8zMjKK/Pc/2nv9dEV3vJfrCknqBwHANNWpetEn
ZNpP9mW8PwAAAAY8J/GUYdNQHW/zNtXlulI5DgCxmKq/e6miO9vSEA1/AAAADC5tk4OjO99Tzf99
JuejXXIaAOruu17hN1bnsgoAAABA1oTW/031y27KaR1yFgCan/u1mp++L1eXBwAAAHKi6cmfqvmZ
B3J2/ZwEgPAbq1V3z1dzcWkAAAAg5+p+Ok/ht1/KybWzHwDCQdX8YE6/fCgCAAAAkBWxmGruuEIK
B7N+6awHgMbH7lSsbq8SK/4AAAAAtjFGsartalx5T9YvndUAYBpq1Pjo4tZXrPgDAAAAS7Uue9/4
6A9lGmqyeumsBoCGBxfJBJvE3X8AAABYzxiZpjo1PPy9rF42awEgtmeLmv7ctuoPd/8BDC7+E87u
tG3IuZ9T6Xf+Ird4RA5qNLC4ww5R8Rd/JN8R5V3v5PGpcNY1GrZwpUpv/1P2KgcAmdLaC9D01M8U
3b05a5fNWgCoe+Cb8Ym/OX7wAQCkW8FHv6DATb9V8ZfuTGzLP2O2iuYuku+oKQrc8nu5gVE5sNGD
+QAAIABJREFUrGH/5fjyVfiJGzT8h6s15CNz5BQWp9zPLT1Uw79XqaGXLVTesafLd8xU+Y6ZmuXa
AkAmGCkaUcNvvp21K2YlAEQ2rlPwhT/EXzjc/QcweAz5yBwVzV0kebwa8uHLVfyVu5R/xmwVf/nH
cnz5kiTf+05Q8RfvPMCZ7JM//VMavvgfGvqpm+UWDZckOV5/yn2HfuoWeccfm3z8yTMzXkcAyLx4
27jl7w8rsuWNrFwxKwGg8Yl74z9w9x/AIOIOO0RFl39b8vgS2/wnnatY3V6Z+v0TukyoRU1PZH+V
h/6u8IKvyHPIEckbfXkp9/UdMbnTtrwTP5KJagFA9rW2kZva2swZlpUAEPzXn7NxGQDIqlj1TtXd
d4NMqEWSZCIh1f/86wqte07V35mtyPb/SNGI6pd9Q6HXVuW4tv1PZMeGTtvaek06MpFwp23ew46R
b+Kpaa8XAGRd6wCZ4Lpns3I5b6YvENn0mkzdvvgLhv8AGGRaVj0o01ij4v9Zoobf/Z9aXnhMUvx3
X/U3z1fecWeq5e8P57iW/VN061tSx/a715dyX9NU13lbc73cocMyUDMAyLZ4Gzm2d5siW9+Sd9wx
Gb1axgNAcM0zrT8ZsfoPgMEo+MqftHf9B2WaG5K2x2p20/jvRnjz6522OXmpewBijbWdtlUvvEjh
d/+V9noBQG7E28qhtX/NeADI+BCg0NpnDrwTAAxwHRv/OLDw2y9LJpa0zfGlngRsGjs/JIfGP4BB
pXWqbDALbeeMBgATbFLozdWtr7j7D8Be+dM/pYILr8p1NfqVWM1uRfftSN7oTT0JOJblp2QCQNa1
DpUPrV8tRUIZvVRGA0Do35Wta/9n8ioA0H+5pYcqcONvVPLVe+UZMS7X1el3ors2Jr3usgegoSob
1QGA3DJGioQU+ndmF47IaACIbF4vSTIOCQCAffImf0il3/mL/FPOa93C78KOotv/k/Ta6WIZ0Fh9
hwDAstIABrFwaxs6UzI6CThWH1/9x2H+LwALFX/px/KMGLt/Qyw7jdbCT9yg6H/fUUvbAxgzLK/8
w/KXf1jesklyi4dLHp9iNbsV/s8raq78jaLb3+3y2MjWt5M3dPEgsFjtng4bogdbbQDot9ra0JmS
2QBQuzeTpweAfs001Uoa235LRq/nFgZUcv0vlXfcGWp68t4+BQDfMVMVfuvFA+7nDBmqwguuUv6Z
n5TnkMM77zDuGOV94EwVXPBlNT/1czX8dpFMuKXTbh0n8jp5XQSA6l1Jr02HycMAMJjE6jLbhs5K
DwAA2CSv/MMa+qmb5S2blPxGJoeteHwK3PyQfEefIin+kKzecHz5Kr7qbvlPmal9V52o6N5tXe6b
d8JHVPy573V+im8X5y248KvyjJ6gmu//v07vhzeskQm1JJb/7GoOQHTP1uQNMQIAgEGodcRM4hla
GZLROQCxROUZ/wNg8HMKilX8lbs07BsPyXfkSZ13yOBd68KLvppo/EuS97Cje3V8yQ2/VP60j8vx
5sl/6kVd7uc76mQFvn5/jxr/7flPuUCFH/965zeiYUV3b9r/uqshQHV7ZcLB/RvoAQAwGLXeJ8p0
D0BmA0BiCBCTtQAMbr4jT1Tpd5/RkLM+I3lSd66aDPYA+I4oT3rtDjukx430ghmfl/+EsxOv/cef
1fW+5/+PnPzCLt83LY3xP1wpPuuQcz6b8pjozv0BwOniScBSh6cB0wMAYFBqfSLwgO4BqN0d/8Gh
BwDA4OX/4AwFblsh75j3J22P7t2W3BDOYACIbH0zeYPjKG/SaT061v/BGUmvfRNPlVNQnHJft3hk
8gZjFFr3nOp+eq32fGGidl82Vns+e6SqbvpQYiW4Np4RY1OGkqRJwl08B0CSTHP9/hdMAgYwGLWu
nDmgA4DT9ouc5doADFK+Y6aq5JpfyC0MxDcYo9Drf1PtHXO194vHKbpv+0Gd3w2MUtGVP1Dgugc0
5Oy5Xe7X9NTPFevwtFzv4cf37CIdxt07+YUacsYlKXdNFTRMqFktlb9VrGr/Q73CG9ao/oHbOh3v
FpV2Pud/39l/ui56TyQp1lib+JlJwAAGpbYmc4Z/x2U0ALglozJ5egDIuaLLvyVnyFBJUmTrW6r+
zmxVL7ggsQJPtGODuZeK/+dHKphxpfxTL9SQsz7d5X6xur1q/usDSds69kh0JbLxtU7b8j54bsp9
m1bepfB76xTZ+O/ENv+U81Rywy8lT/LwnVj1zqTXJtyiyKbXO19/61v7X3g8XdYzaQgQAQDAIOYG
MtuGzmwAGNZaeUYAARiEfBNPle/9UyRJLase1L7rzlBozV+T9glv6ty47qm8yR9KGp7T/Nxvu92/
8ZEfJN2F94wq69F1mit/LUXDydc+5tREsGkvunuLqm6Yrqr5MxV6bf+TKv0nnK3Atfcl7es/+fyk
16F1lSmXAo1s/Pf+67vdBIB2PQCKMgQIwODlBkZn9vwZPXlbDwAjgAAMQkMqLo3PcWodj+4Z1vkX
dvitl/p8/sKPXZuYQxWr2qHmZ3/V7f6mqU5Nf/pF4rVbMrKbvfeLbHpdLS8+nrTNGTJU+adc0O21
ar7zSYVe/1tim3/qhSr+wg8lSd6ySSo4/4v79w+1qPEPS1KfK9yiaOs6/47T9Z+lWEN1uxf0AAAY
hFpvmrsp/p6kU2YDQKBnf3wAYCDKa1stx/Uof/qnNPzOVxS45fcaeslNypt8ltzCgEL/rpRpaZQk
OW7Pf+Xmn3GJ8o49PfG6+fnfdbpLn0rTH+9SdO9/JUmmB/u3afjt7cl32CXlHV/R7TEm3KLaO+Yo
sm3/EJ4h53xWJdf8XMNuXSG3aHhie+OKO7p9wFism+cOJPZp2D/HgTkAAAaznt7A6auMPgiMOQAA
Bitv2SR5Ro5L2ubk5ct/wtnyn3C2CiXJGJlgU+IhV3knnash299Vy+pHZJobUp7XM3yMhpzzWRWc
/6WkFdQ8oyd0+5Rez4jD5Dv2dOVNmpZ4mm7S6joHEN25UY2P/1hDL701sc13zKnKm3SaQm/8o8vj
YvVVql3yeQ2b/1higm/+GbOT9ml64l41Pvz9lMe7pYcqf+pFifGubWEplfiTldsuzBAgAIOQkeRI
ngwPAcpoAPBkeAIDAORKrHqnYlU75JYe2vVOjiMnv1AmHJTjeuQde5SKv/gjFV3xv4rV7pVTUKTY
7i2KtTTKycuXWzxCnhFjU46Dzz/1IuWfepFiVTtlmuvkFAYU3b1JTkGx3JJRcocO67TkcnDdc736
TI2P/ED+KefJd+SJkuJzCIZ960lFd2+RCTXJhIIy9VWS60quR44vT86QYrlFpXKHBlKf1Bj5T7lA
eR+YLtNSLxOJyC0slpM/VDJGnpGHJU0e7u4JxLH6dkOA6AEAMIgl5tFmSGZ7AAgAAAapWH2Var57
qYqvukfesond7tu08u74eP5Wjr8gMUHXHTqsV9d1Sw+RdEj8525+x5rmejX/eWmvzi1JDb9eqGG3
rUgKIT2dTJyS48RDjcb2aPfQ+r93+Z5pqNr/gh4AAIPYgJ4E7DsqvjoGDwIDMBiF31urfdefqcaH
v69YfeqHtoTf+acaV9zR7dCWA12jL4IvP6FYze5eHxd6bZWC/3yyT9eUJBMOyoSDfTo2umtTt9eO
1e7Zfx0CAIDBqLXN3NYTmykZXgb0kP0PouFhYAAGo2hYDQ8u0t4vT1b98m8o+Mqf4kNmWhvBTSvv
lmluUNPT9x3gRJ2F1v9dVTdUqPHh78tEQj06xjTVqWnl3apffnOvr9cm+K+/9PoYE2xSy6oHVXX9
mapeeJHCG9b0+hxNK+/u9v1o+0DDKkAABp14W9n7vhMy3gOQ0SFAkpQ/5Tw1tHtgDAAMRqa5QU0r
71HTynsS2zyjxiu6e7MkqeGX31SsZpeGnPUZecdN7LJnNFZfpci2txVa+4yanrw3fuyDixRc+4yG
zr5Rvkmnyenw5F7T3KDI5tcVfOUpNVf+tk93/tvLP/3i+HkbaxWr3SPPmCNTfGCjWPVOhTe/rtCa
v6rlb79XrH7/EJ2qG8+S/4SzlV9xqXxHnhifMN3FGv+x+n1qfuZXanrqZ93WK7ZnW/xmkuNwUwnA
oJV/8syMX8PZsnmzGVd2EOM7DyCy6TXtu+6MjJ0fAAYab9lE+cs/LN/RUxV+b62iuzYp1lCt6La3
u50EK8VX+8mfdrG8449VcN2ziu7a1O3ymr3lP+UCBa57QHIcBdf8RTWLZst3zFTlHX+WHK9P0R3v
KtZQrfCGtUkPHTsQt3iEfEeeKKeoVN7DjpY7ZGj8icLb3on3FvRwydIhH75c0d2bFdn0WlLgAIDB
YvjiF+I3ijJg65YtGldWlvkAIEl7vzw5fhes7c4NAKDf8Y55v4Yt/KPcYfFJxg0PfkeND38vx7UC
AAu0tpE9I8s04p7MjZxpCwAZnQPQxj/lo60/0fgHgP7IN/FUBW5bkWj8m3CLWip/k+NaAYBd/Kde
lJXrZCcAnHx+/Afa/wDQJc8hh8sZMjR524jDNOybfzjgUqOSVHjR1YmHcbWXd+zpcgtTr9Pvm3iq
Sr56r4Z98w9JDzYLvvKnAw5HAgCkSesImfwp52XlchmfBCxJeZNOl3fcREW2vqnEI84AAAmeUWUa
dvPvFd2zVTXfvVQm3CK3qFQlN/xKviPKFbjpIdV895OKbHkz5fFDL1ugwlnz5D/5fFUvmi3TVCdJ
8h52tIZ98w+SpGjVDpmmutanEw+RO/xQuUXDO53LNNWp4dcLM/dhAQD7tQ7/8R5+vHwTT83KJbPS
AyDHUdGVbeNIafwDQHueEYcpcPPv5BlzpPImn6XATb+VZ9R4BW57VL4jyuP7jCpT4KYHO/UQSFLh
7BtVeNE1kiTf0ado2K2PyC0eIUnyHlEev7Pk8cozcpy844+V76gp8k44LmXjX9GI6pfdpOjOjZn7
wACA/Vrv/hd/4YdZu2R2AoCkvGPPkP/Ec1pfsXwbALQpvvqn8h52TOJ13uSz5D/5PDnevKT9Qm/8
Q6a5IWnbkLM+raGX3Ji0wILvqCkqvPg6SVLL8w+p9idfVqyx5oD1MJGQGn7zLTU/x9h/AMiK1iWN
/SefL9/7P5i1y2YtAEhS0RX/K7mu6AUAgP0af/+9pCUtgy8+rqaV96hm0cUKv/uqJCn05guq//nX
Oh0bXPusIpteT9oW2fpW0uo9Lc8/pOpbzlXotee7rEN0xwbVLv6sGh+782A/DgCgpxxHcl0VXX57
Vi/rufbaaxeUlJRk5WJuUali1bsU2bCGJUEBoFV092aF3/yH8iZ/SJH31qn2jjlSNCLTXK+Wv/1e
8vjU8IvrOt39lyTT0qDgS39U3tEnyzPiMEX3blPt/35S0X3/TdovVrdPLat+q+jOjfIERsnx5ilW
tUPht19W8xP3qvburyq69a1sfWQAQGtbuGDG55V/5iVZuWRdba1KSkqy8xyA9kxDjfb8zySZYFPW
rgkAA4FnVJli9VUpG/oH4vjyVTR3kZr+slyRTa9loHYAgHRzhhRp5L2vyelipbZ0y+pzANpzhgZU
8tV7s31ZAOj3oru39KnxL8XX7a/7+ddp/APAAFIy7xdZa/y3l/UAIEn+qRdq6KW35uLSAAAAQM4N
vWyB/Cedm5Nr5yQASFLhxdcp//RP5OryAAAAQE7kn/4JFc6al7Pr5ywASFLJV++V76gpuawCAAAA
kDW+o6bkfDh8TgOAPF4Nu/n38oyeIEkyhucDAAAAYHBpa+J6Dj1Cw27+veTx5rQ+uQ0Aik8KHnbL
w3IKS+Q4TuszwggCAAAAGOiMjIwcR3KGDtOwmx+WMzT7k347ynkAkCTPmCM14gd/k3fs+1ufEcbz
AQAAADDQOXLkyDv2/Rrx/VXyHHpEriskqZ8EAElyR5ap9P8qlfeBilxXBQAAAEiLvBPPVun/Vcod
mb3nbh1IvwkAkuTkF2rYbStUcMFVua4KAAAAcFAKLrhKw77xOzn5hbmuSpJ+FQAkSa6rojm3q+Sa
n0uuJ77NMCgIAAAA/Zej+Ih/SXK8PpVc83MVzbldcvpfK7b/BYBW+WfMVum3n4pPlHD2f6EAAABA
f2Nk4iP+hwZUuujPyj9jdq6r1KV+GwAkyXf0yRr5kzUquPCrki8/vtG0hgGWDAUAAEDOxNujiZvU
vnwVXHS1Rv5kjbzvOyG3VTsAZ8vmzWZcWf+ZlNCVWPVONTz8fTX/9X4pGpG0P2nJiDFCAAAAyCwj
yTGt/9/a+PR4VXD2XBXOvlFuychc1u6Atm7ZonFlZQMnALSJ7d2qhoe+q+ZVv5ViMUnxzgBH8X8H
+gUAAACQbm1tzMQ9Z9fVkOmXaugnb5I7YlyOatU7AzYAtDF1+9Ty8h8VfPXPCq59RgoH49tbHyTm
SjLO/n8kY9oCAl0FAAAAaBNvHba1FeNb2jhJ2+XLl7/8Q/KfdI7yT75ATvHwrNf2YAz4AJAkElLw
35UK/vNJBV99WrGqHbmuEQAAAAYBt3SM/B88V/4PflT+4yskb16uq9RnbQHAm+uKpIU3T/4Tz5H/
xHMkxXsHonu2xMvuLYru2dpa4j+bprocVxgAAAD9gVNQIs/IcfEyqmz/zyPHyzNy3IC7y98TgyMA
dOAUD5e3eHi/n4ENAAAAZFu/XgYUAAAAQHoRAAAAAACLEAAAAAAAixAAAAAAAIsQAAAAAACLEAAA
AAAAixAAAAAAAIsQAAAAAACLEAAAAAAAixAAAAAAAIsQAAAAAACLEAAAAAAAixAAAAAAAIsQAAAA
AACLEAAAAAAAixAAAAAAAIsQAAAAAACLEAAAAAAAixAAAAAAAIsQAAAAAACLEAAAAAAAixAAAAAA
AIsQAAAAAACLEAAAAAAAixAAAAAAAIsQAAAAAACLEAAAAAAAixAAAAAAAIsQAAAAAACLEAAAAAAA
ixAAAAAAAIsQAAAAAACLEAAAAAAAixAAAAAAAIsQAAAAAACLEAAAAAAAixAAAAAAAIsQAAAAAACL
EAAAAAAAixAAAAAAAIsQAAAAAACLEAAAAAAAixAAAAAAAIsQAAAAAACLeHNdgXSri0gvVkX03+aY
dgZj2tFitLMlph0tMe0Ixn9ujOa6lgAAAOgPCj3SofmuxuS7Gu13dGi+q0PzHR2S72psvqtTSr0q
HmQt5kHxcV6vi+nJXWE9sTOsf1RFFDG5rhEAAAAGgsao9G5jTO82xlK+73Ok04d7dd5on84/xKeJ
RQN/AM2ADADNUemZPeFEo39LMy1+AAAApF/YSM/tjei5vRFdv75ZEwrcRBg4a4RXQzy5rmHvDagA
EDbSnRuCuv3tFtWEafQDAAAguzY1xXT3xqDu3hjUMJ+j+cfk6ytH+OV1cl2znhswfRgrtoc18a91
uu71Zhr/AAAAyLnqsNG815p17DN1enxnONfV6bF+HwBer4tp6qp6XfxyozZ0MTYLAAAAyJV3GmK6
6MVGVfytQevr+397tV8HgO/9J6jJz9bppWqW7QEAAED/tmpfRJOfqdOdG4K5rkq3+mUACMaki19q
1I3rm9X/MxQAAAAQF5V0zWvNuuyVJoX6aUO23wWAHS1Gp1TWa8WOgTOOCgAAAGjv19tCOv35eu0O
9r+5q/0qALxaE9XkZ+u0ro4hPwAAABjY/lkT1QnP1emf/Ww4e78JAL/cGtJpq+q1J9T/UhIAAADQ
F9tbjE5/vl6/3hrKdVUS+kUAuO3NFl3+apNo+wMAAGCwCRnpslebdOsbLbmuiqR+EACWbQ7p9rf7
x5cBAAAAZMqid1r0i8257wnIaQBYtTeiz69pymUVAAAAgKz54pomra7K7ZyAnAWATU0xXfhig/rX
lAgAAAAgc6KSLnihQRubcrdGaE4CQF1EOmd1g+oiubg6AAAAkDvVYaMZ/2hQQ47awlkPAFEjXfhC
g/7T2E+fjAAAAABk2DsNMX3i5YacPPQ26wFg3mvNWrWPW/8AAACw29O7I7ruteasXzerAeDv+yL6
yXvBbF4SAAAA6LcWbwjq5Sw/KCyrAeDaHCQcAAAAoD+7/vXstpGzFgCe3BXRKzWs+QMAAAC09/y+
iP66J3tD5LMWAG5az3r/AAAAQCq3vJG9XoCsBIBHtof1Wh2r/gAAAACpvFwd1R93hrNyrYwHgJiy
m2gAAACAgeiGLM0FyHgAeH5vRG83cPcfAAAA6M5bDTGtrsr8nNmMB4BsdWUAAOw0731+rf9wkarP
L9HbHynW/GPyc10lAOizP+4IZfwa3kxfYMV2AgCAzPry4X7dcrQ/aduY/Pj9je0tve+B/OQ/m/R3
Hlg4IHzxcL8Wf2BI4nXA52jBMflyJC14qyV3FQOAPnp8R1jfPXbIgXc8CBkNAG83xLSpieE/ADKr
yLu/wd9RV9u748/6M9LRV58c60u5/RNjfQQAAAPSmw0xbWyK6fCCzP0xyuifuT/u4O4/ACBzXKeL
7dmtBgCk1R8yPIImswGA8f8AgAx6rIsbTX/cyRAuAANXptvQGRsCVBeRVjOGFkCOtURNr4+J9f4Q
5MgP3w1qqNfRZ8vydEi+q72hmB7aFtatb7L8NICB6/m9EdWGjUp8XXRzHqSMBYBXayLK/CJGANC1
DY0xHfmXulxXAxn2rbda9C3G+wMYRKKS1tZGNX1EZprqGRsCtKMPK28AAAAAkLa3ZK47OmM9ANub
6UMHMLBNG+5VaYfu15aY0V92x4c3Ds9zdOX4PE0s8sjvxldu6O5O9JGFrj4yyqdji1wFfI78rqOq
sNHuYEzP7omocu+Bh01+aKRXhZ7kOlWHTdKypZNLPPrYoT6NG+KqyOuoNmL0Wl1UK7aHta25bzdn
PjrapzOGezQiz1VpnqNgzOi/zUb/rInojzvDaulDl286vo+jhro6eqin0/atzTGtre2+Uj5X+tAI
r04f7tWYfFfFPkdNUaO9QaNNTTE9uqPv3xcAHKxM3kzPWADYEeSXJoCB7QfH5mtqafKvyeqwUekT
tfp/4/K05ANDVJq3vzG+vSV1APj4GJ+ueZ9f00q98nQxnPO2o+ON1p9uCmnR212HiPtOKNCEDkvD
ra+P6rhn6nVSwKPvHzdEFSO8SnWZRRPz9bNNIX29h4+az/dINx+VryvH5+nQLpdT9WtP0Oi+zUF9
860WhXvwqz+d38dl4/J029GdH/z1y60hXf5qU8pjfK70zaPzNacsT+OGdN0RfsdxQ/RydUSL3gnq
qV0sagEgu/ryHJueymAPAAEAwOBT5HV0yViflp5YIG+HxmvHycM+V1p6QoE+My4vZYO8o3FDXN0+
MV8fP9SnmS829vjuT7HX0cfH+HT/iQUa2rFS7Qz1OvrakX6N9DtdNo7bTCry6PcnF2hSUee76x2N
9Du66ah8nT3Kp7n/atLrdanvvGfr++jOkYWuHjmlUMcXH/hz+dx4L9DKqV7dvzWkz/6r++8MANIp
kz0AGZwDwBAgAIOP15F+Vt658S9JHRccevjkQl3Ww8ZueycGPHr0lEIVdHV7vINxQ1w9cFL3jf/2
LhuXp08fltfl+5OKPHrqtMIeNf7bOyng0UNTCjQ8L3U9svV9dGWYz9HKU4f2qPHfnutIV5TlaemJ
BQd1fQDojUzOAchYAMhktwUA5FJXy7K1DwDXvM+vCw9J/ZTamrDRC1URvVQdVX0k9S/4U4Z5dOvR
/h7XqeO8gO44kv7n8K4DwD3lQ1TWzdCY7kwq8uin5Z0bytn+PlJZNClfRw/t/LlCMenZPREt3RzS
w9vDXd51u6IsT5/qJjgBQDoNyDkAO5kDACDHRvodfTDQ87u9jVHpzfrez2Y1ijeq2//W+8KE1A3F
R7aH9bk1TaoNxxu6o/2OHpxSqIoUS719cmyebn6j58tbvlIT1T0bg3q5OiqfI00f4dXXjvSnHOd+
csCjAk980mt7Xz7crzOHd65LzEj3bw1p2eaQNjbF9IFij756RJ4+Orpzo37WoT5NGebRP6v3f5e5
+D46unhM5zo0RIw+8XKjnt69f8LxMJ+jR08pTLn83pXj8/TgtlCf6wAAPTUgAwAP0gGQa8VeR/+s
KOrx/v+sjurkVfU92vfdxph+ujGoP+2O6O2GqAo8jsa0TpQd7XdSDp+pDZukxq4k7QoaXfGvJr31
kWL5O7TTjyh0dWShq3cbD/xH4KXqqM74W33SJNw1tVGtroroH2cWdRqylO9xdMZwT1LDV5KuGJ+6
of7d/7TolnaN723NMT31/9m77/C4qjv/45+ZURn13ot7r7hblukGQnGWkoUQakI6IdksCQkkYfcX
kiWwSxJIYAOB0BLY0EJNMCW2ccG94V4lWb33PvP7Q8hYmjuyJM+dGfm+X8/DE/vO6J7DkGd0Puee
8z3lnXp1YZSuzOgbAhw26bqsMG2q7dlsHIjPo78ZsQ6lhns+JVlR0eXxGdR2unXnJ62G/9+ZFTe0
5UMAMFzDOMdy0EwLAGnhdh1p4SkAgDNPa7dbi1Y1qrrjs2/nepdb9Z09M96hdpseONju8XOV7a4+
g91ex1pcOtzcbThInhDtGNSA9weftBpW4NlU262d9d2aY/AkJKvfk4EZsQ7NNXhfbadb/+GlvOm9
e9v0+fRQ2fuNrWeeNFAOxOfRX7yXZVtOL+P5zXXderKgQ2H9QoiXFUoA4HPpXquvnT7zAoDTpiMU
TABwBrr/YHufwX9/x1tdumv34Ept9mr2UvI+epDf0lUD9Ke83SXJc6Qb1++xwPkpxuVD11V3eS3v
uauhW2XtrhNPP3oln7QROBCfR3/7mrrV5ZbHk5BlKaG6e6JTDx7yLGF62zZ+iQEInHSDp5a+YloA
SA+3q+cgYwA4s+w6xQFT3kyPdWhBgkPjouyKdtgUFWI7UQd/foLxVLQvvv47vAze+89uT/dSHedU
B2pNeK/Ro57/YB5d+/PzqGzvOSyt/96CUHvP5uBvjw3TqqqejcgrKrqGtRcEAHwprf9gE0dJAAAg
AElEQVQ6SB8ycQmQeakFAAbr5BNyT2Vvo++XLWY47bprQrguSw/V+Cjzvsx9of+px71qDJbpnKz/
RuKBBPLzuHtPm1bkRRmWS8102vXF7DB9MbtnU3dBi0urq7v0l6IOjz0CAOAPI3QJUHD/ogNw5jvc
7NLSj5oC1v4NOWH69YyIPsthglmMl3ME6k4RAAYr0J/H+pou3bClRX88K3LAPtgkjY60a3RkmG7K
CdPHNV362b42vUcQAOBH6U7zvitNG6XzBACAlX0xO0xPDjDQbO12q7TNpaLWnn+Cgbde+OIXRbB8
Hq+Xdmr+ykY9X9Qx6CcXixJD9OaiaH1jzOmdQwAAQ5E+MpcA8QQAgDXFhNj04HSnxxp7qac05y/3
t+mt8k61nbTMfOM5MV7XvfuLt0O4Ek5zxj7YPo9jLS7duKVFP9pt19VZobogJUR5iSEDPhUIt0uP
zIxQcatLb5Z1mtIvADhZmolPAEwLAIsSTbs1AAS167JDlWWwDHJ/k0vnrWkyLH0ZDCq9HODobW/A
YAXr51Hc5tLDh9v18OGeEqXnJodoWWqIlqeHGm6IDrFJ3x8fTgAA4Bfz480bS5t250ynTTNjHdrZ
QCUFANaS52UC5MXjHV4Hu+FBcL7UNi/VfqYY1OM/2TNzI5XSb/b8SLNLt+/sKf0ZDJ9HUpjN46yC
Dpf6tL+yqksrq7p0z5423T3RqfumOj2qDhmdpwAAvjYnzqGMkfgEQJKWZ4QSAABYTpKXpSQV7d5n
umd6KcHpT+9XdBnWyj87OURxoTbDwXpuhF3XZoV5nNq7+qTqS8HweWw5N0ajIvt28lCzSxPeazB8
/y8PtOlLOaEeh5HFhtjkdKjPciUA8LXl/U5Y9zVTF+ovTze38wAQjLytpc9PMh7UfndccGwuPdri
0qoqz0o3CaE2PTorwvBn/nt6hMfgX5J2nvQ0IRg+j8MGpwePjbRrWar3ebCo/ocbSGrqcjP4B2A6
swOAqU8A5ic4lBxmG/CESgA40xxoMl5Lf21WmKo73HrsaIeqO1yanxCiW3LDdFWm9y/68P7rVkz2
6NF2wxOBr88OU26EXa+WdKq03a2cCJu+kBlmuFG3yy09U9hx4u/B8Hm8Wtqp81P6/sqz26Sn50Tq
9h2teq30s3X9MSE2/XpGhMcTA0naMcxD4ABgsDLCbTorztynwqbv1L0qM1SPH+s49RsB4AzxZEGH
7hwf7nHglN0m3T42XLePHfwMd+xpbsAdqldLOvV/xzt0XXaYx2v5SSHKTzr1r43nijq0ue6zgXIw
fB6/P9Ku20aFaXa/X6qZTrteXRil460uFbe5FWaXxkfZDc9EcEt6ooDfZwDMdWWm5/evr5leq5Nl
QACs5nirSw8davfJvUZF+L+k8h27WrWhdngz3R9Wdunr21v6XAuWz+PWrS0qaTN+GpEdYdfCBIfO
inN4PRDt+aKOPk82AMAMZi//kfwQAC5JC9UYg8eoAHAmu3dfm353pF2uQayAPNbi0m8OGw+QA3E2
QGW7W59b16Q3yjo12AWcLnfPAPmajc3qNBhjB8Pnsb2+Wxeva9amIYabDpf0yJF23bSl5dRvBoDT
MDHargtTzC+lb/rI3GGTHpxuvHkMAM5k39nZqms39Qw4jQa+Ld1uPVvUobzVTXr8WIeM9srmJYYo
NwBPAWo73fr8x826dlOzVld3qc3Lqbld7p6KP1dvbNaNW1pUO0BN/2D4PD5p6NaCVY36zs5Wba3r
1kCHAVd3uPXC8Q6du6ZJd3xa0hQAzPTAtAgZ1B/wOVthQYE7JzfX9Ibmr2zssyYUAKxkaoxDixId
ynDa5XZLha0uvV3WOeCAOZikhNv098XRmtuvDn7Ouw063mq8rGYgwfJ55EbYtSQpRKMj7YpwSO0u
qabDrW313fq4xrMiEgCYJS/RobVnx5jaRlFhoXJyc83fBNzr1zMitPSjJn81BwBBZU9jt/Y0jtxJ
kMp2t8dyIJdb+tvCKP32cLueKxra2vhg+TwKW10qPM66fgCB98jMSL+15bfnyvlJIbqCDcEAMGKF
23vWw/ey26S58Q49MzdS3xoTHGcZAMBIdGVGqF9PGvfrwtIHp0f4t0EAgM/M/LBR6X+v1xP9Sjvb
JH17rPll6wDgTOSQdP80/+6X9et4fFK0XbeO4pcEAIxUtZ1uPXrUs0JPlpPpHQAYjttGh2litH+/
Q/3+jf3QjEhNiOIXBQCMRAmhNt0zyelxvW6EbGYGgGAyOdquB6b7b+1/L7+PxGNDpBVLopUc5t/T
LQEAp+euCeGquDRO12R67ud6t4KKOQAwFGnhNr2fH6NYv5Xk+UxApuJHR9r197xohfMgAABGFKND
crfVd+vuPdTJB4DBirBL7y2JVpYzMBPiARuCz4t36M/zosRzAAAYGZr6Ve0sb3frt4fbdd6aJlV3
sAQIAAbDLunlhdGaEev/k957BeChw2euzgzVA9Mi9IPdzBwBQLDbUNOlX+xvU02nWzvqu/VBJct+
AGCoHpsdqUvTAjoED2wAkKQ7J4SrqsOlXx30rCoBAAgem+u6OdEdAE7DTyY59bXRga+IGRSr8O+f
FqGnzoo0XFsKAAAAjGQhNumpsyL18ymeVdQCISgCgCTdOipMq5bGKCGUFAAAAIAzQ1KYTauWxgTV
WVhBEwAkKS/Roa3nxWiynw9DAAAAAHxtcrRd286LVV5i4Db8Ggm6kfboSLs2nRurC1MCvj0BAAAA
GJZL00K06dxY5UQE3+qWoAsAkhT96WFhT8+JVGaA6qMCAAAAQ5XttOmZOZF6a3G0ooN0PjsoA4Ak
2STdnBumg8vidO9kpyKD68kJAAAAcEKUQ/qPyU4dvChON+WGBfVZV0EbAHpFfvphHloWpxtzgvvD
BAAAgLX0Tlofvqhn0toZ9KPrERAAemU4bXp2bqQ2nRujJUG2kQIAAADWszDBoZ3nx+rpOZFKCx85
09RBujLJu7nxDq05O0afNLj0ZlmH3ijt1MbabrkC3TEAAACc0eySFiY6dEV6qJZnhGlazIiZS+9j
xAWAXtNj7Zoe69SPJzpV1eHWm6WdeqOsU+9VdKqZgyoBAADgA1EO6aLUUF2RHqorMkKVHDZyZvq9
GbEB4GTJYTbdOipMt44Kk0tScatbha0uFba4VNjqUkFL90l/dqmhK9A9BgAAQDCIC5FyI+0aFelQ
boRduZF25UbYNerT/82MsI2cNfODdEYEgJPZJeVE2JQT4WCvAAAAANDPmRZoAAAAAAyAAAAAAABY
CAEAAAAAsBACAAAAAGAhBAAAAADAQggAAAAAgIUQAAAAAAALIQAAAAAAFkIAAAAAACyEAAAAAABY
CAEAAAAAsBACAAAAAGAhBAAAAADAQggAAAAAgIUQAAAAAAALIQAAAAAAFkIAAAAAACyEAAAAAABY
CAEAAAAAsBACAAAAAGAhBAAAAADAQggAAAAAgIUQAAAAAAALIQAAAAAAFkIAAAAAACyEAAAAAABY
CAEAAAAAsBACAAAAAGAhBAAAAADAQggAAAAAgIUQAAAAAAALIQAAAAAAFkIAAAAAACyEAAAAAABY
CAEAAAAAsBACAAAAAGAhBAAAAADAQggAAAAAgIUQAAAAAAALIQAAAAAAFkIAAAAAACyEAAAAAABY
CAEAAAAAsJCQQHfA15pbu7TnSJ0qa9tU09Cu6rre/21XdX27aurb1dbRHehuAgAAIAg4wxxKig9X
UrxTibFhSopzKikuXIlx4UpOcGrqmHhFRZxZQ+Yz4t/mSHGjPt5VqfU7K7T7UK26Xe5AdwkAAAAj
QFtHt4orWlRc0WL4usNh08zxiVo0M0WLZ6ZqVEa0n3voe7bCggJ3Tm5uoPsxJO0dLm3ZW6WPd1Vo
/c4KVdS0BbpLAAAAsID0pAgtmpmqxTNTddakJIWHjZwV9UWFhcrJzR1ZAaCr261X3j+mZ986qKbW
rkB3BwAAABYWHRmiW5dP1JXnjZLDYQt0d05pxAWA1VvL9NhL+1RSafx4BgAAAAiE7LQofesLk7Vk
dlqguzKg3gAQ9HsAjhQ36oGnd2nv0bpAdwUAAADwcLy8WXf/botmTUzUv90wXWMyg3ufQFAvWvrL
P47oy//xEYN/AAAABL0dB2r05XtX6+X3jwW6KwMKyicAHV0u/fzx7Vq9tSzQXQEAAAAGzeWWHnlx
j/YerdOPbp2p0JDgm28PugBQXd+uH/x6ow4fbwx0VwAAAIBheX9DiY6XN+v+O+YrITYs0N3pI6gi
yf6Cet1670cM/gEAADDi7TtWr6/850fad7Q+0F3pI2gCwLvri/WtX65TfVNHoLsCAAAA+ER1fbu+
ff86vfdxSaC7ckJQLAH6498O6Lm3DgW6GwAAAIDPdXW7dd8ft6ugtEm3XTkx0N0J/BOAd9YcZ/AP
AACAM95zbx/SWx8VBbobgQ0A2/fX6MFndgayCwAAAIDf/M+zu7TrUG1A+xCwAFBa1aofP7JZLneg
egAAAAD4l8st/ejhTSqtag1YHwISAJpbu3TnQxvU0tYViOYBAACAgGlq6dKdv96o1vbugLTv9wDQ
7XLrx49s1vGKFn83DQAAAASF4+XN+umjWwKyGsbvAeCRF/dox4EafzcLAAAABJVNu6v06F/3+r1d
vwaAnQdr9dqHBf5sEgAAAAhaL713VHuP1vm1Tb8GgN+9uMefzQEAAABB79GX9vm1Pb8FgI93VWp/
QXAdgwwAAAAE2s4DNdq8p8pv7fktAPzhZf8mGwAAAGCkeOK1/X5ryy8BYNWWMh0pbvRHUwAAAMCI
s+9ovdbuqPBLW6YHAJdbeuJV/yUaAAAAYCT635f8UxEoxOwGdhyoVlF5s9nNAAB8JH92mhbPSvW4
vudInd7+qCgAPQIAaygsa9auQ7WaMT7B1HZMDwDrtvvnUQYAwDcmjo7T5UtzPK6Hhdj9GgC+sGy0
Ll+aq+T4cNU2duj9DSV6+o2DfmsfAAJh3fbykR8AVm8tM7sJADhtYaF2PXlvvnLTo/tcr6pr012/
3axDRQ0B6pk1ff7cXN1+7dQTf4+ODNWtyyfIJulPhAAAZ7C1Oyr09Wsmm9qGqXsACsuaVVbdamYT
AOATFy3K8hj8S1JyvFOX5mcHoEfWdv78DMPr58wzvg4AZ4qC0iaVVpk7fjY1AKzbUW7m7QHAZ87z
MuCUpCWz0vzYE0iSzWYzvG43vgwAZ5SPtpm7gsbUAOCvUkYAcDrSEiM0a2Ki19fTkyN09px0P/YI
a7YbTyCt4/cKAAswew+taQGgubVLnxysMev2AOAzly3NVmjIwF+HFy7M9FNvIEl/XXFUT71+UOXV
rerscqmqtk1/XXFUf/TjQTkAECg7DlSrqbXLtPubtgl4f0G9XG6z7g4AvpN/1qln9+dPS1ZMZKga
Wzr90CNI0jNvHtQzb7LhF4D1uNzSocIGzZ7k/en06TDtCUBNfbtZtwYAn5kxIUFjs2JO+b5IZwib
gQEAflNV12bavU17AmBmpwHAVy7Jy1b//aYul1ttHd2KdPb9ijxnbrr+b8XRU95zzuQkOcMdfa41
tnRq18HaE38fnxOrpWelKTUxQpFOh5pau3TkeKNWby1TZe3Qvz/HZMXo7DnpSk10KjoiRPVNnSqt
atGK9cWq/nRCZtq4BMVFh/btV3Ondh2qNbrlsGWlRmre1GSNzoxRdGSIwkLsamjuVG1jh7burdb2
/dWnvEdOWpRy0qM8rlfUtJ2yJGuIw6Y5k5M1Y0KCkuOdiowIUXt7t+qbOlRa3aqPhvkZA4A/VZs4
mW5aAKiu4wkAgOAW4rApb6bnibcHCxt0rKRJF+dl9bk+ZUy8xmbH6MjxxgHve9ctM5WeHNHn2tGS
Jt3ys9WaNCpO3/zCZM2elOQRPCTpq1dN0purCvX7vw7uOPgJubG6/dopmjkxUXaDG966fIL+sa5Y
v/u/Pfre9VM1cVRcn9f3HKnTN3+5blBtncrZc9J1zYWjNWN8guxeyvXcfPl4VdS06Y1VhXru7UNe
77VscZZuvny8x/UV64v1iyd3GP5MiMOmm6+YoEvyspWa6PR672//6xTtPVqn594+pA27Kk/xbwUA
gVHNEwAA8L3z52cqMS7c4/rG3ZXaf6zeIwDY7TZdlp+jR17cM+S2opwhOntOuu7+yixF9Hs6cLKI
cIf+9aIxio8J8zrQ/az/GbrrlpkeTxtOFh7m0OfPzdXozGglxHr+u/pCiMOmu26dqWULswxDTX+p
iU7dduVEnT0nTT96eLNPZrmyUiP182/N1bjsUy/nCnHYNGN8gu6/Y57eXVes+/+087TbBwBfM/MJ
gGl7AMzsNAD4wvkLPGv/u9xuvb+hRB9tKzf8Hlsy2/OJwWCkJjp1zykG/ydbtihrwMpD86cln3Lw
f7JZExOVkuB9Vvx0/L9vztFFiwY3+D/ZxFFxuu/bc+UMG9y/gzcxkaG6/475gxr8n8xus+lzS7L1
o1tnnlb7AGAGMyfTzQsAPAEAEMSS4sI1Z3KSx/XDRY06VtIkSdq613OtekZypPJnD+9gsMEO1iXJ
ZpOWn5Nr+FqIw6bbr506pPuZ5ZoLR2uJl8+jqaVTuw/Xas+ROrW0GZezmzo2XjcaLPUZiq9eNUm5
BvsFOrtc2rqvWu+sOa6VW8q8Tkx9bkm2LlhAmVcAwcXM5fTm7QHgCQCAIHZpfo7CDWaeN+3+bE34
mm1lWrbIc2C4bFGm14OqTmX/sXr9bWWB9h6tV4jDptmTEvWvy8YarlmfMiZezjCH2jq6+1y/+oLR
Gp0ZbXj/ksoWvfz+Me04UCObTZo+LkHLz8nV2CHOjg/WFWcbh5RVW8r0q6d3qvnTOtYJseH6j6/P
1uxJnqHr/PkZeuLV4df3P3uuZxnX1vZu/ezRrdp40n/PmMhQ3fftuYZl9S5bmqMPNpYMuw8A4Gsj
cgmQmzMAAASxpXM8Z63dbumDjaUn/r5yS5lqGzy/gOdPS1FUxNDnT/YcqdO3/mud3llzXEeLG3Ww
sEEvvXdMP310i7oNDk4JC7Vr5gTPwaq32erj5c26/f71euWDYzpU1KCDhQ167Z8F+uYv15lyfkFC
bLhhEGlu7eoz+Jek2oZ2/defdqqzy+Xx/syUSGWlRg6rD2OzY5QQE+ZxfdPuyj6Df6mnEtOjLxlv
rh6fY05AAoDhcpl4oJZpTwASYsNUWtVq1u0BYNgmjY7TxNw4j+tHihs9Skxu3VftMeCOiug5E+Cl
944Nqd3HXtqnrm7PL/R9x+p1uKjBo0KPJCUn9N24m54cYfi+3vsbzRi1dXTrT68f1B1fnDqk/p5K
iMOmF/5xxON6XWNHn8F/r7KqVhVXtBiGhuy0KBVXtAy5D9ERoYbXw0KNl0ftP1avtz8q8jj52SiA
AUAgGRWp8BXTAkBibDgBAEBQunSJZ+1/qe/yn15rtpUbzrifMydjyAGgvqnD62u1Dcav9R/gnuWl
fGhhWfOAy5JqDJ5knK7K2jb978v7hvQz/Zcz9YoIH96vo8KyJnW73HL0Kzs6b2qybrhsnF78xxGP
0PXAM7uG1RYA+NPIDAAmdhoATkfeLOPlPx+etPyn1+qtZapv6lBcdN9lJlPHxWt0ZvSJDcOnq7Pb
c2mMJIX0m6n2tvb/QEG9T/rhC2OyYjRlTJyyUqIU4XTIGeY4cS7A5NHGTy+GWkGoV11jh3YdrPHY
WxDisOmrV07SleeN0o4DNdpzpE6bdlepoNQ3/70AwGyJJpVulkxdAkQAABB8zp2XYbjhtqC0SfsN
BtFd3W5t21etc+f1LRnq+PRMgMEe2OUrMZHGS15Kq4a+fMaXkuLCdf3nxmnxzNRhr+cfrsdfPaD/
+f4CwxKryfFOXbAgUxcsyJTbLZVXt2rHgRq9v6HEY48AAASTkfkEgAAAIAhdaFD7X5IOH2/QJC+z
0wcKGjwCgCQtmZ3m9wAQ4TT+2jZac+8vFy3K0u3XTfF4SuIvuw/X6r4ntuuHt8wYsA82W88eivTk
LF2cl6U9R+r05N8OaPOeKj/2FgAGZ4Q+AQjMLwIA8CY2OkzzpqUYvtY7SzwUWamRypuZqnU7K3zR
vUFxeymxZhvuGprTdMGCTP3wlhkem2p7tXd0q6m1S92frsM3evriC2u2l+vQfQ36yr9M1Nlz0gd1
uNjUsfG6/455euTFPXp9ZaEp/QKA4RqZTwDYAwAgyHwuL2vQJ/EO1rLFWX4NAK1txptoh1OW9HRF
OkP0rS9MNhz8Hyxs0PNvH9K6nRXq6Pxsf8MffrLE6z6A01VW1apf/HGH/pCwX+fMSdfcKUmaPj5h
wKcCoSF2fff6aaqsbdO6Hf777wgAp5Jo4mS6ab8xpo5NMOvWADAsRst4TteCacmKdIZ4PenW1+q8
VBLKSI7wS/snO39BhpITPGf0C8ua9d0HPw7YsqSq2ja98sExvfJBT5Wm2ZOSNH9qspbMTtWYLM96
/w67TddeNIYAACCoTB4Tb9q9TTsILDk+3LSTJwFgqMZmx5gy8xwdGapLlmT7/L7eHPRS7WfqWPN+
UXgzfZzxRM+HG0u8Dv69LRUartjoMMXH9P2n/9OQ7fur9cRr+3XLvR/pidf2Gx5UOcHgXAgACJQJ
ubFKGolLgKSeDXJHjjea2QQADMqlS7JPlKLsb8+RukHdw9sg+7x56Xr1g6GdCTBcW/ZWq7PL5TGQ
zkiO1MV5WXp3XbHhz40zYULG29Ka2kbv5x34uh9//OkSpSX1ffpRXNGi6+9eafj+598+rGULszzK
qUZFhCgs1N5nuRIABEr+bM9y1b5kagDIn5Wm5946ZGYTADAoS7x8mb6+slAPPf/JoO5x2dIc/fDm
GR7Xp41LUG56lArLmk+rj4PR2NKpbfuqtWC652bmr189WYeLPE8zHp0ZrRsvG+/zvnhb9jRzQoL+
9s8Cj+vXXDja530ormzxCAAZKRGaNzXZa3Ufo30gre3dDP4BBA1vv7N8xdQAMHlMnOKiQ1Xf1Glm
MwAwoLxZqcpMMa5N/8/Nnod/efPBhhJ9+1+neCwxcdhtujQ/Z8in4g7X2x8VGQaApLhw/eYHC/X+
hhIdKmpQeKhDY7NjdM7cdFP6UVRuHHjOm5+h+qZOvb6yQPVNnZoyOk6XLMnW2XO892O4S4NWbynT
nMl9DwGz22z68Zdn6jd/2aOPtpaduB7pDNHt107xCAySPEITAARKYly4JuTGmtqG6WUjzp6TrjdX
F5ndDAB4tWxRluH10qoWbdtXPej7tHV0a8eBGuXNSvV4belZaX4LACu3lGnDrkotnOEZAmIiQ3Xl
eaP80o+3PyrSdReP9ZhRt9tsuur8Ubrq/MH3I8rL+Qan8to/C3T52Tkan9P3l2VyvFP3fWuOKmvb
VFnbptAQu7JSIxVp0I7bLb3F7ykAQWKgyRJfMW0TcC+zH2EAwEAinSFaMC3Z8LUtewY/+O/lrVJM
dlqU4ay8WX77wm6VVbX6rT0jlbVt+uuKIz65l9Gs/GD911M7VVXXZvhaSoJTU8fGa0JurOHgX5Le
+7hY/1h3fNjtA4AvLTGYZPI10wPAgukpASlPBwCSdElelqIjQw1fW7ll8Mt/en2wscTr2vdL8oyf
NJihuKJF9/x+i9dlOCfr7HLpg40lpvTjqdcP6tUPC+TyckDZycqqWvXSe0cNX5syZvhVeA4VNejO
X2/SvmPGFZK86exy6ZUPjukXT+4YdtsA4EvZaVGaO9V40sqXTA8ADrtN3/zCFLObAQBD58w1rv1f
XtOqTbuNN4kOpKWtSzsP1hq+tmB6itdZZjMcKmrQ136+Vq9+WKDahnaP193ungO5fvL7Lfp4Z6Xh
PXpP6D0dv/3Lbv3n/27TvmP1hkGgraNb764r1rf+a53eXF2kbpfne6aNS1Ba4vAni44WN+rr963V
b/+yWwcK6uUyaKNXQ1OHPthYou8+uEEPv7Bn2G0CgK9985rJcnipWOdLtsKCAndObq7pDX3t52u1
30v9agDA6Qlx2LRgesqn69xDVdfYrn3H6rX/01nxL31unL529SSPn9uwq1I//O0mn/VjdGa0po6N
V1KcU265VVHdpvU7K9TY4t9iEGmJEZo+PkEZyREKC3Oos9OlhuYOHSxsGHTZVwDwp2nj4vXoj/NM
baOosFA5ubnmbwLudft1U/WdX633V3MAYAkpCU5V1rapq9s94Em2syclGl4vqWrxaX+OlTTpWEmT
T+85HOU1rSrfGNg9EgAwFN+7frrf2jJ9CVCvmRMSDCtnAACGJ29Wqv70n0t1wYLMAd+XPzvN65rS
7ftrzOgaAGAIlp6VpomjzC39eTK/BQBJ+uYXpshm/rImADjjpSQ49f0bpismMlQ/uW2Wfva12R4n
FcdEhuqGy8bpnttmGa4pLatq1cohnIMAAPA9u036+jWT/dqm/3arScpNj9KlS3L09hrqLQPA6fjR
rTOVkuCUJNntNl2wIFMXLMhUVW2b6po6FBbqUGqCU06DU297/fnvh/3VXQCAF5efnauctCi/tunX
ACBJ3752inYcqNbxCt+uOwUAq0hJcGp0ZrTha8kJTiV/GgwG8s6a43pjVaGvuwYAGILc9Ch9w8+z
/5KflwBJUlREiP77+wsVF21clxsAMLDK2jb99NGtKiwb+mZbl8utVz44pl89vdOEngEABishNkwP
/ftCRUX4fT7e/wFAkjKSI/TA9xYoNCQgzQPAiLfnSJ2+ft86Pf/OYa+n4J7M5XJr+/4a3fXbzdS+
B4AACwu166HvLzyxlNPf/HYOgJFVW8r0s8e2BqRtADiT5M9O05wpScpJi1JMVKjsdpva2rtVVdem
w0WNWrujPCjKcwKA1dls0v13zNeiGSl+b7v3HICABgBJevHdI3rspX0Bax8AAADwl3+/cbqWnxOY
sXdvAAj4GpzrLh6r6y8ZG+huAAAAAKa68fLxARv8n8z/uw4MfP2aycpJj9Z/P00tLBwAACAASURB
VLtL3S53oLsDAAAA+IzDbtOdN83QpfnZge6KpCAJAJJ0aX62ctOjdNfDm9TU0hXo7gAAAACnLTYq
VP/1nXmaPj4h0F05IeBLgE42fXyC/vizpcpN9+9hCAAAAICv5aZH6cl7lwbV4F8KsgAg9ZQIffyn
+Zo7JSnQXQEAAACGZdGMFD3+03ylJgam1OdAgmYJ0Mkiwh36n+8v1Lvrj+vxV/arur490F0CAAAA
TiklwamvXjlJFy3Oks0W6N4YC8oAIPXUSL0kL1vnzsvQC38/ohfePaz2DleguwUAAAB4cIY59MVL
xur6z41TWGjQLbLpI+DnAAxWdX27/vflfVqxvjjQXQEAAABOuDgvS9+4ZrISY8MD3ZUBBc1BYEO1
v6BeD7+wR58cqg10VwAAAGBhU8bE64e3zNDYrJhAd2VQRmwA6HWkuFHrdlRo7fZy7T1aJzfHBwAA
AMBENps0dUy88manacnsNI3JjA50l4akNwAE7R6AUxmbFaOxWTG64dJxqm/q0NrtFVq7o1ybd1ep
raM70N0DAADAGcAZ5tD8acnKm5WmJbNTFRcdFugunbYRGwBOFhcdpkvzs3VpfrZcbqmqtk3lNa0q
r25VRU2ryqp7/9ymsupWtbRx0BgAAACkqIgQpSVGKC3p038SnUpNjFD6p39PinfKHqTVfIbrjAgA
J7PbpNREp1ITnZoRZIcuAAAAAIEW3DWKAAAAAPgUAQAAAACwEAIAAAAAYCEEAAAAAMBCCAAAAACA
hRAAAAAAAAshAAAAAAAWQgAAAAAALIQAAAAAAFgIAQAAAACwEAIAAAAAYCEEAAAAAMBCCAAAAACA
hRAAAAAAAAshAAAAAAAWQgAAAAAALIQAAAAAAFgIAQAAAACwEAIAAAAAYCEEAAAAAMBCCAAAAACA
hRAAAAAAAAshAAAAAAAWQgAAAAAALIQAAAAAAFgIAQAAAACwEAIAAAAAYCEEAAAAAMBCCAAAAACA
hRAAAAAAAAshAAAAAAAWQgAAAAAALIQAAAAAAFgIAQAAAACwEAIAAAAAYCEEAAAAAMBCCAAAAACA
hRAAAAAAAAshAAAAAAAWQgAAAAAALIQAAAAAAFgIAQAAAACwEAIAAAAAYCEhge6ArzW0d+nj4loV
N7aprKldpU3tKmtuV2lTm0obe/7c3Nkd6G4CAAAgCESFOpQRHa7MGKfSosKVER2ujGin0qPDlRXj
1MLMeMWGn1lD5jPi3+aTyka9c6hCbx+q0LqiWnW53YHuEgAAAEaA5s5uHapt0aHaFsPXQ+025eck
6tLxqbpsfKqmJEf7uYe+ZyssKHDn5OYGuh9D0trl0gdHqz4d9JersKEt0F0CAACABYyOizgRBs4b
nayIkJGzor6osFA5ubkjKwB0utx6eONR3bfmoOrauwLdHQAAAFhYgjNU9y6doG/PG60Quy3Q3Tml
3gAwYiLLq/vKNOWxlbrzg70M/gEAABBwtW2d+t57ezTtD6v0xoHyQHdn0IJ+D8AnlY267a2d2lBS
F+iuAAAAAB4O1DTr8y9t1jm5ifr9JdM1LSUm0F0aUFA/AXhg/WHNenw1g38AAAAEvVWFNZr1xGo9
vOlYoLsyoKAMAO3dLl398hbd9eE+uQLdGQAAAGCQut3Sd1fs1g2vb1dHd3COZIMuAJQ2tWvhU2v0
6v6yQHcFAAAAGJY/f1Ks/GfWqaK5I9Bd8RBUAWBLab1mPbFaOyoaA90VAAAA4LRsKq3XWX9crU1B
tpw9aALAc7uKlff0WlW2BF9KAgAAAIajpKld+c+s058/KQ50V04IigDw01X7ddMb29Xh4gRfAAAA
nFk6XG7d8Pp2/WTl/kB3RVIQBIA/7SjSfWsOBbobAAAAgKl+sfaQ/ri9KNDdCGwAWFVYo6++vTOQ
XQAAAAD85hvv7NTaotqA9iFgAeBYfauW/98mdbPqBwAAABbR7Zau+OsmHa1rCVgfAhIAGtq7dNGf
P1ZDR1cgmgcAAAACpratU5e8sFFNHd0Bad/vAaDb7dbyv27SwdrApR4AAAAgkA7UNOuaV7YoEDVw
/B4Avrdij1YV1vi7WQAAACCovHukUne+v8fv7fo1AKwpqtHvNh/zZ5MAAABA0Pr1xqPa6OeDwvwa
AP7tPf8nHAAAACCY/eCDvX5tz28B4J1DFdpcWu+v5gAAAIARYXVhjd4/WuW39vwWAH704T5/NQUA
AACMKPf48ZRgvwSAV/aVaVdloz+aAgAAAEacjSV1evNguV/aMj0AuNzSPf9k9h8AAAAYyA/9tBcg
xOwGVhdWa39Ns9nNAACCSFx4iOZlxCsi1K5VBTVqNDj48bbZOUqLCld9e5eKGlr1+gH/zHz19/mJ
abp8QprH9Y+La/Xk9qIA9AiAVe2rbtbaolotyUkwtR3TA4C/HmUAAILDj/PG698XjVFSRJikntPf
/7q3VA9tOKK9VU2SJGeIXffkT9DouAhJ0tay+oAFgLkZcbptdo7H9XCHnQAAwO/ePFg+8gPAq/vK
zG4CAPr41txRumfJ+BN/z4xxnvhzSWPbkO+3vrhO17yyxSd9O9P9NH+C/t85E/tciw0P0W2zc3Tj
jCytKqjWkboWzc+IPzH4l3pOxAQASG8cKNf95082tQ1TA8D+6mYdq281swkA8BATFtJn0H8yb9cH
khwZerpdsoQx8ZH64eKxXl8Pd9h10dgUj+tuSc/tKjaxZwAwcuytbtLRuhaNiY80rQ1TNwGz/AcA
rOOG6VmKDvtsXml3ZaMe/PiInv+kWHVtnV5/7vldxXrnUIU/uggAI8Lf9ps7hjb1CQABAACsY2pK
9Ik/t3Z169IXN6mwoecpcFaMUz9cPE43TM9SYkTPE5Wmji79acdx3bFid0D6CwDB6s2D5fq3hWNM
u79pAaChvUtri2rMuj0ADEtbl2vIP9M+jJ+xot9vLtB7R6oUHeZQt9t9YvAvScWNbfruit268/09
WpiVIJuk7eUNhtWBAMDqVhdWq769S3Hh5gzVTQsAW8rq1e026+4AMHSHa1s0/tF/BrobZ6w1RTVa
c4qJn06X+5TvAQCr63b3TJKck5toyv1N2wNQOoxKGwAAAACGV7VusEx7AlDS1G7WrQEgqITabTp/
dLLycxKVGROu2LAQtXR1q6qlQ8fqW/Xa/jIdbzj1F3l+TqISnH0rDjV2dGllQbWknsO1bpiRpanJ
MUqODFNDe5eON7TqlX1l+qSycVh9H58QpQvHJGtaSrTinaEKd9hV09qpipZ2fXis+kTbAzl/dJKi
Qvv+Oqlt6+wz0z8rLVZXTkpXTqxTMWEhqm/v0q6KBr06yM/GyIzUGC2fkKaMaKeSI0PV0e1WZUu7
Dta06KW9papu7RjWfQEgGJQ2jcAAYGanASAYhNpt+tnSibp5ZpZyYiO8vu9/LpyqjSV1+sWag/r7
4Uqv73vowimanxnf59rxhjblPPKBfpw3Xj9cPFbxTs+SpD9bOkErC2r0vfd2a1fF4ILAVZPT9d35
Y7QkJ0EOm83wPT/Nn6Cihlb9YWuhfrH2kNd7PXn5rD41/aWeCkDTH1+tuRlxevCCKTp3VJKMWvnF
uZP0+LZC/fv7ewfVb0m6cUaW7lw0VjNSYw3vKUkPLZuiD49V697VB7SltH7Q9waAYFHSaN5kumlL
gMzsNAAE2viEKG3+Sr5+kj9+wMG/1BMUlmQn6K1r5+upy2cOqZ2kyFD96YpZ+uV5kwwH/5Jkt9l0
/ugkfXRTni4Z51lnv39fnvv8bL189VydnZvodfDfKyc2QvedO0lbvpKvjOjwQfc7NjxEV01O18ob
Fuk8L4N/SYoOC9H3F47Vs8tnn/KeCc5QvXPdAj27fLZmDjD4l6SIEIcuG5+qtTfn6T/OnjjAOwEg
OJk5mW7eHgCeAAA4QyU4Q/XWtfM1MzV2SD9nt9l066ycIYWAiBCHbpmZPaj3xoWH6PnPz9b0lBiv
73n56rm6YXrWgINnI3PS4/TaNfMUGeoY1PtzYiP07PLZfc4FGMgNM7J0/bRMr68nOEP13vUL9blT
BJz+wh123bt0gh6+aNqQfg4AAs3M5fQmPgEgAAA4M/3i3EmalBTlcb2j26UPj1XrqR1FenlvqUq9
fHnfOitH1031Ptg9HUkRYXrggimGr313wRgtn5hm+FpdW6fWF9dqQ3Gd19KcC7Pi9ZP88YPuS9Qg
w4Ik2SR9fc4or68/+rnpmpsRN+j79Xf7/NG6eZBBCgCCgZkFdUzbA1DWzBIgAMFlXEKkPrpp8aDf
v7GkznBt+tWTMzyuNXV06ZpXturdI5+t8U9whuq1L8zVOblJHu+/7awcvbinZNB92VnRoMe2FOrj
4lq5JV0wOln/vnCMMmOcHu+9ZFyK8nMSPcptfu2sXMN7v7KvTF95a4fq23sG/mlR4XrxyrN07ijP
fl87NVN3/3P/oPu9ubRej20p0MaSOoU6bDonN0nfXzjGcNnUgsx4RYY61NLZ3ef6v0xK17VeAtPm
0nr9ZuNRrS2qUZwzVJeNT9X3FoxRSmRYn/fZJP3q/Ml6dV8ZZw8AGBG8TSL5gmkBwMUZAACCUH7O
4GsqtxocADYjNUapUWEe11ccqeoz+Jd6KuHc+f5ebfpyvsf7Zw1h+VBtW6cWP72uz8B4R3mDVhyp
1KobF584WbeXTdIN07P6BIC0qHBNTY5Wf/XtXX0G/5JU3tyuW9/coX3fPFfhjr4PisfGR2p8QpQO
1Tafst8biuu09Nl16jzpF8K2sgatPV6rdTfnKcTedyGSM8SupTmJHp/j7fNGGS5ZWlNUo2V/2fDZ
4W71rdpR3qB3DlXowxsWeVRUSosK17fmjtKv1h8+Zd8BINC63eYNpk0LAGlR4TpS12LW7QEgIOLD
jTfiOkOMV1RuLq3Xk9uLFNZvIN3lGvzpwr9ce8hjVlySPqls1B+2FejHeZ7LcvJzEvr8PdRh0wMG
A9/Klo4+g/9ex+pbdbi2xTA0TEiMHFQA+MEHe/sM/nttKqnTzooGzUn3XNKT1e+JRm5shOGTiI5u
l25/d7fhyc7byxv0m41H9Z8Gm3+vnpxOAAAwIqRHDb7wwlCZGADCCAAAzjj7qpvU5XJ7zF4vG5ui
u5eM14PrD3sMem97e+dptXm41vt36VPbj+tHeeM9ZsjHJUTJGWI/MUA+3tCmuz7cN6R2m70slRns
xt6qAerwlzcbvxbn7Hvvz41PMaxUtKGkTjvKG7ze/7EtBbp7yXiPJxgzUmMVExbCMiAAQS99CJXX
hsq0AJAe7bkuFQACzWhG2ut7uz1nlytbOrSmqMZjVjrUbtMvzp2kb88dpVWFNdpQUqcVRyq1t6rp
tPs8kEO1zSpvavf4ReEMsWtWWqw2FNcN+PPTU2K0IDNe4xIiFR0WoqhQhxyfhpv+ZxL0GmoFISMd
Bp+tJIXZ+w7Yz0oz3vg70OBf6vnvtL+6yaNSkzPErqW5iXrnUMUQegsA/pc2Up8AAEAwOVzbovGP
/vO073P3P/drxfULDGfCM2Oc+uK0TH1xWqbckgrqW7W6sFp/+aTEY227r9S0dRrOFCVFGH8PZ0SH
667F43TZhFSNT/CsZhRMkiKMl1yVDWJzXFFDm2Gp1qGcZwAAgWLmEwDTyoCamVoAIJDWF9fqhte3
q6rF+xIXqWemfHRchG6aka1/fHGB1t+yRMvGJPu8P7VtnYbX48M9A8oN07O086tn67sLxgT94F/q
OVDMSPkgKs01eVnm4y0YAUAwMXMPAAEAAIbh9QPlmv/UGj3/SbHhBl0ji7Li9ea18/WNAerdD4e3
03y7+612+uK0TD15+UwlRxoPgFu7ulXa1K6ihlYVNbT6tI/D5W3FVoj91L++bN4+F8rUARgBRuQe
AAIAgDPdsfpW3fj6dv0oxqmrJ6frgtHJystO8DrAlnpOpn3k4mkqbmzTmwfLfdKP/uUue538ZCAm
LEQPXjDFoxqR1FOa85frDumtg+V9qupsvHWJ130A/lLXbvx0YzDLTGO9bFYeaHMyAASLEbkHYFFW
YH9pAIC/FDe26eFNx/TwpmOSpHNHJWnZmGQtn5im6SkxHu8Psdv0/YVjfBYA+p8D0Ov4SbP4103L
9CixKUn7q5t13vPrDUuBBoNKL9WCBjMzNirO87AxSUHzdAMABmLmBIxpS4AyY5yamer5iw8ARrKk
iDClRPb9J67fOvWVBdW6Z+V+zXh8te5ZuV9GC06MauAPx1npsR6n3kpSTWun9pxUgSgvO8HjPZL0
4p4Sr4P/cC9nG/jTx8W1htfnnuLzGx0XoQmJnnscGtq79FFhjcFPAEDwmJMea2rBAtOeAEjS8olp
2lnRaGYTAOBXW76S7zGzfKi2WRMeXWn4/l+uPaQvTc/yOFArNjykT53+gZyTm6jX9pcZvnbb7FzD
63uq+n73equmUzHAZlqjCjr+9u6RKrV2dSsixNHn+tyMOJ2dm6jVXgbzd8wf43FWgyRtLasfUilY
AAiE5RPTTb2/qdM7yyekmXl7APA7o0O5xsZHDljdJyrU4XGtqaNrUIN/SfrugjGGJ/IuG5OsW2dl
G/7MPw73LTna2GG8UTk/J9Frm8GgurVDbx/0rNlvt9n06CXTlR3ruazp0vGp+sZc42D0zM7jPu8j
APia2WNoU58AzM+MV3JEqKpajTdxAYA/jUuI1P5vnjvkn9tWVq/rXtsmSXp1f6nOH933EDC7zaan
r5il29/d3WemPiYsRL9eNtVwLfqOIT4dXXXjYr24p0Q7KxrV3uXSwqx43TQjy2NmXOoJF0/3G+ge
qDY+kOzaqRmqbu3QY1sKVN3aqfmZcbplZo6umux99snfS4N+s/Golk9M89jAPC0lRh/fskR//qRY
uyoaTxzy9a9TMuU06OP+6maPzwUAgk1GdLjOSjf3CaypAUCSrpqcoce3FZrdDAAMykSDdeGnUnPS
JMbvNxfottm5mp3W98s5M8apV6+Zq+MNbSpubFOYw67xiZGKMahE45b0xBC/F5Mjw3T7vNGDeu9j
WwtV3NjW59qTO4p056KxHoeX2W023T5v9KDvLXmvzW+Wtcdr9ZuNR/XDxeM8XsuKcRpe76+926Xv
vPuJGd0DAJ+6cpK5y38kk5cAST37AADgTHLrmztU0m+A3Ss71qmFWfE6Kz3WcPAvSc/vKjZtKcrm
0nr9/KODHtePN7TpoQ1HfdLGqLhIn9xnKO76cJ9e2We8D+JUOl1u/ejDfXrvaJWPewUAvuePsbPp
AeCScSka46UUGwCMRNvLG3TxCxu1qaRuSD/X0e3SI5uO6aY3tg/p517YXTKojas7yht09ctb1Ojl
BNx7Vx/Q7zYfk8t96nsdq2/VbzYaB4b5Gb6pYDRU17yyRb/deFTt3YPbOyH1nBj85Td3eP13AYBg
MjExSheacGJ8f6YHAIfNpgcvnGp2MwDgV59UNmrBn9bqO+/u1tayenUPMKiubu3QC7tLdO5zH+uO
FbuH3NZLe0t11cubta2swbCkaFlTu/5nwxEtenqtCk9R4/477+7Wta9t06aSOsMg0NLZrWd3HVfe
02v1+LZCdRkEj7zsBOXGBmZi53vv7dGSZ9bplX1lqmrxfqDXkboWPbzpmKb9YbWe/6TYjz0EgOF7
4IIpXk939yVbYUGBOyfXuFqCL81/ao02l9ab3g4ABEJubISW5CRodFykIkLtau9yqaatU9vK6vVx
8eCeFHg7efeql7ec2Fw8LyNO8zLilRoVpob2Lh2ubdE/DlcMq7Tl1ORoLcpKUEZ0uNySCutb9fah
ij4nCAe7i8emaEx8pFIiw9Tlcqu8uV27KhuH/HQGAAItLztBa2/OM7WNosJC5eTmmr8JuNevl03V
0mfX+6s5APCrwoZWFe42/4TZzaX1PptM2VPV1OewsJHo3SOVp34TAIwAj1w8zW9t+a2WW35Ooq6Y
kOqv5gAAAIAR4cpJ6T47IX4w/FrM+cELpvq3QQAAACCIOWzS/edP9mubfh2PT0qK0q2zcvzZJAAA
ABC0bpudO6wzak6H3yfkH1o2VRMS/F9DGgAAAAgmk5Oi9MAFU/zert8DQGx4iFZ8aZGSI0L93TQA
AAAQFNKiwvT+lxb5/XR1KQABQJJGx0Xo719cqHAHOwIAAABgLREhdr13/SJlxTgD0r7/I8en5mXE
6c//cpa+8MoWw4NtAMBq3j5UoX3VzR7XT3W4FwBg5LBLevnquZqRGhOwPgQsAEjS1ZPT9cAFU/SD
D/YGshsAEBT+86ODge4CAMBkj106Q5eOD2xp/ICvwblz0VjdtXhcoLsBAAAAmOon+eP1tbNyA92N
wAcAqaf26VOXz1SIzRborgAAAAA+FWKz6anLZ+rn50wKdFckBUkAkKRbZ+Vo1U2LleCkOhAAAADO
DEkRoVp10+KgOgsraAKAJOVlJ2jrbUs1Ocm/hyEAAAAAvjY5KUrbbjtbedkJge5KH0EVAKSeEqGb
vrxUF45ODnRXAAAAgGG5dFyKNn15qXJiA1PqcyBBFwAkKTrMoRVfWqinr5ilzOjwQHcHAAAAGJTs
GKeeuWKW3rpugaLDHIHujqGAlgEdiE3SzTOz9YUpGXpg/WE9uP6wWrpcge4WAAAA4CEq1KEfLB6n
uxaPkzMkKOfYT7AVFhS4c3IDX47oVEqb2nXXh3v1/K5iDg4DAABAULBJumlmtn51/mSlRQX3ypWi
wkLl5OYG5xIgIxnR4Xp2+Wxt+nK+lgTZRgoAAABYz8LMeO382tl6+opZQT/4P1nQLgHyZm5GnNbc
nKdPKhv15oFyvXGwXBuL68TiIAAAAJjJLmlhVryumJCm5RPTNC0lJtBdGpYRswRoIFUtHXrzYLne
OFCu945WqbmzO9BdAgAAwBkgKtShi8am6IoJqbpiQpqSI8MC3aVh610CdEYEgJO53FJxY5sK61tV
2NCqwvpWFfT7c0NHV6C7CQAAgCAQFx6i3NgIjYqLUG5chHJje/531Kd/zoxxym4LdC99ozcAjLgl
QKdit0k5sU7lxDq1ROwVAAAAAE42YjYBAwAAADh9BAAAAADAQggAAAAAgIUQAAAAAAALIQAAAAAA
FkIAAAAAACyEAAAAAABYCAEAAAAAsBACAAAAAGAhBAAAAADAQggAAAAAgIUQAAAAAAALIQAAAAAA
FkIAAAAAACyEAAAAAABYCAEAAAAAsBACAAAAAGAhBAAAAADAQggAAAAAgIUQAAAAAAALIQAAAAAA
FkIAAAAAACyEAAAAAABYCAEAAAAAsBACAAAAAGAhBAAAAADAQggAAAAAgIUQAAAAAAALIQAAAAAA
FkIAAAAAACyEAAAAAABYCAEAAAAAsBACAAAAAGAhBAAAAADAQggAAAAAgIUQAAAAAAALIQAAAAAA
FkIAAAAAACyEAAAAAABYCAEAAAAAsBACAAAAAGAhBAAAAADAQggAAAAAgIUQAAAAAAALIQAAAAAA
FkIAAAAAACyEAAAAAABYCAEAAAAAsBACAAAAAGAhBAAAAADAQggAAAAAgIUQAAAAAAALIQAAAAAA
FkIAAAAAACyEAAAAAABYCAEAAAAAsBACAAAAAGAhBAAAAADAQggAAAAAgIUQAAAAAAALIQAAAAAA
FkIAAAAAACyEAAAAAABYCAEAAAAAsBACAAAAAGAhBAAAAADAQggAAAAAgIUQAAAAAAALIQAAAAAA
FkIAAAAAACyEAAAAAABYCAEAAAAAsBACAAAAAGAhBAAAAADAQggAAAAAgIUQAAAAAAALIQAAAAAA
FkIAAAAAACyEAAAAAABYCAEAAAAAsBACAAAAAGAhBAAAAADAQggAAAAAgIUQAAAAAAALIQAAAAAA
FkIAAAAAACyEAAAAAABYCAEAAAAAsBACAAAAAGAhBAAAAADAQggAAAAAgIUQAAAAAAALIQAAAAAA
FkIAAAAAACyEAAAAAABYCAEAAAAAsBACAAAAAGAhBAAAAADAQggAAAAAgIUQAAAAAAALIQAAAAAA
FkIAAAAAACyEAAAAAABYCAEAAAAAsBACAAAAAGAhBAAAAADAQggAAAAAgIUQAAAAAAALIQAAAAAA
FkIAAAAAACyEAAAAAABYCAEAAAAAsBACAAAAAGAhBAAAAADAQggAAAAAgIUQAAAAAAALIQAAAAAA
FkIAAAAAACyEAAAAAABYCAEAAAAAsBACAAAAAGAhBAAAAADAQggAAAAAgIUQAAAAAAALIQAAAAAA
FkIAAAAAACyEAAAAAABYCAEAAAAAsBACAAAAAGAhBAAAAADAQggAAAAAgIUQAAAAAAALIQAAAAAA
FkIAAAAAACyEAAAAAABYCAEAAAAAsBACAAAAAGAhBAAAAADAQggAAAAAgIUQAAAAAAALIQAAAAAA
FkIAAAAAACyEAAAAAABYCAEAAAAAsBACAAAAAGAhBAAAAADAQggAAAAAgIUQAAAAAAALIQAAAAAA
FkIAAAAAACyEAAAAAABYCAEAAAAAsBACAAAAAGAhBAAAAADAQggAAAAAgIUQAAAAAAALIQAAAAAA
FkIAAAAAACyEAAAAAABYCAEAAAAAsBACAAAAAGAhBAAAAADAQggAAAAAgIUQAAAAAAALIQAAAAAA
FkIAAAAAACyEAAAAAABYCAEAAAAAsBACAAAAAGAhBAAAAADAQggAAAAAgIUQAAAAAAALIQAAAAAA
FvL/27t/nrjOtIHDt6WRPJomU2DZkAJw4YBlKYgUKc2kS5rQOAhFlkmRIjSMP4HJJ2BSuYzjCGGl
sdzYnTFdUsS4MMGi4M+uAkFGyqTBYCGxxbsbKbt5vV5n5gxwX1cJw7kfCobzm3PmGQEAAACJCAAA
AEhEAAAAQCICAAAAEhEAAACQiAAAAIBEBAAAACQiAAAAIBEBAAAAiQgAAABIRAAAAEAiAgAAABIR
AAAAkIgAAACARAQAAAAkIgAAACARAQAAAIkIAAAASEQAAABAIgIAAAAS3U+i2QAACzhJREFUEQAA
AJCIAAAAgEQEAAAAJCIAAAAgEQEAAACJCAAAAEhEAAAAQCICAAAAEhEAAACQiAAAAIBEBAAAACQi
AAAAIBEBAAAAiQgAAABIRAAAAEAiAgAAABIRAAAAkIgAAACARAQAAAAkIgAAACARAQAAAIkIAAAA
SEQAAABAIgIAAAASEQAAAJCIAAAAgEQEAAAAJCIAAAAgEQEAAACJCAAAAEhEAAAAQCICAAAAEhEA
AACQiAAAAIBEBAAAACQiAAAAIBEBAAAAiQgAAABIRAAAAEAiAgAAABIRAAAAkIgAAACARAQAAAAk
IgAAACARAQAAAIkIAAAASEQAAABAIgIAAAASEQAAAJCIAAAAgEQEAAAAJCIAAAAgEQEAAACJCAAA
AEhEAAAAQCICAAAAEhEAAACQiAAAAIBEBAAAACQiAAAAIBEBAAAAiQgAAABIRAAAAEAiAgAAABIR
AAAAkIgAAACARAQAAAAkIgAAACARAQAAAIkIAAAASEQAAABAIgIAAAASEQAAAJCIAAAAgEQEAAAA
JCIAAAAgEQEAAACJCAAAAEhEAAAAQCICAAAAEhEAAACQiAAAAIBEBAAAACQiAAAAIBEBAAAAiQgA
AABIRAAAAEAiAgAAABIRAAAAkIgAAACARAQAAAAkIgAAACARAQAAAIkIAAAASEQAAABAIgIAAAAS
EQAAAJCIAAAAgEQEAAAAJCIAAAAgEQEAAACJCAAAAEhEAAAAQCICAAAAEhEAAACQiAAAAIBEBAAA
ACQiAAAAIBEBAAAAiQgAAABIRAAAAEAiAgAAABIRAAAAkIgAAACARAQAAAAkIgAAACARAQAAAIkI
AAAASEQAAABAIgIAAAASEQAAAJCIAAAAgEQEAAAAJCIAAAAgEQEAAACJCAAAAEhEAAAAQCICAAAA
EhEAAACQiAAAAIBEBAAAACQiAAAAIBEBAAAAiQgAAABIRAAAAEAiAgAAABIRAAAAkIgAAACARAQA
AAAkIgAAACARAQAAAIkIAAAASEQAAABAIgIAAAASEQAAAJCIAAAAgEQEAAAAJCIAAAAgkVJExN//
9rdOrwMAACjAqcPDw8NOLwIAACjGqYgQAAAAkIT3AAAAQCICAAAAEhEAAACQiAAAAIBEBAAAACQi
AAAAIBEBAAAAiQgAAABIRAAAAEAiAgAAABIRAAAAkIgAAACARAQAAAAkIgAAACARAQAAAIkIAAAA
SEQAAABAIgIAAAASEQAAAJCIAAAAgEQEAAAAJCIAAAAgEQEAAACJCAAAAEhEAAAAQCICAAAAEhEA
AACQiAAAAIBEBAAAACQiAAAAIBEBAAAAiQgAjoVqtRo3btyIX3/9NdbW1mJoaKjTSwIAOJZORcRh
pxcBr3Lt2rVoNBpRrVZ//9r6+nr09/d3cFVwfJRKpTh37ly888470dXVFeVyOc6cORMREc+fP4+9
vb3Y3NyM1dXV2N7ejoODgw6vGI6uer0eU1NT0dfX19Y56+vr0Wg04quvvmrrHHISABxZQ0NDMTMz
EyMjI3/6/VOnThW8IjheKpVKDA4OxvDwcFy8eDGGh4ejp6cnKpVK9PT0RETE5uZm7O7uxurqaiwt
LcXy8nI8fvw4fvrpp3jx4kWHfwM4Wur1eszMzBQ68/r169FoNAqdycknADhyqtVqzMzMxMTExCsf
JwDgz5VKpeju7o5arRajo6NRq9X+cAXtVZrNZjx8+DDu3bsX8/PzsbW15YoA/NP6+nr09vYWPtMV
b1pNAHCkTE1NxfT09GudrAgA+E/lcjkGBgZibGwsxsfH3/hkZWNjI+bm5mJ2djZWVlbi5cuXLV4p
HD+Hh505ZfL/jlYTABwJIyMj8fXXX/9P91R6QoQ/KpfLMTQ0FJOTk3HlypUol8t/6Xh7e3vx7bff
xs2bN2NpaUkEkJ4A4KSwCxAd1dfXF3fv3o35+fm2v6EKTrJSqRQDAwMxOTkZV69e/csn/xH/FxSf
f/55fPHFF3HhwoUolUotWCkAnSYA6Ih/beu5uLgYo6OjnV4OHHvd3d0xNjYWV65cafmxr169Gp9+
+ml0d3e3/NgAFE8AULjR0dFYXFx87Xv9gVerVCrxwQcfxPj4eEte+f935XI5xsfH4/Lly205PgDF
EgAUpq+vL+bn5+Pu3btu94EWunjxYnz88cdt3Z2kt7c3Pvroo7hw4ULbZgBQDAFA2/1rW8+1tbX/
d09/4M2USqUYHh6OWq3W9lkffvhhvP/++94LAHDMCQDa6tq1a7G2thb1er3TS4ET6dy5czE4OFjI
7XTVajUGBwfj7NmzbZ8FQPsIANpiZGQkFhcX49atW+7zhzYaGBiI9957r7B5ly5divPnzxc2D4DW
cx2XlnrdT/EFWqOrq6vQ3Xn6+/vj7bffLmweAK3nCgAtMzExEWtra07+oUDlcjkqlUph8yqVSpw+
fbqweQC0ngCgZW7cuOF2HyhYV1dX9PT0FDavp6cnzpw5U9g8AFpPANAyPqocAODoEwC0zOjoaPz2
22+dXgaksrOzE5ubm4XN29zcjOfPnxc2D4DWEwC0zJMnT6Kvry+++eabTi8F0tjb24vd3d3C5u3u
7sb+/n5h8wBoPQFASzWbzZiYmIharRYLCwudXg6ceDs7O7G1tVXYvLW1tfj5558LmwdA6wkA2uLR
o0cxMjISn332mduCoI2ePXsWP/74Y2Hznj59Gqurq4XNA6D1BABtdevWrejr64svv/yy00uBE+mX
X36J5eXlaDabbZ/VbDbj2bNnsb293fZZALSPAKDtms1mTE9PR39/v9uCoMUODg7i8ePHMT8/3/ZZ
Dx48iO+//z4ODg7aPguA9hEAFGZ9fT1GRkaiVqvFxsZGp5cDJ8bS0lLcu3evrX9XGxsbcf/+/VhZ
WWnbDACKIQAo3KNHj36/Lcj7A+Cve/HiRTx8+DDu3LnTlh169vf3Y25uLhYWFmJvb6/lxwegWAKA
jpmeno6hoSHbhkILbG1txZ07d+K7775r+bFv374ds7Ozhe42BED7nIqIw04vAkZGRqLRaMS77777
2j/jk4fhj8rlcgwNDcXk5GR88skncfr06b90vP39/bh9+3bcvHkzlpaW4uXLly1aKRxPh4edOWXy
/45WEwAcKfV6Paanp+Ott976r4/1hAj/qVwux8DAQIyNjcX4+Hj09va+0XE2NjZibm4uZmdnY2Vl
xck/hADg5BAAHDnVajWmp6djamrqlY/zhAh/rlQqRXd3d9RqtRgdHY1arRbVavW1frbZbMaDBw/i
/v37sbCwEFtbW3b9gX9aX19/46h+UxsbG9HX11foTE4+AcCRNTQ0FI1GIy5fvvyn3xcA8GqVSiUG
BwdjeHg4BgcH49KlS9Hf3x+VSiV6enoiImJzczN2d3djbW0tnj59GsvLy/HDDz/EysqKN/zCv6nX
6zEzM1PozOvXr0ej0Sh0JiefAODIm5iYiOnp6T+86uIVEXh9pVIpzp49G+fPn4+enp4ol8vR1dUV
ERE7Ozuxt7cXm5ubsbq6Gtvb217xh1eo1+tRr9fbfiVgY2MjGo2Gk3/aQgBwLFSr1d+fdJvNZoyO
jsaTJ086vSwAgGNHAAAAQCI+BwAAABIRAAAAkIgAAACARAQAAAAkIgAAACARAQAAAIkIAAAASEQA
AABAIgIAAAASEQAAAJCIAAAAgEQEAAAAJCIAAAAgEQEAAACJCAAAAEhEAAAAQCICAAAAEhEAAACQ
iAAAAIBEBAAAACQiAAAAIBEBAAAAiQgAAABIRAAAAEAiAgAAABIRAAAAkIgAAACARAQAAAAkIgAA
ACARAQAAAIkIAAAASOQfMDhB+rPN6zgAAAAASUVORK5CYII=
" width="800px"&gt;</msg>
<status status="PASS" starttime="20230611 00:21:01.719" endtime="20230611 00:21:05.610"/>
</kw>
<kw name="Wait Until Element Is Visible" library="AppiumLibrary">
<arg>//*[@bounds='[404,323][728,700]']</arg>
<arg>timeout=3</arg>
<doc>Waits until element specified with `locator` is visible.</doc>
<msg timestamp="20230611 00:21:09.275" level="INFO">&lt;?xml version='1.0' encoding='UTF-8' standalone='yes' ?&gt;
&lt;hierarchy index="0" class="hierarchy" rotation="0" width="768" height="1184"&gt;
  &lt;android.widget.FrameLayout index="0" package="com.b3g.cih.online" class="android.widget.FrameLayout" text="" checkable="false" checked="false" clickable="false" enabled="true" focusable="false" focused="false" long-clickable="false" password="false" scrollable="false" selected="false" bounds="[0,0][768,1184]" displayed="true"&gt;
    &lt;android.view.ViewGroup index="0" package="com.b3g.cih.online" class="android.view.ViewGroup" text="" resource-id="android:id/decor_content_parent" checkable="false" checked="false" clickable="false" enabled="true" focusable="false" focused="false" long-clickable="false" password="false" scrollable="false" selected="false" bounds="[0,0][768,1184]" displayed="true"&gt;
      &lt;android.widget.FrameLayout index="0" package="com.b3g.cih.online" class="android.widget.FrameLayout" text="" resource-id="android:id/content" checkable="false" checked="false" clickable="false" enabled="true" focusable="false" focused="false" long-clickable="false" password="false" scrollable="false" selected="false" bounds="[0,48][768,1184]" displayed="true"&gt;
        &lt;android.widget.RelativeLayout index="0" package="com.b3g.cih.online" class="android.widget.RelativeLayout" text="" checkable="false" checked="false" clickable="false" enabled="true" focusable="false" focused="false" long-clickable="false" password="false" scrollable="false" selected="false" bounds="[0,48][768,1184]" displayed="true"&gt;
          &lt;android.widget.RelativeLayout index="0" package="com.b3g.cih.online" class="android.widget.RelativeLayout" text="" checkable="false" checked="false" clickable="false" enabled="true" focusable="false" focused="false" long-clickable="false" password="false" scrollable="false" selected="false" bounds="[0,48][768,1184]" displayed="true"&gt;
            &lt;android.view.ViewGroup index="0" package="com.b3g.cih.online" class="android.view.ViewGroup" text="" checkable="false" checked="false" clickable="true" enabled="true" focusable="true" focused="false" long-clickable="false" password="false" scrollable="false" selected="false" bounds="[0,48][768,1184]" displayed="true" /&gt;
          &lt;/android.widget.RelativeLayout&gt;
        &lt;/android.widget.RelativeLayout&gt;
      &lt;/android.widget.FrameLayout&gt;
    &lt;/android.view.ViewGroup&gt;
  &lt;/android.widget.FrameLayout&gt;
&lt;/hierarchy&gt;</msg>
<kw name="Capture Page Screenshot" library="AppiumLibrary">
<doc>Takes a screenshot of the current page and embeds it into the log.</doc>
<msg timestamp="20230611 00:21:09.968" level="INFO" html="true">&lt;/td&gt;&lt;/tr&gt;&lt;tr&gt;&lt;td colspan="3"&gt;&lt;img src="data:image/png;base64, iVBORw0KGgoAAAANSUhEUgAAAwAAAAUACAYAAADwUTW0AAAAAXNSR0IArs4c6QAAAARzQklUCAgI
CHwIZIgAACAASURBVHic7N15fFxVwf/x770zk0mTJpmmG7Q0LYhAC9IAFgoFGlSgQoEqFkX50aLo
44JQlE0W2yr18VGxFWVxoS24gUIRLCAqkKKVRbCtUDYpXe3e7Nus5/fHJNNMMkmTdJYk5/N+vY5m
7tzlzJRXcr73LNeRZAQAAADACm6uKwAAAAAgewgAAAAAgEUIAAAAAIBFCAAAAACARQgAAAAAgEUI
AAAAAIBFCAAAAACARQgAAAAAgEUIAIOQx+PRiBEjdP/99ysWi8kYk1RisZh+9atfacSIEfJ4PLmu
LgAAALKIADCIOI6jr33tawqHw9q1a5cuv/xyOY6Tcr/PfOYz2rVrl8LhsG688cYc1LZ7Ho9Hrst/
ngAAAOnmSDK5rgQOjuM4mjZtmp5//vmUDf4DMcbotNNO04svvpiB2vWe67oaP368amtrVV1dLWP6
z3+igUBANTU1SdsqKio0efJkBQIBVVZWqra2VmvXru32GAAAsqW8vFzjx49XeXl50va1a9dq8+bN
SX+z+pN0/v2sqKjQc889l/K9s846S5WVlWm5zkBiKAO3uK5rHnzwQROLxYwxJvH/Xenq/b///e/G
cRxzwgknGI/Hk7PP4ziOmTp1qqmtrTUvvPCCKSgoMI7j5Px7lmTmzp1rqqurTXl5uZkwYYJ57rnn
uvyeN27caObMmWPKy8tNdXW1mTt3bs7rT6FQKBQ7SiAQMHPmzDGPPvpot22C9h599FEzZ84cEwgE
cl5/Kf43d8GCBWk7X0VFRZefvaKiIuefNwcl5xWg9LG4rmvefvvtAzb6eyIajRqPx2PGjBljNmzY
kJMQ4LquKS0tNe+++66JRCImFAqZq6++ul8EgPa/OJqamkxNTU2PvtdgMGj7LxgKhUKhZKlMmDDB
LFu2zFRXV/e5PVBdXW2WLVtmJkyYkLPPMXfuXGOMOegAMGvWLDN//nwzf/58s2zZsi4/87JlyxL7
XXTRRTn/d8xSyfxFfD5fTo/vWCZNmmTOPvtsc/rpp5vhw4f3q7r1tDiOYx566KG0NP6NifcM5OXl
GY/HY6LRqHnkkUey3vB2HMd8/etfN7FYzMRiMRONRk19fb056qijjOu6Ofme25fly5d3+t6WLFli
KioqEndMKioqzIIFCzoFhOXLl+e8/hQKhUIZvGXBggVpaQ+0N3/+/Kx/jrbGvzEHFwCWLFnS58+9
ZMmSnP97ZqFk7uSf+tSnzOOPP25qampycnz7MnbsWPOzn/3M7NixI+kfORQKmZdeeslccsklOatb
X8q0adNMNBrt83/cHUWjUTNhwgSTn59votGoiUajZvr06Vn7PK7rmoKCArNt2zYTiUQS9YrFYuae
e+7JyXfcsZSXlyfqtWnTJlNeXt7lvoFAwKxduzaxP0OAKBQKhZKJUl5ebtasWZO29kBHa9as6fbv
XTpL+8a/MQcXACorK/v8mSsrK3P+75qFkt4TnnTSSeauu+4yW7duTXyRoVAoa8enKhMnTjT/+c9/
EueLxWKmpqbGtLS0JLZFo1Fz2223Zb1ufSmu6yYa/30d89/x/Wg0ao4//ngzefLkpO8kW3fefT6f
WbZsWadQE41GTVVVlTnuuONy3gvQ1qCvqanpUddoIBBI9ARs3Lgxp3WnUCgUyuArs2bNOqjhPj1V
XV2d8WGsHRv/xhAAMlzSc6LPfvaz5qWXXkrZ4OxJI/lgj++uvPDCC8aYeGPynnvuMe973/uMJFNQ
UGCuuuoqU1tba4wxJhwOmzPOOCOrdetLufbaa7v8jzYSiSRKb4YHRaNRc+yxx5q77747afuNN96Y
8c/juq6ZMmWKaWxsTAz/aS8Wi5lXX33V5Ofn52w+QPs5APPmzUtsT3VXpP229l2ys2bNykndKRQK
hTL4SqoGc6Zlqje7q89CAMhoSc+JnnnmmcQXt2XLFnPvvfcmtvWkkXywx3dVPv3pTyfOe//996fc
p32D+oEHHsha3fpSXNdNaiCHw2FjjDErV640p512miktLTWBQMBcffXV5mc/+5n5yle+YhoaGlI2
rNuLRqNmzJgxpqqqqtP2TE8IdhzHPPbYY4mhP23j/9vqHIvFTDAYNLNmzcpZAJg3b17iO2kb7982
J6D9WMGO2wKBQOI4S8YUUigUCiULpf0w02xZu3Zt2j9Hd0GGAJC5krYnLVVXV+uRRx7RJZdcorKy
Mn3xi1/U3r17s3Z8V2bOnClJMsZowYIFKfdZvHixqqurJUnHHHNM1urWF6WlpYrFYorFYlq1apX8
fr/8fr9+9KMfafXq1dqzZ4+qqqr0ox/9SD/+8Y911113qaioSK7r6pRTTlFzc3PKdfUdx9GuXbtU
UlKS8pqZ4vF4NHv2bF1wwQXyeDwyxmjp0qW69dZbdcstt2jp0qWSJK/Xq4ULF6qoqKhPzzo4WG1r
J2/evLlXaxLX1NRo1apVSecAAOBgVVRUaPPmzVm73ubNm1VRUZHWc86dO1fLli1L6znRcxlLFw89
9JAxpu93yXtz/OLFi83GjRvN0qVLk7Y//fTTpqGh4YBjsN98801jTHyySzY+W1/L8uXLzfr1643j
OMZ1XTNz5syku/tt/x+JRFLeLXdd11x88cVJE23b9r/kkktS9hI89NBDGfksjuOYgoICs2bNmsTY
/0gkYmbOnGn8fr/x+/1m5syZieFMsVjMLFiwICdLlLbdSeh4V+BAQ4DaXldUVGRtEhWFQqFQ7Cjl
5eU9Xpb6YNTU1KT9b1hPhjDRA5DRkrmTZysA+Hy+xFAYY4w5/PDDe3Udn8+XGPry2GOPZeWz9bVc
ddVVxnEc4ziOeffdd7sc1tPc3NztpFnHcUx9fX1i/wceeCDpdUeZ+CyO45gvfelLSf92kUjEnHfe
ecbj8RiPx2POP//8RFiJRqNmy5YtZtSoUVkfCtRVAKBQKBQKJZclG3MB0j2Hrad1JgBkrng1CITD
Ya1Zs0ZTpkzRO++8o23btvXq+Llz52rYsGGSpJUrV2aiimnzk5/8RH6/X1VVVSooKOhyv8bGxm7P
Y4xRIBDQzp07NXz4cK1atUqXXXZZuqvbJdd1VVZWpjvuuEOumzwSzXEcGWMS/9/+mLFjx2rhwoW6
6qqrFI1Gs1bfNiUlJZo+fXrK9zrWt6Pa2tp++7h1AMDAtHz5ck2YMEHz58/PyPkXLlyoP/zhD2k7
H8N++o+MpYtsDgEqKCgw06ZNMyUlJb26xvDhw817771njDFm/fr1WftsfS0ejyfpjnlXNmzY0KO7
5F6v1/z3v/894DMF0v05HMcxd955Z6cejEgkYs4///yUPQDGxIc4hUIhc+aZZ2Z1WdCDuZPQxoY7
ChQKhULJTUn1sMqDle6HWPa2t4IegMyVtE0CzrWmpiatXr1atbW1vTpu6dKlOvzwwxUKhXT11Vdn
qHbpEwqF5PXu77gx3dxx7gljjEaPHt3pLny6zp+K67o66qijdPnllx/w/B3fdxxHXq9X1113Xdrr
BQDAQDVv3jytW7cubedbt26d5s2bl7bzcee/fxkUQ4D6avHixbrwwgslST/84Q/1zDPP5LhGB5Zq
uEwqJSUlBxyS4vF4tG3bNnk8ni73SfeKO47jKC8vT7/61a9UXFyc8vyO4yTqlKpujuNoxowZOu+8
8/Tkk08qFoultY6pzJs3T4FAoE/HLlmyRJMnT05zjQAA2K+mpkazZs3S2rVrU67o1xu1tbWaNWtW
r1a96w6N//7H2gBwww036JprrpEkrVixQt/4xjdyXKOeMa1j4w+ku/kBUrwRXVVVpeLi4nRVrUcc
x9G5556rD3zgA12+P2rUKB155JGSpJEjR6b8vF6vV3feeadeeukl7d27NyM9Fe0dzNj9dP0CBQCg
O5s2bVJFRYXWrFlzUOepqKjQpk2b0lInGv/906AZAtQbc+bM0aJFi+Q4jl544QXNnTs311XqsZ5O
xMnLy0vZKHZdVxdeeKHC4XCPG/+PPPJIr+rYHa/Xq29961vy+XwpG/au6+q+++7T+vXrtX79et13
331dDk8qKyvT7Nmz01a37pSXl2v69Oms5Q8A6NfWrl2rK664os/HX3HFFWlbsILGf/+WsQkG2ZwE
3NMyc+ZM09jYaIwxZt26dWb06NH9pm49KaNGjep2wm775wFMnDgxPtGjdbJseXm5aWxs7PaJwB3f
i0ajZtSoUWmpu9frNbfeemu3TyVum+Tb3NxsmpubTTAY7LJ+sVjM7N6924wfPz7jy4IezDKgmzZt
MsakfzIVhUKhUChdlb5MCk7n36l0LE/KJODMFat6AKZOnar7779fBQUFevfddzVr1izt2rUr19Xq
lX379nX7fttddcdx9OCDD+rKK6/Uvn37ZIzRv/71LxUUFHQ7hCjVe+l46rHjOCotLdXnPve5bocx
xWIxzZ49W6WlpSotLdUll1yStNxn++Mcx9GIESM0f/58eb3ejD4huO1uyPTp03s1FyAQCGj8+PFJ
5wAAINPmzp2beBJ9T6xatSptIyK489//WRMAjj76aP3ud79TaWmptm/fro9//OPauHFjrqvVa9Fo
VAsXLuzRmPfjjjtOV155ZaLB2pcG8vz589M2yXbBggUaN25cl0N62kQiEYVCIYVCIYXD4W73Ncbo
4osv1tixY9NSx65UVlYmfu7Nqgjtf5kSAAAA2TRr1qwerQy0bt06zZo1Ky3XpPE/cGSse6G/DAEa
PXq0Wb9+vTHGmH379plp06bl/LMdTHFd94Dr9rd54okn+vyY8Gg0mpa19l3XNdOmTTOhUKjb4UfG
xJ8DcPbZZxuv12u8Xq8555xzkp4D0FU9n332WVNYWJjRoUBtQ3mqq6tNIBA44P7l5eWJOq5duzbr
/51QKBQKhVJeXt5tO6CmpsaUl5en5VrpfioxQ4AyVwZND8DixYu1ceNGLV26NGl7QUGBVqxYoUmT
JikYDOraa69VVVWVJk6c2GWZMGFCjj5Fz8RiMc2YMUPGmAP2BMyYMUOnnnqqgsFgyve7Ot4Yoxkz
ZqTl7r8xRtddd508Hk+nXoiO13ddV4sWLdJjjz2mxx9/XLfffnu3PQamdThRRUWFLrjggoyuBrRg
wQJJ8WE9zz33XLdDgSoqKvToo48mXg+kieYAgMFj7dq13f4Nmjt3blp6qLnzP/BkLF1kqwfA5/Ml
PR338MMPT7x39dVX9zr5vfDCCxn/bAdbHMcxTz31VI8+TywWMx6PxzQ1NfX4O3jyySfTcjfddV1z
0kknmaamJhONRhMTgLsr0WjUhMNhEw6He3xMJBIxq1atSnw3mfre20+qqq6uNvPnzzfTp083kkwg
EDDTp083ixcvTvouD+YOBoVCoVAo6Sjz5s3r9Ld+3rx5aTl3uu/8p+PvJz0A3ZdB8RyAcDisNWvW
aMqUKXrnnXe0bdu2xHs+ny+HNcscY4xmzpyp9957T2VlZd3u6ziOwuGwfD6fLr30Ui1fvlyu66ac
E2CM0datWzVz5sy03U0fMmRI4vo9nYfQtp/pQS9H236ZnATcpu0uypw5cxQIBBK9AqnU1tZqwYIF
WrJkScbrBQBAd5YsWaLy8nLNmTNHknT//fen5e8Td/4HJkfxJDDgFRQU6IQTTtDrr7+u2traXFcn
azwej1auXKlzzz33gA3gcDis4cOHq6GhQbfffruuv/56eb3xDNj21OCnn35aH/vYx3TSSSfp9ddf
V3Nzs0Kh0EHV0XVdHXLIIfL7/Qd1nu60PdgsWw/dmjt3rhYsWJBY4aejttUU0vUgFQAADlYgEEgs
alFRUXHQfzMz3fhfuHBhtzfaulNZWanp06f36dhVq1apoqKiT8cOFIMmANjMcRzNmDFDTzzxROJ1
V4wx+sxnPqMHH3xQklRUVKRLL71U5557rpYvX67HH39cruvqrLPOUllZmZ5//nlt2LAhY/Vuu3Pf
3V3+A73f2/3Sqby8XIFAIPGLdO3atUkrBgEA0J+0zV872MZ/IBDo1ap4fVFZWdnnv6nl5eWqrKxU
SUlJr46rra1VRUXFoF+5jwAwiLiuq4ULF+qWW26RMabLybPGGO3bt08VFRVav369pNw0ngEAAJB9
g2YVIMRXB7rtttvk9Xp16KGHasWKFZ0a9W133J9//nnt2bMnaTsAAAAGP3oAAAAAAIvQAwAAAABY
hAAAAAAAWIQAAAAAAFiEAAAAAABYhAAAAAAAWIQAAAAAAFiEAAAAAABYhAAAAAAAWMR72GGH5boO
AAAAALKEHgAAAADAIgQAAAAAwCIEAAAAAMAizpbNm02uKwEAAAAg88aVlcnb9gMAAACAwWvrli2S
GAIEAAAAWIUAAAAAAFiEAAAAAABYhAAAAAAAWIQAAAAAAFiEAAAAAABYhAAAAAAAWIQAAAAAAFiE
AAAAAABYhAAAAAAAWIQAAAAAAFiEAAAAAABYhAAAAAAAWIQAAAAAAFiEAAAAAABYhAAAAAAAWIQA
AAAAAFiEAAAAAABYhAAAAAAAWIQAAAAAAFiEAAAAAABYhAAAAAAAWIQAAAAAAFiEAAAAAABYhAAA
AAAAWIQAAAAAAFiEAAAAAABYhAAAAAAAWIQAAAAAAFiEAAAAAABYhAAAAAAAWIQAAAAAAFiEAAAA
AABYhAAAAAAAWIQAAAAAAFiEAAAAAABYhAAAAAAAWIQAAAAAAFiEAAAAAABYhAAAAAAAWIQAAAAA
AFiEAAAAAABYhAAAAAAAWIQAAAAAAFiEAAAAAABYhAAAAAAAWIQAAAAAAFiEAAAAAABYhAAAAAAA
WIQAAAAAAFiEAAAAAABYhAAAAAAAWIQAAAAAAFiEAAAAAABYhAAAAAAAWIQAAAAAAFiEAAAAAABY
hAAAAAAAWIQAAAAAAFiEAAAAAABYhAAAAAAAWIQAAAAAAFiEAAAAAABYhAAAAAAAWIQAAAAAAFiE
AAAAAABYhAAAAAAAWIQAAAAAAFiEAAAAAABYhAAAAAAAWIQAAAAAAFiEAAAAAABYhAAAAAAAWIQA
AAAAAFiEAAAAAABYhAAAAAAAWIQAAAAAAFiEAAAAAABYhAAAAAAAWIQAAAAAAFiEAAAAAABYhAAA
AAAAWIQAAAAAAFiEAAAAAABYhAAAAAAAWIQAAAAAAFiEAAAAAABYhAAAAAAAWIQAAAAAAFiEAAAA
AABYhAAAAAAAWIQAAAAAAFiEAAAAAABYhAAAAAAAWIQAAAAAAFiEAAAAAABYhAAAAAAAWIQAAAAA
AFiEAAAAAABYhAAAAAAAWIQAAAAAAFiEAAAAAABYhAAAAAAAWIQAAAAAAFiEAAAAAABYhAAAAAAA
WIQAAAAAAFiEAAAAAABYhAAAAAAAWIQAAAAAAFiEAAAAAABYhAAAAAAAWIQAAAAAAFiEAAAAAABY
hAAAAAAAWIQAAAAAAFiEAAAAAABYhAAAAAAAWIQAAAAAAFiEAAAAAABYhAAAAAAAWIQAAAAAAFiE
AAAAAABYhAAAAAAAWIQAAAAAAFiEAAAAAABYhAAAAAAAWIQAAAAAAFiEAAAAAABYhAAAAAAAWIQA
AAAAAFiEAAAAAABYhAAAAAAAWIQAAAAAAFiEAAAAAABYhAAAAAAAWIQAAAAAAFiEAAAAAABYhAAA
AAAAWIQAAAAAAFiEAAAAAABYhAAAAAAAWIQAAAAAAFiEAAAAAABYhAAAAAAAWIQAAAAAAFiEAAAA
AABYhAAAAAAAWIQAAAAAAFiEAAAAAABYhAAAAAAAWIQAAAAAAFiEAAAAAABYhAAAAAAAWIQAAAAA
AFiEAAAAAABYhAAAAAAAWIQAAAAAAFiEAAAAAABYhAAAAAAAWIQAAAAAAFiEAAAAAABYhAAAAAAA
WIQAAAAAAFiEAAAAAABYhAAAAAAAWIQAAAAAAFiEAAAAAABYhAAAAAAAWIQAAAAAAFiEAAAAAABY
hAAAAAAAWIQAAAAAAFiEAAAAAABYhAAAAAAAWIQAAAAAAFiEAAAAAABYhAAAAAAAWIQAAAAAAFiE
AAAAAABYhAAAAAAAWIQAAAAAAFiEAAAAAABYhAAAAAAAWIQAAAAAAFiEAAAAAABYhAAAAAAAWIQA
AAAAAFiEAAAAAABYhAAAAAAAWIQAAAAAAFiEAAAAAABYhAAAAAAAWIQAAAAAAFiEAAAAAABYhAAA
AAAAWIQAAAAAAFiEAAAAAABYhAAAAAAAWIQAAAAAAFiEAAAAAABYhAAAAAAAWIQAAAAAAFiEAAAA
AABYhAAAAAAAWIQAAAAAAFiEAAAAAABYhAAAAAAAWIQAAAAAAFiEAAAAAABYhAAAAAAAWIQAAAAA
AFiEAAAAAABYhAAAAAAAWIQAAAAAAFiEAAAAAABYhAAAAAAAWIQAAAAAAFiEAAAAAABYhAAAAAAA
WIQAAAAAAFiEAAAAAABYhAAAAAAAWIQAAAAAAFiEAAAAAABYhAAAAAAAWIQAAAAAAFiEAAAAAABY
hAAAAAAAWIQAAAAAAFiEAAAAAABYhAAAAAAAWIQAAAAAAFiEAAAAAABYhAAAAAAAWIQAAAAAAFiE
AAAAAABYhAAAAAAAWIQAAAAAAFiEAAAAAABYhAAAAAAAWIQAAAAAAFiEAAAAAABYhAAAAAAAWIQA
AAAAAFiEAAAAAABYhAAAAAAAWIQAAAAAAFiEAAAAAABYhAAAAAAAWIQAAAAAAFiEAAAAAABYhAAA
AAAAWIQAAAAAAFiEAAAAAABYhAAAAAAAWIQAAAAAAFiEAAAAAABYhAAAAAAAWIQAAAAAAFiEAAAA
AABYhAAAAAAAWIQAAAAAAFiEAAAAAABYhAAAAAAAWIQAAAAAAFiEAAAAAABYhAAAAAAAWIQAAAAA
AFiEAAAAAABYhAAAAAAAWIQAAAAAAFiEAAAAAABYhAAAAAAAWIQAAAAAAFiEAAAAAABYhAAAAAAA
WIQAAAAAAFiEAAAAAABYhAAAAAAAWIQAAAAAAFiEAAAAAABYhAAAAAAAWIQAAAAAAFiEAAAAAABY
hAAAAAAAWIQAAAAAAFiEAAAAAABYhAAAAAAAWIQAAAAAAFiEAAAAAABYhAAAAAAAWIQAAAAAAFiE
AAAAAABYhAAAAAAAWIQAAAAAAFiEAAAAAABYhAAAAAAAWIQAAAAAAFiEAAAAAABYhAAAAAAAWIQA
AAAAAFiEAAAAAABYhAAAAAAAWIQAAAAAAFiEAAAAAABYhAAAAAAAWIQAAAAAAFiEAAAAAABYhAAA
AAAAWIQAAAAAAFiEAAAAAABYhAAAAAAAWIQAAAAAAFiEAAAAAABYhAAAAAAAWIQAAAAAAFiEAAAA
AABYhAAAAAAAWIQAAAAAAFiEAAAAAABYhAAAAAAAWIQAAAAAAFiEAAAAAABYhAAAAAAAWIQAAAAA
AFiEAAAAAABYhAAAAAAAWIQAAAAAAFiEAAAAAABYhAAAAAAAWIQAAAAAAFiEAAAAAABYhAAAAAAA
WIQAAAAAAFiEAAAAAABYhAAAAAAAWIQAAAAAAFiEAAAAAABYhAAAAAAAWIQAAAAAAFiEAAAAAABY
hAAAAAAAWMSb6wpkQviN1Yru3aZo9U7FqnYqVr1T0epdilXvUKx6l0ywKddVBAAAQD/g+Avklh4i
N3CIPMNGyy09VO6w0fIMO0SeEYfJN2larquYdoMiAMSqtiv4yp8U/NefFfz3KinUnOsqAQAAYAAw
wSZFd7yn6I73FE7xvuMvUN4Hpst/0rnyn3SO3NIxWa9jug3YABB+Y7VaXn1aoTV/VWTLG0nvGRnJ
OHJkJCf+/0ZS+58AAAAAySTaiE7rK8nIGEdyjBRsUvCVpxR85SlJknf8cfKf8BH5Tzx7wPYOOFs2
bzbjyspyXY8ea1m9QvW/nK/Y3q37N5rkhj4NfAAAAKRHPBLE2t1cbuMZWaaiOd+Wf+pFuateL2zd
skXjysoGTg9AZOM61f3iBoXffimxLXEv32l7TcMfAAAA6eTE25ztmpltbdDoni2q+cEc+Y6ZquLP
fU/ew4/PUR17p9+vAhSr3aO6n3xZ+66f3tr4N5KJ/1Ps/3eg4Q8AAIBMcxL/u3/kiVH4rRe174bp
qrvnasVq9+Swfj3TrwNA+I3V2nf1FDVX/iY+zKd1bL8c7vYDAAAgd+IzByTHxHsIFIup+ZkHtPfq
KQq//XKOa9e9fhsAmp/7taoWXKBYY43Umq8kh5v9AAAA6DdMu+apkZFprFHVbR9Vy99+n9N6daf/
BYBYTPVLb1TdXV+RYrHWjU7ywCsAAACgP3Gc1j4BSbGoan/0edXff2u79mz/0a8CgGmuV/W3P66m
J3+a66oAAAAAB6Xpjz9R9bc/LtPSmOuqJOk3ASC2Z4uqrj9Todcqc10VAAAAIC1Cr1Wq6sYKxfZs
yXVVEvpFAIjueE97rztTkZ0b4xuM6f4AAAAAoN8zMjKK/Pc/2nv9dEV3vJfrCknqBwHANNWpetEn
ZNpP9mW8PwAAAAY8J/GUYdNQHW/zNtXlulI5DgCxmKq/e6miO9vSEA1/AAAADC5tk4OjO99Tzf99
JuejXXIaAOruu17hN1bnsgoAAABA1oTW/031y27KaR1yFgCan/u1mp++L1eXBwAAAHKi6cmfqvmZ
B3J2/ZwEgPAbq1V3z1dzcWkAAAAg5+p+Ok/ht1/KybWzHwDCQdX8YE6/fCgCAAAAkBWxmGruuEIK
B7N+6awHgMbH7lSsbq8SK/4AAAAAtjFGsartalx5T9YvndUAYBpq1Pjo4tZXrPgDAAAAS7Uue9/4
6A9lGmqyeumsBoCGBxfJBJvE3X8AAABYzxiZpjo1PPy9rF42awEgtmeLmv7ctuoPd/8BDC7+E87u
tG3IuZ9T6Xf+Ird4RA5qNLC4ww5R8Rd/JN8R5V3v5PGpcNY1GrZwpUpv/1P2KgcAmdLaC9D01M8U
3b05a5fNWgCoe+Cb8Ym/OX7wAQCkW8FHv6DATb9V8ZfuTGzLP2O2iuYuku+oKQrc8nu5gVE5sNGD
+QAAIABJREFUrGH/5fjyVfiJGzT8h6s15CNz5BQWp9zPLT1Uw79XqaGXLVTesafLd8xU+Y6ZmuXa
AkAmGCkaUcNvvp21K2YlAEQ2rlPwhT/EXzjc/QcweAz5yBwVzV0kebwa8uHLVfyVu5R/xmwVf/nH
cnz5kiTf+05Q8RfvPMCZ7JM//VMavvgfGvqpm+UWDZckOV5/yn2HfuoWeccfm3z8yTMzXkcAyLx4
27jl7w8rsuWNrFwxKwGg8Yl74z9w9x/AIOIOO0RFl39b8vgS2/wnnatY3V6Z+v0TukyoRU1PZH+V
h/6u8IKvyHPIEckbfXkp9/UdMbnTtrwTP5KJagFA9rW2kZva2swZlpUAEPzXn7NxGQDIqlj1TtXd
d4NMqEWSZCIh1f/86wqte07V35mtyPb/SNGI6pd9Q6HXVuW4tv1PZMeGTtvaek06MpFwp23ew46R
b+Kpaa8XAGRd6wCZ4Lpns3I5b6YvENn0mkzdvvgLhv8AGGRaVj0o01ij4v9Zoobf/Z9aXnhMUvx3
X/U3z1fecWeq5e8P57iW/VN061tSx/a715dyX9NU13lbc73cocMyUDMAyLZ4Gzm2d5siW9+Sd9wx
Gb1axgNAcM0zrT8ZsfoPgMEo+MqftHf9B2WaG5K2x2p20/jvRnjz6522OXmpewBijbWdtlUvvEjh
d/+V9noBQG7E28qhtX/NeADI+BCg0NpnDrwTAAxwHRv/OLDw2y9LJpa0zfGlngRsGjs/JIfGP4BB
pXWqbDALbeeMBgATbFLozdWtr7j7D8Be+dM/pYILr8p1NfqVWM1uRfftSN7oTT0JOJblp2QCQNa1
DpUPrV8tRUIZvVRGA0Do35Wta/9n8ioA0H+5pYcqcONvVPLVe+UZMS7X1el3ors2Jr3usgegoSob
1QGA3DJGioQU+ndmF47IaACIbF4vSTIOCQCAffImf0il3/mL/FPOa93C78KOotv/k/Ta6WIZ0Fh9
hwDAstIABrFwaxs6UzI6CThWH1/9x2H+LwALFX/px/KMGLt/Qyw7jdbCT9yg6H/fUUvbAxgzLK/8
w/KXf1jesklyi4dLHp9iNbsV/s8raq78jaLb3+3y2MjWt5M3dPEgsFjtng4bogdbbQDot9ra0JmS
2QBQuzeTpweAfs001Uoa235LRq/nFgZUcv0vlXfcGWp68t4+BQDfMVMVfuvFA+7nDBmqwguuUv6Z
n5TnkMM77zDuGOV94EwVXPBlNT/1czX8dpFMuKXTbh0n8jp5XQSA6l1Jr02HycMAMJjE6jLbhs5K
DwAA2CSv/MMa+qmb5S2blPxGJoeteHwK3PyQfEefIin+kKzecHz5Kr7qbvlPmal9V52o6N5tXe6b
d8JHVPy573V+im8X5y248KvyjJ6gmu//v07vhzeskQm1JJb/7GoOQHTP1uQNMQIAgEGodcRM4hla
GZLROQCxROUZ/wNg8HMKilX8lbs07BsPyXfkSZ13yOBd68KLvppo/EuS97Cje3V8yQ2/VP60j8vx
5sl/6kVd7uc76mQFvn5/jxr/7flPuUCFH/965zeiYUV3b9r/uqshQHV7ZcLB/RvoAQAwGLXeJ8p0
D0BmA0BiCBCTtQAMbr4jT1Tpd5/RkLM+I3lSd66aDPYA+I4oT3rtDjukx430ghmfl/+EsxOv/cef
1fW+5/+PnPzCLt83LY3xP1wpPuuQcz6b8pjozv0BwOniScBSh6cB0wMAYFBqfSLwgO4BqN0d/8Gh
BwDA4OX/4AwFblsh75j3J22P7t2W3BDOYACIbH0zeYPjKG/SaT061v/BGUmvfRNPlVNQnHJft3hk
8gZjFFr3nOp+eq32fGGidl82Vns+e6SqbvpQYiW4Np4RY1OGkqRJwl08B0CSTHP9/hdMAgYwGLWu
nDmgA4DT9ouc5doADFK+Y6aq5JpfyC0MxDcYo9Drf1PtHXO194vHKbpv+0Gd3w2MUtGVP1Dgugc0
5Oy5Xe7X9NTPFevwtFzv4cf37CIdxt07+YUacsYlKXdNFTRMqFktlb9VrGr/Q73CG9ao/oHbOh3v
FpV2Pud/39l/ui56TyQp1lib+JlJwAAGpbYmc4Z/x2U0ALglozJ5egDIuaLLvyVnyFBJUmTrW6r+
zmxVL7ggsQJPtGODuZeK/+dHKphxpfxTL9SQsz7d5X6xur1q/usDSds69kh0JbLxtU7b8j54bsp9
m1bepfB76xTZ+O/ENv+U81Rywy8lT/LwnVj1zqTXJtyiyKbXO19/61v7X3g8XdYzaQgQAQDAIOYG
MtuGzmwAGNZaeUYAARiEfBNPle/9UyRJLase1L7rzlBozV+T9glv6ty47qm8yR9KGp7T/Nxvu92/
8ZEfJN2F94wq69F1mit/LUXDydc+5tREsGkvunuLqm6Yrqr5MxV6bf+TKv0nnK3Atfcl7es/+fyk
16F1lSmXAo1s/Pf+67vdBIB2PQCKMgQIwODlBkZn9vwZPXlbDwAjgAAMQkMqLo3PcWodj+4Z1vkX
dvitl/p8/sKPXZuYQxWr2qHmZ3/V7f6mqU5Nf/pF4rVbMrKbvfeLbHpdLS8+nrTNGTJU+adc0O21
ar7zSYVe/1tim3/qhSr+wg8lSd6ySSo4/4v79w+1qPEPS1KfK9yiaOs6/47T9Z+lWEN1uxf0AAAY
hFpvmrsp/p6kU2YDQKBnf3wAYCDKa1stx/Uof/qnNPzOVxS45fcaeslNypt8ltzCgEL/rpRpaZQk
OW7Pf+Xmn3GJ8o49PfG6+fnfdbpLn0rTH+9SdO9/JUmmB/u3afjt7cl32CXlHV/R7TEm3KLaO+Yo
sm3/EJ4h53xWJdf8XMNuXSG3aHhie+OKO7p9wFism+cOJPZp2D/HgTkAAAaznt7A6auMPgiMOQAA
Bitv2SR5Ro5L2ubk5ct/wtnyn3C2CiXJGJlgU+IhV3knnash299Vy+pHZJobUp7XM3yMhpzzWRWc
/6WkFdQ8oyd0+5Rez4jD5Dv2dOVNmpZ4mm7S6joHEN25UY2P/1hDL701sc13zKnKm3SaQm/8o8vj
YvVVql3yeQ2b/1higm/+GbOT9ml64l41Pvz9lMe7pYcqf+pFifGubWEplfiTldsuzBAgAIOQkeRI
ngwPAcpoAPBkeAIDAORKrHqnYlU75JYe2vVOjiMnv1AmHJTjeuQde5SKv/gjFV3xv4rV7pVTUKTY
7i2KtTTKycuXWzxCnhFjU46Dzz/1IuWfepFiVTtlmuvkFAYU3b1JTkGx3JJRcocO67TkcnDdc736
TI2P/ED+KefJd+SJkuJzCIZ960lFd2+RCTXJhIIy9VWS60quR44vT86QYrlFpXKHBlKf1Bj5T7lA
eR+YLtNSLxOJyC0slpM/VDJGnpGHJU0e7u4JxLH6dkOA6AEAMIgl5tFmSGZ7AAgAAAapWH2Var57
qYqvukfesond7tu08u74eP5Wjr8gMUHXHTqsV9d1Sw+RdEj8525+x5rmejX/eWmvzi1JDb9eqGG3
rUgKIT2dTJyS48RDjcb2aPfQ+r93+Z5pqNr/gh4AAIPYgJ4E7DsqvjoGDwIDMBiF31urfdefqcaH
v69YfeqHtoTf+acaV9zR7dCWA12jL4IvP6FYze5eHxd6bZWC/3yyT9eUJBMOyoSDfTo2umtTt9eO
1e7Zfx0CAIDBqLXN3NYTmykZXgb0kP0PouFhYAAGo2hYDQ8u0t4vT1b98m8o+Mqf4kNmWhvBTSvv
lmluUNPT9x3gRJ2F1v9dVTdUqPHh78tEQj06xjTVqWnl3apffnOvr9cm+K+/9PoYE2xSy6oHVXX9
mapeeJHCG9b0+hxNK+/u9v1o+0DDKkAABp14W9n7vhMy3gOQ0SFAkpQ/5Tw1tHtgDAAMRqa5QU0r
71HTynsS2zyjxiu6e7MkqeGX31SsZpeGnPUZecdN7LJnNFZfpci2txVa+4yanrw3fuyDixRc+4yG
zr5Rvkmnyenw5F7T3KDI5tcVfOUpNVf+tk93/tvLP/3i+HkbaxWr3SPPmCNTfGCjWPVOhTe/rtCa
v6rlb79XrH7/EJ2qG8+S/4SzlV9xqXxHnhifMN3FGv+x+n1qfuZXanrqZ93WK7ZnW/xmkuNwUwnA
oJV/8syMX8PZsnmzGVd2EOM7DyCy6TXtu+6MjJ0fAAYab9lE+cs/LN/RUxV+b62iuzYp1lCt6La3
u50EK8VX+8mfdrG8449VcN2ziu7a1O3ymr3lP+UCBa57QHIcBdf8RTWLZst3zFTlHX+WHK9P0R3v
KtZQrfCGtUkPHTsQt3iEfEeeKKeoVN7DjpY7ZGj8icLb3on3FvRwydIhH75c0d2bFdn0WlLgAIDB
YvjiF+I3ijJg65YtGldWlvkAIEl7vzw5fhes7c4NAKDf8Y55v4Yt/KPcYfFJxg0PfkeND38vx7UC
AAu0tpE9I8s04p7MjZxpCwAZnQPQxj/lo60/0fgHgP7IN/FUBW5bkWj8m3CLWip/k+NaAYBd/Kde
lJXrZCcAnHx+/Afa/wDQJc8hh8sZMjR524jDNOybfzjgUqOSVHjR1YmHcbWXd+zpcgtTr9Pvm3iq
Sr56r4Z98w9JDzYLvvKnAw5HAgCkSesImfwp52XlchmfBCxJeZNOl3fcREW2vqnEI84AAAmeUWUa
dvPvFd2zVTXfvVQm3CK3qFQlN/xKviPKFbjpIdV895OKbHkz5fFDL1ugwlnz5D/5fFUvmi3TVCdJ
8h52tIZ98w+SpGjVDpmmutanEw+RO/xQuUXDO53LNNWp4dcLM/dhAQD7tQ7/8R5+vHwTT83KJbPS
AyDHUdGVbeNIafwDQHueEYcpcPPv5BlzpPImn6XATb+VZ9R4BW57VL4jyuP7jCpT4KYHO/UQSFLh
7BtVeNE1kiTf0ado2K2PyC0eIUnyHlEev7Pk8cozcpy844+V76gp8k44LmXjX9GI6pfdpOjOjZn7
wACA/Vrv/hd/4YdZu2R2AoCkvGPPkP/Ec1pfsXwbALQpvvqn8h52TOJ13uSz5D/5PDnevKT9Qm/8
Q6a5IWnbkLM+raGX3Ji0wILvqCkqvPg6SVLL8w+p9idfVqyx5oD1MJGQGn7zLTU/x9h/AMiK1iWN
/SefL9/7P5i1y2YtAEhS0RX/K7mu6AUAgP0af/+9pCUtgy8+rqaV96hm0cUKv/uqJCn05guq//nX
Oh0bXPusIpteT9oW2fpW0uo9Lc8/pOpbzlXotee7rEN0xwbVLv6sGh+782A/DgCgpxxHcl0VXX57
Vi/rufbaaxeUlJRk5WJuUali1bsU2bCGJUEBoFV092aF3/yH8iZ/SJH31qn2jjlSNCLTXK+Wv/1e
8vjU8IvrOt39lyTT0qDgS39U3tEnyzPiMEX3blPt/35S0X3/TdovVrdPLat+q+jOjfIERsnx5ilW
tUPht19W8xP3qvburyq69a1sfWQAQGtbuGDG55V/5iVZuWRdba1KSkqy8xyA9kxDjfb8zySZYFPW
rgkAA4FnVJli9VUpG/oH4vjyVTR3kZr+slyRTa9loHYAgHRzhhRp5L2vyelipbZ0y+pzANpzhgZU
8tV7s31ZAOj3oru39KnxL8XX7a/7+ddp/APAAFIy7xdZa/y3l/UAIEn+qRdq6KW35uLSAAAAQM4N
vWyB/Cedm5Nr5yQASFLhxdcp//RP5OryAAAAQE7kn/4JFc6al7Pr5ywASFLJV++V76gpuawCAAAA
kDW+o6bkfDh8TgOAPF4Nu/n38oyeIEkyhucDAAAAYHBpa+J6Dj1Cw27+veTx5rQ+uQ0Aik8KHnbL
w3IKS+Q4TuszwggCAAAAGOiMjIwcR3KGDtOwmx+WMzT7k347ynkAkCTPmCM14gd/k3fs+1ufEcbz
AQAAADDQOXLkyDv2/Rrx/VXyHHpEriskqZ8EAElyR5ap9P8qlfeBilxXBQAAAEiLvBPPVun/Vcod
mb3nbh1IvwkAkuTkF2rYbStUcMFVua4KAAAAcFAKLrhKw77xOzn5hbmuSpJ+FQAkSa6rojm3q+Sa
n0uuJ77NMCgIAAAA/Zej+Ih/SXK8PpVc83MVzbldcvpfK7b/BYBW+WfMVum3n4pPlHD2f6EAAABA
f2Nk4iP+hwZUuujPyj9jdq6r1KV+GwAkyXf0yRr5kzUquPCrki8/vtG0hgGWDAUAAEDOxNujiZvU
vnwVXHS1Rv5kjbzvOyG3VTsAZ8vmzWZcWf+ZlNCVWPVONTz8fTX/9X4pGpG0P2nJiDFCAAAAyCwj
yTGt/9/a+PR4VXD2XBXOvlFuychc1u6Atm7ZonFlZQMnALSJ7d2qhoe+q+ZVv5ViMUnxzgBH8X8H
+gUAAACQbm1tzMQ9Z9fVkOmXaugnb5I7YlyOatU7AzYAtDF1+9Ty8h8VfPXPCq59RgoH49tbHyTm
SjLO/n8kY9oCAl0FAAAAaBNvHba1FeNb2jhJ2+XLl7/8Q/KfdI7yT75ATvHwrNf2YAz4AJAkElLw
35UK/vNJBV99WrGqHbmuEQAAAAYBt3SM/B88V/4PflT+4yskb16uq9RnbQHAm+uKpIU3T/4Tz5H/
xHMkxXsHonu2xMvuLYru2dpa4j+bprocVxgAAAD9gVNQIs/IcfEyqmz/zyPHyzNy3IC7y98TgyMA
dOAUD5e3eHi/n4ENAAAAZFu/XgYUAAAAQHoRAAAAAACLEAAAAAAAixAAAAAAAIsQAAAAAACLEAAA
AAAAixAAAAAAAIsQAAAAAACLEAAAAAAAixAAAAAAAIsQAAAAAACLEAAAAAAAixAAAAAAAIsQAAAA
AACLEAAAAAAAixAAAAAAAIsQAAAAAACLEAAAAAAAixAAAAAAAIsQAAAAAACLEAAAAAAAixAAAAAA
AIsQAAAAAACLEAAAAAAAixAAAAAAAIsQAAAAAACLEAAAAAAAixAAAAAAAIsQAAAAAACLEAAAAAAA
ixAAAAAAAIsQAAAAAACLEAAAAAAAixAAAAAAAIsQAAAAAACLEAAAAAAAixAAAAAAAIsQAAAAAACL
EAAAAAAAixAAAAAAAIsQAAAAAACLEAAAAAAAixAAAAAAAIsQAAAAAACLeHNdgXSri0gvVkX03+aY
dgZj2tFitLMlph0tMe0Ixn9ujOa6lgAAAOgPCj3SofmuxuS7Gu13dGi+q0PzHR2S72psvqtTSr0q
HmQt5kHxcV6vi+nJXWE9sTOsf1RFFDG5rhEAAAAGgsao9G5jTO82xlK+73Ok04d7dd5on84/xKeJ
RQN/AM2ADADNUemZPeFEo39LMy1+AAAApF/YSM/tjei5vRFdv75ZEwrcRBg4a4RXQzy5rmHvDagA
EDbSnRuCuv3tFtWEafQDAAAguzY1xXT3xqDu3hjUMJ+j+cfk6ytH+OV1cl2znhswfRgrtoc18a91
uu71Zhr/AAAAyLnqsNG815p17DN1enxnONfV6bF+HwBer4tp6qp6XfxyozZ0MTYLAAAAyJV3GmK6
6MVGVfytQevr+397tV8HgO/9J6jJz9bppWqW7QEAAED/tmpfRJOfqdOdG4K5rkq3+mUACMaki19q
1I3rm9X/MxQAAAAQF5V0zWvNuuyVJoX6aUO23wWAHS1Gp1TWa8WOgTOOCgAAAGjv19tCOv35eu0O
9r+5q/0qALxaE9XkZ+u0ro4hPwAAABjY/lkT1QnP1emf/Ww4e78JAL/cGtJpq+q1J9T/UhIAAADQ
F9tbjE5/vl6/3hrKdVUS+kUAuO3NFl3+apNo+wMAAGCwCRnpslebdOsbLbmuiqR+EACWbQ7p9rf7
x5cBAAAAZMqid1r0i8257wnIaQBYtTeiz69pymUVAAAAgKz54pomra7K7ZyAnAWATU0xXfhig/rX
lAgAAAAgc6KSLnihQRubcrdGaE4CQF1EOmd1g+oiubg6AAAAkDvVYaMZ/2hQQ47awlkPAFEjXfhC
g/7T2E+fjAAAAABk2DsNMX3i5YacPPQ26wFg3mvNWrWPW/8AAACw29O7I7ruteasXzerAeDv+yL6
yXvBbF4SAAAA6LcWbwjq5Sw/KCyrAeDaHCQcAAAAoD+7/vXstpGzFgCe3BXRKzWs+QMAAAC09/y+
iP66J3tD5LMWAG5az3r/AAAAQCq3vJG9XoCsBIBHtof1Wh2r/gAAAACpvFwd1R93hrNyrYwHgJiy
m2gAAACAgeiGLM0FyHgAeH5vRG83cPcfAAAA6M5bDTGtrsr8nNmMB4BsdWUAAOw0731+rf9wkarP
L9HbHynW/GPyc10lAOizP+4IZfwa3kxfYMV2AgCAzPry4X7dcrQ/aduY/Pj9je0tve+B/OQ/m/R3
Hlg4IHzxcL8Wf2BI4nXA52jBMflyJC14qyV3FQOAPnp8R1jfPXbIgXc8CBkNAG83xLSpieE/ADKr
yLu/wd9RV9u748/6M9LRV58c60u5/RNjfQQAAAPSmw0xbWyK6fCCzP0xyuifuT/u4O4/ACBzXKeL
7dmtBgCk1R8yPIImswGA8f8AgAx6rIsbTX/cyRAuAANXptvQGRsCVBeRVjOGFkCOtURNr4+J9f4Q
5MgP3w1qqNfRZ8vydEi+q72hmB7aFtatb7L8NICB6/m9EdWGjUp8XXRzHqSMBYBXayLK/CJGANC1
DY0xHfmXulxXAxn2rbda9C3G+wMYRKKS1tZGNX1EZprqGRsCtKMPK28AAAAAkLa3ZK47OmM9ANub
6UMHMLBNG+5VaYfu15aY0V92x4c3Ds9zdOX4PE0s8sjvxldu6O5O9JGFrj4yyqdji1wFfI78rqOq
sNHuYEzP7omocu+Bh01+aKRXhZ7kOlWHTdKypZNLPPrYoT6NG+KqyOuoNmL0Wl1UK7aHta25bzdn
PjrapzOGezQiz1VpnqNgzOi/zUb/rInojzvDaulDl286vo+jhro6eqin0/atzTGtre2+Uj5X+tAI
r04f7tWYfFfFPkdNUaO9QaNNTTE9uqPv3xcAHKxM3kzPWADYEeSXJoCB7QfH5mtqafKvyeqwUekT
tfp/4/K05ANDVJq3vzG+vSV1APj4GJ+ueZ9f00q98nQxnPO2o+ON1p9uCmnR212HiPtOKNCEDkvD
ra+P6rhn6nVSwKPvHzdEFSO8SnWZRRPz9bNNIX29h4+az/dINx+VryvH5+nQLpdT9WtP0Oi+zUF9
860WhXvwqz+d38dl4/J029GdH/z1y60hXf5qU8pjfK70zaPzNacsT+OGdN0RfsdxQ/RydUSL3gnq
qV0sagEgu/ryHJueymAPAAEAwOBT5HV0yViflp5YIG+HxmvHycM+V1p6QoE+My4vZYO8o3FDXN0+
MV8fP9SnmS829vjuT7HX0cfH+HT/iQUa2rFS7Qz1OvrakX6N9DtdNo7bTCry6PcnF2hSUee76x2N
9Du66ah8nT3Kp7n/atLrdanvvGfr++jOkYWuHjmlUMcXH/hz+dx4L9DKqV7dvzWkz/6r++8MANIp
kz0AGZwDwBAgAIOP15F+Vt658S9JHRccevjkQl3Ww8ZueycGPHr0lEIVdHV7vINxQ1w9cFL3jf/2
LhuXp08fltfl+5OKPHrqtMIeNf7bOyng0UNTCjQ8L3U9svV9dGWYz9HKU4f2qPHfnutIV5TlaemJ
BQd1fQDojUzOAchYAMhktwUA5FJXy7K1DwDXvM+vCw9J/ZTamrDRC1URvVQdVX0k9S/4U4Z5dOvR
/h7XqeO8gO44kv7n8K4DwD3lQ1TWzdCY7kwq8uin5Z0bytn+PlJZNClfRw/t/LlCMenZPREt3RzS
w9vDXd51u6IsT5/qJjgBQDoNyDkAO5kDACDHRvodfTDQ87u9jVHpzfrez2Y1ijeq2//W+8KE1A3F
R7aH9bk1TaoNxxu6o/2OHpxSqIoUS719cmyebn6j58tbvlIT1T0bg3q5OiqfI00f4dXXjvSnHOd+
csCjAk980mt7Xz7crzOHd65LzEj3bw1p2eaQNjbF9IFij756RJ4+Orpzo37WoT5NGebRP6v3f5e5
+D46unhM5zo0RIw+8XKjnt69f8LxMJ+jR08pTLn83pXj8/TgtlCf6wAAPTUgAwAP0gGQa8VeR/+s
KOrx/v+sjurkVfU92vfdxph+ujGoP+2O6O2GqAo8jsa0TpQd7XdSDp+pDZukxq4k7QoaXfGvJr31
kWL5O7TTjyh0dWShq3cbD/xH4KXqqM74W33SJNw1tVGtroroH2cWdRqylO9xdMZwT1LDV5KuGJ+6
of7d/7TolnaN723NMT31/9m77/C4qjv/45+ZURn13ot7r7hblukGQnGWkoUQakI6IdksCQkkYfcX
kiWwSxJIYAOB0BLY0EJNMCW2ccG94V4lWb33PvP7Q8hYmjuyJM+dGfm+X8/DE/vO6J7DkGd0Puee
8z3lnXp1YZSuzOgbAhw26bqsMG2q7dlsHIjPo78ZsQ6lhns+JVlR0eXxGdR2unXnJ62G/9+ZFTe0
5UMAMFzDOMdy0EwLAGnhdh1p4SkAgDNPa7dbi1Y1qrrjs2/nepdb9Z09M96hdpseONju8XOV7a4+
g91ex1pcOtzcbThInhDtGNSA9weftBpW4NlU262d9d2aY/AkJKvfk4EZsQ7NNXhfbadb/+GlvOm9
e9v0+fRQ2fuNrWeeNFAOxOfRX7yXZVtOL+P5zXXderKgQ2H9QoiXFUoA4HPpXquvnT7zAoDTpiMU
TABwBrr/YHufwX9/x1tdumv34Ept9mr2UvI+epDf0lUD9Ke83SXJc6Qb1++xwPkpxuVD11V3eS3v
uauhW2XtrhNPP3oln7QROBCfR3/7mrrV5ZbHk5BlKaG6e6JTDx7yLGF62zZ+iQEInHSDp5a+YloA
SA+3q+cgYwA4s+w6xQFT3kyPdWhBgkPjouyKdtgUFWI7UQd/foLxVLQvvv47vAze+89uT/dSHedU
B2pNeK/Ro57/YB5d+/PzqGzvOSyt/96CUHvP5uBvjw3TqqqejcgrKrqGtRcEAHwprf9gE0dJAAAg
AElEQVQ6SB8ycQmQeakFAAbr5BNyT2Vvo++XLWY47bprQrguSw/V+Cjzvsx9of+px71qDJbpnKz/
RuKBBPLzuHtPm1bkRRmWS8102vXF7DB9MbtnU3dBi0urq7v0l6IOjz0CAOAPI3QJUHD/ogNw5jvc
7NLSj5oC1v4NOWH69YyIPsthglmMl3ME6k4RAAYr0J/H+pou3bClRX88K3LAPtgkjY60a3RkmG7K
CdPHNV362b42vUcQAOBH6U7zvitNG6XzBACAlX0xO0xPDjDQbO12q7TNpaLWnn+Cgbde+OIXRbB8
Hq+Xdmr+ykY9X9Qx6CcXixJD9OaiaH1jzOmdQwAAQ5E+MpcA8QQAgDXFhNj04HSnxxp7qac05y/3
t+mt8k61nbTMfOM5MV7XvfuLt0O4Ek5zxj7YPo9jLS7duKVFP9pt19VZobogJUR5iSEDPhUIt0uP
zIxQcatLb5Z1mtIvADhZmolPAEwLAIsSTbs1AAS167JDlWWwDHJ/k0vnrWkyLH0ZDCq9HODobW/A
YAXr51Hc5tLDh9v18OGeEqXnJodoWWqIlqeHGm6IDrFJ3x8fTgAA4Bfz480bS5t250ynTTNjHdrZ
QCUFANaS52UC5MXjHV4Hu+FBcL7UNi/VfqYY1OM/2TNzI5XSb/b8SLNLt+/sKf0ZDJ9HUpjN46yC
Dpf6tL+yqksrq7p0z5423T3RqfumOj2qDhmdpwAAvjYnzqGMkfgEQJKWZ4QSAABYTpKXpSQV7d5n
umd6KcHpT+9XdBnWyj87OURxoTbDwXpuhF3XZoV5nNq7+qTqS8HweWw5N0ajIvt28lCzSxPeazB8
/y8PtOlLOaEeh5HFhtjkdKjPciUA8LXl/U5Y9zVTF+ovTze38wAQjLytpc9PMh7UfndccGwuPdri
0qoqz0o3CaE2PTorwvBn/nt6hMfgX5J2nvQ0IRg+j8MGpwePjbRrWar3ebCo/ocbSGrqcjP4B2A6
swOAqU8A5ic4lBxmG/CESgA40xxoMl5Lf21WmKo73HrsaIeqO1yanxCiW3LDdFWm9y/68P7rVkz2
6NF2wxOBr88OU26EXa+WdKq03a2cCJu+kBlmuFG3yy09U9hx4u/B8Hm8Wtqp81P6/sqz26Sn50Tq
9h2teq30s3X9MSE2/XpGhMcTA0naMcxD4ABgsDLCbTorztynwqbv1L0qM1SPH+s49RsB4AzxZEGH
7hwf7nHglN0m3T42XLePHfwMd+xpbsAdqldLOvV/xzt0XXaYx2v5SSHKTzr1r43nijq0ue6zgXIw
fB6/P9Ku20aFaXa/X6qZTrteXRil460uFbe5FWaXxkfZDc9EcEt6ooDfZwDMdWWm5/evr5leq5Nl
QACs5nirSw8davfJvUZF+L+k8h27WrWhdngz3R9Wdunr21v6XAuWz+PWrS0qaTN+GpEdYdfCBIfO
inN4PRDt+aKOPk82AMAMZi//kfwQAC5JC9UYg8eoAHAmu3dfm353pF2uQayAPNbi0m8OGw+QA3E2
QGW7W59b16Q3yjo12AWcLnfPAPmajc3qNBhjB8Pnsb2+Wxeva9amIYabDpf0yJF23bSl5dRvBoDT
MDHargtTzC+lb/rI3GGTHpxuvHkMAM5k39nZqms39Qw4jQa+Ld1uPVvUobzVTXr8WIeM9srmJYYo
NwBPAWo73fr8x826dlOzVld3qc3Lqbld7p6KP1dvbNaNW1pUO0BN/2D4PD5p6NaCVY36zs5Wba3r
1kCHAVd3uPXC8Q6du6ZJd3xa0hQAzPTAtAgZ1B/wOVthQYE7JzfX9Ibmr2zssyYUAKxkaoxDixId
ynDa5XZLha0uvV3WOeCAOZikhNv098XRmtuvDn7Ouw063mq8rGYgwfJ55EbYtSQpRKMj7YpwSO0u
qabDrW313fq4xrMiEgCYJS/RobVnx5jaRlFhoXJyc83fBNzr1zMitPSjJn81BwBBZU9jt/Y0jtxJ
kMp2t8dyIJdb+tvCKP32cLueKxra2vhg+TwKW10qPM66fgCB98jMSL+15bfnyvlJIbqCDcEAMGKF
23vWw/ey26S58Q49MzdS3xoTHGcZAMBIdGVGqF9PGvfrwtIHp0f4t0EAgM/M/LBR6X+v1xP9Sjvb
JH17rPll6wDgTOSQdP80/+6X9et4fFK0XbeO4pcEAIxUtZ1uPXrUs0JPlpPpHQAYjttGh2litH+/
Q/3+jf3QjEhNiOIXBQCMRAmhNt0zyelxvW6EbGYGgGAyOdquB6b7b+1/L7+PxGNDpBVLopUc5t/T
LQEAp+euCeGquDRO12R67ud6t4KKOQAwFGnhNr2fH6NYv5Xk+UxApuJHR9r197xohfMgAABGFKND
crfVd+vuPdTJB4DBirBL7y2JVpYzMBPiARuCz4t36M/zosRzAAAYGZr6Ve0sb3frt4fbdd6aJlV3
sAQIAAbDLunlhdGaEev/k957BeChw2euzgzVA9Mi9IPdzBwBQLDbUNOlX+xvU02nWzvqu/VBJct+
AGCoHpsdqUvTAjoED2wAkKQ7J4SrqsOlXx30rCoBAAgem+u6OdEdAE7DTyY59bXRga+IGRSr8O+f
FqGnzoo0XFsKAAAAjGQhNumpsyL18ymeVdQCISgCgCTdOipMq5bGKCGUFAAAAIAzQ1KYTauWxgTV
WVhBEwAkKS/Roa3nxWiynw9DAAAAAHxtcrRd286LVV5i4Db8Ggm6kfboSLs2nRurC1MCvj0BAAAA
GJZL00K06dxY5UQE3+qWoAsAkhT96WFhT8+JVGaA6qMCAAAAQ5XttOmZOZF6a3G0ooN0PjsoA4Ak
2STdnBumg8vidO9kpyKD68kJAAAAcEKUQ/qPyU4dvChON+WGBfVZV0EbAHpFfvphHloWpxtzgvvD
[...]
hhIdKmpQeKhDY7NjdM7cdFP6UVRuHHjOm5+h+qZOvb6yQPVNnZoyOk6XLMnW2XO892O4S4NWbynT
nMl9DwGz22z68Zdn6jd/2aOPtpaduB7pDNHt107xCAySPEITAARKYly4JuTGmtqG6WUjzp6TrjdX
F5ndDAB4tWxRluH10qoWbdtXPej7tHV0a8eBGuXNSvV4belZaX4LACu3lGnDrkotnOEZAmIiQ3Xl
eaP80o+3PyrSdReP9ZhRt9tsuur8Ubrq/MH3I8rL+Qan8to/C3T52Tkan9P3l2VyvFP3fWuOKmvb
VFnbptAQu7JSIxVp0I7bLb3F7ykAQWKgyRJfMW0TcC+zH2EAwEAinSFaMC3Z8LUtewY/+O/lrVJM
dlqU4ay8WX77wm6VVbX6rT0jlbVt+uuKIz65l9Gs/GD911M7VVXXZvhaSoJTU8fGa0JurOHgX5Le
+7hY/1h3fNjtA4AvLTGYZPI10wPAgukpASlPBwCSdElelqIjQw1fW7ll8Mt/en2wscTr2vdL8oyf
NJihuKJF9/x+i9dlOCfr7HLpg40lpvTjqdcP6tUPC+TyckDZycqqWvXSe0cNX5syZvhVeA4VNejO
X2/SvmPGFZK86exy6ZUPjukXT+4YdtsA4EvZaVGaO9V40sqXTA8ADrtN3/zCFLObAQBD58w1rv1f
XtOqTbuNN4kOpKWtSzsP1hq+tmB6itdZZjMcKmrQ136+Vq9+WKDahnaP193ungO5fvL7Lfp4Z6Xh
PXpP6D0dv/3Lbv3n/27TvmP1hkGgraNb764r1rf+a53eXF2kbpfne6aNS1Ba4vAni44WN+rr963V
b/+yWwcK6uUyaKNXQ1OHPthYou8+uEEPv7Bn2G0CgK9985rJcnipWOdLtsKCAndObq7pDX3t52u1
30v9agDA6Qlx2LRgesqn69xDVdfYrn3H6rX/01nxL31unL529SSPn9uwq1I//O0mn/VjdGa0po6N
V1KcU265VVHdpvU7K9TY4t9iEGmJEZo+PkEZyREKC3Oos9OlhuYOHSxsGHTZVwDwp2nj4vXoj/NM
baOosFA5ubnmbwLudft1U/WdX633V3MAYAkpCU5V1rapq9s94Em2syclGl4vqWrxaX+OlTTpWEmT
T+85HOU1rSrfGNg9EgAwFN+7frrf2jJ9CVCvmRMSDCtnAACGJ29Wqv70n0t1wYLMAd+XPzvN65rS
7ftrzOgaAGAIlp6VpomjzC39eTK/BQBJ+uYXpshm/rImADjjpSQ49f0bpismMlQ/uW2Wfva12R4n
FcdEhuqGy8bpnttmGa4pLatq1cohnIMAAPA9u036+jWT/dqm/3arScpNj9KlS3L09hrqLQPA6fjR
rTOVkuCUJNntNl2wIFMXLMhUVW2b6po6FBbqUGqCU06DU297/fnvh/3VXQCAF5efnauctCi/tunX
ACBJ3752inYcqNbxCt+uOwUAq0hJcGp0ZrTha8kJTiV/GgwG8s6a43pjVaGvuwYAGILc9Ch9w8+z
/5KflwBJUlREiP77+wsVF21clxsAMLDK2jb99NGtKiwb+mZbl8utVz44pl89vdOEngEABishNkwP
/ftCRUX4fT7e/wFAkjKSI/TA9xYoNCQgzQPAiLfnSJ2+ft86Pf/OYa+n4J7M5XJr+/4a3fXbzdS+
B4AACwu166HvLzyxlNPf/HYOgJFVW8r0s8e2BqRtADiT5M9O05wpScpJi1JMVKjsdpva2rtVVdem
w0WNWrujPCjKcwKA1dls0v13zNeiGSl+b7v3HICABgBJevHdI3rspX0Bax8AAADwl3+/cbqWnxOY
sXdvAAj4GpzrLh6r6y8ZG+huAAAAAKa68fLxARv8n8z/uw4MfP2aycpJj9Z/P00tLBwAACAASURB
VLtL3S53oLsDAAAA+IzDbtOdN83QpfnZge6KpCAJAJJ0aX62ctOjdNfDm9TU0hXo7gAAAACnLTYq
VP/1nXmaPj4h0F05IeBLgE42fXyC/vizpcpN9+9hCAAAAICv5aZH6cl7lwbV4F8KsgAg9ZQIffyn
+Zo7JSnQXQEAAACGZdGMFD3+03ylJgam1OdAgmYJ0Mkiwh36n+8v1Lvrj+vxV/arur490F0CAAAA
TiklwamvXjlJFy3Oks0W6N4YC8oAIPXUSL0kL1vnzsvQC38/ohfePaz2DleguwUAAAB4cIY59MVL
xur6z41TWGjQLbLpI+DnAAxWdX27/vflfVqxvjjQXQEAAABOuDgvS9+4ZrISY8MD3ZUBBc1BYEO1
v6BeD7+wR58cqg10VwAAAGBhU8bE64e3zNDYrJhAd2VQRmwA6HWkuFHrdlRo7fZy7T1aJzfHBwAA
AMBENps0dUy88manacnsNI3JjA50l4akNwAE7R6AUxmbFaOxWTG64dJxqm/q0NrtFVq7o1ybd1ep
raM70N0DAADAGcAZ5tD8acnKm5WmJbNTFRcdFugunbYRGwBOFhcdpkvzs3VpfrZcbqmqtk3lNa0q
r25VRU2ryqp7/9ymsupWtbRx0BgAAACkqIgQpSVGKC3p038SnUpNjFD6p39PinfKHqTVfIbrjAgA
J7PbpNREp1ITnZoRZIcuAAAAAIEW3DWKAAAAAPgUAQAAAACwEAIAAAAAYCEEAAAAAMBCCAAAAACA
hRAAAAAAAAshAAAAAAAWQgAAAAAALIQAAAAAAFgIAQAAAACwEAIAAAAAYCEEAAAAAMBCCAAAAACA
hRAAAAAAAAshAAAAAAAWQgAAAAAALIQAAAAAAFgIAQAAAACwEAIAAAAAYCEEAAAAAMBCCAAAAACA
hRAAAAAAAAshAAAAAAAWQgAAAAAALIQAAAAAAFgIAQAAAACwEAIAAAAAYCEEAAAAAMBCCAAAAACA
hRAAAAAAAAshAAAAAAAWQgAAAAAALIQAAAAAAFgIAQAAAACwEAIAAAAAYCEEAAAAAMBCCAAAAACA
hRAAAAAAAAshAAAAAAAWQgAAAAAALIQAAAAAAFgIAQAAAACwEAIAAAAAYCEhge6ArzW0d+nj4loV
N7aprKldpU3tKmtuV2lTm0obe/7c3Nkd6G4CAAAgCESFOpQRHa7MGKfSosKVER2ujGin0qPDlRXj
1MLMeMWGn1lD5jPi3+aTyka9c6hCbx+q0LqiWnW53YHuEgAAAEaA5s5uHapt0aHaFsPXQ+025eck
6tLxqbpsfKqmJEf7uYe+ZyssKHDn5OYGuh9D0trl0gdHqz4d9JersKEt0F0CAACABYyOizgRBs4b
nayIkJGzor6osFA5ubkjKwB0utx6eONR3bfmoOrauwLdHQAAAFhYgjNU9y6doG/PG60Quy3Q3Tml
3gAwYiLLq/vKNOWxlbrzg70M/gEAABBwtW2d+t57ezTtD6v0xoHyQHdn0IJ+D8AnlY267a2d2lBS
F+iuAAAAAB4O1DTr8y9t1jm5ifr9JdM1LSUm0F0aUFA/AXhg/WHNenw1g38AAAAEvVWFNZr1xGo9
vOlYoLsyoKAMAO3dLl398hbd9eE+uQLdGQAAAGCQut3Sd1fs1g2vb1dHd3COZIMuAJQ2tWvhU2v0
6v6yQHcFAAAAGJY/f1Ks/GfWqaK5I9Bd8RBUAWBLab1mPbFaOyoaA90VAAAA4LRsKq3XWX9crU1B
tpw9aALAc7uKlff0WlW2BF9KAgAAAIajpKld+c+s058/KQ50V04IigDw01X7ddMb29Xh4gRfAAAA
nFk6XG7d8Pp2/WTl/kB3RVIQBIA/7SjSfWsOBbobAAAAgKl+sfaQ/ri9KNDdCGwAWFVYo6++vTOQ
XQAAAAD85hvv7NTaotqA9iFgAeBYfauW/98mdbPqBwAAABbR7Zau+OsmHa1rCVgfAhIAGtq7dNGf
P1ZDR1cgmgcAAAACpratU5e8sFFNHd0Bad/vAaDb7dbyv27SwdrApR4AAAAgkA7UNOuaV7YoEDVw
/B4Avrdij1YV1vi7WQAAACCovHukUne+v8fv7fo1AKwpqtHvNh/zZ5MAAABA0Pr1xqPa6OeDwvwa
AP7tPf8nHAAAACCY/eCDvX5tz28B4J1DFdpcWu+v5gAAAIARYXVhjd4/WuW39vwWAH704T5/NQUA
AACMKPf48ZRgvwSAV/aVaVdloz+aAgAAAEacjSV1evNguV/aMj0AuNzSPf9k9h8AAAAYyA/9tBcg
xOwGVhdWa39Ns9nNAACCSFx4iOZlxCsi1K5VBTVqNDj48bbZOUqLCld9e5eKGlr1+gH/zHz19/mJ
abp8QprH9Y+La/Xk9qIA9AiAVe2rbtbaolotyUkwtR3TA4C/HmUAAILDj/PG698XjVFSRJikntPf
/7q3VA9tOKK9VU2SJGeIXffkT9DouAhJ0tay+oAFgLkZcbptdo7H9XCHnQAAwO/ePFg+8gPAq/vK
zG4CAPr41txRumfJ+BN/z4xxnvhzSWPbkO+3vrhO17yyxSd9O9P9NH+C/t85E/tciw0P0W2zc3Tj
jCytKqjWkboWzc+IPzH4l3pOxAQASG8cKNf95082tQ1TA8D+6mYdq281swkA8BATFtJn0H8yb9cH
khwZerpdsoQx8ZH64eKxXl8Pd9h10dgUj+tuSc/tKjaxZwAwcuytbtLRuhaNiY80rQ1TNwGz/AcA
rOOG6VmKDvtsXml3ZaMe/PiInv+kWHVtnV5/7vldxXrnUIU/uggAI8Lf9ps7hjb1CQABAACsY2pK
9Ik/t3Z169IXN6mwoecpcFaMUz9cPE43TM9SYkTPE5Wmji79acdx3bFid0D6CwDB6s2D5fq3hWNM
u79pAaChvUtri2rMuj0ADEtbl2vIP9M+jJ+xot9vLtB7R6oUHeZQt9t9YvAvScWNbfruit268/09
WpiVIJuk7eUNhtWBAMDqVhdWq769S3Hh5gzVTQsAW8rq1e026+4AMHSHa1s0/tF/BrobZ6w1RTVa
c4qJn06X+5TvAQCr63b3TJKck5toyv1N2wNQOoxKGwAAAACGV7VusEx7AlDS1G7WrQEgqITabTp/
dLLycxKVGROu2LAQtXR1q6qlQ8fqW/Xa/jIdbzj1F3l+TqISnH0rDjV2dGllQbWknsO1bpiRpanJ
MUqODFNDe5eON7TqlX1l+qSycVh9H58QpQvHJGtaSrTinaEKd9hV09qpipZ2fXis+kTbAzl/dJKi
Qvv+Oqlt6+wz0z8rLVZXTkpXTqxTMWEhqm/v0q6KBr06yM/GyIzUGC2fkKaMaKeSI0PV0e1WZUu7
Dta06KW9papu7RjWfQEgGJQ2jcAAYGanASAYhNpt+tnSibp5ZpZyYiO8vu9/LpyqjSV1+sWag/r7
4Uqv73vowimanxnf59rxhjblPPKBfpw3Xj9cPFbxTs+SpD9bOkErC2r0vfd2a1fF4ILAVZPT9d35
Y7QkJ0EOm83wPT/Nn6Cihlb9YWuhfrH2kNd7PXn5rD41/aWeCkDTH1+tuRlxevCCKTp3VJKMWvnF
uZP0+LZC/fv7ewfVb0m6cUaW7lw0VjNSYw3vKUkPLZuiD49V697VB7SltH7Q9waAYFHSaN5kumlL
gMzsNAAE2viEKG3+Sr5+kj9+wMG/1BMUlmQn6K1r5+upy2cOqZ2kyFD96YpZ+uV5kwwH/5Jkt9l0
/ugkfXRTni4Z51lnv39fnvv8bL189VydnZvodfDfKyc2QvedO0lbvpKvjOjwQfc7NjxEV01O18ob
Fuk8L4N/SYoOC9H3F47Vs8tnn/KeCc5QvXPdAj27fLZmDjD4l6SIEIcuG5+qtTfn6T/OnjjAOwEg
OJk5mW7eHgCeAAA4QyU4Q/XWtfM1MzV2SD9nt9l066ycIYWAiBCHbpmZPaj3xoWH6PnPz9b0lBiv
73n56rm6YXrWgINnI3PS4/TaNfMUGeoY1PtzYiP07PLZfc4FGMgNM7J0/bRMr68nOEP13vUL9blT
BJz+wh123bt0gh6+aNqQfg4AAs3M5fQmPgEgAAA4M/3i3EmalBTlcb2j26UPj1XrqR1FenlvqUq9
fHnfOitH1031Ptg9HUkRYXrggimGr313wRgtn5hm+FpdW6fWF9dqQ3Gd19KcC7Pi9ZP88YPuS9Qg
w4Ik2SR9fc4or68/+rnpmpsRN+j79Xf7/NG6eZBBCgCCgZkFdUzbA1DWzBIgAMFlXEKkPrpp8aDf
v7GkznBt+tWTMzyuNXV06ZpXturdI5+t8U9whuq1L8zVOblJHu+/7awcvbinZNB92VnRoMe2FOrj
4lq5JV0wOln/vnCMMmOcHu+9ZFyK8nMSPcptfu2sXMN7v7KvTF95a4fq23sG/mlR4XrxyrN07ijP
fl87NVN3/3P/oPu9ubRej20p0MaSOoU6bDonN0nfXzjGcNnUgsx4RYY61NLZ3ef6v0xK17VeAtPm
0nr9ZuNRrS2qUZwzVJeNT9X3FoxRSmRYn/fZJP3q/Ml6dV8ZZw8AGBG8TSL5gmkBwMUZAACCUH7O
4GsqtxocADYjNUapUWEe11ccqeoz+Jd6KuHc+f5ebfpyvsf7Zw1h+VBtW6cWP72uz8B4R3mDVhyp
1KobF584WbeXTdIN07P6BIC0qHBNTY5Wf/XtXX0G/5JU3tyuW9/coX3fPFfhjr4PisfGR2p8QpQO
1Tafst8biuu09Nl16jzpF8K2sgatPV6rdTfnKcTedyGSM8SupTmJHp/j7fNGGS5ZWlNUo2V/2fDZ
4W71rdpR3qB3DlXowxsWeVRUSosK17fmjtKv1h8+Zd8BINC63eYNpk0LAGlR4TpS12LW7QEgIOLD
jTfiOkOMV1RuLq3Xk9uLFNZvIN3lGvzpwr9ce8hjVlySPqls1B+2FejHeZ7LcvJzEvr8PdRh0wMG
A9/Klo4+g/9ex+pbdbi2xTA0TEiMHFQA+MEHe/sM/nttKqnTzooGzUn3XNKT1e+JRm5shOGTiI5u
l25/d7fhyc7byxv0m41H9Z8Gm3+vnpxOAAAwIqRHDb7wwlCZGADCCAAAzjj7qpvU5XJ7zF4vG5ui
u5eM14PrD3sMem97e+dptXm41vt36VPbj+tHeeM9ZsjHJUTJGWI/MUA+3tCmuz7cN6R2m70slRns
xt6qAerwlzcbvxbn7Hvvz41PMaxUtKGkTjvKG7ze/7EtBbp7yXiPJxgzUmMVExbCMiAAQS99CJXX
hsq0AJAe7bkuFQACzWhG2ut7uz1nlytbOrSmqMZjVjrUbtMvzp2kb88dpVWFNdpQUqcVRyq1t6rp
tPs8kEO1zSpvavf4ReEMsWtWWqw2FNcN+PPTU2K0IDNe4xIiFR0WoqhQhxyfhpv+ZxL0GmoFISMd
Bp+tJIXZ+w7Yz0oz3vg70OBf6vnvtL+6yaNSkzPErqW5iXrnUMUQegsA/pc2Up8AAEAwOVzbovGP
/vO073P3P/drxfULDGfCM2Oc+uK0TH1xWqbckgrqW7W6sFp/+aTEY227r9S0dRrOFCVFGH8PZ0SH
667F43TZhFSNT/CsZhRMkiKMl1yVDWJzXFFDm2Gp1qGcZwAAgWLmEwDTyoCamVoAIJDWF9fqhte3
q6rF+xIXqWemfHRchG6aka1/fHGB1t+yRMvGJPu8P7VtnYbX48M9A8oN07O086tn67sLxgT94F/q
OVDMSPkgKs01eVnm4y0YAUAwMXMPAAEAAIbh9QPlmv/UGj3/SbHhBl0ji7Li9ea18/WNAerdD4e3
03y7+612+uK0TD15+UwlRxoPgFu7ulXa1K6ihlYVNbT6tI/D5W3FVoj91L++bN4+F8rUARgBRuQe
AAIAgDPdsfpW3fj6dv0oxqmrJ6frgtHJystO8DrAlnpOpn3k4mkqbmzTmwfLfdKP/uUue538ZCAm
LEQPXjDFoxqR1FOa85frDumtg+V9qupsvHWJ130A/lLXbvx0YzDLTGO9bFYeaHMyAASLEbkHYFFW
YH9pAIC/FDe26eFNx/TwpmOSpHNHJWnZmGQtn5im6SkxHu8Psdv0/YVjfBYA+p8D0Ov4SbP4103L
9CixKUn7q5t13vPrDUuBBoNKL9WCBjMzNirO87AxSUHzdAMABmLmBIxpS4AyY5yamer5iw8ARrKk
iDClRPb9J67fOvWVBdW6Z+V+zXh8te5ZuV9GC06MauAPx1npsR6n3kpSTWun9pxUgSgvO8HjPZL0
4p4Sr4P/cC9nG/jTx8W1htfnnuLzGx0XoQmJnnscGtq79FFhjcFPAEDwmJMea2rBAtOeAEjS8olp
2lnRaGYTAOBXW76S7zGzfKi2WRMeXWn4/l+uPaQvTc/yOFArNjykT53+gZyTm6jX9pcZvnbb7FzD
63uq+n73equmUzHAZlqjCjr+9u6RKrV2dSsixNHn+tyMOJ2dm6jVXgbzd8wf43FWgyRtLasfUilY
AAiE5RPTTb2/qdM7yyekmXl7APA7o0O5xsZHDljdJyrU4XGtqaNrUIN/SfrugjGGJ/IuG5OsW2dl
G/7MPw73LTna2GG8UTk/J9Frm8GgurVDbx/0rNlvt9n06CXTlR3ruazp0vGp+sZc42D0zM7jPu8j
APia2WNoU58AzM+MV3JEqKpajTdxAYA/jUuI1P5vnjvkn9tWVq/rXtsmSXp1f6nOH933EDC7zaan
r5il29/d3WemPiYsRL9eNtVwLfqOIT4dXXXjYr24p0Q7KxrV3uXSwqx43TQjy2NmXOoJF0/3G+ge
qDY+kOzaqRmqbu3QY1sKVN3aqfmZcbplZo6umux99snfS4N+s/Golk9M89jAPC0lRh/fskR//qRY
uyoaTxzy9a9TMuU06OP+6maPzwUAgk1GdLjOSjf3CaypAUCSrpqcoce3FZrdDAAMykSDdeGnUnPS
JMbvNxfottm5mp3W98s5M8apV6+Zq+MNbSpubFOYw67xiZGKMahE45b0xBC/F5Mjw3T7vNGDeu9j
WwtV3NjW59qTO4p056KxHoeX2W023T5v9KDvLXmvzW+Wtcdr9ZuNR/XDxeM8XsuKcRpe76+926Xv
vPuJGd0DAJ+6cpK5y38kk5cAST37AADgTHLrmztU0m+A3Ss71qmFWfE6Kz3WcPAvSc/vKjZtKcrm
0nr9/KODHtePN7TpoQ1HfdLGqLhIn9xnKO76cJ9e2We8D+JUOl1u/ejDfXrvaJWPewUAvuePsbPp
AeCScSka46UUGwCMRNvLG3TxCxu1qaRuSD/X0e3SI5uO6aY3tg/p517YXTKojas7yht09ctb1Ojl
BNx7Vx/Q7zYfk8t96nsdq2/VbzYaB4b5Gb6pYDRU17yyRb/deFTt3YPbOyH1nBj85Td3eP13AYBg
MjExSheacGJ8f6YHAIfNpgcvnGp2MwDgV59UNmrBn9bqO+/u1tayenUPMKiubu3QC7tLdO5zH+uO
FbuH3NZLe0t11cubta2swbCkaFlTu/5nwxEtenqtCk9R4/477+7Wta9t06aSOsMg0NLZrWd3HVfe
02v1+LZCdRkEj7zsBOXGBmZi53vv7dGSZ9bplX1lqmrxfqDXkboWPbzpmKb9YbWe/6TYjz0EgOF7
4IIpXk939yVbYUGBOyfXuFqCL81/ao02l9ab3g4ABEJubISW5CRodFykIkLtau9yqaatU9vK6vVx
8eCeFHg7efeql7ec2Fw8LyNO8zLilRoVpob2Lh2ubdE/DlcMq7Tl1ORoLcpKUEZ0uNySCutb9fah
ij4nCAe7i8emaEx8pFIiw9Tlcqu8uV27KhuH/HQGAAItLztBa2/OM7WNosJC5eTmmr8JuNevl03V
0mfX+6s5APCrwoZWFe42/4TZzaX1PptM2VPV1OewsJHo3SOVp34TAIwAj1w8zW9t+a2WW35Ooq6Y
kOqv5gAAAIAR4cpJ6T47IX4w/FrM+cELpvq3QQAAACCIOWzS/edP9mubfh2PT0qK0q2zcvzZJAAA
ABC0bpudO6wzak6H3yfkH1o2VRMS/F9DGgAAAAgmk5Oi9MAFU/zert8DQGx4iFZ8aZGSI0L93TQA
AAAQFNKiwvT+lxb5/XR1KQABQJJGx0Xo719cqHAHOwIAAABgLREhdr13/SJlxTgD0r7/I8en5mXE
6c//cpa+8MoWw4NtAMBq3j5UoX3VzR7XT3W4FwBg5LBLevnquZqRGhOwPgQsAEjS1ZPT9cAFU/SD
D/YGshsAEBT+86ODge4CAMBkj106Q5eOD2xp/ICvwblz0VjdtXhcoLsBAAAAmOon+eP1tbNyA92N
wAcAqaf26VOXz1SIzRborgAAAAA+FWKz6anLZ+rn50wKdFckBUkAkKRbZ+Vo1U2LleCkOhAAAADO
DEkRoVp10+KgOgsraAKAJOVlJ2jrbUs1Ocm/hyEAAAAAvjY5KUrbbjtbedkJge5KH0EVAKSeEqGb
vrxUF45ODnRXAAAAgGG5dFyKNn15qXJiA1PqcyBBFwAkKTrMoRVfWqinr5ilzOjwQHcHAAAAGJTs
GKeeuWKW3rpugaLDHIHujqGAlgEdiE3SzTOz9YUpGXpg/WE9uP6wWrpcge4WAAAA4CEq1KEfLB6n
uxaPkzMkKOfYT7AVFhS4c3IDX47oVEqb2nXXh3v1/K5iDg4DAABAULBJumlmtn51/mSlRQX3ypWi
wkLl5OYG5xIgIxnR4Xp2+Wxt+nK+lgTZRgoAAABYz8LMeO382tl6+opZQT/4P1nQLgHyZm5GnNbc
nKdPKhv15oFyvXGwXBuL68TiIAAAAJjJLmlhVryumJCm5RPTNC0lJtBdGpYRswRoIFUtHXrzYLne
OFCu945WqbmzO9BdAgAAwBkgKtShi8am6IoJqbpiQpqSI8MC3aVh610CdEYEgJO53FJxY5sK61tV
2NCqwvpWFfT7c0NHV6C7CQAAgCAQFx6i3NgIjYqLUG5chHJje/531Kd/zoxxym4LdC99ozcAjLgl
QKdit0k5sU7lxDq1ROwVAAAAAE42YjYBAwAAADh9BAAAAADAQggAAAAAgIUQAAAAAAALIQAAAAAA
FkIAAAAAACyEAAAAAABYCAEAAAAAsBACAAAAAGAhBAAAAADAQggAAAAAgIUQAAAAAAALIQAAAAAA
FkIAAAAAACyEAAAAAABYCAEAAAAAsBACAAAAAGAhBAAAAADAQggAAAAAgIUQAAAAAAALIQAAAAAA
FkIAAAAAACyEAAAAAABYCAEAAAAAsBACAAAAAGAhBAAAAADAQggAAAAAgIUQAAAAAAALIQAAAAAA
FkIAAAAAACyEAAAAAABYCAEAAAAAsBACAAAAAGAhBAAAAADAQggAAAAAgIUQAAAAAAALIQAAAAAA
FkIAAAAAACyEAAAAAABYCAEAAAAAsBACAAAAAGAhBAAAAADAQggAAAAAgIUQAAAAAAALIQAAAAAA
FkIAAAAAACyEAAAAAABYCAEAAAAAsBACAAAAAGAhBAAAAADAQggAAAAAgIUQAAAAAAALIQAAAAAA
FkIAAAAAACyEAAAAAABYCAEAAAAAsBACAAAAAGAhBAAAAADAQggAAAAAgIUQAAAAAAALIQAAAAAA
FkIAAAAAACyEAAAAAABYCAEAAAAAsBACAAAAAGAhBAAAAADAQggAAAAAgIUQAAAAAAALIQAAAAAA
FkIAAAAAACyEAAAAAABYCAEAAAAAsBACAAAAAGAhBAAAAADAQggAAAAAgIUQAAAAAAALIQAAAAAA
FkIAAAAAACyEAAAAAABYCAEAAAAAsBACAAAAAGAhBAAAAADAQggAAAAAgIUQAAAAAAALIQAAAAAA
FkIAAAAAACyEAAAAAABYCAEAAAAAsBACAAAAAGAhBAAAAADAQggAAAAAgIUQAAAAAAALIQAAAAAA
FkIAAAAAACyEAAAAAABYCAEAAAAAsBACAAAAAGAhBAAAAADAQggAAAAAgIUQAAAAAAALIQAAAAAA
FkIAAAAAACyEAAAAAABYCAEAAAAAsBACAAAAAGAhBAAAAADAQggAAAAAgIUQAAAAAAALIQAAAAAA
FkIAAAAAACyEAAAAAABYCAEAAAAAsBACAAAAAGAhBAAAAADAQggAAAAAgIUQAAAAAAALIQAAAAAA
FkIAAAAAACyEAAAAAABYCAEAAAAAsBACAAAAAGAhBAAAAADAQggAAAAAgIUQAAAAAAALIQAAAAAA
FkIAAAAAACyEAAAAAABYCAEAAAAAsBACAAAAAGAhBAAAAADAQggAAAAAgIUQAAAAAAALIQAAAAAA
FkIAAAAAACyEAAAAAABYCAEAAAAAsBACAAAAAGAhBAAAAADAQggAAAAAgIUQAAAAAAALIQAAAAAA
FkIAAAAAACyEAAAAAABYCAEAAAAAsBACAAAAAGAhBAAAAADAQggAAAAAgIUQAAAAAAALIQAAAAAA
FkIAAAAAACyEAAAAAABYCAEAAAAAsBACAAAAAGAhBAAAAADAQggAAAAAgIUQAAAAAAALIQAAAAAA
FkIAAAAAACyEAAAAAABYCAEAAAAAsBACAAAAAGAhBAAAAADAQggAAAAAgIUQAAAAAAALIQAAAAAA
FkIAAAAAACyEAAAAAABYCAEAAAAAsBACAAAAAGAhBAAAAADAQggAAAAAgIUQAAAAAAALIQAAAAAA
FvL/27t/nrjOtIHDt6WRPJomU2DZkAJw4YBlKYgUKc2kS5rQOAhFlkmRIjSMP4HJJ2BSuYzjCGGl
sdzYnTFdUsS4MMGi4M+uAkFGyqTBYCGxxbsbKbt5vV5n5gxwX1cJw7kfCobzm3PmGQEAAACJCAAA
AEhEAAAAQCICAAAAEhEAAACQiAAAAIBEBAAAACQiAAAAIBEBAAAAiQgAAABIRAAAAEAiAgAAABIR
AAAAkIgAAACARAQAAAAkIgAAACARAQAAAIkIAAAASEQAAABAIgIAAAAS3U+i2QAACzhJREFUEQAA
AJCIAAAAgEQEAAAAJCIAAAAgEQEAAACJCAAAAEhEAAAAQCICAAAAEhEAAACQiAAAAIBEBAAAACQi
AAAAIBEBAAAAiQgAAABIRAAAAEAiAgAAABIRAAAAkIgAAACARAQAAAAkIgAAACARAQAAAIkIAAAA
SEQAAABAIgIAAAASEQAAAJCIAAAAgEQEAAAAJCIAAAAgEQEAAACJCAAAAEhEAAAAQCICAAAAEhEA
AACQiAAAAIBEBAAAACQiAAAAIBEBAAAAiQgAAABIRAAAAEAiAgAAABIRAAAAkIgAAACARAQAAAAk
IgAAACARAQAAAIkIAAAASEQAAABAIgIAAAASEQAAAJCIAAAAgEQEAAAAJCIAAAAgEQEAAACJCAAA
AEhEAAAAQCICAAAAEhEAAACQiAAAAIBEBAAAACQiAAAAIBEBAAAAiQgAAABIRAAAAEAiAgAAABIR
AAAAkIgAAACARAQAAAAkIgAAACARAQAAAIkIAAAASEQAAABAIgIAAAASEQAAAJCIAAAAgEQEAAAA
JCIAAAAgEQEAAACJCAAAAEhEAAAAQCICAAAAEhEAAACQiAAAAIBEBAAAACQiAAAAIBEBAAAAiQgA
AABIRAAAAEAiAgAAABIRAAAAkIgAAACARAQAAAAkIgAAACARAQAAAIkIAAAASEQAAABAIgIAAAAS
EQAAAJCIAAAAgEQEAAAAJCIAAAAgEQEAAACJCAAAAEhEAAAAQCICAAAAEhEAAACQiAAAAIBEBAAA
ACQiAAAAIBEBAAAAiQgAAABIRAAAAEAiAgAAABIRAAAAkIgAAACARAQAAAAkIgAAACARAQAAAIkI
AAAASEQAAABAIgIAAAASEQAAAJCIAAAAgEQEAAAAJCIAAAAgEQEAAACJCAAAAEhEAAAAQCICAAAA
EhEAAACQiAAAAIBEBAAAACQiAAAAIBEBAAAAiQgAAABIRAAAAEAiAgAAABIRAAAAkIgAAACARAQA
AAAkIgAAACARAQAAAIkIAAAASEQAAABAIgIAAAASEQAAAJCIAAAAgEQEAAAAJCIAAAAgkVJExN//
9rdOrwMAACjAqcPDw8NOLwIAACjGqYgQAAAAkIT3AAAAQCICAAAAEhEAAACQiAAAAIBEBAAAACQi
AAAAIBEBAAAAiQgAAABIRAAAAEAiAgAAABIRAAAAkIgAAACARAQAAAAkIgAAACARAQAAAIkIAAAA
SEQAAABAIgIAAAASEQAAAJCIAAAAgEQEAAAAJCIAAAAgEQEAAACJCAAAAEhEAAAAQCICAAAAEhEA
AACQiAAAAIBEBAAAACQiAAAAIBEBAAAAiQgAjoVqtRo3btyIX3/9NdbW1mJoaKjTSwIAOJZORcRh
pxcBr3Lt2rVoNBpRrVZ//9r6+nr09/d3cFVwfJRKpTh37ly888470dXVFeVyOc6cORMREc+fP4+9
vb3Y3NyM1dXV2N7ejoODgw6vGI6uer0eU1NT0dfX19Y56+vr0Wg04quvvmrrHHISABxZQ0NDMTMz
EyMjI3/6/VOnThW8IjheKpVKDA4OxvDwcFy8eDGGh4ejp6cnKpVK9PT0RETE5uZm7O7uxurqaiwt
LcXy8nI8fvw4fvrpp3jx4kWHfwM4Wur1eszMzBQ68/r169FoNAqdycknADhyqtVqzMzMxMTExCsf
JwDgz5VKpeju7o5arRajo6NRq9X+cAXtVZrNZjx8+DDu3bsX8/PzsbW15YoA/NP6+nr09vYWPtMV
b1pNAHCkTE1NxfT09GudrAgA+E/lcjkGBgZibGwsxsfH3/hkZWNjI+bm5mJ2djZWVlbi5cuXLV4p
HD+Hh505ZfL/jlYTABwJIyMj8fXXX/9P91R6QoQ/KpfLMTQ0FJOTk3HlypUol8t/6Xh7e3vx7bff
xs2bN2NpaUkEkJ4A4KSwCxAd1dfXF3fv3o35+fm2v6EKTrJSqRQDAwMxOTkZV69e/csn/xH/FxSf
f/55fPHFF3HhwoUolUotWCkAnSYA6Ih/beu5uLgYo6OjnV4OHHvd3d0xNjYWV65cafmxr169Gp9+
+ml0d3e3/NgAFE8AULjR0dFYXFx87Xv9gVerVCrxwQcfxPj4eEte+f935XI5xsfH4/Lly205PgDF
EgAUpq+vL+bn5+Pu3btu94EWunjxYnz88cdt3Z2kt7c3Pvroo7hw4ULbZgBQDAFA2/1rW8+1tbX/
d09/4M2USqUYHh6OWq3W9lkffvhhvP/++94LAHDMCQDa6tq1a7G2thb1er3TS4ET6dy5czE4OFjI
7XTVajUGBwfj7NmzbZ8FQPsIANpiZGQkFhcX49atW+7zhzYaGBiI9957r7B5ly5divPnzxc2D4DW
cx2XlnrdT/EFWqOrq6vQ3Xn6+/vj7bffLmweAK3nCgAtMzExEWtra07+oUDlcjkqlUph8yqVSpw+
fbqweQC0ngCgZW7cuOF2HyhYV1dX9PT0FDavp6cnzpw5U9g8AFpPANAyPqocAODoEwC0zOjoaPz2
22+dXgaksrOzE5ubm4XN29zcjOfPnxc2D4DWEwC0zJMnT6Kvry+++eabTi8F0tjb24vd3d3C5u3u
7sb+/n5h8wBoPQFASzWbzZiYmIharRYLCwudXg6ceDs7O7G1tVXYvLW1tfj5558LmwdA6wkA2uLR
o0cxMjISn332mduCoI2ePXsWP/74Y2Hznj59Gqurq4XNA6D1BABtdevWrejr64svv/yy00uBE+mX
X36J5eXlaDabbZ/VbDbj2bNnsb293fZZALSPAKDtms1mTE9PR39/v9uCoMUODg7i8ePHMT8/3/ZZ
Dx48iO+//z4ODg7aPguA9hEAFGZ9fT1GRkaiVqvFxsZGp5cDJ8bS0lLcu3evrX9XGxsbcf/+/VhZ
WWnbDACKIQAo3KNHj36/Lcj7A+Cve/HiRTx8+DDu3LnTlh169vf3Y25uLhYWFmJvb6/lxwegWAKA
jpmeno6hoSHbhkILbG1txZ07d+K7775r+bFv374ds7Ozhe42BED7nIqIw04vAkZGRqLRaMS77777
2j/jk4fhj8rlcgwNDcXk5GR88skncfr06b90vP39/bh9+3bcvHkzlpaW4uXLly1aKRxPh4edOWXy
/45WEwAcKfV6Paanp+Ott976r4/1hAj/qVwux8DAQIyNjcX4+Hj09va+0XE2NjZibm4uZmdnY2Vl
xck/hADg5BAAHDnVajWmp6djamrqlY/zhAh/rlQqRXd3d9RqtRgdHY1arRbVavW1frbZbMaDBw/i
/v37sbCwEFtbW3b9gX9aX19/46h+UxsbG9HX11foTE4+AcCRNTQ0FI1GIy5fvvyn3xcA8GqVSiUG
BwdjeHg4BgcH49KlS9Hf3x+VSiV6enoiImJzczN2d3djbW0tnj59GsvLy/HDDz/EysqKN/zCv6nX
6zEzM1PozOvXr0ej0Sh0JiefAODIm5iYiOnp6T+86uIVEXh9pVIpzp49G+fPn4+enp4ol8vR1dUV
ERE7Ozuxt7cXm5ubsbq6Gtvb217xh1eo1+tRr9fbfiVgY2MjGo2Gk3/aQgBwLFSr1d+fdJvNZoyO
jsaTJ086vSwAgGNHAAAAQCI+BwAAABIRAAAAkIgAAACARAQAAAAkIgAAACARAQAAAIkIAAAASEQA
AABAIgIAAAASEQAAAJCIAAAAgEQEAAAAJCIAAAAgEQEAAACJCAAAAEhEAAAAQCICAAAAEhEAAACQ
iAAAAIBEBAAAACQiAAAAIBEBAAAAiQgAAABIRAAAAEAiAgAAABIRAAAAkIgAAACARAQAAAAkIgAA
ACARAQAAAIkIAAAASOQfMDhB+rPN6zgAAAAASUVORK5CYII=
" width="800px"&gt;</msg>
<status status="PASS" starttime="20230611 00:21:09.275" endtime="20230611 00:21:09.970"/>
</kw>
<msg timestamp="20230611 00:21:09.970" level="INFO">xpath criteria: //*[@bounds='[404,323][728,700]']
xpath criteria: //*[@bounds='[404,323][728,700]']
xpath criteria: //*[@bounds='[404,323][728,700]']
xpath criteria: //*[@bounds='[404,323][728,700]']
xpath criteria: //*[@bounds='[404,323][728,700]']
xpath criteria: //*[@bounds='[404,323][728,700]']
xpath criteria: //*[@bounds='[404,323][728,700]']
xpath criteria: //*[@bounds='[404,323][728,700]']
xpath criteria: //*[@bounds='[404,323][728,700]']
xpath criteria: //*[@bounds='[404,323][728,700]']
xpath criteria: //*[@bounds='[404,323][728,700]']</msg>
<msg timestamp="20230611 00:21:09.970" level="FAIL">Element locator '//*[@bounds='[404,323][728,700]']' did not match any elements after 3 seconds</msg>
<status status="FAIL" starttime="20230611 00:21:05.610" endtime="20230611 00:21:09.971"/>
</kw>
<status status="FAIL" starttime="20230611 00:21:01.719" endtime="20230611 00:21:09.971"/>
</kw>
<kw name="teardown" type="TEARDOWN">
<kw name="Close App">
<kw name="Close All Applications" library="AppiumLibrary">
<doc>Closes all open applications.</doc>
<status status="PASS" starttime="20230611 00:21:09.973" endtime="20230611 00:21:10.266"/>
</kw>
<status status="PASS" starttime="20230611 00:21:09.972" endtime="20230611 00:21:10.266"/>
</kw>
<status status="PASS" starttime="20230611 00:21:09.972" endtime="20230611 00:21:10.266"/>
</kw>
<status status="FAIL" starttime="20230611 00:19:50.672" endtime="20230611 00:21:10.267">Element locator '//*[@bounds='[404,323][728,700]']' did not match any elements after 3 seconds</status>
</test>
<status status="FAIL" starttime="20230611 00:19:50.644" endtime="20230611 00:21:10.268"/>
</suite>
<status status="FAIL" starttime="20230611 00:19:50.641" endtime="20230611 00:21:10.270"/>
</suite>
<status status="FAIL" starttime="20230611 00:19:50.636" endtime="20230611 00:21:10.272"/>
</suite>
<doc>user.country=CA</doc>
<status status="FAIL" starttime="20230611 00:19:46.329" endtime="20230611 00:21:10.273"/>
</suite>
<statistics>
<total>
<stat pass="0" fail="1" skip="0">All Tests</stat>
</total>
<tag>
</tag>
<suite>
<stat pass="0" fail="1" skip="0" id="s1" name="[Project] Demonstration Test Application Mobile">[Project] Demonstration Test Application Mobile</stat>
<stat pass="0" fail="1" skip="0" id="s1-s1" name="[TestPlan] Test Application Android">[Project] Demonstration Test Application Mobile.[TestPlan] Test Application Android</stat>
<stat pass="0" fail="1" skip="0" id="s1-s1-s1" name="[Functionality] Tester Home page">[Project] Demonstration Test Application Mobile.[TestPlan] Test Application Android.[Functionality] Tester Home page</stat>
<stat pass="0" fail="1" skip="0" id="s1-s1-s1-s1" name="[Scenario] EER CIH MOBILE">[Project] Demonstration Test Application Mobile.[TestPlan] Test Application Android.[Functionality] Tester Home page.[Scenario] EER CIH MOBILE</stat>
</suite>
</statistics>
<errors>
</errors>
</robot>
