<?xml version="1.0" encoding="UTF-8"?>
<robot generator="Robot 6.0.2 (Python 3.8.13 on linux)" generated="20230611 01:56:55.199" rpa="false" schemaversion="3">
<suite id="s1" name="[Project] Demonstration Test Application Mobile" source="/var/jenkins_home/jobs/Testify_15/workspace/[Project]_Demonstration Test Application Mobile">
<suite id="s1-s1" name="[TestPlan] Test Application Android" source="/var/jenkins_home/jobs/Testify_15/workspace/[Project]_Demonstration Test Application Mobile/[TestPlan]_Test Application Android">
<suite id="s1-s1-s1" name="[Functionality] Tester Home page" source="/var/jenkins_home/jobs/Testify_15/workspace/[Project]_Demonstration Test Application Mobile/[TestPlan]_Test Application Android/001__[Functionality]_Tester Home page">
<suite id="s1-s1-s1-s1" name="[Scenario] EER CIH MOBILE" source="/var/jenkins_home/jobs/Testify_15/workspace/[Project]_Demonstration Test Application Mobile/[TestPlan]_Test Application Android/001__[Functionality]_Tester Home page/004__[Scenario]_EER CIH MOBILE.robot">
<test id="s1-s1-s1-s1-t1" name="EER CIH MOBILE" line="9">
<kw name="setup" type="SETUP">
<kw name="Ouvrir l'application">
<kw name="Open Application" library="AppiumLibrary">
<arg>http://oauth-samir.grabou-2f81f:966284e9-4923-4582-9282-0da6e9aa2b7b@ondemand.eu-central-1.saucelabs.com/wd/hub</arg>
<arg>alias=MobileTest</arg>
<arg>platformName=Android</arg>
<arg>app=storage:filename=cih-mobile-4-94.apk</arg>
<arg>deviceName=Android GoogleAPI Emulator</arg>
<arg>deviceOrientation=portrait</arg>
<arg>platformVersion=12.0</arg>
<arg>automationName=UiAutomator2</arg>
<arg>sauce:options.username=oauth-samir.grabou-2f81f</arg>
<arg>sauce:options.accessKey=966284e9-4923-4582-9282-0da6e9aa2b7b</arg>
<arg>sauce:options.build=appium-build-ACFJ3</arg>
<arg>sauce:options.name=MobileTest</arg>
<doc>Opens a new application to given Appium server.
Capabilities of appium server, Android and iOS,
Please check https://github.com/appium/appium/blob/master/docs/en/writing-running-appium/server-args.md
| *Option*            | *Man.* | *Description*     |
| remote_url          | Yes    | Appium server url |
| alias               | no     | alias             |
| strict_ssl          | No     | allows you to send commands to an invalid certificate host like a self-signed one. |</doc>
<msg timestamp="20230611 01:57:52.969" level="INFO">Redirecting http://oauth-samir.grabou-2f81f:966284e9-4923-4582-9282-0da6e9aa2b7b@ondemand.eu-central-1.saucelabs.com/wd/hub/session -&gt; http://oauth-samir.grabou-2f81f:966284e9-4923-4582-9282-0da6e9aa2b7b@ondemand.eu-central-1.saucelabs.com/wd/hub/session/43466deb45664d7387a19db53c5fdde4</msg>
<status status="PASS" starttime="20230611 01:56:57.672" endtime="20230611 01:58:29.508"/>
</kw>
<status status="PASS" starttime="20230611 01:56:57.671" endtime="20230611 01:58:29.508"/>
</kw>
<status status="PASS" starttime="20230611 01:56:57.670" endtime="20230611 01:58:29.508"/>
</kw>
<kw name="Navigation Tests">
<kw name="Capture Page Screenshot" library="AppiumLibrary">
<doc>Takes a screenshot of the current page and embeds it into the log.</doc>
<msg timestamp="20230611 01:58:31.865" level="INFO" html="true">&lt;/td&gt;&lt;/tr&gt;&lt;tr&gt;&lt;td colspan="3"&gt;&lt;img src="data:image/png;base64, iVBORw0KGgoAAAANSUhEUgAAAwAAAAUACAYAAADwUTW0AAAAAXNSR0IArs4c6QAAAARzQklUCAgI
CHwIZIgAACAASURBVHic7N15fFTVwf/x750lCYGsLIqsWquCC0GKoqDEWtTiAtVqtfoTau3zWLUW
674CrXaxtfLYqrRuYLVqRdwQa1s0YHGhKlBFRUVWZc++znLP749JhkwyWQiZmSTn8369jmbu3OXM
DK+Z8733nHMdSUYAAAAArOBJdQUAAAAAJA8BAAAAALAIAQAAAACwCAEAAAAAsAgBAAAAALAIAQAA
AACwCAEAAAAAsAgBAAAAALAIAaAH8nq96tevn+bPny/XdWWMiSmu6+rxxx9Xv3795PV6U11dAAAA
JBEBoAdxHEc/+9nPFAwGtX37dl188cVyHCfuehdeeKG2b9+uYDCoG264IQW1bZ3X65XHwz9PAACA
zuZIMqmuBPaN4zgaP368li1bFrfB3xZjjI4//ni9/fbbCajd3vN4PBo2bJjKyspUUlIiY7rOP9Hc
3FyVlpbGLCssLNSoUaOUm5uroqIilZWVadWqVa1uAwBAshQUFGjYsGEqKCiIWb5q1Spt3Lgx5jer
K+nM38/CwkK9/vrrcZ876aSTVFRU1CnH6U4MpfsWj8djnnrqKeO6rjHGRP/fkpae//e//20cxzGj
R482Xq83Za/HcRwzbtw4U1ZWZt566y2TmZlpHMdJ+fssyUyfPt2UlJSYgoICM3z4cPP666+3+D6v
X7/eTJs2zRQUFJiSkhIzffr0lNefQqFQKHaU3NxcM23aNPPcc8+12iZo7LnnnjPTpk0zubm5Ka+/
FPnNnTVrVqftr7CwsMXXXlhYmPLXm4KS8gpQOlg8Ho9Zu3Ztm43+9giHw8br9ZoDDjjArFu3LiUh
wOPxmPz8fPP555+bUChkAoGAueqqq7pEAGj8xVFdXW1KS0vb9b7W1dXZ/gVDoVAolCSV4cOHm0cf
fdSUlJR0uD1QUlJiHn30UTN8+PCUvY7p06cbY8w+B4CpU6eamTNnmpkzZ5pHH320xdf86KOPRteb
MmVKyj/HJJXEH8Tv9+/1NiNHjjSTJk0yEyZMMH379k31mxRTDjzwQHPyySebE044IWV1cxzHPP30
053S+DcmcmUgLS3NeL1eEw6HzbPPPpv0hrfjOOaaa64xrusa13VNOBw2FRUV5pBDDjEejyfln/u8
efOavW9z5swxhYWF0TMmhYWFZtasWc0Cwrx581JefwqFQqH03DJr1qxOaQ80NnPmzKS/jobGvzH7
FgDmzJnT4dc9Z86clH+eSSiJ2/n5559vXnzxRVNaWtqu9QcNGmT+/Oc/m61bt8Z8EIFAwLzzzjvm
vPPO63BdpkyZYoqLi9tVBg4cGHcf11xzjfnkk09iGt11dXXmjTfeMGeeeWZSP7jx48ebcDjc4X/c
TYXDYTN8+HCTkZFhwuGwCYfDZuLEiUl7PR6Px2RmZpotW7aYUCgUrZfruuaBBx5I6nvbUikoKIjW
a8OGDaagoKDFdXNzc82qVaui69MFiEKhUCiJKAUFBWblypWd1h5oauXKla3+3nVmadz4N2bfAkBR
UVGHX3NRUVHKP9cklM7d4ZgxY8x9991nNm/eHH0jA4FAm9uNGDHCfPbZZ9FtXNc1paWlpra2Nros
HA6b2267rUP1mjFjRrs/+MGDBzfb/plnnolZp7q6OqahGgwGzTXXXJOUD83j8UQb/x3t89/0+XA4
bI466igzatSomPc7WWfe/X6/efTRR5uFmnA4bIqLi80RRxyR8qsADQ360tLSdl0azc3NjV4JWL9+
fUrrTqFQKJSeV6ZOnbpP3X3aq6SkJOHdWJs2/o0hACS4dM6OLrnkEvPOO+/EbXC2JwC89dZbxphI
g++BBx4wX/va14wkk5mZaa688kpTVlZmjIk0tE844YS9rt9vfvMbY0zkjP3dd9/dasnJyYnZ9tpr
r42+lrVr15qzzjrL+P1+k5eXZ6677jpTXl5ujDGmtrbWjBkzJuEf2tVXX93iP9pQKBQte9M9KBwO
m8MPP9zcf//9MctvuOGGhL8ej8djxo4da6qqqqLdfxpzXde89957JiMjI2XjARqPAZgxY0Z0ebyz
Io2XNb4kO3Xq1JTUnUKhUCg9r8RrMCdaoq5mt/RaCAAJLZ2zoyVLlkTfuE2bNpm5c+dGl7UVAL7/
/e9Ht50/f37cdRo3eh977LG9rl/D4I8tW7bs9bbvv/++McaYyspKM2rUqGbPX3XVVdG63XfffQn9
wDweT0wDORgMGmOMWbRokTn++ONNfn6+yc3NNVdddZX585//bK644gpTWVkZt2HdWDgcNgcccIAp
Li5utjzRA4IdxzEvvPBC9IpKQ///hjq7rmvq6urM1KlTUxYAGl9Baujv3zAmoHFfwabLcnNzo9tZ
0qeQQqFQKEkojbuZJsuqVas6/XU0bfx31hgAAkCbpXN2tGDBArNgwQJz7rnnRpc9/fTTxpi2A8Bf
//pXY0yk4XfggQe2uF5D43TFihV7Xb+XX37ZGGPM+++/v9fbVlRUGGOMWbp0aYvrNFyheP311xP6
gfXr18+EQiETDodNUVGR8Xg8Ji0tzUyaNMkYY6INZ2OMOfLII42kaKN57Nixprq6Om4QcF03OgC4
sXA4bPr375+w1+P1es15550XM43pQw89ZG666SZz0003mYceeigaCFavXm2ys7NTEgIaGvYbNmxo
tqy1ACDt+RKy5AuFQqFQKEkoubm5ZsOGDR1u5O6tDRs2dPoUoQ899FDMMRquMDQgACS0JG7n7Q0A
r776qqmsrGyzn/THH39sjIkMSGn63D333GPWr19vHnnkkbjbrlixwhhjzCuvvLLXr6NhHMJzzz3X
4jrr1683xkTm00/kezpv3jyzZs0a4ziO8Xg85owzzog5u9/w/1AoFLeh7PF4zDnnnBMzfqFh/cYN
8caefvrphLwWx3FMZmamWblyZTR4hEIhc8YZZ5j09HSTnp5uzjjjjGh3Jtd1zaxZs1IyRWlLjfi2
ugA1PC4sLEzaICoKhUKh2FEKCgraPS31vigtLe3037CWGv8SASBJJXE7b28AaE/x+/3RKwAvvPBC
s+causIYY+JeRfjiiy+MMR2bjvHzzz83xhizevXquM/3798/Ot/7448/ntAP7MorrzSO4xjHcczn
n3/eYreempqaVgfNOo4TvbJhTKRbVePHTSXitTiOY3784x/HfHahUMhMnjzZeL1e4/V6zemnnx4N
K+Fw2GzatMkMGDAg6VcBOItPoVAolK5YkjEWoLPHsLXW+JcIAMkoPnUT06dPV15eniRp0aJFMc8F
g0GtXLlSY8eO1aeffqotW7Y0275v376SpJycHC1atEhHH320+vfvr0AgoM8++0zPPPOM7rrrLgWD
wWbbLly4UNddd52OOuooXXbZZZo7d27M83PmzFFaWpqMMXr44Yc76yXH9cc//lHp6ekqLi5WZmZm
i+tVVVW1uh9jjHJzc7Vt2zb17dtXS5cu1UUXXdTZ1W2Rx+PR0KFDdffdd8vj8cQ85ziOjDHR/zfe
ZtCgQZo9e7auvPJKhcPhpNW3QU5OjiZOnBj3uab1baqsrKzL3m4dANA9zZs3T8OHD9fMmTMTsv/Z
s2fr+eef77T9PfTQQ/rhD38YffyDH/xA8+bN67T9o/0Sli466wpA3759o2fw16xZE3edzMxMM378
+GYz+EgyeXl57ZoRp6ioKO72WVlZ0VmKQqGQWbBggbnhhhvM7Nmzo8uNMeauu+5KeGLzer0xZ8xb
sm7dunadJff5fObLL79s854Cnf06HMcx9957b7PPJRQKmdNPPz3uFQBjIl2cAoGAOfHEE5M6Lei+
nEloYMMZBQqFQqGkpsS7WeW+6uybWDY9829M/PZFA64AJLQkbuedFQBeeOEFY0xkCs+TTz55r7cf
N25c9EOtrq42Dz74oLniiivMZZddZubOnRvTf66lf+w5OTlmwYIFcf+hhEIhc/XVVyflA2vaUG8p
2LQ3AHi93mbjAeLtvzNfg8fjMYceeqgpLS1t9nqaBoDJkyc3q5/ruubFF18kAFAoFAqFUl+a3oBy
X61atapTB/3Ga/wbQwBIVenyXYDuuecenXXWWZKk3//+91qyZMle7+O9997T5MmTddJJJ+mFF17Q
8uXLY56fN2+eFi9erLy8PJ1//vn61a9+pbVr18asc+2112ry5MmSpLq6Om3evFkZGRkaNGiQvF6v
fvazn2njxo1auHBhB19p+8TrLhNPTk5Om11SvF6vtmzZIq/X2+I6Le2/oxzHUVpamh5//HFlZ2fH
3b/jONE6xaub4zg67bTTNHnyZC1evFiu63ZqHeOZMWOGcnNzO7TtnDlzNGrUqE6uEQAAe5SWlmrq
1KlatWqVcnJy9mlfZWVlmjp1qkpLSzulbk27/aBrSFi62NcrANdff330DPSzzz6b0CR0++23R5Pf
zTff3OJz8+fPNwMHDow+N378+GjirqioMJMmTUpoPdt7c6/q6uo2BwE3TF3aHp1Vf4/HY6ZMmWJq
a2vjvpZwOGwuueQSM3LkSDNy5EhzySWXxO2e5Lqu+eKLL0z//v1Tdm+A9hYGEFMoFAolWaWgoKDd
v+0t6cwZf1o6899a+6IBVwASWhK3830JANOmTYv2dX/zzTdNVlZWQt+IoUOHRhukjWfyGTRoULSh
vHjx4rjbDho0yGzbts0YY8zy5csTWs+FCxe26x9va9OAnnXWWa12+2lqwYIFnVb/tLQ0s3r16jbH
HLTFdV0TCoXM5ZdfnpQAUFBQYCZOnNihL0UCAIVCoVCSWfZlZqDOvNtvW41/YwgAKSyJ23lHA8AZ
Z5xhqqqqjDGRqTf322+/pLwZDdNgNp5m9PLLL4/+g2h8k7Om5U9/+pMxJtIwbXyFoLPLgAEDWm08
N74fwIgRI4yk6JWAgoICU1VV1epVhKbPhcNhM2DAgE6pu8/nM7feemurdyVuGORbU1NjampqotOr
xquf67pmx44dZtiwYQkPAfvSiG+4UUtnD6aiUCgUCqWl0pFBwZ35O9Wexr8xBIBUldgO5V3AuHHj
NH/+fGVmZurzzz/X1KlTtX379n3a53e+8x19//vf13HHHdfiOnl5eerdu7ckqba2Nrp82LBh0b8/
/fTTFrfftGmTpEj/9COPPHKf6tua3bt3t/p8Q596x3H01FNP6dJLL9Xu3btljNH777+vzMzMVvv1
x3tu165d+1bp+v3m5+frhz/8YXSKz3hc19W5556r/Px85efn67zzzouZ7rPxdo7jqF+/fpo5c6Z8
Pl+nj1dorGH6zokTJ+7VWIDc3NzovyGmAAUAJMv06dO1dOnSdq+/dOlSTZ8+vVOOTZ//rq9LBYBD
Dz1Uf/vb35Sfn6+vvvpKZ599ttavX7/P+/35z3+uJ554QnPmzGlxnfHjx0cbkI2P2Xg+/SFDhrS4
/YABA6J/l5WV7Ut1WxUOhzV79uxWB/c2OOKII3TppZdGG6wdaSDPnDmz0wbZzpo1S0OGDGk2kLmp
UCikQCCgQCAQ974MjRljdM4552jQoEGdUseWFBUVRf+eMWNGu7dr/GVKAAAAJNPUqVO1evXqNtdb
vXq1pk6d2inHpPHffSTs8sLedAHab7/9zJo1a4wxxuzevduMHz++0y9D1dXVmcLCwrjr/OMf/zDG
RLqVTJgwIbp80qRJ0UtCTz75ZNxts7KyzGeffRatu9/vT+xlG4+n3X3oX3755Q7fJjwcDnfKVJse
j8eMHz/eBAKBNgcxh0IhM2nSJOPz+YzP5zOnnHJKm+MVwuGwee2110zv3r0T2hWooStPSUlJu6ZG
azwQa9WqVQn9N0GhUCgUSrxSUFDQajugtLS00wb9trfbT2Px9tOALkAJLYnbeXsDQGZmplm+fLkx
xpja2lpz8cUXmxEjRrRahg8fHrOPe+65x6xfv9488sgjzfY/ZswYU11dbYwxZsOGDea8886LPte/
f38zd+7caMN0yZIlzbZfsWKFMSYSDubPn28GDx4cfe64444zb775ZvQfzR/+8IekfHCTJk1qtS99
g3A4bEaMGGFqa2vjPt9aX/zOmtHIcRzz3HPPtTibT9PHK1asMC+//LJZvHixWbFiRZtjFhrK+eef
n9D3vPGgqpUrV7YaAgoLC8369euj63fmjAoUCoVCoexNmTp1aou/o1OnTu2UY3Sk8W8MASCFJXE7
b28AuOqqq/b6w3nrrbei2/v9/pi74x544IFxj9F4nfLycrNx48aYhvGmTZvMyJEjm2175JFHRs/+
GhNpdG7dutUUFxfH1GnJkiUmMzMzKR+c4zjmlVdeadd75bqu8Xq90RDUHosXL+6Us+kejycawMLh
cEyDvaUSDodNMBg0wWCw3duEQiGzdOnS6HuTqPe98aCqkpISM3PmTDNx4kQjRW7CMnHiRHPPPffE
vJf78gVGoVAoFEpnlBkzZjT7rZ8xY0an7LujjX9jCAApLInbeXsDwDXXXLPXH07jACDtOUu/du3a
FrvgfPvb3zZvvfVWszPRNTU15vnnn4/OmhOvDBw40Dz88MOmpKSkWV02btxoZs6cmfQPz+v1mo0b
N7br/WoIARdddJEJhUKtnvnfuHFjp91l1+PxmAkTJpiysjITDAZNKBRKSAkGg2bZsmVGSmwAkNo/
s0JpaWmnfblSKBQKhbKvpfHvV2fN+LMvjf+2EAASV5z6P7q9zMxMjR49Wh9++GGbg3CHDx+uY489
Vr169dKuXbu0fPlylZSUtOs4fr9fJ554ogYPHqxQKKS1a9fq3Xff7YyX0CFer1eLFi3Sqaee2uYg
32AwqL59+6qyslJ33HGHrrvuOvl8kZtBN9w1+NVXX9V3vvMdjRkzRh9++KFqamoUCAT2qY4ej0f7
77+/0tPT92k/rXEcR8XFxZ1218K2TJ8+XbNmzYqZJaqxhtkUNmzYkJT6AADQltzc3OikFoWFhfv8
m5noAb+zZ8/WrFmzOrRtUVGRJk6c2KFtly5dqsLCwg5t2130mABgM8dxdNppp+nll1+OPm6JMUYX
XnihnnrqKUlSVlaWLrjgAp166qmaN2+eXnzxRXk8Hp100kkaOnSoli1bpnXr1iWs3qZ+SlDTyqxG
bT2/t+t1poKCAuXm5ka/SFetWhUzYxAAAF1Jw8yA+9r4HzZsmObPn7/P9WntN7OoqKjDv6kFBQUq
KipSTk7OXm1XVlamwsLCHj9zHwGgB/F4PJo9e7ZuueUWGWNanG7TGKPdu3ersLBQa9askZSaxjMA
AACSr0vdBwD7xnVd3XbbbfL5fBo4cKAWLlzYrFHfcMZ92bJl2rlzZ8xyAAAA9HxcAQAAAAAswhUA
AAAAwCIEAAAAAMAiBAAAAADAIgQAAAAAwCIEAAAAAMAiBAAAAADAIgQAAAAAwCIEAAAAAMAivsGD
B6e6DgAAAACShCsAAAAAgEUIAAAAAIBFCAAAAACARZxNGzeaVFcCAAAAQOINGTpUvoY/AAAAAPRc
mzdtkkQXIAAAAMAqBAAAAADAIgQAAAAAwCIEAAAAAMAiBAAAAADAIgQAAAAAwCIEAAAAAMAiBAAA
AADAIgQAAAAAwCIEAAAAAMAiBAAAAADAIgQAAAAAwCIEAAAAAMAiBAAAAADAIgQAAAAAwCIEAAAA
AMAiBAAAAADAIgQAAAAAwCIEAAAAAMAiBAAAAADAIgQAAAAAwCIEAAAAAMAiBAAAAADAIgQAAAAA
wCIEAAAAAMAiBAAAAADAIgQAAAAAwCIEAAAAAMAiBAAAAADAIgQAAAAAwCIEAAAAAMAiBAAAAADA
IgQAAAAAwCIEAAAAAMAiBAAAAADAIgQAAAAAwCIEAAAAAMAiBAAAAADAIgQAAAAAwCIEAAAAAMAi
BAAAAADAIgQAAAAAwCIEAAAAAMAiBAAAAADAIgQAAAAAwCIEAAAAAMAiBAAAAADAIgQAAAAAwCIE
AAAAAMAiBAAAAADAIgQAAAAAwCIEAAAAAMAiBAAAAADAIgQAAAAAwCIEAAAAAMAiBAAAAADAIgQA
AAAAwCIEAAAAAMAiBAAAAADAIgQAAAAAwCIEAAAAAMAiBAAAAADAIgQAAAAAwCIEAAAAAMAiBAAA
AADAIgQAAAAAwCIEAAAAAMAiBAAAAADAIgQAAAAAwCIEAAAAAMAiBAAAAADAIgQAAAAAwCIEAAAA
AMAiBAAAAADAIgQAAAAAwCIEAAAAAMAiBAAAAADAIgQAAAAAwCIEAAAAAMAiBAAAAADAIgQAAAAA
wCIEAAAAAMAiBAAAAADAIgQAAAAAwCIEAAAAAMAiBAAAAADAIgQAAAAAwCIEAAAAAMAiBAAAAADA
IgQAAAAAwCIEAAAAAMAiBAAAAADAIgQAAAAAwCIEAAAAAMAiBAAAAADAIgQAAAAAwCIEAAAAAMAi
BAAAAADAIgQAAAAAwCIEAAAAAMAiBAAAAADAIgQAAAAAwCIEAAAAAMAiBAAAAADAIgQAAAAAwCIE
AAAAAMAiBAAAAADAIgQAAAAAwCIEAAAAAMAiBAAAAADAIgQAAAAAwCIEAAAAAMAiBAAAAADAIgQA
AAAAwCIEAAAAAMAiBAAAAADAIgQAAAAAwCIEAAAAAMAiBAAAAADAIgQAAAAAwCIEAAAAAMAiBAAA
AADAIgQAAAAAwCIEAAAAAMAiBAAAAADAIgQAAAAAwCIEAAAAAMAiBAAAAADAIgQAAAAAwCIEAAAA
AMAiBAAAAADAIgQAAAAAwCIEAAAAAMAiBAAAAADAIgQAAAAAwCIEAAAAAMAiBAAAAADAIgQAAAAA
wCIEAAAAAMAiBAAAAADAIgQAAAAAwCIEAAAAAMAiBAAAAADAIgQAAAAAwCIEAAAAAMAiBAAAAADA
IgQAAAAAwCIEAAAAAMAiBAAAAADAIgQAAAAAwCIEAAAAAMAiBAAAAADAIgQAAAAAwCIEAAAAAMAi
BAAAAADAIgQAAAAAwCIEAAAAAMAiBAAAAADAIgQAAAAAwCIEAAAAAMAiBAAAAADAIgQAAAAAwCIE
AAAAAMAiBAAAAADAIgQAAAAAwCIEAAAAAMAiBAAAAADAIgQAAAAAwCIEAAAAAMAiBAAAAADAIgQA
AAAAwCIEAAAAAMAiBAAAAADAIgQAAAAAwCIEAAAAAMAiBAAAAADAIgQAAAAAwCIEAAAAAMAiBAAA
AADAIgQAAAAAwCIEAAAAAMAiBAAAAADAIgQAAAAAwCIEAAAAAMAiBAAAAADAIgQAAAAAwCIEAAAA
AMAiBAAAAADAIgQAAAAAwCIEAAAAAMAiBAAAAADAIgQAAAAAwCIEAAAAAMAiBAAAAADAIgQAAAAA
wCIEAAAAAMAiBAAAAADAIgQAAAAAwCIEAAAAAMAiBAAAAADAIgQAAAAAwCIEAAAAAMAiBAAAAADA
IgQAAAAAwCIEAAAAAMAiBAAAAADAIgQAAAAAwCIEAAAAAMAiBAAAAADAIgQAAAAAwCIEAAAAAMAi
BAAAAADAIgQAAAAAwCIEAAAAAMAiBAAAAADAIgQAAAAAwCIEAAAAAMAiBAAAAADAIgQAAAAAwCIE
AAAAAMAiBAAAAADAIgQAAAAAwCIEAAAAAMAiBAAAAADAIgQAAAAAwCIEAAAAAMAiBAAAAADAIgQA
AAAAwCIEAAAAAMAiBAAAAADAIgQAAAAAwCIEAAAAAMAiBAAAAADAIgQAAAAAwCIEAAAAAMAiBAAA
AADAIgQAAAAAwCIEAAAAAMAiBAAAAADAIgQAAAAAwCIEAAAAAMAiBAAAAADAIgQAAAAAwCIEAAAA
AMAiBAAAAADAIgQAAAAAwCIEAAAAAMAiBAAAAADAIgQAAAAAwCIEAAAAAMAiBAAAAADAIgQAAAAA
wCIEAAAAAMAiBAAAAADAIgQAAAAAwCIEAAAAAMAiBAAAAADAIgQAAAAAwCIEAAAAAMAiBAAAAADA
IgQAAAAAwCIEAAAAAMAiBAAAAADAIgQAAAAAwCIEAAAAAMAiBAAAAADAIgQAAAAAwCIEAAAAAMAi
BAAAAADAIgQAAAAAwCIEAAAAAMAiBAAAAADAIgQAAAAAwCIEAAAAAMAiBAAAAADAIgQAAAAAwCIE
AAAAAMAiBAAAAADAIgQAAAAAwCIEAAAAAMAiBAAAAADAIgQAAAAAwCIEAAAAAMAiBAAAAADAIgQA
AAAAwCIEAAAAAMAiBAAAAADAIgQAAAAAwCIEAAAAAMAiBAAAAADAIgQAAAAAwCIEAAAAAMAiBAAA
AADAIgQAAAAAwCIEAAAAAMAiBAAAAADAIgQAAAAAwCIEAAAAAMAiBAAAAADAIgQAAAAAwCIEAAAA
AMAiBAAAAADAIgQAAAAAwCIEAAAAAMAiBAAAAADAIgQAAAAAwCIEAAAAAMAiBAAAAADAIgQAAAAA
wCIEAAAAAMAiBAAAAADAIgQAAAAAwCIEAAAAAMAiBAAAAADAIgQAAAAAwCIEAAAAAMAiBAAAAADA
IgQAAAAAwCIEAAAAAMAiBAAAAADAIgQAAAAAwCIEAAAAAMAiBAAAAADAIgQAAAAAwCIEAAAAAMAi
BAAAAADAIgQAAAAAwCIEAAAAAMAiBAAAAADAIgQAAAAAwCIEAAAAAMAiBAAAAADAIgQAAAAAwCIE
AAAAAMAiBAAAAADAIgQAAAAAwCIEAAAAAMAiBAAAAADAIgQAAAAAwCIEAAAAAMAiBAAAAADAIgQA
AAAAwCIEAAAAAMAivlRXIBGCHy1XeNcWhUu2yS3eJrdkm8Il2+WWbJVbsl2mrjrVVQQAAEAX4KRn
ypO/vzy5+8ubt588+QPlydtP3rz95e03WP6R41NdxU7XIwKAW/yV6t79u+re/4fq/rtUCtSkukoA
AADoBkxdtcJbv1B46xcKxnneSc9U2pETlT7mVKWPOUWe/AOSXsfO1m0DQPCj5ap971UFVv5LoU0f
xTxnZCTjyJGRnMj/jaTGfwEAAACSibYRnfpHkpExjuQYqa5ade++orp3X5Ek+YYdofTR31L6gznZ
VgAAIABJREFU0ZO67dUBZ9PGjWbI0KGprke71S5fqIq/zJS7a/OehSa2oU8DHwAAAJ0jEgncRieX
G3j7D1XWtF8ofdyU1FVvL2zetElDhg7tPlcAQutXq/yh6xVc+050WfRcvtPwmIY/AAAAOpMTaXM2
amY2tEHDOzep9HfT5D9snLJ/eJd8Bx6VojrunS4/C5BbtlPlf7xcu6+bWN/4N5KJfBR7Pgca/gAA
AEg0J/rfPT1PjIKfvK3d109U+QNXyS3bmcL6tU+XDgDBj5Zr91VjVVP010g3n/q+/XI42w8AAIDU
iYwckBwTuUIg11XNkse066qxCq5dkeLata7LBoCa159Q8awz5VaVSvX5SnI42Q8AAIAuwzRqnhoZ
mapSFd/2bdW+8UxK69WarhcAXFcVj9yg8vuukFy3fqET2/EKAAAA6Eocp/6agCQ3rLL/+5Eq5t/a
qD3bdXSpAGBqKlTyi7NVvfhPqa4KAAAAsE+qX/qjSn5xtkxtVaqrEqPLBAB35yYVX3eiAh8Upboq
AAAAQKcIfFCk4hsK5e7clOqqRHWJABDe+oV2XXuiQtvWRxYY0/oGAAAAQJdnZGQU+vIz7bpuosJb
v0h1hSR1gQBgqstVcud3ZRoP9qW/PwAAALo9J3qXYVNZEmnzVpenulIpDgCuq5JfX6DwtoY0RMMf
AAAAPUvD4ODwti9U+psLU97bJaUBoPzh6xT8aHkqqwAAAAAkTWDNG6p49MaU1iFlAaDm9SdU8+rD
qTo8AAAAkBLVi/+kmiWPpez4KQkAwY+Wq/yBn6Ti0AAAAEDKlf9phoJr30nJsZMfAIJ1Kv3dtC55
UwQAAAAgKVxXpXf/QArWJf3QSQ8AVS/cK7d8l6Iz/gAAAAC2MUZu8VeqWvRA0g+d1ABgKktV9dw9
9Y+Y8QcAAACWqp/2vuq538tUlib10EkNAJVP3SlTVy3O/gMAAMB6xshUl6tywV1JPWzSAoC7c5Oq
/9Ew6w9n/wH0LOmjJzVb1uvUHyr/l/+UJ7tfCmrUvXjy9lf2Zf8n/0EFLa/k9av31J8qb/Yi5d/x
9+RVDgASpf4qQPUrf1Z4x8akHTZpAaD8sdsjA39TfOMDAOhsmd/+H+Xe+KSyf3xvdFnGCecqa/qd
8h8yVrm3PCNP7oAU1rDrcvwZ6v3d69X398vV61vT5PTOjrueJ3+g+t5VpD4XzVba4RPkP2yc/IeN
S3JtASARjBQOqfKvv0jaEZMSAELrV6vurecjDxzO/gPoOXp9a5qypt8peX3qdfLFyr7iPmWccK6y
L/+DHH+GJMn/tdHKvuzeNvZkn4yJ56vvPW+qz/k3y5PVV5Lk+NLjrtvn/FvkG3Z47PbHnJHwOgJA
4kXaxrX/XqDQpo+ScsSkBICql+dG/uDsP4AexJO3v7Iu/oXk9UeXpY85VW75LpmKPQO6TKBW1S8n
f5aHrq73mVfIu/9BsQv9aXHX9R80qtmytKO/lYhqAUDy1beRqxvazAmWlABQ9/4/knEYAEgqt2Sb
yh++XiZQK0kyoYAqHrxGgdWvq+SX5yr01WdSOKSKR29S4IOlKa5t1xPauq7ZsoarJk2ZULDZMt/g
w+QfcVyn1wsAkq6+g0zd6teScjhfog8Q2vCBTPnuyAO6/wDoYWqXPiVTVars/52jyr/9RrVvvSAp
8t1XcvvpSjviRNX+e0GKa9k1hTd/IjVtv/v8cdc11eXNl9VUyNMnLwE1A4Bki7SR3V1bFNr8iXxD
Dkvo0RIeAOpWLqn/y4jZfwD0RHXv/l271nxDpqYyZrlbuoPGfyuCGz9stsxJi38FwK0qa7asZPYU
BT9/v9PrBQCpEWkrB1b9K+EBIOFdgAKrlrS9EgB0c00b/2hbcO0Kybgxyxx//EHApqr5TXJo/APo
UeqHytYloe2c0ABg6qoV+Hh5/SPO/gOwV8bE85V51pWprkaX4pbuUHj31tiFvviDgN0k3yUTAJKu
vqt8YM1yKRRI6KESGgAC/y2qn/s/kUcBgK7Lkz9QuTf8VTk/mStvvyGprk6XE96+PuZxi1cAKouT
UR0ASC1jpFBAgf8mduKIhAaA0MY1kiTjkAAA2Cdt1DeV/8t/Kn3s5PolfBc2Ff7qs5jHTgvTgLoV
TQIA00oD6MGC9W3oREnoIGC3IjL7j8P4XwAWyv7xH+TtN2jPAjc5jdbe371e4S8/VW3DDRgTLK3g
ZKUXnCzf0JHyZPeVvH65pTsU/Oxd1RT9VeGvPm9x29DmtbELWrgRmFu2s8mC8L5WGwC6rIY2dKIk
NgCU7Urk7gGgSzPVZZIGNV6S0ON5eucq57q/KO2IE1S9eG6HAoD/sHEKfvJ2m+s5vfqo95lXKuPE
78m7/4HNVxhymNKOPFGZZ16umlceVOWTd8oEa5ut1nQgr5PWQgAo2R7z2DQZPAwAPYlbntg2dFKu
AACATdIKTlaf82+Wb+jI2CcS2W3F61fuzU/Lf+ixkiI3ydobjj9D2Vfer/Rjz9DuK49WeNeWFtdN
G/0tZf/wruZ38W1hv5ln/UTe/Yar9Lf/r9nzwXUrZQK10ek/WxoDEN65OXaBSwAA0APV95iJ3kMr
QRI6BsCNVp7+PwB6PiczW9lX3Ke8m56W/+AxzVdI4Fnr3lN+Em38S5Jv8KF7tX3O9X9Rxviz5fjS
lH7clBbX8x9yjHKvmd+uxn9j6ceeqd5nX9P8iXBQ4R0b9jxuqQtQ+S6ZYN2eBVwBANAT1Z8nSvQV
gMQGgGgXIAZrAejZ/AcfrfxfL1Gvky6UvPEvrpoEXgHwH1QQ89iTt3+7G+mZp/1I6aMnRR+nH3VS
y+ue/r9yMnq3+LyprYr8cMV5rb1OuSTuNuFtewKA08KdgKUmdwPmCgCAHqn+jsDd+gpA2Y7IHw5X
AAD0XOnfOE25ty2U74CvxywP79oS2xBOYAAIbf44doHjKG3k8e3aNv0bp8U89o84Tk5mdtx1Pdn9
YxcYo8Dq11X+p6u1839GaMdFg7TzkoNVfOM3ozPBNfD2GxQ3lMQMEm7hPgCSZGoq9jxgEDCAnqh+
5sxuHQCchi9ypmsD0EP5DxunnJ8+JE/v3MgCYxT48A2V3T1duy47QuHdX+3T/j25A5R16e+Ue+1j
6jVpeovrVb/yoNwmd8v1HXhU+w7SpN+9k9FbvU44L+6q8YKGCdSotuhJucV7buoVXLdSFY/d1mx7
T1Z+831++eme3bVw9USS3Kqy6N8MAgbQIzU0mRP8HZfQAODJGZDI3QNAymVd/HM5vfpIkkKbP1HJ
L89VyawzozPwhJs2mPdS9v/+nzJPu1Tp485Sr5O+3+J6bvku1fzrsZhlTa9ItCS0/oNmy9K+cWrc
dasX3afgF6sVWv/f6LL0sZOVc/1fJG9s9x23ZFvMYxOsVWjDh82Pv/mTPQ+83hbrGdMFiAAAoAfz
5Ca2DZ3YAJBXX3l6AAHogfwjjpP/62MlSbVLn9Lua09QYOW/YtYJbmjeuG6vtFHfjOmeU/P6k62u
X/Xs72LOwnsHDG3XcWqKnpDCwdhjH3ZcNNg0Ft6xScXXT1TxzDMU+GDPnSrTR09S7tUPx6ybfszp
MY8Dq4viTgUaWv/fPcf3tBIAGl0BUJguQAB6Lk/ufondf0J33nAFgB5AAHqgXoUXRMY41fdH9+Y1
/8IOfvJOh/ff+ztXR8dQucVbVfPa462ub6rLVf33h6KPPTn9W1l7j9CGD1X79osxy5xefZRx7Jmt
Hqv0l99T4MM3osvSx52l7P/5vSTJN3SkMk+/bM/6gVpVPT8n/r6CtQrXz/PvOC3/LLmVJY0ecAUA
QA9Uf9LcE+f3pDMlNgDktu/HBwC6o7SG2XI8XmVMPF99731Xubc8oz7n3ai0USfJ0ztXgf8WydRW
SZIcT/u/cjNOOE9ph0+IPq5Z9rdmZ+njqX7pPoV3fSlJMu1Yv0Hlk3fEnmGXlHZUYavbmGCtyu6e
ptCWPV14ep1yiXJ++qDybl0oT1bf6PKqhXe3eoMxt5X7DkTXqdwzxoExAAB6svaewOmohN4IjDEA
AHoq39CR8vYfErPMSctQ+uhJSh89Sb0lyRiZuuroTa7SxpyqXl99rtrlz8rUVMbdr7fvAep1yiXK
PP3HMTOoefcb3upder39Bst/+ASljRwfvZtuzOw6bQhvW6+qF/+gPhfcGl3mP+w4pY08XoGP3mxx
O7eiWGVzfqS8mS9EB/hmnHBuzDrVL89V1YLfxt3ekz9QGeOmRPu7NoSleCJ3Vm44MF2AAPRARpIj
eRPcBSihAcCb4AEMAJAqbsk2ucVb5ckf2PJKjiMno7dMsE6OxyvfoEOUfdn/KesHv5JbtktOZpbc
HZvk1lbJScuQJ7ufvP0Gxe0Hn3HcFGUcN0Vu8TaZmnI5vXMV3rFBTma2PDkD5OmT12zK5brVr+/V
a6p69ndKHztZ/oOPlhQZQ5D388UK79gkE6iWCdTJVBRLHo/k8crxp8nplS1PVr48fXLj79QYpR97
ptKOnChTWyETCsnTO1tORh/JGHn7D44ZPNzaHYjdikZdgLgCAKAHi46jTZDEXgEgAADoodyKYpX+
+gJlX/mAfENHtLpu9aL7I/356znpmdEBup4+eXt1XE/+/pL2j/zdynesqalQzT8e2at9S1LlE7OV
d9vCmBDS3sHEcTlOJNRoULtWD6z5d4vPmcriPQ+4AgCgB+vWg4D9h0Rmx+BGYAB6ouAXq7T7uhNV
teC3civi37Ql+Ol/VLXw7la7trR1jI6oW/Gy3NIde71d4IOlqvvP4g4dU5JMsE4mWNehbcPbN7R6
bLds557jEAAA9ET1beaGK7GJkuBpQPffcyMabgYGoCcKB1X51J3adfkoVcy7SXXv/j3SZaa+EVy9
6H6ZmkpVv/pwGztqLrDm3yq+vlBVC34rEwq0axtTXa7qRferYt7Ne328BnXv/3OvtzF11apd+pSK
rztRJbOnKLhu5V7vo3rR/a0+H24caJgFCECPE2kr+742OuFXABLaBUiSMsZOVmWjG8YAQE9kaipV
vegBVS96ILrMO2CYwjs2SpIq/3K73NLt6nXShfINGdHilVG3olihLWsVWLVE1YvnRrZ96k7VrVqi
PufeIP/I4+U0uXOvqalUaOOHqnv3FdUUPdmhM/+NZUw4J7LfqjK5ZTvlPeDgOC/YyC3ZpuDGDxVY
+S/VvvGM3Io9XXSKbzhJ6aMnKaPwAvkPPjoyYLqFOf7dit2qWfK4ql/5c6v1cnduiZxMchxOKgHo
sTKOOSPhx3A2bdxohgzdh/6dbQht+EC7rz0hYfsHgO7GN3SE0gtOlv/QcQp+sUrh7RvkVpYovGVt
q4NgpchsPxnjz5Fv2OGqW/2awts3tDq95t5KP/ZM5V77mOQ4qlv5T5Xeea78h41T2lEnyfH5Fd76
udzKEgXXrYq56VhbPNn95D/4aDlZ+fINPlSeXn0idxTe8mnkakE7pyztdfLFCu/YqNCGD2ICBwD0
FH3veStyoigBNm/apCFDhyY+AEjSrstHRc6CNZy5AQB0Ob4Dvq682S/JkxcZZFz51C9VteCuFNcK
ACxQ30b29h+qfg8krudMQwBI6BiABuljv13/F41/AOiK/COOU+5tC6ONfxOsVW3RX1NcKwCwS/px
U5JynOQEgGNOj/xB+x8AWuTd/0A5vfrELus3WHm3P9/mVKOS1HvKVdGbcTWWdvgEeXrHn6ffP+I4
5fxkrvJufz7mxmZ17/69ze5IAIBOUt9DJmPs5KQcLuGDgCUpbeQE+YaMUGjzx4re4gwAEOUdMFR5
Nz+j8M7NKv31BTLBWnmy8pVz/ePyH1Sg3BufVumvv6fQpo/jbt/nolnqPXWG0o85XSV3nitTXS5J
8g0+VHm3Py9JChdvlakur787cS95+g6UJ6tvs32Z6nJVPjE7cS8WALBHffcf34FHyT/iuKQcMilX
AOQ4yrq0oR8pjX8AaMzbb7Byb/6bvAccrLRRJyn3xiflHTBMubc9J/9BBZF1BgxV7o1PNbtCIEm9
z71Bvaf8VJLkP/RY5d36rDzZ/SRJvoMKImeWvD55+w+Rb9jh8h8yVr7hR8Rt/CscUsWjNyq8bX3i
XjAAYI/6s//Z//P7pB0yOQFAUtrhJyj96FPqHzF9GwA0yL7qT/INPiz6OG3USUo/ZrIcX1rMeoGP
3pSpqYxZ1uuk76vPeTfETLDgP2Ssep9zrSSpdtnTKvvj5XKrStushwkFVPnXn6vmdfr+A0BS1E9p
nH7M6fJ//RtJO2zSAoAkZf3gV5LHI64CAMAeVc/cFTOlZd3bL6p60QMqvfMcBT9/T5IU+PgtVTz4
s2bb1q16TaENH8YsC23+JGb2ntplT6vkllMV+GBZi3UIb12nsnsuUdUL9+7rywEAtJfjSB6Psi6+
I6mH9V599dWzcnJyknIwT1a+3JLtCq1byZSgAFAvvGOjgh+/qbRR31Toi9Uqu3uaFA7J1FSo9o1n
JK9flQ9d2+zsvySZ2krVvfOS0g49Rt5+gxXetUVlv/qewru/jFnPLd+t2qVPKrxtvby5A+T40uQW
b1Vw7QrVvDxXZff/ROHNnyTrJQMA6tvCmaf9SBknnpeUQ5aXlSknJyc59wFozFSWauf/jpSpq07a
MQGgO/AOGCq3ojhuQ78tjj9DWdPvVPU/5ym04YME1A4A0NmcXlnqP/cDOS3M1NbZknofgMacPrnK
+cncZB8WALq88I5NHWr8S5F5+8sfvIbGPwB0IzkzHkpa47+xpAcASUofd5b6XHBrKg4NAAAApFyf
i2YpfcypKTl2SgKAJPU+51plTPhuqg4PAAAApETGhO+q99QZKTt+ygKAJOX8ZK78h4xNZRUAAACA
pPEfMjbl3eFTGgDk9Snv5mfk3W+4JMkY7g8AAACAnqWhiesdeJDybn5G8vpSWp/UBgBFBgXn3bJA
Tu8cOY5Tf48wggAAAAC6OyMjI8eRnD55yrt5gZw+yR/021TKA4AkeQ84WP1+94Z8g75ef48w7g8A
AACA7s6RI0e+QV9Xv98ulXfgQamukKQuEgAkydN/qPJ/U6S0IwtTXRUAAACgU6QdPUn5vymSp3/y
7rvVli4TACTJyeitvNsWKvPMK1NdFQAAAGCfZJ55pfJu+pucjN6prkqMLhUAJEkej7Km3aGcnz4o
ebyRZYZOQQAAAOi6HEV6/EuS4/Mr56cPKmvaHZLT9VqxXS8A1Ms44Vzl/+KVyEAJZ88bCgAAAHQ1
RibS479PrvLv/IcyTjg31VVqUZcNAJLkP/QY9f/jSmWe9RPJnxFZaOrDAFOGAgAAIGUi7dHoSWp/
hjKnXKX+f1wp39dGp7ZqbXA2bdxohgztOoMSWuKWbFPlgt+q5l/zpXBI0p6kJSP6CAEAACCxjCTH
1P+/vvHp9Slz0nT1PvcGeXL6p7J2bdq8aZOGDB3afQJAA3fXZlU+/WvVLH1Scl1JkYsBjiKfA9cF
AAAA0Nka2pjRc84ej3pNvEB9vnejPP2GpKhWe6fbBoAGpny3ale8pLr3/qG6VUukYF1kef2NxDyS
jLPnQzKmISBwqQAAAAANIq3DhrZiZEkDJ2a5/BlKL/im0secooxjzpST3Tfptd0X3T4AxAgFVPff
ItX9Z7Hq3ntVbvHWVNcIAAAAPYAn/wClf+NUpX/j20o/qlDypaW6Sh3WEAB8qa5Ip/ClKf3oU5R+
9CmSIlcHwjs3RcqOTQrv3FxfIn+b6vIUVxgAAABdgZOZI2//IZEyYOiev/sPk7f/kG53lr89ekYA
aMLJ7itfdt8uPwIbAAAASLYuPQ0oAAAAgM5FAAAAAAAsQgAAAAAALEIAAAAAACxCAAAAAAAsQgAA
AAAALEIAAAAAACxCAAAAAAAsQgAAAAAALEIAAAAAACxCAAAAAAAsQgAAAAAALEIAAAAAACxCAAAA
AAAsQgAAAAAALEIAAAAAACxCAAAAAAAsQgAAAAAALEIAAAAAACxCAAAAAAAsQgAAAAAALEIAAAAA
ACxCAAAAAAAsQgAAAAAALEIAAAAAACxCAAAAAAAsQgAAAAAALEIAAAAAACxCAAAAAAAsQgAAAAAA
LEIAAAAAACxCAAAAAAAsQgAAAAAALEIAAAAAACxCAAAAAAAsQgAAAAAALEIAAAAAACxCAAAAAAAs
QgAAAAAALEIAAAAAACxCAAAAAAAsQgAAAAAALEIAAAAAACxCAAAAAAAs4kt1BTpbeUh6uzikL2tc
batztbXWaFutq621rrbWRf6uCqe6lgAAAOgKenulgRkeHZDh0X7pjgZmeDQww9H+GR4NyvDo2Hyf
sntYi7lHvJwPy10t3h7Uy9uCerM4pJBJdY0AAADQHVSFpc+rXH1e5cZ93u9IE/r6NHk/v07f368R
Wd2/A023DAA1YWnJzmC00b+phhY/AAAAOl/QSK/vCun1XSFdt6ZGwzM90TBwUj+fenlTXcO9160C
QNBI966r0x1ra1UapNEPAACA5NpQ7er+9XW6f32d8vyOZh6WoSsOSpfPSXXN2q/bXMNY+FVQI/5V
rms/rKHxDwAAgJQrCRrN+KBGhy8p14vbgqmuTrt1+QDwYbmrcUsrdM6KKq1roW8WAAAAkCqfVrqa
8naVCt+o1JqKrt9e7dIB4K7P6jTqtXK9U8K0PQAAAOjalu4OadSSct27ri7VVWlVlwwAda50zjtV
umFNjbp+hgIAAAAiwpJ++kGNLnq3WoEu2pDtcgFga63RsUUVWri1+/SjAgAAABp7YktAE5ZVaEdd
1xu72qUCwHulYY16rVyry+nyAwAAgO7tP6VhjX69XP/pYt3Zu0wA+MvmgI5fWqGdga6XkgAAAICO
+KrWaMKyCj2xOZDqqkR1iQBw28e1uvi9atH2BwAAQE8TMNJF71Xr1o9qU10VSV0gADy6MaA71naN
NwMAAABIlDs/rdVDG1N/JSClAWDprpB+tLI6lVUAAAAAkuayldVaXpzaMQEpCwAbql2d9XalutaQ
CAAAACBxwpLOfKtS66tTN0doSgJAeUg6ZXmlykOpODoAAACQOiVBo9PerFRlitrCSQ8AYSOd9Val
PqvqondGAAAAABLs00pX311RmZKb3iY9AMz4oEZLd3PqHwAAAHZ7dUdI135Qk/TjJjUA/Ht3SH/8
oi6ZhwQAAAC6rHvW1WlFkm8UltQAcHUKEg4AAADQlV33YXLbyEkLAIu3h/RuKXP+AAAAAI0t2x3S
v3Ymr4t80gLAjWuY7x8AAACI55aPkncVICkB4NmvgvqgnFl/AAAAgHhWlIT10rZgUo6V8ADgKrmJ
BgAAAOiOrk/SWICEB4Blu0JaW8nZfwAAAKA1n1S6Wl6c+DGzCQ8AybqUAQCw04yvpWvNyVkqOT1H
a7+VrZmHZaS6SgDQYS9tDST8GL5EH2DhVwQAAIl1+YHpuuXQ9JhlB2REzm98Vbv3VyC/959q/Zsb
FnYLlx2YrnuO7BV9nOt3NOuwDDmSZn1Sm7qKAUAHvbg1qF8f3qvtFfdBQgPA2kpXG6rp/gMgsbJ8
exr8TbW0vDXpSb9HOjrqe4P8cZd/d5CfAACgW/q40tX6alcHZibuxyihP3MvbeXsPwAgcTxOC8uT
Ww0A6FTPJ7gHTWIDAP3/AQAJ9EILJ5pe2kYXLgDdV6Lb0AnrAlQekpbThxZAitWGzV5v4+79JkiR
339epz4+R5cMTdP+GR7tCrh6ektQt37M9NMAuq9lu0IqCxrl+Fu4zLmPEhYA3isNKfGTGAFAy9ZV
uTr4n+WprgYS7Oef1Orn9PcH0IOEJa0qC2tiv8Q01RPWBWhrB2beAAAAACB9VZu4y9EJuwLwVQ3X
0AF0b+P7+pTf5PJrrWv0zx2R7o190xxdOixNI7K8SvdEZm5o7Uz0wb09+tYAvw7P8ijX7yjd46g4
aLSjztVrO0Mq2tV2t8lv9veptze2TiVBEzNt6agcr74z0K8hvTzK8jkqCxl9UB7Wwq+C2lLTsZMz
397PrxP6etUvzaP8NEd1rtGXNUb/KQ3ppW1B1Xbgkm9nvB+H9PHo0D7eZss317haVdZ6pfwe6Zv9
fJrQ16cDMjzK9juqDhvtqjPaUO3qua0df78AYF8l8mR6wgLA1jq+NAF0b787PEPj8mO/JkuCRvkv
l+n/DUnTnCN7KT9tT2P8q9r4AeDsA/z66dfSNT7fJ28L3TlvOzTSaP3ThoDuXNtyiHh4dKaGN5ka
bk1FWEcsqdCYXK9+e0QvFfbzKd5h7hyRoT9vCOiadt5qPsMr3XxIhi4dlqaBLU6nmq6ddUYPb6zT
7Z/UKtiOr/7OfD8uGpKm2w5tfuOvv2wO6OL3quNu4/dItx+aoWlD0zSkV8sXwu8+opdWlIR056d1
emU7k1oASK6O3MemvRJ4BYAAAKDnyfI5Om+QX48cnSlfk8Zr08HDfo/0yOhMXTgkLW6DvKkhvTy6
Y0SGzh7o1xlvV7X77E+2z9HZB/g1/+hM9WlaqUb6+Bz97OB09U93/j979x0eV3Xnf/wzM9Jo1Hsv
7r3ibtkGU0wIxVlKFkJoTkgnZbMkJJCE3V9IlsBuCiSwIYEAIQkbWqgJNbZxwb3hXiVZsnrvZeb3
h5CRNHdkSZ47M/J9v56HJ+bO6J7jIc/ofM4953t8Do57TI116LkFUZoa6z273l9qhE3fm+jSirRw
3ba9WR/WG8+8B+rzGMj4aLteWBitmXFn/nuF27ufAr22KExPFbXrc9sH/swAwJ/MfAJg4h4AlgAB
OPeE2aTHZnsP/iWpf8Gh5xdE66ZBDnZ7m5Pg0EsLoxXla3q8n9xIu56eO/Dgv7ebcp26Mcfp8/Wp
sQ79PT96UIP/3uYmOPR/86OU7DTuR6A+D18Sw216bXHMoAb/vdlt0qo8p56YE3VW7QPAUJi5B8C0
AGDmYwsACCZfZdl6B4BvjovQygzjU2prOzzaWN2pTTVdaug0/oJfmOjQDyZFDLpP/fdZiIR6AAAg
AElEQVQFDMQm6UtjfAeAR2dHKm+ApTEDmRrr0G9new+UA/15GPnJVJcmxXj/vdrd0nsVnXqioF3P
l3T4nHVblefUDQMEJwDwpxG5B6CUPQAAgiw1wqZ5CYOf7W3qkvY3DH03q0fdg+re33pfHG08UHyh
pEOf39Gsuo7ugW56hE3Pzo/WcoNSb9dnO3X3vsGXt9xa26VHj7dpc02Xwm3SBSlh+vb4CMN17gsS
HIpydG967e2rYyJ0frJ3X9we6amidv2hoF3Hm92aEefQ18c69cl070H9v2SGa36iQ1tqPv4sg/F5
9HdtlncfGjs9um5zk94s/3jDcWK4TS8tjDYsv3f7KKeePdk+7D4AwGCNyADAQToAgi0uzKYty2MH
/f4tNV1asKZhUO890uTWb4+36R/lnTrY2KUoh01ZH22UTY+wGS6fqevw9BnsSlJZm0ertjfrwCVx
iug3Th8bbdf4aLuONJ35l8Cmmi4te7+hzybcHXVdWl/dqQ3nx3otWXI5bFqW7Ogz8JWkVaOMB+r3
H27VPb0G3ydb3Pp7WYdeXBitqzP7hgCHTboh26ktNd2bjYPxefQ3I86htAjvpyRvlXd6fQY1HR7d
+WGL4f93ZsUPbfkQAAzXMM6xHDTTAkB6hF3HmnkKAODc09Ll0aI1Dapq//jbuc7tUV1H94x3uN2m
Bw63ef1cRZu7z2C3x4lmt442dRkOkifEOAY14P3Ohy2GFXi21HRpd12X5hg8Ccnu92RgRpxDcw3e
V9Ph0X/4KG967/5WfSojXPZ+Y+uZvQbKwfg8+kvwsWzL5WM8v7W2S48XtMvZL4T4WKEEAH6X4bP6
2tkzLwC4bDpGwQQA56D7D7f1Gfz3d7LFrbv2Dq7UZo8mHyXvYwb5LV05QH/K2tySvEe68f0eC1yU
alw+dENVp8/ynnvqu1Ta5j799KNHSq+NwMH4PPo70NilTo+8noSsSA3X3RNdevCIdwnT23fwSwxA
8GQYPLX0F9MCQEaEXd0HGQPAuWXPGQ6Y8mV6nEMLEh0aF21XjMOm6DDb6Tr48xONp6L98fXf7mPw
3n92e7qP6jhnOlBrwtsNXvX8B/PoOpCfR0Vb92Fp/fcWhNu7Nwd/baxTayq7NyK/Vd45rL0gAOBP
6f3XQfqRiUuAzEstADBYvU/IPZP9Df5ftpjpsuuuCRG6IiNc46PN+zL3h/6nHveoNlim01v/jcQD
Cebncfe+Vr2VH21YLjXLZddncpz6TE73pu6CZrfWVnXqz0XtXnsEACAQRugSoND+RQfg3He0ya1l
7zcGrf2bcp36xYzIPsthQlmsj3MEas8QAAYr2J/HxupO3bStWb8/L2rAPtgkjY6ya3SUU7fkOvVB
dad+dKBVbxMEAARQhsu870rTRuk8AQBgZZ/JcerxAQaaLV0enWp1q6il+59Q4KsX/vhFESqfx8un
OjR/dYOeKWof9JOLRUlhenVRjL485uzOIQCAocgYmUuAeAIAwJpiw2x6cLrLa4291F2a86cHW/Va
WYdaey0z33xBrM9174Hi6xCuxLOcsQ+1z+NEs1s3b2vW9/badW12uC5ODVN+UtiATwUi7NLDMyNV
3OLWq6UdpvQLAHpLN/EJgGkBYFGSabcGgJB2Q064sg2WQR5sdOvCdY2GpS9DQYWPAxx97Q0YrFD9
PIpb3XroaJseOtpdonR5SphWpIVpZUa44YboMJv07fERBAAAATE/wbyxtGl3znLZNDPOod31VFIA
YC35PiZAnj3Z7nOwGxEC50vt8FHtZ4pBPf7enpobpdR+s+fHmty6Y3d36c9Q+DySnTavswra3erT
/urKTq2u7NQ9+1p190SX7pvq8qo6ZHSeAgD425x4hzJH4hMASVqZGU4AAGA5yT6WkpS3+Z7pnumj
BGcgvVPeaVgr//yUMMWH2wwH63mRdl2f7fQ6tXdtr+pLofB5bFseq1FRfTt5pMmtCW/XG77/p4da
9dnccK/DyOLCbHI51Ge5EgD428p+J6z7m6kL9VdmmNt5AAhFvtbSL002HtR+c1xobC493uzWmkrv
SjeJ4TY9MivS8Gf+e3qk1+Bfknb3epoQCp/HUYPTg8dG2bUizfc8WHT/ww0kNXZ6GPwDMJ3ZAcDU
JwDzEx1KcdoGPKESAM41hxqN19Jfn+1UVbtHjx5vV1W7W/MTw3RbnlPXZPn+oo/ov27FZI8cbzM8
EfjGHKfyIu16saRDp9o8yo206dNZTsONup0e6anC9tP/Hgqfx4unOnRRat9feXab9OScKN2xq0Uv
nfp4XX9smE2/mBHp9cRAknYN8xA4ABiszAibzos396mw6Tt1r8kK12Mn2s/8RgA4Rzxe0K47x0d4
HThlt0l3jI3QHWMHP8Mdd5YbcIfqxZIO/d/Jdt2Q4/R6bWlymJYmn/nXxh+L2rW19uOBcih8Hr85
1qbbRzk1u98v1SyXXS8ujNbJFreKWz1y2qXx0XbDMxE8kn5XwO8zAOa6Osv7+9ffTK/VyTIgAFZz
ssWtnx9p88u9RkUGvqTyN/a0aFPN8Ga636vo1Jd2Nve5Fiqfx6rtzSppNX4akRNp18JEh86Ld/g8
EO2ZovY+TzYAwAxmL/+RAhAALksP1xiDx6gAcC6790Crfn2sTe5BrIA80ezWL48aD5CDcTZARZtH
n9zQqFdKOzTYBZxuT/cA+brNTeowGGOHwuexs65Ln9jQpC1DDDftbunhY226ZVvzmd8MAGdhYoxd
l6SaX0rf9JG5wyY9ON148xgAnMu+vrtF12/pHnAaDXybuzx6uqhd+Wsb9diJdhntlc1PClNeEJ4C
1HR49KkPmnT9liatrepUq49Tczs93RV/rt3cpJu3NatmgJr+ofB5fFjfpQVrGvT13S3aXtulgQ4D
rmr36C8n27V8XaO+8VFJUwAw0wPTImVQf8DvbIUFBZ7cvDzTG5q/uqHPmlAAsJKpsQ4tSnIo02WX
xyMVtrj1emnHgAPmUJIaYdPfF8dobr86+Llv1utki/GymoGEyueRF2nXkuQwjY6yK9Ihtbml6naP
dtR16YNq74pIAGCW/CSH1p8fa2obRYWFys3LM38TcI9fzIjUsvcbA9UcAISUfQ1d2tcwcidBKto8
XsuB3B7pbwuj9aujbfpj0dDWxofK51HY4lbhSdb1Awi+h2dGBaytgD1XXpocpqvYEAwAI1aEvXs9
fA+7TZqb4NBTc6P01TGhcZYBAIxEV2eGB/Sk8YAuLH1wemRgGwQA+M3M9xqU8fc6/a5faWebpK+N
Nb9sHQCcixyS7p8W2P2yAR2PT4qxa9UofkkAwEhV0+HRI8e9K/Rku5jeAYDhuH20UxNjAvsdGvBv
7J/PiNKEaH5RAMBIlBhu0z2TXF7Xa0fIZmYACCWTY+x6YHrg1v73CPhIPC5MemtJjFKcgT3dEgBw
du6aEKHyy+N1XZb3fq43y6mYAwBDkR5h0ztLYxUXsJI8HwvKVPzoKLv+nh+jCB4EAMCIYnRI7o66
Lt29jzr5ADBYkXbp7SUxynYFZ0I8aEPweQkO/WletHgOAAAjQ2O/qp1lbR796mibLlzXqKp2lgAB
wGDYJT2/MEYz4gJ/0nuPIDx0+Ni1WeF6YFqkvrOXmSMACHWbqjv1k4Otqu7waFddl96tYNkPAAzV
o7OjdHl6UIfgwQ0AknTnhAhVtrv1s8PeVSUAAKFja20XJ7oDwFn4wSSXvjg6+BUxQ2IV/v3TIvXE
eVGGa0sBAACAkSzMJj1xXpR+PMW7ilowhEQAkKRVo5xasyxWieGkAAAAAJwbkp02rVkWG1JnYYVM
AJCk/CSHtl8Yq8kBPgwBAAAA8LfJMXbtuDBO+UnB2/BrJORG2qOj7NqyPE6XpAZ9ewIAAAAwLJen
h2nL8jjlRobe6paQCwCSFPPRYWFPzolSVpDqowIAAABDleOy6ak5UXptcYxiQnQ+OyQDgCTZJN2a
59ThFfG6d7JLUaH15AQAAAA4Ldoh/cdklw5fGq9b8pwhfdZVyAaAHlEffZhHVsTr5tzQ/jABAABg
LT2T1kcv7Z60doX86HoEBIAemS6bnp4bpS3LY7UkxDZSAAAAwHoWJjq0+6I4PTknSukRI2eaOkRX
Jvk2N8GhdefH6sN6t14tbdcrpzq0uaZL7mB3DAAAAOc0u6SFSQ5dlRGulZlOTYsdMXPpfYy4ANBj
epxd0+Nc+v5ElyrbPXr1VIdeKe3Q2+UdauKgSgAAAPhBtEO6NC1cV2WE66rMcKU4R85Mvy8jNgD0
luK0adUop1aNcsotqbjFo8IWtwqb3SpscauguavXn92q7wx2jwEAABAK4sOkvCi7RkU5lBdpV16U
XXmRdo366H+zIm0jZ838IJ0TAaA3u6TcSJtyIx3sFQAAAAD6OdcCDQAAAIABEAAAAAAACyEAAAAA
ABZCAAAAAAAshAAAAAAAWAgBAAAAALAQAgAAAABgIQQAAAAAwEIIAAAAAICFEAAAAAAACyEAAAAA
ABZCAAAAAAAshAAAAAAAWAgBAAAAALAQAgAAAABgIQQAAAAAwEIIAAAAAICFEAAAAAAACyEAAAAA
ABZCAAAAAAAshAAAAAAAWAgBAAAAALAQAgAAAABgIQQAAAAAwEIIAAAAAICFEAAAAAAACyEAAAAA
ABZCAAAAAAAshAAAAAAAWAgBAAAAALAQAgAAAABgIQQAAAAAwEIIAAAAAICFEAAAAAAACyEAAAAA
ABZCAAAAAAAshAAAAAAAWAgBAAAAALAQAgAAAABgIQQAAAAAwEIIAAAAAICFEAAAAAAACyEAAAAA
ABYSFuwO+FtTS6f2HatVRU2rquvbVFXb879tqqprU3Vdm1rbu4LdTQAAAIQAl9Oh5IQIJSe4lBTn
VHK8S8nxEUqKj1BKoktTxyQoOvLcGjKfE3+bY8UN+mBPhTbuLtfeIzXqcnuC3SUAAACMAK3tXSou
b1ZxebPh6w6HTTPHJ2nRzFQtnpmmUZkxAe6h/9kKCwo8uXl5we7HkLS1u7Vtf6U+2FOujbvLVV7d
GuwuAQAAwAIykiO1aGaaFs9M03mTkhXhHDkr6osKC5WblzeyAkBnl0cvvHNCT792WI0tncHuDgAA
ACwsJipMq1ZO1NUXjpLDYQt2d85oxAWAtdtL9ehzB1RSYfx4BgAAAAiGnPRoffXTk7VkdnqwuzKg
ngAQ8nsAjhU36IEn92j/8dpgdwUAAADwcrKsSXf/eptmTUzSv900XWOyQnufQEgvWvrzP47pc//x
PoN/AAAAhLxdh6r1uXvX6vl3TgS7KwMKyScA7Z1u/fixnVq7vTTYXQEAAAAGze2RHn52n/Yfr9X3
Vs1UeFjozbeHXACoqmvTd36xWUdPNgS7KwAAAMCwvLOpRCfLmnT/N+YrMc4Z7O70EVKR5GBBnVbd
+z6DfwAAAIx4B07U6fP/+b4OHK8Ldlf6CJkA8ObGYn31pxtU19ge7K4AAAAAflFV16av3b9Bb39Q
EuyunBYSS4B+/7dD+uNrR4LdDQAAAMDvOrs8uu/3O1VwqlG3Xz0x2N0J/hOAN9adZPAPAACAc94f
Xz+i194vCnY3ghsAdh6s1oNP7Q5mFwAAAICA+Z+n92jPkZqg9iFoAeBUZYu+//BWuT3B6gEAAAAQ
WG6P9L2HtuhUZUvQ+hCUANDU0qk7f75Jza2dwWgeAAAACJrG5k7d+YvNamnrCkr7AQ8AXW6Pvv/w
Vp0sbw500wAAAEBIOFnWpB8+si0oq2ECHgAefnafdh2qDnSzAAAAQEjZsrdSj/x1f8DbDWgA2H24
Ri+9VxDIJgEAAICQ9dzbx7X/eG1A2wxoAPj1s/sC2RwAAAAQ8h557kBA2wtYAPhgT4UOFoTWMcgA
AABAsO0+VK2t+yoD1l7AAsBvnw9ssgEAAABGit+9dDBgbQUkAKzZVqpjxQ2BaAoAAAAYcQ4cr9P6
XeUBacv0AOD2SL97MXCJBgAAABiJ/ve5wFQECjO7gV2HqlRU1mR2MwAAP1k6O12LZ6V5Xd93rFav
v18UhB4BgDUUljZpz5EazRifaGo7pgeADTsD8ygDAOAfE0fH68pluV7XnWH2gAaAT68YrSuX5Skl
IUI1De16Z1OJnnzlcMDaB4Bg2LCzbOQHgLXbS81uAgDOmjPcrsfvXaq8jJg+1ytrW3XXr7bqSFF9
kHpmTZ9anqc7rp96+t9josK1auUE2ST9gRAA4By2fle5vnTdZFPbMHUPQGFpk0qrWsxsAgD84tJF
2V6Df0lKSXDp8qU5QeiRtV00P9Pw+gXzjK8DwLmi4FSjTlWaO342NQBs2FVm5u0BwG8u9DHglKQl
s9ID2BNIks1mM7xuN74MAOeU93eYu4LG1AAQqFJGAHA20pMiNWtiks/XM1Iidf6cjAD2COt2Gk8g
beD3CgALMHsPrWkBoKmlUx8erjbr9gDgN1csy1F42MBfh5cszApQbyBJf33ruJ54+bDKqlrU0elW
ZU2r/vrWcf0+gAflAECw7DpUpcaWTtPub9om4IMFdXJ7zLo7APjP0vPOPLs/f1qKYqPC1dDcEYAe
QZKeevWwnnqVDb8ArMftkY4U1mv2JN9Pp8+GaU8AquvazLo1APjNjAmJGpsde8b3RbnC2AwMAAiY
ytpW0+5t2hMAMzsNAP5yWX6O+u83dbs9am3vUpSr71fkBXMz9H9vHT/jPedMTpYrwtHnWkNzh/Yc
rjn97+Nz47TsvHSlJUUqyuVQY0unjp1s0NrtpaqoGfr355jsWJ0/J0NpSS7FRIaprrFDpyqb9dbG
YlV9NCEzbVyi4mPC+/arqUN7jtQY3XLYstOiNG9qikZnxSomKkzOMLvqmzpU09Cu7furtPNg1Rnv
kZserdyMaK/r5dWtZyzJGuawac7kFM2YkKiUBJeiIsPU1talusZ2napq0fvD/IwBIJCqTJxMNy0A
VNXyBABAaAtz2JQ/0/vE28OF9TpR0qhP5Gf3uT5lTILG5sTq2MmGAe97120zlZES2efa8ZJG3faj
tZo0Kl5f+fRkzZ6U7BU8JOkL10zSq2sK9Zu/Du44+Al5cbrj+imaOTFJdoMbrlo5Qf/YUKxf/98+
fevGqZo4Kr7P6/uO1eorP90wqLbO5Pw5GbruktGaMT5Rdh/lem69crzKq1v1yppC/fH1Iz7vtWJx
tm69crzX9bc2Fusnj+8y/Jkwh023XjVBl+XnKC3J5fPeX/vXKdp/vFZ/fP2INu2pOMPfCgCCo4on
AADgfxfNz1JSfITX9c17K3TwRJ1XALDbbbpiaa4efnbfkNuKdoXp/DkZuvvzsxTZ7+lAb5ERDv3r
pWOUEOv0OdD9uP+Zuuu2mV5PG3qLcDr0qeV5Gp0Vo8Q477+rP4Q5bLpr1UytWJhtGGr6S0ty6far
J+r8Oen63kNb/TLLlZ0WpR9/da7G5Zx5OVeYw6YZ4xN1/zfm6c0Nxbr/D7vPun0A8DcznwCYtgfA
zE4DgD9ctMC79r/b49E7m0r0/o4yw++xJbO9nxgMRlqSS/ecYfDf24pF2QNWHpo/LeWMg//eZk1M
Umqi71nxs/H/vjJHly4a3OC/t4mj4nXf1+bK5Rzc38GX2Khw3f+N+YMa/Pdmt9n0ySU5+t6qmWfV
PgCYwczJdPMCAE8AAISw5PgIzZmc7HX9aFGDTpQ0SpK27/deq56ZEqWls4d3MNhgB+uSZLNJKy/I
M3wtzGHTHddPHdL9zHLdJaO1xMfn0djcob1Ha7TvWK2aW43L2U0dm6CbDZb6DMUXrpmkPIP9Ah2d
bm0/UKU31p3U6m2lPiemPrkkRxcvoMwrgNBi5nJ68/YA8AQAQAi7fGmuIgxmnrfs/XhN+LodpVqx
yHtguGJRls+Dqs7k4Ik6/W11gfYfr1OYw6bZk5L0ryvGGq5ZnzImQS6nQ63tXX2uX3vxaI3OijG8
f0lFs55/54R2HaqWzSZNH5eolRfkaewQZ8cH66rzjUPKmm2l+tmTu9X0UR3rxLgI/ceXZmv2JO/Q
ddH8TP3uxeHX9z9/rncZ15a2Lv3oke3a3Ou/Z2xUuO772lzDsnpXLMvVu5tLht0HAPC3EbkEyMMZ
AABC2LI53rPWHo/07uZTp/999bZS1dR7fwHPn5aq6Mihz5/sO1arr/7XBr2x7qSOFzfocGG9nnv7
hH74yDZ1GRyc4gy3a+YE78Gqr9nqk2VNuuP+jXrh3RM6UlSvw4X1eumfBfrKTzeYcn5BYlyEYRBp
aunsM/iXpJr6Nv3XH3aro9Pt9f6s1Chlp0UNqw9jc2KVGOv0ur5lb0Wfwb/UXYnpkeeMN1ePzzUn
IAHAcLlNPFDLtCcAiXFOnapsMev2ADBsk0bHa2JevNf1Y8UNXiUmtx+o8hpwR0d2nwnw3NsnhtTu
o88dUGeX9xf6gRN1OlpU71WhR5JSEvtu3M1IiTR8X8/9jWaMWtu79IeXD+sbn5k6pP6eSZjDpr/8
45jX9dqG9j6D/x6llS0qLm82DA056dEqLm8ech9iIsMNrzvDjZdHHTxRp9ffL/I6+dkogAFAMBkV
qfAX0wJAUlwEAQBASLp8iXftf6nv8p8e63aUGc64XzAnc8gBoK6x3edrNfXGr/Uf4J7no3xoYWnT
gMuSqg2eZJytippW/e/zB4b0M/2XM/WIjBjer6PC0kZ1uT1y9Cs7Om9qim66Ypye/ccxr9D1wFN7
htUWAATSyAwAJnYaAM5G/izj5T/v9Vr+02Pt9lLVNbYrPqbvMpOp4xI0Oivm9Ibhs9XR5b00RpLC
+s1U+1r7f6igzi/98Icx2bGaMiZe2anRinQ55HI6Tp8LMHm08dOLoVYQ6lHb0K49h6u99haEOWz6
wtWTdPWFo7TrULX2HavVlr2VKjjln/9eAGC2JJNKN0umLgEiAAAIPcvnZRpuuC041aiDBoPozi6P
dhyo0vJ5fUuGOj46E2CwB3b5S2yU8ZKXU5VDXz7jT8nxEbrxk+O0eGbasNfzD9djLx7S/3x7gWGJ
1ZQEly5ekKWLF2TJ45HKqlq061C13tlU4rVHAABCych8AkAAABCCLjGo/S9JR0/Wa5KP2elDBfVe
AUCSlsxOD3gAiHQZf20brbkPlEsXZeuOG6Z4PSUJlL1Ha3Tf73bqu7fNGLAPNlv3HoqMlGx9Ij9b
+47V6vG/HdLWfZUB7C0ADM4IfQIQnF8EAOBLXIxT86alGr7WM0s8FNlpUcqfmaYNu8v90b1B8fgo
sWYb7hqas3Txgix997YZXptqe7S1d6mxpVNdH63DN3r64g/rdpbpyH31+vy/TNT5czIGdbjY1LEJ
uv8b8/Tws/v08upCU/oFAMM1Mp8AsAcAQIj5ZH72oE/iHawVi7MDGgBaWo030Q6nLOnZinKF6auf
nmw4+D9cWK9nXj+iDbvL1d7x8f6G3/5gic99AGertLJFP/n9Lv028aAumJOhuVOSNX184oBPBcLD
7PrmjdNUUdOqDbsC998RAM4kycTJdNN+Y0wdm2jWrQFgWIyW8ZytBdNSFOUK83nSrb/V+qgklJkS
GZD2e7toQaZSEr1n9AtLm/TNBz8I2rKkyppWvfDuCb3wbneVptmTkjV/aoqWzE7TmGzvev8Ou03X
XzqGAAAgpEwek2DavU07CCwlIcK0kycBYKjG5sSaMvMcExWuy5bk+P2+vhz2Ue1n6ljzflH4Mn2c
8UTPe5tLfA7+fS0VGq64GKcSYvv+0/9pyM6DVfrdSwd1273v63cvHTQ8qHKCwbkQABAsE/LilDwS
lwBJ3Rvkjp1sMLMJABiUy5fknC5F2d++Y7WDuoevQfaF8zL04rtDOxNguLbtr1JHp9trIJ2ZEqVP
5GfrzQ3Fhj83zoQJGV9La2oafJ934O9+/P6HS5Se3PfpR3F5s268e7Xh+595/ahWLMz2KqcaHRkm
Z7i9z3IlAAiWpbO9y1X7k6kBYOmsdP3xtSNmNgEAg7LEx5fpy6sL9fNnPhzUPa5Ylqvv3jrD6/q0
cYnKy4hWYWnTWfVxMBqaO7TjQJUWTPfezPylayfraJH3acajs2J08xXj/d4XX8ueZk5I1N/+WeB1
/bpLRvu9D8UVzV4BIDM1UvOmpvis7mO0D6SlrYvBP4CQ4et3lr+YGgAmj4lXfEy46ho7zGwGAAaU
PytNWanGten/udX78C9f3t1Uoq/96xSvJSYOu02XL80d8qm4w/X6+0WGASA5PkK//M5CvbOpREeK
6hUR7tDYnFhdMDfDlH4UlRkHngvnZ6qusUMvry5QXWOHpoyO12VLcnT+HN/9GO7SoLXbSjVnct9D
wOw2m77/uZn65Z/36f3tpaevR7nCdMf1U7wCgySv0AQAwZIUH6EJeXGmtmF62Yjz52To1bVFZjcD
AD6tWJRteP1UZbN2HKga9H1a27u061C18meleb227Lz0gAWA1dtKtWlPhRbO8A4BsVHhuvrCUQHp
x+vvF+mGT4z1mlG322y65qJRuuaiwfcj2sf5Bmfy0j8LdOX5uRqf2/eXZUqCS/d9dY4qalpVUdOq
8DC7stOiFGXQjscjvcbvKQAhYqDJEn8xbRNwD7MfYQDAQKJcYVowLcXwtW37Bj/47+GrUkxOerTh
rLxZfvWXvSqtbAlYe0Yqalr117eO+eVeRrPyg/VfT+xWZW2r4WupiS5NHZugCXlxhoN/SXr7g2L9
Y8PJYbcPAP60xGCSyd9MDwALpqcGpTwdAEjSZfnZiokKN3xt9bbBL//p8e7mEp9r3y/LN37SYIbi
8mbd85ttPpfh9NbR6da7m0tM6ccTLx/Wi+8VyO3jgLLeSitb9Nzbxw1fmzJm+FV4jhTV685fbNGB
E8YVknzp6HTrhXdP6CeP7xp22wDgTznp0Zo71XjSyp9MDwAOu01f+fQUs5sBAEMXzDWu/V9W3aIt
e403iQ6kubVTuw/XGL62YHqqz1lmMxwpqtcXf7xeL75XoJr6Nq/XPZ7uA7l+8OgAc/MAACAASURB
VJtt+mB3heE9ek7oPRu/+vNe/ef/7tCBE3WGQaC1vUtvbijWV/9rg15dW6Qut/d7po1LVHrS8CeL
jhc36Ev3rdev/rxXhwrq5DZoo0d9Y7ve3Vyibz64SQ/9Zd+w2wQAf/vKdZPl8FGxzp9shQUFnty8
PNMb+uKP1+ugj/rVAICzE+awacH01I/WuYertqFNB07U6eBHs+Kf/eQ4ffHaSV4/t2lPhb77qy1+
68forBhNHZug5HiXPPKovKpVG3eXq6E5sMUg0pMiNX18ojJTIuV0OtTR4VZ9U7sOF9YPuuwrAATS
tHEJeuT7+aa2UVRYqNy8PPM3Afe444ap+vrPNgaqOQCwhNRElypqWtXZ5RnwJNvZk5IMr5dUNvu1
PydKGnWipNGv9xyOsuoWlW0O7h4JABiKb904PWBtmb4EqMfMCYmGlTMAAMOTPytNf/jPZbp4QdaA
71s6O93nmtKdB6vN6BoAYAiWnZeuiaPMLf3ZW8ACgCR95dNTZDN/WRMAnPNSE1369k3TFRsVrh/c
Pks/+uJsr5OKY6PCddMV43TP7bMM15SWVrZo9RDOQQAA+J/dJn3puskBbTNwu9Uk5WVE6/IluXp9
HfWWAeBsfG/VTKUmuiRJdrtNFy/I0sULslRZ06raxnY5wx1KS3TJZXDqbY8//f1ooLoLAPDhyvPz
lJseHdA2AxoAJOlr10/RrkNVOlnu33WnAGAVqYkujc6KMXwtJdGllI+CwUDeWHdSr6wp9HfXAABD
kJcRrS8HePZfCvASIEmKjgzTf397oeJjjOtyAwAGVlHTqh8+sl2FpUPfbOt2e/TCuyf0syd3m9Az
AMBgJcY59fN/X6joyIDPxwc+AEhSZkqkHvjWAoWHBaV5ABjx9h2r1Zfu26Bn3jjq8xTc3txuj3Ye
rNZdv9pK7XsACDJnuF0///bC00s5Ay1g5wAYWbOtVD96dHtQ2gaAc8nS2emaMyVZuenRio0Ol91u
U2tblyprW3W0qEHrd5WFRHlOALA6m026/xvztWhGasDb7jkHIKgBQJKeffOYHn3uQNDaBwAAAALl
32+erpUXBGfs3RMAgr4G54ZPjNWNl40NdjcAAAAAU9185figDf57C/yuAwNfum6ycjNi9N9P71GX
2xPs7gAAAAB+47DbdOctM3T50pxgd0VSiAQASbp8aY7yMqJ110Nb1NjcGezuAAAAAGctLjpc//X1
eZo+PjHYXTkt6EuAeps+PlG//9Ey5WUE9jAEAAAAwN/yMqL1+L3LQmrwL4VYAJC6S4Q+9sOlmjsl
OdhdAQAAAIZl0YxUPfbDpUpLCk6pz4GEzBKg3iIjHPqfby/UmxtP6rEXDqqqri3YXQIAAADOKDXR
pS9cPUmXLs6WzRbs3hgLyQAgdddIvSw/R8vnZeovfz+mv7x5VG3t7mB3CwAAAPDicjr0mcvG6sZP
jpMzPOQW2fQR9HMABquqrk3/+/wBvbWxONhdAQAAAE77RH62vnzdZCXFRQS7KwMKmYPAhupgQZ0e
+ss+fXikJthdAQAAgIVNGZOg7942Q2OzY4PdlUEZsQGgx7HiBm3YVa71O8u0/3itPBwfAAAAABPZ
bNLUMQnKn52uJbPTNSYrJthdGpKeABCyewDOZGx2rMZmx+qmy8eprrFd63eWa/2uMm3dW6nW9q5g
dw8AAADnAJfTofnTUpQ/K11LZqcpPsYZ7C6dtREbAHqLj3Hq8qU5unxpjtweqbKmVWXVLSqralF5
dYtKq3r+3KrSqhY1t3LQGAAAAKToyDClJ0UqPfmjf5JcSkuKVMZH/56c4JI9RKv5DNc5EQB6s9uk
tCSX0pJcmhFihy4AAAAAwRbaNYoAAAAA+BUBAAAAALAQAgAAAABgIQQAAAAAwEIIAAAAAICFEAAA
AAAACyEAAAAAABZCAAAAAAAshAAAAAAAWAgBAAAAALAQAgAAAABgIQQAAAAAwEIIAAAAAICFEAAA
AAAACyEAAAAAABZCAAAAAAAshAAAAAAAWAgBAAAAALAQAgAAAABgIQQAAAAAwEIIAAAAAICFEAAA
AAAACyEAAAAAABZCAAAAAAAshAAAAAAAWAgBAAAAALAQAgAAAABgIQQAAAAAwEIIAAAAAICFEAAA
AAAACyEAAAAAABZCAAAAAAAshAAAAAAAWAgBAAAAALAQAgAAAABgIQQAAAAAwEIIAAAAAICFEAAA
AAAACyEAAAAAABZCAAAAAAAshAAAAAAAWAgBAAAAALAQAgAAAABgIWHB7oC/1bd16oPiGhU3tKq0
sU2nGttU2tSmU42tOtXQ/eemjq5gdxMAAAAhIDrcocyYCGXFupQeHaHMmAhlxriUEROh7FiXFmYl
KC7i3BoynxN/mw8rGvTGkXK9fqRcG4pq1OnxBLtLAAAAGAGaOrp0pKZZR2qaDV8Pt9u0NDdJl49P
0xXj0zQlJSbAPfQ/W2FBgSc3Ly/Y/RiSlk633j1e+dGgv0yF9a3B7hIAAAAsYHR85OkwcOHoFEWG
jZwV9UWFhcrNyxtZAaDD7dFDm4/rvnWHVdvWGezuAAAAwMISXeG6d9kEfW3eaIXZbcHuzhn1BIAR
E1lePFCqKY+u1p3v7mfwDwAAgKCrae3Qt97ep2m/XaNXDpUFuzuDFvJ7AD6saNDtr+3WppLaYHcF
AAAA8HKoukmfem6rLshL0m8um65pqbHB7tKAQvoJwAMbj2rWY2sZ/AMAACDkrSms1qzfrdVDW04E
uysDCskA0Nbl1rXPb9Nd7x2QO9idAQAAAAapyyN98629uunlnWrvCs2RbMgFgFONbVr4xDq9eLA0
2F0BAAAAhuVPHxZr6VMbVN7UHuyueAmpALDtVJ1m/W6tdpU3BLsrAAAAwFnZcqpO5/1+rbaE2HL2
kAkAf9xTrPwn16uiOfRSEgAAADAcJY1tWvrUBv3pw+Jgd+W0kAgAP1xzULe8slPtbk7wBQAAwLml
3e3RTS/v1A9WHwx2VySFQAD4w64i3bfuSLC7AQAAAJjqJ+uP6Pc7i4LdjeAGgDWF1frC67uD2QUA
AAAgYL78xm6tL6oJah+CFgBO1LVo5f9tURerfgAAAGARXR7pqr9u0fHa5qD1ISgBoL6tU5f+6QPV
t3cGo3kAAAAgaGpaO3TZXzarsb0rKO0HPAB0eTxa+dctOlwTvNQDAAAABNOh6iZd98I2BaMGTsAD
wLfe2qc1hdWBbhYAAAAIKW8eq9Cd7+wLeLsBDQDriqr1660nAtkkAAAAELJ+sfm4Ngf4oLCABoB/
ezvwCQcAAAAIZd95d39A2wtYAHjjSLm2nqoLVHMAAADAiLC2sFrvHK8MWHsBCwDfe+9AoJoCAAAA
RpR7AnhKcEACwAsHSrWnoiEQTQEAAAAjzuaSWr16uCwgbZkeANwe6Z5/MvsPAAAADOS7AdoLEGZ2
A2sLq3SwusnsZgAAISQ+IkzzMhMUGW7XmoJqNRgc/Hj77FylR0eorq1TRfUtevlQYGa++vvUxHRd
OSHd6/oHxTV6fGdREHoEwKoOVDVpfVGNluQmmtqO6QEgUI8yAACh4fv54/Xvi8YoOdIpqfv097/u
P6Wfbzqm/ZWNkiRXmF33LJ2g0fGRkqTtpXVBCwBzM+N1++xcr+sRDjsBAEDAvXq4bOQHgBcPlJrd
BAD08dW5o3TPkvGn/z0r1nX6zyUNrUO+38biWl33wja/9O1c98OlE/T/LpjY51pcRJhun52rm2dk
a01BlY7VNmt+ZsLpwb/UfSImAEB65VCZ7r9osqltmBoADlY16URdi5lNAICXWGdYn0F/b76uDyQl
Kvxsu2QJYxKi9N3FY32+HuGw69KxqV7XPZL+uKfYxJ4BwMixv6pRx2ubNSYhyrQ2TN0EzPIfALCO
m6ZnK8b58bzS3ooGPfjBMT3zYbFqWzt8/twze4r1xpHyQHQRAEaEvx00dwxt6hMAAgAAWMfU1JjT
f27p7NLlz25RYX33U+DsWJe+u3icbpqeraTI7icqje2d+sOuk/rGW3uD0l8ACFWvHi7Tvy0cY9r9
TQsA9W2dWl9UbdbtAWBYWjvdQ/6ZtmH8jBX9ZmuB3j5WqRinQ10ez+nBvyQVN7Tqm2/t1Z3v7NPC
7ETZJO0sqzesDgQAVre2sEp1bZ2KjzBnqG5aANhWWqcuj1l3B4ChO1rTrPGP/DPY3ThnrSuq1roz
TPx0uD1nfA8AWF2Xp3uS5IK8JFPub9oegFPDqLQBAAAAYHhV6wbLtCcAJY1tZt0aAEJKuN2mi0an
aGlukrJiIxTnDFNzZ5cqm9t1oq5FLx0s1cn6M3+RL81NUqKrb8WhhvZOrS6oktR9uNZNM7I1NSVW
KVFO1bd16mR9i144UKoPKxqG1ffxidG6ZEyKpqXGKMEVrgiHXdUtHSpvbtN7J6pOtz2Qi0YnKzq8
76+TmtaOPjP9s9LjdPWkDOXGuRTrDFNdW6f2lNfrxUF+NkZmpMVq5YR0Zca4lBIVrvYujyqa23S4
ulnP7T+lqpb2Yd0XAELBqcYRGADM7DQAhIJwu00/WjZRt87MVm5cpM/3/c8lU7W5pFY/WXdYfz9a
4fN9P79kiuZnJfS5drK+VbkPv6vv54/XdxePVYLLuyTpj5ZN0OqCan3r7b3aUz64IHDN5Ax9c/4Y
LclNlMNmM3zPD5dOUFF9i367vVA/WX/E570ev3JWn5r+UncFoOmPrdXczHg9ePEULR+VLKNWfrJ8
kh7bUah/f2f/oPotSTfPyNadi8ZqRlqc4T0l6ecrpui9E1W6d+0hbTtVN+h7A0CoKGkwbzLdtCVA
ZnYaAIJtfGK0tn5+qX6wdPyAg3+pOygsyUnUa9fP1xNXzhxSO8lR4frDVbP00wsnGQ7+Jclus+mi
0cl6/5Z8XTbOu85+/7788VOz9fy1c3V+XpLPwX+P3LhI3bd8krZ9fqkyYyIG3e+4iDBdMzlDq29a
pAt9DP4lKcYZpm8vHKunV84+4z0TXeF644YFenrlbM0cYPAvSZFhDl0xPk3rb83Xf5w/cYB3AkBo
MnMy3bw9ADwBAHCOSnSF67Xr52tmWtyQfs5us2nVrNwhhYDIMIdum5kzqPfGR4TpmU/N1vTUWJ/v
ef7aubppevaAg2cjczLi9dJ18xQV7hjU+3PjIvX0ytl9zgUYyE0zsnXjtCyfrye6wvX2jQv1yTME
nP4iHHbdu2yCHrp02pB+DgCCzczl9CY+ASAAADg3/WT5JE1Kjva63t7l1nsnqvTEriI9v/+UTvn4
8l41K1c3TPU92D0byZFOPXDxFMPXvrlgjFZOTDd8rba1QxuLa7SpuNZnac6F2Qn6wdLxg+5L9CDD
giTZJH1pziifrz/yyemamxk/6Pv1d8f80bp1kEEKAEKBmQV1TNsDUNrEEiAAoWVcYpTev2XxoN+/
uaTWcG36tZMzva41tnfquhe2681jH6/xT3SF66VPz9UFecle77/9vFw9u69k0H3ZXV6vR7cV6oPi
GnkkXTw6Rf++cIyyYl1e771sXKqW5iZ5ldv84nl5hvd+4UCpPv/aLtW1dQ/806Mj9OzV52n5KO9+
Xz81S3f/8+Cg+731VJ0e3VagzSW1CnfYdEFesr69cIzhsqkFWQmKCneouaOrz/V/mZSh630Epq2n
6vTLzce1vqha8a5wXTE+Td9aMEapUc4+77NJ+tlFk/XigVLOHgAwIviaRPIH0wKAmzMAAISgpbmD
r6ncYnAA2Iy0WKVFO72uv3Wsss/gX+quhHPnO/u15XNLvd4/awjLh2paO7T4yQ19Bsa7yur11rEK
rbl58emTdXvYJN00PbtPAEiPjtDUlBj1V9fW2WfwL0llTW1a9eouHfjKckU4+j4oHpsQpfGJ0TpS
03TGfm8qrtWypzeoo9cvhB2l9Vp/skYbbs1XmL3vQiRXmF3LcpO8Psc75o0yXLK0rqhaK/686ePD
3epatKusXm8cKdd7Ny3yqqiUHh2hr84dpZ9tPHrGvgNAsHV5zBtMmxYA0qMjdKy22azbA0BQJEQY
b8R1hRmvqNx6qk6P7yySs99AutM9+NOFf7r+iNesuCR9WNGg3+4o0PfzvZflLM1N7PPv4Q6bHjAY
+FY0t/cZ/Pc4UdeiozXNhqFhQlLUoALAd97d32fw32NLSa12l9drTob3kp7sfk808uIiDZ9EtHe5
dcebew1Pdt5ZVq9fbj6u/zTY/Hvt5AwCAIARISN68IUXhsrEAOAkAAA45xyoalSn2+M1e71ibKru
XjJeD2486jXovf313WfV5tEa39+lT+w8qe/lj/eaIR+XGC1XmP30APlkfavueu/AkNpt8rFUZrAb
eysHqMNf1mT8Wryr770/OT7VsFLRppJa7Sqr93n/R7cV6O4l472eYMxIi1OsM4xlQABCXsYQKq8N
lWkBICPGe10qAASb0Yy0z/d2ec8uVzS3a11RtdesdLjdpp8sn6SvzR2lNYXV2lRSq7eOVWh/ZeNZ
93kgR2qaVNbY5vWLwhVm16z0OG0qrh3w56enxmpBVoLGJUYpxhmm6HCHHB+Fm/5nEvQYagUhI+0G
n60kOe19B+znpRtv/B1o8C91/3c6WNXoVanJFWbXsrwkvXGkfAi9BYDASx+pTwAAIJQcrWnW+Ef+
edb3ufufB/XWjQsMZ8KzYl36zLQsfWZaljySCupatLawSn/+sMRrbbu/VLd2GM4UJUcafw9nxkTo
rsXjdMWENI1P9K5mFEqSI42XXJUOYnNcUX2rYanWoZxnAADBYuYTANPKgJqZWgAgmDYW1+iml3eq
stn3Ehepe6Z8dHykbpmRo398ZoE23rZEK8ak+L0/Na0dhtcTIrwDyk3Ts7X7C+frmwvGhPzgX+o+
UMxI2SAqzTX6WObjKxgBQCgxcw8AAQAAhuHlQ2Wa/8Q6PfNhseEGXSOLshP06vXz9eUB6t0Ph6/T
fLv6rXb6zLQsPX7lTKVEGQ+AWzq7dKqxTUX1LSqqb/FrH4fL14qtMPuZf33ZfH0ulKkDMAKMyD0A
BAAA57oTdS26+eWd+l6sS9dOztDFo1OUn5Poc4AtdZ9M+/Anpqm4oVWvHi7zSz/6l7vs0fvJQKwz
TA9ePMWrGpHUXZrzpxuO6LXDZX2q6mxetcTnPoBAqW0zfroxmGWmcT42Kw+0ORkAQsWI3AOwKDu4
vzQAIFCKG1r10JYTemjLCUnS8lHJWjEmRSsnpmt6aqzX+8PsNn174Ri/BYD+5wD0ONlrFv+GaVle
JTYl6WBVky58ZqNhKdBQUOGjWtBgZsZGxXsfNiYpZJ5uAMBAzJyAMW0JUFasSzPTvH/xAcBIlhzp
VGpU33/i+61TX11QpXtWH9SMx9bqntUHZbTgxKgG/nCclxHndeqtJFW3dGhfrwpE+TmJXu+RpGf3
lfgc/Ef4ONsgkD4orjG8PvcMn9/o+EhNSPLe41Df1qn3C6sNfgIAQsecjDhTCxaY9gRAklZOTNfu
8gYzmwCAgNr2+aVeM8tHapo04ZHVhu//6foj+uz0bK8DteIiwvrU6R/IBXlJeulgqeFrt8/OM7y+
r7Lvd6+vajrlA2ymNaqgE2hvHqtUS2eXIsMcfa7PzYzX+XlJWutjMP+N+WO8zmqQpO2ldUMqBQsA
wbByYoap9zd1emflhHQzbw8AAWd0KNfYhKgBq/tEhzu8rjW2dw5q8C9J31wwxvBE3hVjUrRqVo7h
z/zjaN+Sow3txhuVl+Ym+WwzFFS1tOv1w941++02mx65bLpy4ryXNV0+Pk1fnmscjJ7afdLvfQQA
fzN7DG3qE4D5WQlKiQxXZYvxJi4ACKRxiVE6+JXlQ/65HaV1uuGlHZKkFw+e0kWj+x4CZrfZ9ORV
s3THm3v7zNTHOsP0ixVTDdei7xri09E1Ny/Ws/tKtLu8QW2dbi3MTtAtM7K9Zsal7nDxZL+B7qEq
4wPJrp+aqaqWdj26rUBVLR2anxWv22bm6prJvmefAr006Jebj2vlxHSvDczTUmP1wW1L9KcPi7Wn
vOH0IV//OiVLLoM+Hqxq8vpcACDUZMZE6LwMc5/AmhoAJOmayZl6bEeh2c0AwKBMNFgXfibVvSYx
frO1QLfPztPs9L5fzlmxLr143VydrG9VcUOrnA67xidFKdagEo1H0u+G+L2YEuXUHfNGD+q9j24v
VHFDa59rj+8q0p2LxnodXma32XTHvNGDvrfkuza/WdafrNEvNx/XdxeP83otO9ZleL2/ti63vv7m
h2Z0DwD86upJ5i7/kUxeAiR17wMAgHPJqld3qaTfALtHTpxLC7MTdF5GnOHgX5Ke2VNs2lKUrafq
9OP3D3tdP1nfqp9vOu6XNkbFR/nlPkNx13sH9MIB430QZ9Lh9uh77x3Q28cr/dwrAPC/QIydTQ8A
l41L1RgfpdgAYCTaWVavT/xls7aU1A7p59q73Hp4ywnd8srOIf3cX/aWDGrj6q6yel37/DY1+DgB
9961h/TrrSfk9pz5XifqWvTLzcaBYX6mfyoYDdV1L2zTrzYfV1vX4PZOSN0nBn/u1V0+/y4AEEom
JkXrEhNOjO/P9ADgsNn04CVTzW4GAALqw4oGLfjDen39zb3aXlqnrgEG1VUt7frL3hIt/+MH+sZb
e4fc1nP7T+ma57dqR2m9YUnR0sY2/c+mY1r05HoVnqHG/dff3KvrX9qhLSW1hkGguaNLT+85qfwn
1+uxHYXqNAge+TmJyosLzsTOt97epyVPbdALB0pV2ez7QK9jtc16aMsJTfvtWj3zYXEAewgAw/fA
xVN8nu7uT7bCggJPbp5xtQR/mv/EOm09VWd6OwAQDHlxkVqSm6jR8VGKDLerrdOt6tYO7Sit0wfF
g3tS4Ovk3Wue33Z6c/G8zHjNy0xQWrRT9W2dOlrTrH8cLR9WacupKTFalJ2ozJgIeSQV1rXo9SPl
fU4QDnWfGJuqMQlRSo1yqtPtUVlTm/ZUNAz56QwABFt+TqLW35pvahtFhYXKzcszfxNwj1+smKpl
T28MVHMAEFCF9S0q3Gv+CbNbT9X5bTJlX2Vjn8PCRqI3j1Wc+U0AMAI8/IlpAWsrYLXcluYm6aoJ
aYFqDgAAABgRrp6U4bcT4gcjoMWcH7x4amAbBAAAAEKYwybdf9HkgLYZ0PH4pORorZqVG8gmAQAA
gJB1++y8YZ1RczYCPiH/8xVTNSEx8DWkAQAAgFAyOTlaD1w8JeDtBjwAxEWE6a3PLlJKZHigmwYA
AABCQnq0U+98dlHAT1eXghAAJGl0fKT+/pmFinCwIwAAAADWEhlm19s3LlJ2rCso7Qc+cnxkXma8
/vQv5+nTL2wzPNgGAKzm9SPlOlDV5HX9TId7AQBGDruk56+dqxlpsUHrQ9ACgCRdOzlDD1w8Rd95
d38wuwEAIeE/3z8c7C4AAEz26OUzdPn44JbGD/oanDsXjdVdi8cFuxsAAACAqX6wdLy+eF5esLsR
/AAgddc+feLKmQqz2YLdFQAAAMCvwmw2PXHlTP34gknB7oqkEAkAkrRqVq7W3LJYiS6qAwEAAODc
kBwZrjW3LA6ps7BCJgBIUn5OorbfvkyTkwN7GAIAAADgb5OTo7Xj9vOVn5MY7K70EVIBQOouEbrl
c8t0yeiUYHcFAAAAGJbLx6Vqy+eWKTcuOKU+BxJyAUCSYpwOvfXZhXryqlnKiokIdncAAACAQcmJ
dempq2bptRsWKMbpCHZ3DAW1DOhAbJJunZmjT0/J1AMbj+rBjUfV3OkOdrcAAAAAL9HhDn1n8Tjd
tXicXGEhOcd+mq2woMCTmxf8ckRncqqxTXe9t1/P7Cnm4DAAAACEBJukW2bm6GcXTVZ6dGivXCkq
LFRuXl5oLgEykhkToadXztaWzy3VkhDbSAEAAADrWZiVoN1fPF9PXjUr5Af/vYXsEiBf5mbGa92t
+fqwokGvHirTK4fLtLm4ViwOAgAAgJnskhZmJ+iqCelaOTFd01Jjg92lYRkxS4AGUtncrlcPl+mV
Q2V6+3ilmjq6gt0lAAAAnAOiwx26dGyqrpqQpqsmpCslyhnsLg1bzxKgcyIA9Ob2SMUNrSqsa1Fh
fYsK61pU0O/P9e2dwe4mAAAAQkB8RJjy4iI1Kj5SefGRyovr/t9RH/05K9Yluy3YvfSPngAw4pYA
nYndJuXGuZQb59ISsVcAAAAA6G3EbAIGAAAAcPYIAAAAAICFEAAAAAAACyEAAAAAABZCAAAAAAAs
hAAAAAAAWAgBAAAAALAQAgAAAABgIQQAAAAAwEIIAAAAAICFEAAAAAAACyEAAAAAABZCAAAAAAAs
hAAAAAAAWAgBAAAAALAQAgAAAABgIQQAAAAAwEIIAAAAAICFEAAAAAAACyEAAAAAABZCAAAAAAAs
hAAAAAAAWAgBAAAAALAQAgAAAABgIQQAAAAAwEIIAAAAAICFEAAAAAAACyEAAAAAABZCAAAAAAAs
hAAAAAAAWAgBAAAAALAQAgAAAABgIQQAAAAAwEIIAAAAAICFEAAAAAAACyEAAAAAABZCAAAAAAAs
hAAAAAAAWAgBAAAAALAQAgAAAABgIQQAAAAAwEIIAAAAAICFEAAAAAAACyEAAAAAABZCAAAAAAAs
hAAAAAAAWAgBAAAAALAQAgAAAABgIQQAAAAAwEIIAAAAAICFEAAAAAAACyEAAAAAABZCAAAAAAAs
hAAAAAAAWAgBAAAAALAQAgAAAABgIQQAAAAAwEIIAAAAAICFEAAAAAAACyEAAAAAABZCAAAAAAAs
hAAAAAAAWAgBAAAAALAQAgAAAABgIQQAAAAAwEIIAAAAAICFEAAAAAAACyEAAAAAABZCAAAAAAAs
hAAAAAAAWAgBAAAAALAQAgAAAABgIQQAAAAAwEIIAAAAAICFEAAAAAAACyEAAAAAABZCAAAAAAAs
hAAAAAAAWAgBAAAAALAQAgAAAABgIQQAAAAAwEIIAAAAAICFEAAAAAAAnN6/PAAADj1JREFUCyEA
AAAAABZCAAAAAAAshAAAAAAAWAgBAAAAALAQAgAAAABgIQQAAAAAwEIIAAAAAICFEAAAAAAACyEA
AAAAABZCAAAAAAAshAAAAAAAWAgBAAAAALAQAgAAAABgIQQAAAAAwEIIAAAAAICFEAAAAAAACyEA
AAAAABZCAAAAAAAshAAAAAAAWAgBAAAAALAQAgAAAABgIQQAAAAAwEIIAAAAAICFEAAAAAAACyEA
AAAAABZCAAAAAAAshAAAAAAAWAgBAAAAALAQAgAAAABgIQQAAAAAwEIIAAAAAICFEAAAAAAACyEA
AAAAABZCAAAAAAAshAAAAAAAWAgBAAAAALAQAgAAAABgIQQAAAAAwEIIAAAAAICFEAAAAAAACyEA
AAAAABZCAAAAAAAshAAAAAAAWAgBAP+/vfvnietMGzh8WxrJo2kyBZYNKQAXDliWgkiR0ky6pAmN
g1BkmRQpQsP4E5h8AiaVyziOEFYay43dGdMlRYwLEywK/uwqEGSkTBoMFhJbvLuRspvX63VmzgD3
dZUwnPuhYDi/OWeeAQAgEQEAAACJCAAAAEhEAAAAQCICAAAAEhEAAACQiAAAAIBEBAAAACQiAAAA
IBEBAAAAiQgAAABIRAAAAEAiAgAAABIRAAAAkIgAAACARAQAAAAkIgAAACARAQAAAIkIAAAASEQA
AABAIgIAAAASEQAAAJCIAAAAgEQEAAAAJCIAAAAgEQEAAACJCAAAAEhEAAAAQCICAAAAEhEAAACQ
iAAAAIBEBAAAACQiAAAAIBEBAAAAiQgAAABIRAAAAEAiAgAAABIRAAAAkIgAAACARAQAAAAkIgAA
ACARAQAAAIkIAAAASEQAAABAIgIAAAASEQAAAJCIAAAAgEQEAAAAJCIAAAAgEQEAAACJCAAAAEhE
AAAAQCICAAAAEhEAAACQiAAAAIBEBAAAACQiAAAAIBEBAAAAiQgAAABIRAAAAEAiAgAAABIRAAAA
kIgAAACARAQAAAAkIgAAACARAQAAAIkIAAAASEQAAABAIgIAAAASEQAAAJCIAAAAgEQEAAAAJCIA
AAAgEQEAAACJCAAAAEhEAAAAQCICAAAAEhEAAACQiAAAAIBEBAAAACQiAAAAIBEBAAAAiQgAAABI
RAAAAEAiAgAAABIRAAAAkIgAAACARAQAAAAkIgAAACARAQAAAIkIAAAASEQAAABAIgIAAAASEQAA
AJCIAAAAgEQEAAAAJCIAAAAgEQEAAACJCAAAAEhEAAAAQCICAAAAEhEAAACQiAAAAIBEBAAAACQi
AAAAIBEBAAAAiQgAAABIRAAAAEAiAgAAABIRAAAAkIgAAACARAQAAAAkIgAAACARAQAAAIkIAAAA
SEQAAABAIgIAAAASEQAAAJCIAAAAgEQEAAAAJCIAAAAgEQEAAACJCAAAAEhEAAAAQCICAAAAEhEA
AACQiAAAAIBEBAAAACQiAAAAIBEBAAAAiQgAAABIRAAAAEAiAgAAABIRAAAAkIgAAACARAQAAAAk
IgAAACARAQAAAIkIAAAASEQAAABAIgIAAAASEQAAAJCIAAAAgEQEAAAAJCIAAAAgEQEAAACJCAAA
AEhEAAAAQCICAAAAEhEAAACQiAAAAIBEBAAAACQiAAAAIBEBAAAAiQgAAABIRAAAAEAiAgAAABIR
AAAAkIgAAACARAQAAAAkIgAAACARAQAAAIkIAAAASEQAAABAIgIAAAASEQAAAJCIAAAAgEQEAAAA
JCIAAAAgEQEAAACJCAAAAEhEAAAAQCICAAAAEhEAAACQiAAAAIBEBAAAACQiAAAAIBEBAAAAiQgA
AABIRAAAAEAiAgAAABIRAAAAkIgAAACARAQAAAAkIgAAACARAQAAAIkIAAAASEQAAABAIgIAAAAS
EQAAAJCIAAAAgEQEAAAAJCIAAAAgEQEAAACJCAAAAEhEAAAAQCICAAAAEhEAAACQiAAAAIBEBAAA
ACQiAAAAIBEBAAAAiQgAAABIRAAAAEAiAgAAABIRAAAAkIgAAACARAQAAAAkIgAAACARAQAAAIkI
AAAASEQAAABAIgIAAAASEQAAAJCIAAAAgERKERF//9vfOr0OAACgAKcODw8PO70IAACgGKciQgAA
AEAS3gMAAACJCAAAAEhEAAAAQCICAAAAEhEAAACQiAAAAIBEBAAAACQiAAAAIBEBAAAAiQgAAABI
RAAAAEAiAgAAABIRAAAAkIgAAACARAQAAAAkIgAAACARAQAAAIkIAAAASEQAAABAIgIAAAASEQAA
AJCIAAAAgEQEAAAAJCIAAAAgEQEAAACJCAAAAEhEAAAAQCICAAAAEhEAAACQiAAAAIBEBAAAACQi
ADgWqtVq3LhxI3799ddYW1uLoaGhTi8JAOBYOhURh51eBLzKtWvXotFoRLVa/f1r6+vr0d/f38FV
wfFRKpXi3Llz8c4770RXV1eUy+U4c+ZMREQ8f/489vb2YnNzM1ZXV2N7ezsODg46vGI4uur1ekxN
TUVfX19b56yvr0ej0YivvvqqrXPISQBwZA0NDcXMzEyMjIz86fdPnTpV8IrgeKlUKjE4OBjDw8Nx
8eLFGB4ejp6enqhUKtHT0xMREZubm7G7uxurq6uxtLQUy8vL8fjx4/jpp5/ixYsXHf4N4Gip1+sx
MzNT6Mzr169Ho9EodCYnnwDgyKlWqzEzMxMTExOvfJwAgD9XKpWiu7s7arVajI6ORq1W+8MVtFdp
Npvx8OHDuHfvXszPz8fW1pYrAvBP6+vr0dvbW/hMV7xpNQHAkTI1NRXT09OvdbIiAOA/lcvlGBgY
iLGxsRgfH3/jk5WNjY2Ym5uL2dnZWFlZiZcvX7Z4pXD8HB525pTJ/ztaTQBwJIyMjMTXX3/9P91T
6QkR/qhcLsfQ0FBMTk7GlStXolwu/6Xj7e3txbfffhs3b96MpaUlEUB6AoCTwi5AdFRfX1/cvXs3
5ufn2/6GKjjJSqVSDAwMxOTkZFy9evUvn/xH/F9QfP755/HFF1/EhQsXolQqtWClAHSaAKAj/rWt
5+LiYoyOjnZ6OXDsdXd3x9jYWFy5cqXlx7569Wp8+umn0d3d3fJjA1A8AUDhRkdHY3Fx8bXv9Qde
rVKpxAcffBDj4+MteeX/35XL5RgfH4/Lly+35fgAFEsAUJi+vr6Yn5+Pu3fvut0HWujixYvx8ccf
t3V3kt7e3vjoo4/iwoULbZsBQDEEAG33r20919bW/t89/YE3UyqVYnh4OGq1Wttnffjhh/H+++97
LwDAMScAaKtr167F2tpa1Ov1Ti8FTqRz587F4OBgIbfTVavVGBwcjLNnz7Z9FgDtIwBoi5GRkVhc
XIxbt265zx/aaGBgIN57773C5l26dCnOnz9f2DwAWs91XFrqdT/FF2iNrq6uQnfn6e/vj7fffruw
eQC0nisAtMzExESsra05+YcClcvlqFQqhc2rVCpx+vTpwuYB0HoCgJa5ceOG232gYF1dXdHT01PY
vJ6enjhz5kxh8wBoPQFAy/iocgCAo08A0DKjo6Px22+/dXoZkMrOzk5sbm4WNm9zczOeP39e2DwA
Wk8A0DJPnjyJvr6++Oabbzq9FEhjb28vdnd3C5u3u7sb+/v7hc0DoPUEAC3VbDZjYmIiarVaLCws
dHo5cOLt7OzE1tZWYfPW1tbi559/LmweAK0nAGiLR48excjISHz22WduC4I2evbsWfz444+FzXv6
9Gmsrq4WNg+A1hMAtNWtW7eir68vvvzyy04vBU6kX375JZaXl6PZbLZ9VrPZjGfPnsX29nbbZwHQ
PgKAtms2mzE9PR39/f1uC4IWOzg4iMePH8f8/HzbZz148CC+//77ODg4aPssANpHAFCY9fX1GBkZ
iVqtFhsbG51eDpwYS0tLce/evbb+XW1sbMT9+/djZWWlbTMAKIYAoHCPHj36/bYg7w+Av+7Fixfx
8OHDuHPnTlt26Nnf34+5ublYWFiIvb29lh8fgGIJADpmeno6hoaGbBsKLbC1tRV37tyJ7777ruXH
vn37dszOzha62xAA7XMqIg47vQgYGRmJRqMR77777mv/jE8ehj8ql8sxNDQUk5OT8cknn8Tp06f/
0vH29/fj9u3bcfPmzVhaWoqXL1+2aKVwPB0eduaUyf87Wk0AcKTU6/WYnp6Ot956678+1hMi/Kdy
uRwDAwMxNjYW4+Pj0dvb+0bH2djYiLm5uZidnY2VlRUn/xACgJNDAHDkVKvVmJ6ejqmpqVc+zhMi
/LlSqRTd3d1Rq9VidHQ0arVaVKvV1/rZZrMZDx48iPv378fCwkJsbW3Z9Qf+aX19/Y2j+k1tbGxE
X19foTM5+QQAR9bQ0FA0Go24fPnyn35fAMCrVSqVGBwcjOHh4RgcHIxLly5Ff39/VCqV6OnpiYiI
zc3N2N3djbW1tXj69GksLy/HDz/8ECsrK97wC/+mXq/HzMxMoTOvX78ejUaj0JmcfAKAI29iYiKm
p6f/8KqLV0Tg9ZVKpTh79mycP38+enp6olwuR1dXV0RE7OzsxN7eXmxubsbq6mpsb297xR9eoV6v
R71eb/uVgI2NjWg0Gk7+aQsBwLFQrVZ/f9JtNpsxOjoaT5486fSyAACOHQEAAACJ+BwAAABIRAAA
AEAiAgAAABIRAAAAkIgAAACARAQAAAAkIgAAACARAQAAAIkIAAAASEQAAABAIgIAAAASEQAAAJCI
AAAAgEQEAAAAJCIAAAAgEQEAAACJCAAAAEhEAAAAQCICAAAAEhEAAACQiAAAAIBEBAAAACQiAAAA
IBEBAAAAiQgAAABIRAAAAEAiAgAAABIRAAAAkIgAAACARAQAAAAkIgAAACCRfwBTij6An/VVWgAA
AABJRU5ErkJggg==
" width="800px"&gt;</msg>
<status status="PASS" starttime="20230611 01:58:29.510" endtime="20230611 01:58:31.867"/>
</kw>
<kw name="Wait Until Element Is Visible" library="AppiumLibrary">
<arg>//*[@bounds='[[0,48][768,1184]']</arg>
<arg>timeout=3</arg>
<doc>Waits until element specified with `locator` is visible.</doc>
<msg timestamp="20230611 01:58:35.518" level="INFO">&lt;?xml version='1.0' encoding='UTF-8' standalone='yes' ?&gt;
&lt;hierarchy index="0" class="hierarchy" rotation="0" width="768" height="1184"&gt;
  &lt;android.widget.FrameLayout index="0" package="com.b3g.cih.online" class="android.widget.FrameLayout" text="" checkable="false" checked="false" clickable="false" enabled="true" focusable="false" focused="false" long-clickable="false" password="false" scrollable="false" selected="false" bounds="[0,0][768,1184]" displayed="true"&gt;
    &lt;android.view.ViewGroup index="0" package="com.b3g.cih.online" class="android.view.ViewGroup" text="" resource-id="android:id/decor_content_parent" checkable="false" checked="false" clickable="false" enabled="true" focusable="false" focused="false" long-clickable="false" password="false" scrollable="false" selected="false" bounds="[0,0][768,1184]" displayed="true"&gt;
      &lt;android.widget.FrameLayout index="0" package="com.b3g.cih.online" class="android.widget.FrameLayout" text="" resource-id="android:id/content" checkable="false" checked="false" clickable="false" enabled="true" focusable="false" focused="false" long-clickable="false" password="false" scrollable="false" selected="false" bounds="[0,48][768,1184]" displayed="true"&gt;
        &lt;android.widget.RelativeLayout index="0" package="com.b3g.cih.online" class="android.widget.RelativeLayout" text="" checkable="false" checked="false" clickable="false" enabled="true" focusable="false" focused="false" long-clickable="false" password="false" scrollable="false" selected="false" bounds="[0,48][768,1184]" displayed="true"&gt;
          &lt;android.widget.RelativeLayout index="0" package="com.b3g.cih.online" class="android.widget.RelativeLayout" text="" checkable="false" checked="false" clickable="false" enabled="true" focusable="false" focused="false" long-clickable="false" password="false" scrollable="false" selected="false" bounds="[0,48][768,1184]" displayed="true"&gt;
            &lt;android.view.ViewGroup index="0" package="com.b3g.cih.online" class="android.view.ViewGroup" text="" checkable="false" checked="false" clickable="true" enabled="true" focusable="true" focused="false" long-clickable="false" password="false" scrollable="false" selected="false" bounds="[0,48][768,1184]" displayed="true" /&gt;
          &lt;/android.widget.RelativeLayout&gt;
        &lt;/android.widget.RelativeLayout&gt;
      &lt;/android.widget.FrameLayout&gt;
    &lt;/android.view.ViewGroup&gt;
  &lt;/android.widget.FrameLayout&gt;
&lt;/hierarchy&gt;</msg>
<kw name="Capture Page Screenshot" library="AppiumLibrary">
<doc>Takes a screenshot of the current page and embeds it into the log.</doc>
<msg timestamp="20230611 01:58:36.683" level="INFO" html="true">&lt;/td&gt;&lt;/tr&gt;&lt;tr&gt;&lt;td colspan="3"&gt;&lt;img src="data:image/png;base64, iVBORw0KGgoAAAANSUhEUgAAAwAAAAUACAYAAADwUTW0AAAAAXNSR0IArs4c6QAAAARzQklUCAgI
CHwIZIgAACAASURBVHic7N15fFTVwf/x750lCYGsLIqsWquCC0GKoqDEWtTiAtVqtfoTau3zWLUW
674CrXaxtfLYqrRuYLVqRdwQa1s0YHGhKlBFRUVWZc++znLP749JhkwyWQiZmSTn8369jmbu3OXM
DK+Z8733nHMdSUYAAAAArOBJdQUAAAAAJA8BAAAAALAIAQAAAACwCAEAAAAAsAgBAAAAALAIAQAA
AACwCAEAAAAAsAgBAAAAALAIAaAH8nq96tevn+bPny/XdWWMiSmu6+rxxx9Xv3795PV6U11dAAAA
JBEBoAdxHEc/+9nPFAwGtX37dl188cVyHCfuehdeeKG2b9+uYDCoG264IQW1bZ3X65XHwz9PAACA
zuZIMqmuBPaN4zgaP368li1bFrfB3xZjjI4//ni9/fbbCajd3vN4PBo2bJjKyspUUlIiY7rOP9Hc
3FyVlpbGLCssLNSoUaOUm5uroqIilZWVadWqVa1uAwBAshQUFGjYsGEqKCiIWb5q1Spt3Lgx5jer
K+nM38/CwkK9/vrrcZ876aSTVFRU1CnH6U4MpfsWj8djnnrqKeO6rjHGRP/fkpae//e//20cxzGj
R482Xq83Za/HcRwzbtw4U1ZWZt566y2TmZlpHMdJ+fssyUyfPt2UlJSYgoICM3z4cPP666+3+D6v
X7/eTJs2zRQUFJiSkhIzffr0lNefQqFQKHaU3NxcM23aNPPcc8+12iZo7LnnnjPTpk0zubm5Ka+/
FPnNnTVrVqftr7CwsMXXXlhYmPLXm4KS8gpQOlg8Ho9Zu3Ztm43+9giHw8br9ZoDDjjArFu3LiUh
wOPxmPz8fPP555+bUChkAoGAueqqq7pEAGj8xVFdXW1KS0vb9b7W1dXZ/gVDoVAolCSV4cOHm0cf
fdSUlJR0uD1QUlJiHn30UTN8+PCUvY7p06cbY8w+B4CpU6eamTNnmpkzZ5pHH320xdf86KOPRteb
MmVKyj/HJJXEH8Tv9+/1NiNHjjSTJk0yEyZMMH379k31mxRTDjzwQHPyySebE044IWV1cxzHPP30
053S+DcmcmUgLS3NeL1eEw6HzbPPPpv0hrfjOOaaa64xrusa13VNOBw2FRUV5pBDDjEejyfln/u8
efOavW9z5swxhYWF0TMmhYWFZtasWc0Cwrx581JefwqFQqH03DJr1qxOaQ80NnPmzKS/jobGvzH7
FgDmzJnT4dc9Z86clH+eSSiJ2/n5559vXnzxRVNaWtqu9QcNGmT+/Oc/m61bt8Z8EIFAwLzzzjvm
vPPO63BdpkyZYoqLi9tVBg4cGHcf11xzjfnkk09iGt11dXXmjTfeMGeeeWZSP7jx48ebcDjc4X/c
TYXDYTN8+HCTkZFhwuGwCYfDZuLEiUl7PR6Px2RmZpotW7aYUCgUrZfruuaBBx5I6nvbUikoKIjW
a8OGDaagoKDFdXNzc82qVaui69MFiEKhUCiJKAUFBWblypWd1h5oauXKla3+3nVmadz4N2bfAkBR
UVGHX3NRUVHKP9cklM7d4ZgxY8x9991nNm/eHH0jA4FAm9uNGDHCfPbZZ9FtXNc1paWlpra2Nros
HA6b2267rUP1mjFjRrs/+MGDBzfb/plnnolZp7q6OqahGgwGzTXXXJOUD83j8UQb/x3t89/0+XA4
bI466igzatSomPc7WWfe/X6/efTRR5uFmnA4bIqLi80RRxyR8qsADQ360tLSdl0azc3NjV4JWL9+
fUrrTqFQKJSeV6ZOnbpP3X3aq6SkJOHdWJs2/o0hACS4dM6OLrnkEvPOO+/EbXC2JwC89dZbxphI
g++BBx4wX/va14wkk5mZaa688kpTVlZmjIk0tE844YS9rt9vfvMbY0zkjP3dd9/dasnJyYnZ9tpr
r42+lrVr15qzzjrL+P1+k5eXZ6677jpTXl5ujDGmtrbWjBkzJuEf2tVXX93iP9pQKBQte9M9KBwO
m8MPP9zcf//9MctvuOGGhL8ej8djxo4da6qqqqLdfxpzXde89957JiMjI2XjARqPAZgxY0Z0ebyz
Io2XNb4kO3Xq1JTUnUKhUCg9r8RrMCdaoq5mt/RaCAAJLZ2zoyVLlkTfuE2bNpm5c+dGl7UVAL7/
/e9Ht50/f37cdRo3eh977LG9rl/D4I8tW7bs9bbvv/++McaYyspKM2rUqGbPX3XVVdG63XfffQn9
wDweT0wDORgMGmOMWbRokTn++ONNfn6+yc3NNVdddZX585//bK644gpTWVkZt2HdWDgcNgcccIAp
Li5utjzRA4IdxzEvvPBC9IpKQ///hjq7rmvq6urM1KlTUxYAGl9Baujv3zAmoHFfwabLcnNzo9tZ
0qeQQqFQKEkojbuZJsuqVas6/XU0bfx31hgAAkCbpXN2tGDBArNgwQJz7rnnRpc9/fTTxpi2A8Bf
//pXY0yk4XfggQe2uF5D43TFihV7Xb+XX37ZGGPM+++/v9fbVlRUGGOMWbp0aYvrNFyheP311xP6
gfXr18+EQiETDodNUVGR8Xg8Ji0tzUyaNMkYY6INZ2OMOfLII42kaKN57Nixprq6Om4QcF03OgC4
sXA4bPr375+w1+P1es15550XM43pQw89ZG666SZz0003mYceeigaCFavXm2ys7NTEgIaGvYbNmxo
tqy1ACDt+RKy5AuFQqFQKEkoubm5ZsOGDR1u5O6tDRs2dPoUoQ899FDMMRquMDQgACS0JG7n7Q0A
r776qqmsrGyzn/THH39sjIkMSGn63D333GPWr19vHnnkkbjbrlixwhhjzCuvvLLXr6NhHMJzzz3X
4jrr1683xkTm00/kezpv3jyzZs0a4ziO8Xg85owzzog5u9/w/1AoFLeh7PF4zDnnnBMzfqFh/cYN
8caefvrphLwWx3FMZmamWblyZTR4hEIhc8YZZ5j09HSTnp5uzjjjjGh3Jtd1zaxZs1IyRWlLjfi2
ugA1PC4sLEzaICoKhUKh2FEKCgraPS31vigtLe3037CWGv8SASBJJXE7b28AaE/x+/3RKwAvvPBC
s+causIYY+JeRfjiiy+MMR2bjvHzzz83xhizevXquM/3798/Ot/7448/ntAP7MorrzSO4xjHcczn
n3/eYreempqaVgfNOo4TvbJhTKRbVePHTSXitTiOY3784x/HfHahUMhMnjzZeL1e4/V6zemnnx4N
K+Fw2GzatMkMGDAg6VcBOItPoVAolK5YkjEWoLPHsLXW+JcIAMkoPnUT06dPV15eniRp0aJFMc8F
g0GtXLlSY8eO1aeffqotW7Y0275v376SpJycHC1atEhHH320+vfvr0AgoM8++0zPPPOM7rrrLgWD
wWbbLly4UNddd52OOuooXXbZZZo7d27M83PmzFFaWpqMMXr44Yc76yXH9cc//lHp6ekqLi5WZmZm
i+tVVVW1uh9jjHJzc7Vt2zb17dtXS5cu1UUXXdTZ1W2Rx+PR0KFDdffdd8vj8cQ85ziOjDHR/zfe
ZtCgQZo9e7auvPJKhcPhpNW3QU5OjiZOnBj3uab1baqsrKzL3m4dANA9zZs3T8OHD9fMmTMTsv/Z
s2fr+eef77T9PfTQQ/rhD38YffyDH/xA8+bN67T9o/0Sli466wpA3759o2fw16xZE3edzMxMM378
+GYz+EgyeXl57ZoRp6ioKO72WVlZ0VmKQqGQWbBggbnhhhvM7Nmzo8uNMeauu+5KeGLzer0xZ8xb
sm7dunadJff5fObLL79s854Cnf06HMcx9957b7PPJRQKmdNPPz3uFQBjIl2cAoGAOfHEE5M6Lei+
nEloYMMZBQqFQqGkpsS7WeW+6uybWDY9829M/PZFA64AJLQkbuedFQBeeOEFY0xkCs+TTz55r7cf
N25c9EOtrq42Dz74oLniiivMZZddZubOnRvTf66lf+w5OTlmwYIFcf+hhEIhc/XVVyflA2vaUG8p
2LQ3AHi93mbjAeLtvzNfg8fjMYceeqgpLS1t9nqaBoDJkyc3q5/ruubFF18kAFAoFAqFUl+a3oBy
X61atapTB/3Ga/wbQwBIVenyXYDuuecenXXWWZKk3//+91qyZMle7+O9997T5MmTddJJJ+mFF17Q
8uXLY56fN2+eFi9erLy8PJ1//vn61a9+pbVr18asc+2112ry5MmSpLq6Om3evFkZGRkaNGiQvF6v
fvazn2njxo1auHBhB19p+8TrLhNPTk5Om11SvF6vtmzZIq/X2+I6Le2/oxzHUVpamh5//HFlZ2fH
3b/jONE6xaub4zg67bTTNHnyZC1evFiu63ZqHeOZMWOGcnNzO7TtnDlzNGrUqE6uEQAAe5SWlmrq
1KlatWqVcnJy9mlfZWVlmjp1qkpLSzulbk27/aBrSFi62NcrANdff330DPSzzz6b0CR0++23R5Pf
zTff3OJz8+fPNwMHDow+N378+GjirqioMJMmTUpoPdt7c6/q6uo2BwE3TF3aHp1Vf4/HY6ZMmWJq
a2vjvpZwOGwuueQSM3LkSDNy5EhzySWXxO2e5Lqu+eKLL0z//v1Tdm+A9hYGEFMoFAolWaWgoKDd
v+0t6cwZf1o6899a+6IBVwASWhK3830JANOmTYv2dX/zzTdNVlZWQt+IoUOHRhukjWfyGTRoULSh
vHjx4rjbDho0yGzbts0YY8zy5csTWs+FCxe26x9va9OAnnXWWa12+2lqwYIFnVb/tLQ0s3r16jbH
HLTFdV0TCoXM5ZdfnpQAUFBQYCZOnNihL0UCAIVCoVCSWfZlZqDOvNtvW41/YwgAKSyJ23lHA8AZ
Z5xhqqqqjDGRqTf322+/pLwZDdNgNp5m9PLLL4/+g2h8k7Om5U9/+pMxJtIwbXyFoLPLgAEDWm08
N74fwIgRI4yk6JWAgoICU1VV1epVhKbPhcNhM2DAgE6pu8/nM7feemurdyVuGORbU1NjampqotOr
xquf67pmx44dZtiwYQkPAfvSiG+4UUtnD6aiUCgUCqWl0pFBwZ35O9Wexr8xBIBUldgO5V3AuHHj
NH/+fGVmZurzzz/X1KlTtX379n3a53e+8x19//vf13HHHdfiOnl5eerdu7ckqba2Nrp82LBh0b8/
/fTTFrfftGmTpEj/9COPPHKf6tua3bt3t/p8Q596x3H01FNP6dJLL9Xu3btljNH777+vzMzMVvv1
x3tu165d+1bp+v3m5+frhz/8YXSKz3hc19W5556r/Px85efn67zzzouZ7rPxdo7jqF+/fpo5c6Z8
Pl+nj1dorGH6zokTJ+7VWIDc3NzovyGmAAUAJMv06dO1dOnSdq+/dOlSTZ8+vVOOTZ//rq9LBYBD
Dz1Uf/vb35Sfn6+vvvpKZ599ttavX7/P+/35z3+uJ554QnPmzGlxnfHjx0cbkI2P2Xg+/SFDhrS4
/YABA6J/l5WV7Ut1WxUOhzV79uxWB/c2OOKII3TppZdGG6wdaSDPnDmz0wbZzpo1S0OGDGk2kLmp
UCikQCCgQCAQ974MjRljdM4552jQoEGdUseWFBUVRf+eMWNGu7dr/GVKAAAAJNPUqVO1evXqNtdb
vXq1pk6d2inHpPHffSTs8sLedAHab7/9zJo1a4wxxuzevduMHz++0y9D1dXVmcLCwrjr/OMf/zDG
RLqVTJgwIbp80qRJ0UtCTz75ZNxts7KyzGeffRatu9/vT+xlG4+n3X3oX3755Q7fJjwcDnfKVJse
j8eMHz/eBAKBNgcxh0IhM2nSJOPz+YzP5zOnnHJKm+MVwuGwee2110zv3r0T2hWooStPSUlJu6ZG
azwQa9WqVQn9N0GhUCgUSrxSUFDQajugtLS00wb9trfbT2Px9tOALkAJLYnbeXsDQGZmplm+fLkx
xpja2lpz8cUXmxEjRrRahg8fHrOPe+65x6xfv9488sgjzfY/ZswYU11dbYwxZsOGDea8886LPte/
f38zd+7caMN0yZIlzbZfsWKFMSYSDubPn28GDx4cfe64444zb775ZvQfzR/+8IekfHCTJk1qtS99
g3A4bEaMGGFqa2vjPt9aX/zOmtHIcRzz3HPPtTibT9PHK1asMC+//LJZvHixWbFiRZtjFhrK+eef
n9D3vPGgqpUrV7YaAgoLC8369euj63fmjAoUCoVCoexNmTp1aou/o1OnTu2UY3Sk8W8MASCFJXE7
b28AuOqqq/b6w3nrrbei2/v9/pi74x544IFxj9F4nfLycrNx48aYhvGmTZvMyJEjm2175JFHRs/+
GhNpdG7dutUUFxfH1GnJkiUmMzMzKR+c4zjmlVdeadd75bqu8Xq90RDUHosXL+6Us+kejycawMLh
cEyDvaUSDodNMBg0wWCw3duEQiGzdOnS6HuTqPe98aCqkpISM3PmTDNx4kQjRW7CMnHiRHPPPffE
vJf78gVGoVAoFEpnlBkzZjT7rZ8xY0an7LujjX9jCAApLInbeXsDwDXXXLPXH07jACDtOUu/du3a
FrvgfPvb3zZvvfVWszPRNTU15vnnn4/OmhOvDBw40Dz88MOmpKSkWV02btxoZs6cmfQPz+v1mo0b
N7br/WoIARdddJEJhUKtnvnfuHFjp91l1+PxmAkTJpiysjITDAZNKBRKSAkGg2bZsmVGSmwAkNo/
s0JpaWmnfblSKBQKhbKvpfHvV2fN+LMvjf+2EAASV5z6P7q9zMxMjR49Wh9++GGbg3CHDx+uY489
Vr169dKuXbu0fPlylZSUtOs4fr9fJ554ogYPHqxQKKS1a9fq3Xff7YyX0CFer1eLFi3Sqaee2uYg
32AwqL59+6qyslJ33HGHrrvuOvl8kZtBN9w1+NVXX9V3vvMdjRkzRh9++KFqamoUCAT2qY4ej0f7
77+/0tPT92k/rXEcR8XFxZ1218K2TJ8+XbNmzYqZJaqxhtkUNmzYkJT6AADQltzc3OikFoWFhfv8
m5noAb+zZ8/WrFmzOrRtUVGRJk6c2KFtly5dqsLCwg5t2130mABgM8dxdNppp+nll1+OPm6JMUYX
XnihnnrqKUlSVlaWLrjgAp166qmaN2+eXnzxRXk8Hp100kkaOnSoli1bpnXr1iWs3qZ+SlDTyqxG
bT2/t+t1poKCAuXm5ka/SFetWhUzYxAAAF1Jw8yA+9r4HzZsmObPn7/P9WntN7OoqKjDv6kFBQUq
KipSTk7OXm1XVlamwsLCHj9zHwGgB/F4PJo9e7ZuueUWGWNanG7TGKPdu3ersLBQa9askZSaxjMA
AACSr0vdBwD7xnVd3XbbbfL5fBo4cKAWLlzYrFHfcMZ92bJl2rlzZ8xyAAAA9HxcAQAAAAAswhUA
AAAAwCIEAAAAAMAiBAAAAADAIgQAAAAAwCIEAAAAAMAiBAAAAADAIgQAAAAAwCIEAAAAAMAivsGD
B6e6DgAAAACShCsAAAAAgEUIAAAAAIBFCAAAAACARZxNGzeaVFcCAAAAQOINGTpUvoY/AAAAAPRc
mzdtkkQXIAAAAMAqBAAAAADAIgQAAAAAwCIEAAAAAMAiBAAAAADAIgQAAAAAwCIEAAAAAMAiBAAA
AADAIgQAAAAAwCIEAAAAAMAiBAAAAADAIgQAAAAAwCIEAAAAAMAiBAAAAADAIgQAAAAAwCIEAAAA
AMAiBAAAAADAIgQAAAAAwCIEAAAAAMAiBAAAAADAIgQAAAAAwCIEAAAAAMAiBAAAAADAIgQAAAAA
wCIEAAAAAMAiBAAAAADAIgQAAAAAwCIEAAAAAMAiBAAAAADAIgQAAAAAwCIEAAAAAMAiBAAAAADA
IgQAAAAAwCIEAAAAAMAiBAAAAADAIgQAAAAAwCIEAAAAAMAiBAAAAADAIgQAAAAAwCIEAAAAAMAi
BAAAAADAIgQAAAAAwCIEAAAAAMAiBAAAAADAIgQAAAAAwCIEAAAAAMAiBAAAAADAIgQAAAAAwCIE
AAAAAMAiBAAAAADAIgQAAAAAwCIEAAAAAMAiBAAAAADAIgQAAAAAwCIEAAAAAMAiBAAAAADAIgQA
AAAAwCIEAAAAAMAiBAAAAADAIgQAAAAAwCIEAAAAAMAiBAAAAADAIgQAAAAAwCIEAAAAAMAiBAAA
AADAIgQAAAAAwCIEAAAAAMAiBAAAAADAIgQAAAAAwCIEAAAAAMAiBAAAAADAIgQAAAAAwCIEAAAA
AMAiBAAAAADAIgQAAAAAwCIEAAAAAMAiBAAAAADAIgQAAAAAwCIEAAAAAMAiBAAAAADAIgQAAAAA
wCIEAAAAAMAiBAAAAADAIgQAAAAAwCIEAAAAAMAiBAAAAADAIgQAAAAAwCIEAAAAAMAiBAAAAADA
IgQAAAAAwCIEAAAAAMAiBAAAAADAIgQAAAAAwCIEAAAAAMAiBAAAAADAIgQAAAAAwCIEAAAAAMAi
BAAAAADAIgQAAAAAwCIEAAAAAMAiBAAAAADAIgQAAAAAwCIEAAAAAMAiBAAAAADAIgQAAAAAwCIE
AAAAAMAiBAAAAADAIgQAAAAAwCIEAAAAAMAiBAAAAADAIgQAAAAAwCIEAAAAAMAiBAAAAADAIgQA
AAAAwCIEAAAAAMAiBAAAAADAIgQAAAAAwCIEAAAAAMAiBAAAAADAIgQAAAAAwCIEAAAAAMAiBAAA
AADAIgQAAAAAwCIEAAAAAMAiBAAAAADAIgQAAAAAwCIEAAAAAMAiBAAAAADAIgQAAAAAwCIEAAAA
AMAiBAAAAADAIgQAAAAAwCIEAAAAAMAiBAAAAADAIgQAAAAAwCIEAAAAAMAiBAAAAADAIgQAAAAA
wCIEAAAAAMAiBAAAAADAIgQAAAAAwCIEAAAAAMAiBAAAAADAIgQAAAAAwCIEAAAAAMAiBAAAAADA
IgQAAAAAwCIEAAAAAMAiBAAAAADAIgQAAAAAwCIEAAAAAMAiBAAAAADAIgQAAAAAwCIEAAAAAMAi
BAAAAADAIgQAAAAAwCIEAAAAAMAiBAAAAADAIgQAAAAAwCIEAAAAAMAiBAAAAADAIgQAAAAAwCIE
AAAAAMAiBAAAAADAIgQAAAAAwCIEAAAAAMAiBAAAAADAIgQAAAAAwCIEAAAAAMAiBAAAAADAIgQA
AAAAwCIEAAAAAMAiBAAAAADAIgQAAAAAwCIEAAAAAMAiBAAAAADAIgQAAAAAwCIEAAAAAMAiBAAA
AADAIgQAAAAAwCIEAAAAAMAiBAAAAADAIgQAAAAAwCIEAAAAAMAiBAAAAADAIgQAAAAAwCIEAAAA
AMAiBAAAAADAIgQAAAAAwCIEAAAAAMAiBAAAAADAIgQAAAAAwCIEAAAAAMAiBAAAAADAIgQAAAAA
wCIEAAAAAMAiBAAAAADAIgQAAAAAwCIEAAAAAMAiBAAAAADAIgQAAAAAwCIEAAAAAMAiBAAAAADA
IgQAAAAAwCIEAAAAAMAiBAAAAADAIgQAAAAAwCIEAAAAAMAiBAAAAADAIgQAAAAAwCIEAAAAAMAi
BAAAAADAIgQAAAAAwCIEAAAAAMAiBAAAAADAIgQAAAAAwCIEAAAAAMAiBAAAAADAIgQAAAAAwCIE
AAAAAMAiBAAAAADAIgQAAAAAwCIEAAAAAMAiBAAAAADAIgQAAAAAwCIEAAAAAMAiBAAAAADAIgQA
AAAAwCIEAAAAAMAiBAAAAADAIgQAAAAAwCIEAAAAAMAiBAAAAADAIgQAAAAAwCIEAAAAAMAiBAAA
AADAIgQAAAAAwCIEAAAAAMAiBAAAAADAIgQAAAAAwCIEAAAAAMAiBAAAAADAIgQAAAAAwCIEAAAA
AMAiBAAAAADAIgQAAAAAwCIEAAAAAMAiBAAAAADAIgQAAAAAwCIEAAAAAMAiBAAAAADAIgQAAAAA
wCIEAAAAAMAiBAAAAADAIgQAAAAAwCIEAAAAAMAiBAAAAADAIgQAAAAAwCIEAAAAAMAiBAAAAADA
IgQAAAAAwCIEAAAAAMAiBAAAAADAIgQAAAAAwCIEAAAAAMAiBAAAAADAIgQAAAAAwCIEAAAAAMAi
BAAAAADAIgQAAAAAwCIEAAAAAMAiBAAAAADAIgQAAAAAwCIEAAAAAMAiBAAAAADAIgQAAAAAwCIE
AAAAAMAiBAAAAADAIgQAAAAAwCIEAAAAAMAiBAAAAADAIgQAAAAAwCIEAAAAAMAiBAAAAADAIgQA
AAAAwCIEAAAAAMAiBAAAAADAIgQAAAAAwCIEAAAAAMAiBAAAAADAIgQAAAAAwCIEAAAAAMAiBAAA
AADAIgQAAAAAwCIEAAAAAMAiBAAAAADAIgQAAAAAwCIEAAAAAMAiBAAAAADAIgQAAAAAwCIEAAAA
AMAiBAAAAADAIgQAAAAAwCIEAAAAAMAiBAAAAADAIgQAAAAAwCIEAAAAAMAiBAAAAADAIgQAAAAA
wCIEAAAAAMAiBAAAAADAIgQAAAAAwCIEAAAAAMAiBAAAAADAIgQAAAAAwCIEAAAAAMAiBAAAAADA
IgQAAAAAwCIEAAAAAMAiBAAAAADAIgQAAAAAwCIEAAAAAMAiBAAAAADAIgQAAAAAwCIEAAAAAMAi
BAAAAADAIgQAAAAAwCIEAAAAAMAiBAAAAADAIgQAAAAAwCIEAAAAAMAiBAAAAADAIgQAAAAAwCIE
AAAAAMAiBAAAAADAIgQAAAAAwCIEAAAAAMAiBAAAAADAIgQAAAAAwCIEAAAAAMAiBAAAAADAIgQA
AAAAwCIEAAAAAMAivlRXIBGCHy1XeNcWhUu2yS3eJrdkm8Il2+WWbJVbsl2mrjrVVQQAAEAX4KRn
ypO/vzy5+8ubt588+QPlydtP3rz95e03WP6R41NdxU7XIwKAW/yV6t79u+re/4fq/rtUCtSkukoA
AADoBkxdtcJbv1B46xcKxnneSc9U2pETlT7mVKWPOUWe/AOSXsfO1m0DQPCj5ap971UFVv5LoU0f
xTxnZCTjyJGRnMj/jaTGfwEAAACSibYRnfpHkpExjuQYqa5ade++orp3X5Ek+YYdofTR31L6gznZ
VgAAIABJREFU0ZO67dUBZ9PGjWbI0KGprke71S5fqIq/zJS7a/OehSa2oU8DHwAAAJ0jEgncRieX
G3j7D1XWtF8ofdyU1FVvL2zetElDhg7tPlcAQutXq/yh6xVc+050WfRcvtPwmIY/AAAAOpMTaXM2
amY2tEHDOzep9HfT5D9snLJ/eJd8Bx6VojrunS4/C5BbtlPlf7xcu6+bWN/4N5KJfBR7Pgca/gAA
AEg0J/rfPT1PjIKfvK3d109U+QNXyS3bmcL6tU+XDgDBj5Zr91VjVVP010g3n/q+/XI42w8AAIDU
iYwckBwTuUIg11XNkse066qxCq5dkeLata7LBoCa159Q8awz5VaVSvX5SnI42Q8AAIAuwzRqnhoZ
mapSFd/2bdW+8UxK69WarhcAXFcVj9yg8vuukFy3fqET2/EKAAAA6Eocp/6agCQ3rLL/+5Eq5t/a
qD3bdXSpAGBqKlTyi7NVvfhPqa4KAAAAsE+qX/qjSn5xtkxtVaqrEqPLBAB35yYVX3eiAh8Upboq
AAAAQKcIfFCk4hsK5e7clOqqRHWJABDe+oV2XXuiQtvWRxYY0/oGAAAAQJdnZGQU+vIz7bpuosJb
v0h1hSR1gQBgqstVcud3ZRoP9qW/PwAAALo9J3qXYVNZEmnzVpenulIpDgCuq5JfX6DwtoY0RMMf
AAAAPUvD4ODwti9U+psLU97bJaUBoPzh6xT8aHkqqwAAAAAkTWDNG6p49MaU1iFlAaDm9SdU8+rD
qTo8AAAAkBLVi/+kmiWPpez4KQkAwY+Wq/yBn6Ti0AAAAEDKlf9phoJr30nJsZMfAIJ1Kv3dtC55
UwQAAAAgKVxXpXf/QArWJf3QSQ8AVS/cK7d8l6Iz/gAAAAC2MUZu8VeqWvRA0g+d1ABgKktV9dw9
9Y+Y8QcAAACWqp/2vuq538tUlib10EkNAJVP3SlTVy3O/gMAAMB6xshUl6tywV1JPWzSAoC7c5Oq
/9Ew6w9n/wH0LOmjJzVb1uvUHyr/l/+UJ7tfCmrUvXjy9lf2Zf8n/0EFLa/k9av31J8qb/Yi5d/x
9+RVDgASpf4qQPUrf1Z4x8akHTZpAaD8sdsjA39TfOMDAOhsmd/+H+Xe+KSyf3xvdFnGCecqa/qd
8h8yVrm3PCNP7oAU1rDrcvwZ6v3d69X398vV61vT5PTOjrueJ3+g+t5VpD4XzVba4RPkP2yc/IeN
S3JtASARjBQOqfKvv0jaEZMSAELrV6vurecjDxzO/gPoOXp9a5qypt8peX3qdfLFyr7iPmWccK6y
L/+DHH+GJMn/tdHKvuzeNvZkn4yJ56vvPW+qz/k3y5PVV5Lk+NLjrtvn/FvkG3Z47PbHnJHwOgJA
4kXaxrX/XqDQpo+ScsSkBICql+dG/uDsP4AexJO3v7Iu/oXk9UeXpY85VW75LpmKPQO6TKBW1S8n
f5aHrq73mVfIu/9BsQv9aXHX9R80qtmytKO/lYhqAUDy1beRqxvazAmWlABQ9/4/knEYAEgqt2Sb
yh++XiZQK0kyoYAqHrxGgdWvq+SX5yr01WdSOKSKR29S4IOlKa5t1xPauq7ZsoarJk2ZULDZMt/g
w+QfcVyn1wsAkq6+g0zd6teScjhfog8Q2vCBTPnuyAO6/wDoYWqXPiVTVars/52jyr/9RrVvvSAp
8t1XcvvpSjviRNX+e0GKa9k1hTd/IjVtv/v8cdc11eXNl9VUyNMnLwE1A4Bki7SR3V1bFNr8iXxD
Dkvo0RIeAOpWLqn/y4jZfwD0RHXv/l271nxDpqYyZrlbuoPGfyuCGz9stsxJi38FwK0qa7asZPYU
BT9/v9PrBQCpEWkrB1b9K+EBIOFdgAKrlrS9EgB0c00b/2hbcO0Kybgxyxx//EHApqr5TXJo/APo
UeqHytYloe2c0ABg6qoV+Hh5/SPO/gOwV8bE85V51pWprkaX4pbuUHj31tiFvviDgN0k3yUTAJKu
vqt8YM1yKRRI6KESGgAC/y2qn/s/kUcBgK7Lkz9QuTf8VTk/mStvvyGprk6XE96+PuZxi1cAKouT
UR0ASC1jpFBAgf8mduKIhAaA0MY1kiTjkAAA2Cdt1DeV/8t/Kn3s5PolfBc2Ff7qs5jHTgvTgLoV
TQIA00oD6MGC9W3oREnoIGC3IjL7j8P4XwAWyv7xH+TtN2jPAjc5jdbe371e4S8/VW3DDRgTLK3g
ZKUXnCzf0JHyZPeVvH65pTsU/Oxd1RT9VeGvPm9x29DmtbELWrgRmFu2s8mC8L5WGwC6rIY2dKIk
NgCU7Urk7gGgSzPVZZIGNV6S0ON5eucq57q/KO2IE1S9eG6HAoD/sHEKfvJ2m+s5vfqo95lXKuPE
78m7/4HNVxhymNKOPFGZZ16umlceVOWTd8oEa5ut1nQgr5PWQgAo2R7z2DQZPAwAPYlbntg2dFKu
AACATdIKTlaf82+Wb+jI2CcS2W3F61fuzU/Lf+ixkiI3ydobjj9D2Vfer/Rjz9DuK49WeNeWFtdN
G/0tZf/wruZ38W1hv5ln/UTe/Yar9Lf/r9nzwXUrZQK10ek/WxoDEN65OXaBSwAA0APV95iJ3kMr
QRI6BsCNVp7+PwB6PiczW9lX3Ke8m56W/+AxzVdI4Fnr3lN+Em38S5Jv8KF7tX3O9X9Rxviz5fjS
lH7clBbX8x9yjHKvmd+uxn9j6ceeqd5nX9P8iXBQ4R0b9jxuqQtQ+S6ZYN2eBVwBANAT1Z8nSvQV
gMQGgGgXIAZrAejZ/AcfrfxfL1Gvky6UvPEvrpoEXgHwH1QQ89iTt3+7G+mZp/1I6aMnRR+nH3VS
y+ue/r9yMnq3+LyprYr8cMV5rb1OuSTuNuFtewKA08KdgKUmdwPmCgCAHqn+jsDd+gpA2Y7IHw5X
AAD0XOnfOE25ty2U74CvxywP79oS2xBOYAAIbf44doHjKG3k8e3aNv0bp8U89o84Tk5mdtx1Pdn9
YxcYo8Dq11X+p6u1839GaMdFg7TzkoNVfOM3ozPBNfD2GxQ3lMQMEm7hPgCSZGoq9jxgEDCAnqh+
5sxuHQCchi9ypmsD0EP5DxunnJ8+JE/v3MgCYxT48A2V3T1duy47QuHdX+3T/j25A5R16e+Ue+1j
6jVpeovrVb/yoNwmd8v1HXhU+w7SpN+9k9FbvU44L+6q8YKGCdSotuhJucV7buoVXLdSFY/d1mx7
T1Z+831++eme3bVw9USS3Kqy6N8MAgbQIzU0mRP8HZfQAODJGZDI3QNAymVd/HM5vfpIkkKbP1HJ
L89VyawzozPwhJs2mPdS9v/+nzJPu1Tp485Sr5O+3+J6bvku1fzrsZhlTa9ItCS0/oNmy9K+cWrc
dasX3afgF6sVWv/f6LL0sZOVc/1fJG9s9x23ZFvMYxOsVWjDh82Pv/mTPQ+83hbrGdMFiAAAoAfz
5Ca2DZ3YAJBXX3l6AAHogfwjjpP/62MlSbVLn9Lua09QYOW/YtYJbmjeuG6vtFHfjOmeU/P6k62u
X/Xs72LOwnsHDG3XcWqKnpDCwdhjH3ZcNNg0Ft6xScXXT1TxzDMU+GDPnSrTR09S7tUPx6ybfszp
MY8Dq4viTgUaWv/fPcf3tBIAGl0BUJguQAB6Lk/ufondf0J33nAFgB5AAHqgXoUXRMY41fdH9+Y1
/8IOfvJOh/ff+ztXR8dQucVbVfPa462ub6rLVf33h6KPPTn9W1l7j9CGD1X79osxy5xefZRx7Jmt
Hqv0l99T4MM3osvSx52l7P/5vSTJN3SkMk+/bM/6gVpVPT8n/r6CtQrXz/PvOC3/LLmVJY0ecAUA
QA9Uf9LcE+f3pDMlNgDktu/HBwC6o7SG2XI8XmVMPF99731Xubc8oz7n3ai0USfJ0ztXgf8WydRW
SZIcT/u/cjNOOE9ph0+IPq5Z9rdmZ+njqX7pPoV3fSlJMu1Yv0Hlk3fEnmGXlHZUYavbmGCtyu6e
ptCWPV14ep1yiXJ++qDybl0oT1bf6PKqhXe3eoMxt5X7DkTXqdwzxoExAAB6svaewOmohN4IjDEA
AHoq39CR8vYfErPMSctQ+uhJSh89Sb0lyRiZuuroTa7SxpyqXl99rtrlz8rUVMbdr7fvAep1yiXK
PP3HMTOoefcb3upder39Bst/+ASljRwfvZtuzOw6bQhvW6+qF/+gPhfcGl3mP+w4pY08XoGP3mxx
O7eiWGVzfqS8mS9EB/hmnHBuzDrVL89V1YLfxt3ekz9QGeOmRPu7NoSleCJ3Vm44MF2AAPRARpIj
eRPcBSihAcCb4AEMAJAqbsk2ucVb5ckf2PJKjiMno7dMsE6OxyvfoEOUfdn/KesHv5JbtktOZpbc
HZvk1lbJScuQJ7ufvP0Gxe0Hn3HcFGUcN0Vu8TaZmnI5vXMV3rFBTma2PDkD5OmT12zK5brVr+/V
a6p69ndKHztZ/oOPlhQZQ5D388UK79gkE6iWCdTJVBRLHo/k8crxp8nplS1PVr48fXLj79QYpR97
ptKOnChTWyETCsnTO1tORh/JGHn7D44ZPNzaHYjdikZdgLgCAKAHi46jTZDEXgEgAADoodyKYpX+
+gJlX/mAfENHtLpu9aL7I/356znpmdEBup4+eXt1XE/+/pL2j/zdynesqalQzT8e2at9S1LlE7OV
d9vCmBDS3sHEcTlOJNRoULtWD6z5d4vPmcriPQ+4AgCgB+vWg4D9h0Rmx+BGYAB6ouAXq7T7uhNV
teC3civi37Ql+Ol/VLXw7la7trR1jI6oW/Gy3NIde71d4IOlqvvP4g4dU5JMsE4mWNehbcPbN7R6
bLds557jEAAA9ET1beaGK7GJkuBpQPffcyMabgYGoCcKB1X51J3adfkoVcy7SXXv/j3SZaa+EVy9
6H6ZmkpVv/pwGztqLrDm3yq+vlBVC34rEwq0axtTXa7qRferYt7Ne328BnXv/3OvtzF11apd+pSK
rztRJbOnKLhu5V7vo3rR/a0+H24caJgFCECPE2kr+742OuFXABLaBUiSMsZOVmWjG8YAQE9kaipV
vegBVS96ILrMO2CYwjs2SpIq/3K73NLt6nXShfINGdHilVG3olihLWsVWLVE1YvnRrZ96k7VrVqi
PufeIP/I4+U0uXOvqalUaOOHqnv3FdUUPdmhM/+NZUw4J7LfqjK5ZTvlPeDgOC/YyC3ZpuDGDxVY
+S/VvvGM3Io9XXSKbzhJ6aMnKaPwAvkPPjoyYLqFOf7dit2qWfK4ql/5c6v1cnduiZxMchxOKgHo
sTKOOSPhx3A2bdxohgzdh/6dbQht+EC7rz0hYfsHgO7GN3SE0gtOlv/QcQp+sUrh7RvkVpYovGVt
q4NgpchsPxnjz5Fv2OGqW/2awts3tDq95t5KP/ZM5V77mOQ4qlv5T5Xeea78h41T2lEnyfH5Fd76
udzKEgXXrYq56VhbPNn95D/4aDlZ+fINPlSeXn0idxTe8mnkakE7pyztdfLFCu/YqNCGD2ICBwD0
FH3veStyoigBNm/apCFDhyY+AEjSrstHRc6CNZy5AQB0Ob4Dvq682S/JkxcZZFz51C9VteCuFNcK
ACxQ30b29h+qfg8krudMQwBI6BiABuljv13/F41/AOiK/COOU+5tC6ONfxOsVW3RX1NcKwCwS/px
U5JynOQEgGNOj/xB+x8AWuTd/0A5vfrELus3WHm3P9/mVKOS1HvKVdGbcTWWdvgEeXrHn6ffP+I4
5fxkrvJufz7mxmZ17/69ze5IAIBOUt9DJmPs5KQcLuGDgCUpbeQE+YaMUGjzx4re4gwAEOUdMFR5
Nz+j8M7NKv31BTLBWnmy8pVz/ePyH1Sg3BufVumvv6fQpo/jbt/nolnqPXWG0o85XSV3nitTXS5J
8g0+VHm3Py9JChdvlakur787cS95+g6UJ6tvs32Z6nJVPjE7cS8WALBHffcf34FHyT/iuKQcMilX
AOQ4yrq0oR8pjX8AaMzbb7Byb/6bvAccrLRRJyn3xiflHTBMubc9J/9BBZF1BgxV7o1PNbtCIEm9
z71Bvaf8VJLkP/RY5d36rDzZ/SRJvoMKImeWvD55+w+Rb9jh8h8yVr7hR8Rt/CscUsWjNyq8bX3i
XjAAYI/6s//Z//P7pB0yOQFAUtrhJyj96FPqHzF9GwA0yL7qT/INPiz6OG3USUo/ZrIcX1rMeoGP
3pSpqYxZ1uuk76vPeTfETLDgP2Ssep9zrSSpdtnTKvvj5XKrStushwkFVPnXn6vmdfr+A0BS1E9p
nH7M6fJ//RtJO2zSAoAkZf3gV5LHI64CAMAeVc/cFTOlZd3bL6p60QMqvfMcBT9/T5IU+PgtVTz4
s2bb1q16TaENH8YsC23+JGb2ntplT6vkllMV+GBZi3UIb12nsnsuUdUL9+7rywEAtJfjSB6Psi6+
I6mH9V599dWzcnJyknIwT1a+3JLtCq1byZSgAFAvvGOjgh+/qbRR31Toi9Uqu3uaFA7J1FSo9o1n
JK9flQ9d2+zsvySZ2krVvfOS0g49Rt5+gxXetUVlv/qewru/jFnPLd+t2qVPKrxtvby5A+T40uQW
b1Vw7QrVvDxXZff/ROHNnyTrJQMA6tvCmaf9SBknnpeUQ5aXlSknJyc59wFozFSWauf/jpSpq07a
MQGgO/AOGCq3ojhuQ78tjj9DWdPvVPU/5ym04YME1A4A0NmcXlnqP/cDOS3M1NbZknofgMacPrnK
+cncZB8WALq88I5NHWr8S5F5+8sfvIbGPwB0IzkzHkpa47+xpAcASUofd5b6XHBrKg4NAAAApFyf
i2YpfcypKTl2SgKAJPU+51plTPhuqg4PAAAApETGhO+q99QZKTt+ygKAJOX8ZK78h4xNZRUAAACA
pPEfMjbl3eFTGgDk9Snv5mfk3W+4JMkY7g8AAACAnqWhiesdeJDybn5G8vpSWp/UBgBFBgXn3bJA
Tu8cOY5Tf48wggAAAAC6OyMjI8eRnD55yrt5gZw+yR/021TKA4AkeQ84WP1+94Z8g75ef48w7g8A
AACA7s6RI0e+QV9Xv98ulXfgQamukKQuEgAkydN/qPJ/U6S0IwtTXRUAAACgU6QdPUn5vymSp3/y
7rvVli4TACTJyeitvNsWKvPMK1NdFQAAAGCfZJ55pfJu+pucjN6prkqMLhUAJEkej7Km3aGcnz4o
ebyRZYZOQQAAAOi6HEV6/EuS4/Mr56cPKmvaHZLT9VqxXS8A1Ms44Vzl/+KVyEAJZ88bCgAAAHQ1
RibS479PrvLv/IcyTjg31VVqUZcNAJLkP/QY9f/jSmWe9RPJnxFZaOrDAFOGAgAAIGUi7dHoSWp/
hjKnXKX+f1wp39dGp7ZqbXA2bdxohgztOoMSWuKWbFPlgt+q5l/zpXBI0p6kJSP6CAEAACCxjCTH
1P+/vvHp9Slz0nT1PvcGeXL6p7J2bdq8aZOGDB3afQJAA3fXZlU+/WvVLH1Scl1JkYsBjiKfA9cF
AAAA0Nka2pjRc84ej3pNvEB9vnejPP2GpKhWe6fbBoAGpny3ale8pLr3/qG6VUukYF1kef2NxDyS
jLPnQzKmISBwqQAAAAANIq3DhrZiZEkDJ2a5/BlKL/im0secooxjzpST3Tfptd0X3T4AxAgFVPff
ItX9Z7Hq3ntVbvHWVNcIAAAAPYAn/wClf+NUpX/j20o/qlDypaW6Sh3WEAB8qa5Ip/ClKf3oU5R+
9CmSIlcHwjs3RcqOTQrv3FxfIn+b6vIUVxgAAABdgZOZI2//IZEyYOiev/sPk7f/kG53lr89ekYA
aMLJ7itfdt8uPwIbAAAASLYuPQ0oAAAAgM5FAAAAAAAsQgAAAAAALEIAAAAAACxCAAAAAAAsQgAA
AAAALEIAAAAAACxCAAAAAAAsQgAAAAAALEIAAAAAACxCAAAAAAAsQgAAAAAALEIAAAAAACxCAAAA
AAAsQgAAAAAALEIAAAAAACxCAAAAAAAsQgAAAAAALEIAAAAAACxCAAAAAAAsQgAAAAAALEIAAAAA
ACxCAAAAAAAsQgAAAAAALEIAAAAAACxCAAAAAAAsQgAAAAAALEIAAAAAACxCAAAAAAAsQgAAAAAA
LEIAAAAAACxCAAAAAAAsQgAAAAAALEIAAAAAACxCAAAAAAAsQgAAAAAALEIAAAAAACxCAAAAAAAs
QgAAAAAALEIAAAAAACxCAAAAAAAsQgAAAAAALEIAAAAAACxCAAAAAAAs4kt1BTpbeUh6uzikL2tc
batztbXWaFutq621rrbWRf6uCqe6lgAAAOgKenulgRkeHZDh0X7pjgZmeDQww9H+GR4NyvDo2Hyf
sntYi7lHvJwPy10t3h7Uy9uCerM4pJBJdY0AAADQHVSFpc+rXH1e5cZ93u9IE/r6NHk/v07f368R
Wd2/A023DAA1YWnJzmC00b+phhY/AAAAOl/QSK/vCun1XSFdt6ZGwzM90TBwUj+fenlTXcO9160C
QNBI966r0x1ra1UapNEPAACA5NpQ7er+9XW6f32d8vyOZh6WoSsOSpfPSXXN2q/bXMNY+FVQI/5V
rms/rKHxDwAAgJQrCRrN+KBGhy8p14vbgqmuTrt1+QDwYbmrcUsrdM6KKq1roW8WAAAAkCqfVrqa
8naVCt+o1JqKrt9e7dIB4K7P6jTqtXK9U8K0PQAAAOjalu4OadSSct27ri7VVWlVlwwAda50zjtV
umFNjbp+hgIAAAAiwpJ++kGNLnq3WoEu2pDtcgFga63RsUUVWri1+/SjAgAAABp7YktAE5ZVaEdd
1xu72qUCwHulYY16rVyry+nyAwAAgO7tP6VhjX69XP/pYt3Zu0wA+MvmgI5fWqGdga6XkgAAAICO
+KrWaMKyCj2xOZDqqkR1iQBw28e1uvi9atH2BwAAQE8TMNJF71Xr1o9qU10VSV0gADy6MaA71naN
NwMAAABIlDs/rdVDG1N/JSClAWDprpB+tLI6lVUAAAAAkuayldVaXpzaMQEpCwAbql2d9XalutaQ
CAAAACBxwpLOfKtS66tTN0doSgJAeUg6ZXmlykOpODoAAACQOiVBo9PerFRlitrCSQ8AYSOd9Val
PqvqondGAAAAABLs00pX311RmZKb3iY9AMz4oEZLd3PqHwAAAHZ7dUdI135Qk/TjJjUA/Ht3SH/8
oi6ZhwQAAAC6rHvW1WlFkm8UltQAcHUKEg4AAADQlV33YXLbyEkLAIu3h/RuKXP+AAAAAI0t2x3S
v3Ymr4t80gLAjWuY7x8AAACI55aPkncVICkB4NmvgvqgnFl/AAAAgHhWlIT10rZgUo6V8ADgKrmJ
BgAAAOiOrk/SWICEB4Blu0JaW8nZfwAAAKA1n1S6Wl6c+DGzCQ8AybqUAQCw04yvpWvNyVkqOT1H
a7+VrZmHZaS6SgDQYS9tDST8GL5EH2DhVwQAAIl1+YHpuuXQ9JhlB2REzm98Vbv3VyC/959q/Zsb
FnYLlx2YrnuO7BV9nOt3NOuwDDmSZn1Sm7qKAUAHvbg1qF8f3qvtFfdBQgPA2kpXG6rp/gMgsbJ8
exr8TbW0vDXpSb9HOjrqe4P8cZd/d5CfAACgW/q40tX6alcHZibuxyihP3MvbeXsPwAgcTxOC8uT
Ww0A6FTPJ7gHTWIDAP3/AQAJ9EILJ5pe2kYXLgDdV6Lb0AnrAlQekpbThxZAitWGzV5v4+79JkiR
339epz4+R5cMTdP+GR7tCrh6ektQt37M9NMAuq9lu0IqCxrl+Fu4zLmPEhYA3isNKfGTGAFAy9ZV
uTr4n+WprgYS7Oef1Orn9PcH0IOEJa0qC2tiv8Q01RPWBWhrB2beAAAAACB9VZu4y9EJuwLwVQ3X
0AF0b+P7+pTf5PJrrWv0zx2R7o190xxdOixNI7K8SvdEZm5o7Uz0wb09+tYAvw7P8ijX7yjd46g4
aLSjztVrO0Mq2tV2t8lv9veptze2TiVBEzNt6agcr74z0K8hvTzK8jkqCxl9UB7Wwq+C2lLTsZMz
397PrxP6etUvzaP8NEd1rtGXNUb/KQ3ppW1B1Xbgkm9nvB+H9PHo0D7eZss317haVdZ6pfwe6Zv9
fJrQ16cDMjzK9juqDhvtqjPaUO3qua0df78AYF8l8mR6wgLA1jq+NAF0b787PEPj8mO/JkuCRvkv
l+n/DUnTnCN7KT9tT2P8q9r4AeDsA/z66dfSNT7fJ28L3TlvOzTSaP3ThoDuXNtyiHh4dKaGN5ka
bk1FWEcsqdCYXK9+e0QvFfbzKd5h7hyRoT9vCOiadt5qPsMr3XxIhi4dlqaBLU6nmq6ddUYPb6zT
7Z/UKtiOr/7OfD8uGpKm2w5tfuOvv2wO6OL3quNu4/dItx+aoWlD0zSkV8sXwu8+opdWlIR056d1
emU7k1oASK6O3MemvRJ4BYAAAKDnyfI5Om+QX48cnSlfk8Zr08HDfo/0yOhMXTgkLW6DvKkhvTy6
Y0SGzh7o1xlvV7X77E+2z9HZB/g1/+hM9WlaqUb6+Bz97OB09U93/j979x0eV3Xnf/wzM9Jo1Hsv
7r3ibtkGU0wIxVlKFkJoTkgnZbMkJJCE3V9IlsBuCiSwIYEAIQkbWqgJNbZxwb3hXiVZsnrvZeb3
h5CRNHdkSZ47M/J9v56HJ+bO6J7jIc/ofM4953t8Do57TI116LkFUZoa6z273l9qhE3fm+jSirRw
3ba9WR/WG8+8B+rzGMj4aLteWBitmXFn/nuF27ufAr22KExPFbXrc9sH/swAwJ/MfAJg4h4AlgAB
OPeE2aTHZnsP/iWpf8Gh5xdE66ZBDnZ7m5Pg0EsLoxXla3q8n9xIu56eO/Dgv7ebcp26Mcfp8/Wp
sQ79PT96UIP/3uYmOPR/86OU7DTuR6A+D18Sw216bXHMoAb/vdlt0qo8p56YE3VW7QPAUJi5B8C0
AGDmYwsACCZfZdl6B4BvjovQygzjU2prOzzaWN2pTTVdaug0/oJfmOjQDyZFDLpP/fdZiIR6AAAg
AElEQVQFDMQm6UtjfAeAR2dHKm+ApTEDmRrr0G9new+UA/15GPnJVJcmxXj/vdrd0nsVnXqioF3P
l3T4nHVblefUDQMEJwDwpxG5B6CUPQAAgiw1wqZ5CYOf7W3qkvY3DH03q0fdg+re33pfHG08UHyh
pEOf39Gsuo7ugW56hE3Pzo/WcoNSb9dnO3X3vsGXt9xa26VHj7dpc02Xwm3SBSlh+vb4CMN17gsS
HIpydG967e2rYyJ0frJ3X9we6amidv2hoF3Hm92aEefQ18c69cl070H9v2SGa36iQ1tqPv4sg/F5
9HdtlncfGjs9um5zk94s/3jDcWK4TS8tjDYsv3f7KKeePdk+7D4AwGCNyADAQToAgi0uzKYty2MH
/f4tNV1asKZhUO890uTWb4+36R/lnTrY2KUoh01ZH22UTY+wGS6fqevw9BnsSlJZm0ertjfrwCVx
iug3Th8bbdf4aLuONJ35l8Cmmi4te7+hzybcHXVdWl/dqQ3nx3otWXI5bFqW7Ogz8JWkVaOMB+r3
H27VPb0G3ydb3Pp7WYdeXBitqzP7hgCHTboh26ktNd2bjYPxefQ3I86htAjvpyRvlXd6fQY1HR7d
+WGL4f93ZsUPbfkQAAzXMM6xHDTTAkB6hF3HmnkKAODc09Ll0aI1Dapq//jbuc7tUV1H94x3uN2m
Bw63ef1cRZu7z2C3x4lmt442dRkOkifEOAY14P3Ohy2GFXi21HRpd12X5hg8Ccnu92RgRpxDcw3e
V9Ph0X/4KG967/5WfSojXPZ+Y+uZvQbKwfg8+kvwsWzL5WM8v7W2S48XtMvZL4T4WKEEAH6X4bP6
2tkzLwC4bDpGwQQA56D7D7f1Gfz3d7LFrbv2Dq7UZo8mHyXvYwb5LV05QH/K2tySvEe68f0eC1yU
alw+dENVp8/ynnvqu1Ta5j799KNHSq+NwMH4PPo70NilTo+8noSsSA3X3RNdevCIdwnT23fwSwxA
8GQYPLX0F9MCQEaEXd0HGQPAuWXPGQ6Y8mV6nEMLEh0aF21XjMOm6DDb6Tr48xONp6L98fXf7mPw
3n92e7qP6jhnOlBrwtsNXvX8B/PoOpCfR0Vb92Fp/fcWhNu7Nwd/baxTayq7NyK/Vd45rL0gAOBP
6f3XQfqRiUuAzEstADBYvU/IPZP9Df5ftpjpsuuuCRG6IiNc46PN+zL3h/6nHveoNlim01v/jcQD
Cebncfe+Vr2VH21YLjXLZddncpz6TE73pu6CZrfWVnXqz0XtXnsEACAQRugSoND+RQfg3He0ya1l
7zcGrf2bcp36xYzIPsthQlmsj3MEas8QAAYr2J/HxupO3bStWb8/L2rAPtgkjY6ya3SUU7fkOvVB
dad+dKBVbxMEAARQhsu870rTRuk8AQBgZZ/JcerxAQaaLV0enWp1q6il+59Q4KsX/vhFESqfx8un
OjR/dYOeKWof9JOLRUlhenVRjL485uzOIQCAocgYmUuAeAIAwJpiw2x6cLrLa4291F2a86cHW/Va
WYdaey0z33xBrM9174Hi6xCuxLOcsQ+1z+NEs1s3b2vW9/badW12uC5ODVN+UtiATwUi7NLDMyNV
3OLWq6UdpvQLAHpLN/EJgGkBYFGSabcGgJB2Q064sg2WQR5sdOvCdY2GpS9DQYWPAxx97Q0YrFD9
PIpb3XroaJseOtpdonR5SphWpIVpZUa44YboMJv07fERBAAAATE/wbyxtGl3znLZNDPOod31VFIA
YC35PiZAnj3Z7nOwGxEC50vt8FHtZ4pBPf7enpobpdR+s+fHmty6Y3d36c9Q+DySnTavswra3erT
[...]
8DC7stOiFGXQjscjvcbvKQAhYqDJEn8xbRNwD7MfYQDAQKJcYVowLcXwtW37Bj/47+GrUkxOerTh
rLxZfvWXvSqtbAlYe0Yqalr117eO+eVeRrPyg/VfT+xWZW2r4WupiS5NHZugCXlxhoN/SXr7g2L9
Y8PJYbcPAP60xGCSyd9MDwALpqcGpTwdAEjSZfnZiokKN3xt9bbBL//p8e7mEp9r3y/LN37SYIbi
8mbd85ttPpfh9NbR6da7m0tM6ccTLx/Wi+8VyO3jgLLeSitb9Nzbxw1fmzJm+FV4jhTV685fbNGB
E8YVknzp6HTrhXdP6CeP7xp22wDgTznp0Zo71XjSyp9MDwAOu01f+fQUs5sBAEMXzDWu/V9W3aIt
e403iQ6kubVTuw/XGL62YHqqz1lmMxwpqtcXf7xeL75XoJr6Nq/XPZ7uA7l+8OgAc/MAACAASURB
VJtt+mB3heE9ek7oPRu/+vNe/ef/7tCBE3WGQaC1vUtvbijWV/9rg15dW6Qut/d7po1LVHrS8CeL
jhc36Ev3rdev/rxXhwrq5DZoo0d9Y7ve3Vyibz64SQ/9Zd+w2wQAf/vKdZPl8FGxzp9shQUFnty8
PNMb+uKP1+ugj/rVAICzE+awacH01I/WuYertqFNB07U6eBHs+Kf/eQ4ffHaSV4/t2lPhb77qy1+
68forBhNHZug5HiXPPKovKpVG3eXq6E5sMUg0pMiNX18ojJTIuV0OtTR4VZ9U7sOF9YPuuwrAATS
tHEJeuT7+aa2UVRYqNy8PPM3Afe444ap+vrPNgaqOQCwhNRElypqWtXZ5RnwJNvZk5IMr5dUNvu1
PydKGnWipNGv9xyOsuoWlW0O7h4JABiKb904PWBtmb4EqMfMCYmGlTMAAMOTPytNf/jPZbp4QdaA
71s6O93nmtKdB6vN6BoAYAiWnZeuiaPMLf3ZW8ACgCR95dNTZDN/WRMAnPNSE1369k3TFRsVrh/c
Pks/+uJsr5OKY6PCddMV43TP7bMM15SWVrZo9RDOQQAA+J/dJn3puskBbTNwu9Uk5WVE6/IluXp9
HfWWAeBsfG/VTKUmuiRJdrtNFy/I0sULslRZ06raxnY5wx1KS3TJZXDqbY8//f1ooLoLAPDhyvPz
lJseHdA2AxoAJOlr10/RrkNVOlnu33WnAGAVqYkujc6KMXwtJdGllI+CwUDeWHdSr6wp9HfXAABD
kJcRrS8HePZfCvASIEmKjgzTf397oeJjjOtyAwAGVlHTqh8+sl2FpUPfbOt2e/TCuyf0syd3m9Az
AMBgJcY59fN/X6joyIDPxwc+AEhSZkqkHvjWAoWHBaV5ABjx9h2r1Zfu26Bn3jjq8xTc3txuj3Ye
rNZdv9pK7XsACDJnuF0///bC00s5Ay1g5wAYWbOtVD96dHtQ2gaAc8nS2emaMyVZuenRio0Ol91u
U2tblyprW3W0qEHrd5WFRHlOALA6m026/xvztWhGasDb7jkHIKgBQJKeffOYHn3uQNDaBwAAAALl
32+erpUXBGfs3RMAgr4G54ZPjNWNl40NdjcAAAAAU9185figDf57C/yuAwNfum6ycjNi9N9P71GX
2xPs7gAAAAB+47DbdOctM3T50pxgd0VSiAQASbp8aY7yMqJ110Nb1NjcGezuAAAAAGctLjpc//X1
eZo+PjHYXTkt6EuAeps+PlG//9Ey5WUE9jAEAAAAwN/yMqL1+L3LQmrwL4VYAJC6S4Q+9sOlmjsl
OdhdAQAAAIZl0YxUPfbDpUpLCk6pz4GEzBKg3iIjHPqfby/UmxtP6rEXDqqqri3YXQIAAADOKDXR
pS9cPUmXLs6WzRbs3hgLyQAgdddIvSw/R8vnZeovfz+mv7x5VG3t7mB3CwAAAPDicjr0mcvG6sZP
jpMzPOQW2fQR9HMABquqrk3/+/wBvbWxONhdAQAAAE77RH62vnzdZCXFRQS7KwMKmYPAhupgQZ0e
+ss+fXikJthdAQAAgIVNGZOg7942Q2OzY4PdlUEZsQGgx7HiBm3YVa71O8u0/3itPBwfAAAAABPZ
bNLUMQnKn52uJbPTNSYrJthdGpKeABCyewDOZGx2rMZmx+qmy8eprrFd63eWa/2uMm3dW6nW9q5g
dw8AAADnAJfTofnTUpQ/K11LZqcpPsYZ7C6dtREbAHqLj3Hq8qU5unxpjtweqbKmVWXVLSqralF5
dYtKq3r+3KrSqhY1t3LQGAAAAKToyDClJ0UqPfmjf5JcSkuKVMZH/56c4JI9RKv5DNc5EQB6s9uk
tCSX0pJcmhFihy4AAAAAwRbaNYoAAAAA+BUBAAAAALAQAgAAAABgIQQAAAAAwEIIAAAAAICFEAAA
AAAACyEAAAAAABZCAAAAAAAshAAAAAAAWAgBAAAAALAQAgAAAABgIQQAAAAAwEIIAAAAAICFEAAA
AAAACyEAAAAAABZCAAAAAAAshAAAAAAAWAgBAAAAALAQAgAAAABgIQQAAAAAwEIIAAAAAICFEAAA
AAAACyEAAAAAABZCAAAAAAAshAAAAAAAWAgBAAAAALAQAgAAAABgIQQAAAAAwEIIAAAAAICFEAAA
AAAACyEAAAAAABZCAAAAAAAshAAAAAAAWAgBAAAAALAQAgAAAABgIQQAAAAAwEIIAAAAAICFEAAA
AAAACyEAAAAAABZCAAAAAAAshAAAAAAAWAgBAAAAALAQAgAAAABgIWHB7oC/1bd16oPiGhU3tKq0
sU2nGttU2tSmU42tOtXQ/eemjq5gdxMAAAAhIDrcocyYCGXFupQeHaHMmAhlxriUEROh7FiXFmYl
KC7i3BoynxN/mw8rGvTGkXK9fqRcG4pq1OnxBLtLAAAAGAGaOrp0pKZZR2qaDV8Pt9u0NDdJl49P
0xXj0zQlJSbAPfQ/W2FBgSc3Ly/Y/RiSlk633j1e+dGgv0yF9a3B7hIAAAAsYHR85OkwcOHoFEWG
jZwV9UWFhcrNyxtZAaDD7dFDm4/rvnWHVdvWGezuAAAAwMISXeG6d9kEfW3eaIXZbcHuzhn1BIAR
E1lePFCqKY+u1p3v7mfwDwAAgKCrae3Qt97ep2m/XaNXDpUFuzuDFvJ7AD6saNDtr+3WppLaYHcF
AAAA8HKoukmfem6rLshL0m8um65pqbHB7tKAQvoJwAMbj2rWY2sZ/AMAACDkrSms1qzfrdVDW04E
uysDCskA0Nbl1rXPb9Nd7x2QO9idAQAAAAapyyN98629uunlnWrvCs2RbMgFgFONbVr4xDq9eLA0
2F0BAAAAhuVPHxZr6VMbVN7UHuyueAmpALDtVJ1m/W6tdpU3BLsrAAAAwFnZcqpO5/1+rbaE2HL2
kAkAf9xTrPwn16uiOfRSEgAAADAcJY1tWvrUBv3pw+Jgd+W0kAgAP1xzULe8slPtbk7wBQAAwLml
3e3RTS/v1A9WHwx2VySFQAD4w64i3bfuSLC7AQAAAJjqJ+uP6Pc7i4LdjeAGgDWF1frC67uD2QUA
AAAgYL78xm6tL6oJah+CFgBO1LVo5f9tURerfgAAAGARXR7pqr9u0fHa5qD1ISgBoL6tU5f+6QPV
t3cGo3kAAAAgaGpaO3TZXzarsb0rKO0HPAB0eTxa+dctOlwTvNQDAAAABNOh6iZd98I2BaMGTsAD
wLfe2qc1hdWBbhYAAAAIKW8eq9Cd7+wLeLsBDQDriqr1660nAtkkAAAAELJ+sfm4Ngf4oLCABoB/
ezvwCQcAAAAIZd95d39A2wtYAHjjSLm2nqoLVHMAAADAiLC2sFrvHK8MWHsBCwDfe+9AoJoCAAAA
RpR7AnhKcEACwAsHSrWnoiEQTQEAAAAjzuaSWr16uCwgbZkeANwe6Z5/MvsPAAAADOS7AdoLEGZ2
A2sLq3SwusnsZgAAISQ+IkzzMhMUGW7XmoJqNRgc/Hj77FylR0eorq1TRfUtevlQYGa++vvUxHRd
OSHd6/oHxTV6fGdREHoEwKoOVDVpfVGNluQmmtqO6QEgUI8yAACh4fv54/Xvi8YoOdIpqfv097/u
P6Wfbzqm/ZWNkiRXmF33LJ2g0fGRkqTtpXVBCwBzM+N1++xcr+sRDjsBAEDAvXq4bOQHgBcPlJrd
BAD08dW5o3TPkvGn/z0r1nX6zyUNrUO+38biWl33wja/9O1c98OlE/T/LpjY51pcRJhun52rm2dk
a01BlY7VNmt+ZsLpwb/UfSImAEB65VCZ7r9osqltmBoADlY16URdi5lNAICXWGdYn0F/b76uDyQl
Kvxsu2QJYxKi9N3FY32+HuGw69KxqV7XPZL+uKfYxJ4BwMixv6pRx2ubNSYhyrQ2TN0EzPIfALCO
m6ZnK8b58bzS3ooGPfjBMT3zYbFqWzt8/twze4r1xpHyQHQRAEaEvx00dwxt6hMAAgAAWMfU1JjT
f27p7NLlz25RYX33U+DsWJe+u3icbpqeraTI7icqje2d+sOuk/rGW3uD0l8ACFWvHi7Tvy0cY9r9
TQsA9W2dWl9UbdbtAWBYWjvdQ/6ZtmH8jBX9ZmuB3j5WqRinQ10ez+nBvyQVN7Tqm2/t1Z3v7NPC
7ETZJO0sqzesDgQAVre2sEp1bZ2KjzBnqG5aANhWWqcuj1l3B4ChO1rTrPGP/DPY3ThnrSuq1roz
TPx0uD1nfA8AWF2Xp3uS5IK8JFPub9oegFPDqLQBAAAAYHhV6wbLtCcAJY1tZt0aAEJKuN2mi0an
aGlukrJiIxTnDFNzZ5cqm9t1oq5FLx0s1cn6M3+RL81NUqKrb8WhhvZOrS6oktR9uNZNM7I1NSVW
KVFO1bd16mR9i144UKoPKxqG1ffxidG6ZEyKpqXGKMEVrgiHXdUtHSpvbtN7J6pOtz2Qi0YnKzq8
76+TmtaOPjP9s9LjdPWkDOXGuRTrDFNdW6f2lNfrxUF+NkZmpMVq5YR0Zca4lBIVrvYujyqa23S4
ulnP7T+lqpb2Yd0XAELBqcYRGADM7DQAhIJwu00/WjZRt87MVm5cpM/3/c8lU7W5pFY/WXdYfz9a
4fN9P79kiuZnJfS5drK+VbkPv6vv54/XdxePVYLLuyTpj5ZN0OqCan3r7b3aUz64IHDN5Ax9c/4Y
LclNlMNmM3zPD5dOUFF9i367vVA/WX/E570ev3JWn5r+UncFoOmPrdXczHg9ePEULR+VLKNWfrJ8
kh7bUah/f2f/oPotSTfPyNadi8ZqRlqc4T0l6ecrpui9E1W6d+0hbTtVN+h7A0CoKGkwbzLdtCVA
ZnYaAIJtfGK0tn5+qX6wdPyAg3+pOygsyUnUa9fP1xNXzhxSO8lR4frDVbP00wsnGQ7+Jclus+mi
0cl6/5Z8XTbOu85+/7788VOz9fy1c3V+XpLPwX+P3LhI3bd8krZ9fqkyYyIG3e+4iDBdMzlDq29a
pAt9DP4lKcYZpm8vHKunV84+4z0TXeF644YFenrlbM0cYPAvSZFhDl0xPk3rb83Xf5w/cYB3AkBo
MnMy3bw9ADwBAHCOSnSF67Xr52tmWtyQfs5us2nVrNwhhYDIMIdum5kzqPfGR4TpmU/N1vTUWJ/v
ef7aubppevaAg2cjczLi9dJ18xQV7hjU+3PjIvX0ytl9zgUYyE0zsnXjtCyfrye6wvX2jQv1yTME
nP4iHHbdu2yCHrp02pB+DgCCzczl9CY+ASAAADg3/WT5JE1Kjva63t7l1nsnqvTEriI9v/+UTvn4
8l41K1c3TPU92D0byZFOPXDxFMPXvrlgjFZOTDd8rba1QxuLa7SpuNZnac6F2Qn6wdLxg+5L9CDD
giTZJH1pziifrz/yyemamxk/6Pv1d8f80bp1kEEKAEKBmQV1TNsDUNrEEiAAoWVcYpTev2XxoN+/
uaTWcG36tZMzva41tnfquhe2681jH6/xT3SF66VPz9UFecle77/9vFw9u69k0H3ZXV6vR7cV6oPi
GnkkXTw6Rf++cIyyYl1e771sXKqW5iZ5ldv84nl5hvd+4UCpPv/aLtW1dQ/806Mj9OzV52n5KO9+
Xz81S3f/8+Cg+731VJ0e3VagzSW1CnfYdEFesr69cIzhsqkFWQmKCneouaOrz/V/mZSh630Epq2n
6vTLzce1vqha8a5wXTE+Td9aMEapUc4+77NJ+tlFk/XigVLOHgAwIviaRPIH0wKAmzMAAISgpbmD
r6ncYnAA2Iy0WKVFO72uv3Wsss/gX+quhHPnO/u15XNLvd4/awjLh2paO7T4yQ19Bsa7yur11rEK
rbl58emTdXvYJN00PbtPAEiPjtDUlBj1V9fW2WfwL0llTW1a9eouHfjKckU4+j4oHpsQpfGJ0TpS
03TGfm8qrtWypzeoo9cvhB2l9Vp/skYbbs1XmL3vQiRXmF3LcpO8Psc75o0yXLK0rqhaK/686ePD
3epatKusXm8cKdd7Ny3yqqiUHh2hr84dpZ9tPHrGvgNAsHV5zBtMmxYA0qMjdKy22azbA0BQJEQY
b8R1hRmvqNx6qk6P7yySs99AutM9+NOFf7r+iNesuCR9WNGg3+4o0PfzvZflLM1N7PPv4Q6bHjAY
+FY0t/cZ/Pc4UdeiozXNhqFhQlLUoALAd97d32fw32NLSa12l9drTob3kp7sfk808uIiDZ9EtHe5
dcebew1Pdt5ZVq9fbj6u/zTY/Hvt5AwCAIARISN68IUXhsrEAOAkAAA45xyoalSn2+M1e71ibKru
XjJeD2486jXovf313WfV5tEa39+lT+w8qe/lj/eaIR+XGC1XmP30APlkfavueu/AkNpt8rFUZrAb
eysHqMNf1mT8Wryr770/OT7VsFLRppJa7Sqr93n/R7cV6O4l472eYMxIi1OsM4xlQABCXsYQKq8N
lWkBICPGe10qAASb0Yy0z/d2ec8uVzS3a11RtdesdLjdpp8sn6SvzR2lNYXV2lRSq7eOVWh/ZeNZ
93kgR2qaVNbY5vWLwhVm16z0OG0qrh3w56enxmpBVoLGJUYpxhmm6HCHHB+Fm/5nEvQYagUhI+0G
n60kOe19B+znpRtv/B1o8C91/3c6WNXoVanJFWbXsrwkvXGkfAi9BYDASx+pTwAAIJQcrWnW+Ef+
edb3ufufB/XWjQsMZ8KzYl36zLQsfWZaljySCupatLawSn/+sMRrbbu/VLd2GM4UJUcafw9nxkTo
rsXjdMWENI1P9K5mFEqSI42XXJUOYnNcUX2rYanWoZxnAADBYuYTANPKgJqZWgAgmDYW1+iml3eq
stn3Ehepe6Z8dHykbpmRo398ZoE23rZEK8ak+L0/Na0dhtcTIrwDyk3Ts7X7C+frmwvGhPzgX+o+
UMxI2SAqzTX6WObjKxgBQCgxcw8AAQAAhuHlQ2Wa/8Q6PfNhseEGXSOLshP06vXz9eUB6t0Ph6/T
fLv6rXb6zLQsPX7lTKVEGQ+AWzq7dKqxTUX1LSqqb/FrH4fL14qtMPuZf33ZfH0ulKkDMAKMyD0A
BAAA57oTdS26+eWd+l6sS9dOztDFo1OUn5Poc4AtdZ9M+/Anpqm4oVWvHi7zSz/6l7vs0fvJQKwz
TA9ePMWrGpHUXZrzpxuO6LXDZX2q6mxetcTnPoBAqW0zfroxmGWmcT42Kw+0ORkAQsWI3AOwKDu4
vzQAIFCKG1r10JYTemjLCUnS8lHJWjEmRSsnpmt6aqzX+8PsNn174Ri/BYD+5wD0ONlrFv+GaVle
JTYl6WBVky58ZqNhKdBQUOGjWtBgZsZGxXsfNiYpZJ5uAMBAzJyAMW0JUFasSzPTvH/xAcBIlhzp
VGpU33/i+61TX11QpXtWH9SMx9bqntUHZbTgxKgG/nCclxHndeqtJFW3dGhfrwpE+TmJXu+RpGf3
lfgc/Ef4ONsgkD4orjG8PvcMn9/o+EhNSPLe41Df1qn3C6sNfgIAQsecjDhTCxaY9gRAklZOTNfu
8gYzmwCAgNr2+aVeM8tHapo04ZHVhu//6foj+uz0bK8DteIiwvrU6R/IBXlJeulgqeFrt8/OM7y+
r7Lvd6+vajrlA2ymNaqgE2hvHqtUS2eXIsMcfa7PzYzX+XlJWutjMP+N+WO8zmqQpO2ldUMqBQsA
wbByYoap9zd1emflhHQzbw8AAWd0KNfYhKgBq/tEhzu8rjW2dw5q8C9J31wwxvBE3hVjUrRqVo7h
z/zjaN+Sow3txhuVl+Ym+WwzFFS1tOv1w941++02mx65bLpy4ryXNV0+Pk1fnmscjJ7afdLvfQQA
fzN7DG3qE4D5WQlKiQxXZYvxJi4ACKRxiVE6+JXlQ/65HaV1uuGlHZKkFw+e0kWj+x4CZrfZ9ORV
s3THm3v7zNTHOsP0ixVTDdei7xri09E1Ny/Ws/tKtLu8QW2dbi3MTtAtM7K9Zsal7nDxZL+B7qEq
4wPJrp+aqaqWdj26rUBVLR2anxWv22bm6prJvmefAr006Jebj2vlxHSvDczTUmP1wW1L9KcPi7Wn
vOH0IV//OiVLLoM+Hqxq8vpcACDUZMZE6LwMc5/AmhoAJOmayZl6bEeh2c0AwKBMNFgXfibVvSYx
frO1QLfPztPs9L5fzlmxLr143VydrG9VcUOrnA67xidFKdagEo1H0u+G+L2YEuXUHfNGD+q9j24v
VHFDa59rj+8q0p2LxnodXma32XTHvNGDvrfkuza/WdafrNEvNx/XdxeP83otO9ZleL2/ti63vv7m
h2Z0DwD86upJ5i7/kUxeAiR17wMAgHPJqld3qaTfALtHTpxLC7MTdF5GnOHgX5Ke2VNs2lKUrafq
9OP3D3tdP1nfqp9vOu6XNkbFR/nlPkNx13sH9MIB430QZ9Lh9uh77x3Q28cr/dwrAPC/QIydTQ8A
l41L1RgfpdgAYCTaWVavT/xls7aU1A7p59q73Hp4ywnd8srOIf3cX/aWDGrj6q6yel37/DY1+DgB
9961h/TrrSfk9pz5XifqWvTLzcaBYX6mfyoYDdV1L2zTrzYfV1vX4PZOSN0nBn/u1V0+/y4AEEom
JkXrEhNOjO/P9ADgsNn04CVTzW4GAALqw4oGLfjDen39zb3aXlqnrgEG1VUt7frL3hIt/+MH+sZb
e4fc1nP7T+ma57dqR2m9YUnR0sY2/c+mY1r05HoVnqHG/dff3KvrX9qhLSW1hkGguaNLT+85qfwn
1+uxHYXqNAge+TmJyosLzsTOt97epyVPbdALB0pV2ez7QK9jtc16aMsJTfvtWj3zYXEAewgAw/fA
xVN8nu7uT7bCggJPbp5xtQR/mv/EOm09VWd6OwAQDHlxkVqSm6jR8VGKDLerrdOt6tYO7Sit0wfF
g3tS4Ovk3Wue33Z6c/G8zHjNy0xQWrRT9W2dOlrTrH8cLR9WacupKTFalJ2ozJgIeSQV1rXo9SPl
fU4QDnWfGJuqMQlRSo1yqtPtUVlTm/ZUNAz56QwABFt+TqLW35pvahtFhYXKzcszfxNwj1+smKpl
T28MVHMAEFCF9S0q3Gv+CbNbT9X5bTJlX2Vjn8PCRqI3j1Wc+U0AMAI8/IlpAWsrYLXcluYm6aoJ
aYFqDgAAABgRrp6U4bcT4gcjoMWcH7x4amAbBAAAAEKYwybdf9HkgLYZ0PH4pORorZqVG8gmAQAA
gJB1++y8YZ1RczYCPiH/8xVTNSEx8DWkAQAAgFAyOTlaD1w8JeDtBjwAxEWE6a3PLlJKZHigmwYA
AABCQnq0U+98dlHAT1eXghAAJGl0fKT+/pmFinCwIwAAAADWEhlm19s3LlJ2rCso7Qc+cnxkXma8
/vQv5+nTL2wzPNgGAKzm9SPlOlDV5HX9TId7AQBGDruk56+dqxlpsUHrQ9ACgCRdOzlDD1w8Rd95
d38wuwEAIeE/3z8c7C4AAEz26OUzdPn44JbGD/oanDsXjdVdi8cFuxsAAACAqX6wdLy+eF5esLsR
/AAgddc+feLKmQqz2YLdFQAAAMCvwmw2PXHlTP34gknB7oqkEAkAkrRqVq7W3LJYiS6qAwEAAODc
kBwZrjW3LA6ps7BCJgBIUn5OorbfvkyTkwN7GAIAAADgb5OTo7Xj9vOVn5MY7K70EVIBQOouEbrl
c8t0yeiUYHcFAAAAGJbLx6Vqy+eWKTcuOKU+BxJyAUCSYpwOvfXZhXryqlnKiokIdncAAACAQcmJ
dempq2bptRsWKMbpCHZ3DAW1DOhAbJJunZmjT0/J1AMbj+rBjUfV3OkOdrcAAAAAL9HhDn1n8Tjd
tXicXGEhOcd+mq2woMCTmxf8ckRncqqxTXe9t1/P7Cnm4DAAAACEBJukW2bm6GcXTVZ6dGivXCkq
LFRuXl5oLgEykhkToadXztaWzy3VkhDbSAEAAADrWZiVoN1fPF9PXjUr5Af/vYXsEiBf5mbGa92t
+fqwokGvHirTK4fLtLm4ViwOAgAAgJnskhZmJ+iqCelaOTFd01Jjg92lYRkxS4AGUtncrlcPl+mV
Q2V6+3ilmjq6gt0lAAAAnAOiwx26dGyqrpqQpqsmpCslyhnsLg1bzxKgcyIA9Ob2SMUNrSqsa1Fh
fYsK61pU0O/P9e2dwe4mAAAAQkB8RJjy4iI1Kj5SefGRyovr/t9RH/05K9Yluy3YvfSPngAw4pYA
nYndJuXGuZQb59ISsVcAAAAA6G3EbAIGAAAAcPYIAAAAAICFEAAAAAAACyEAAAAAABZCAAAAAAAs
hAAAAAAAWAgBAAAAALAQAgAAAABgIQQAAAAAwEIIAAAAAICFEAAAAAAACyEAAAAAABZCAAAAAAAs
hAAAAAAAWAgBAAAAALAQAgAAAABgIQQAAAAAwEIIAAAAAICFEAAAAAAACyEAAAAAABZCAAAAAAAs
hAAAAAAAWAgBAAAAALAQAgAAAABgIQQAAAAAwEIIAAAAAICFEAAAAAAACyEAAAAAABZCAAAAAAAs
hAAAAAAAWAgBAAAAALAQAgAAAABgIQQAAAAAwEIIAAAAAICFEAAAAAAACyEAAAAAABZCAAAAAAAs
hAAAAAAAWAgBAAAAALAQAgAAAABgIQQAAAAAwEIIAAAAAICFEAAAAAAACyEAAAAAABZCAAAAAAAs
hAAAAAAAWAgBAAAAALAQAgAAAABgIQQAAAAAwEIIAAAAAICFEAAAAAAACyEAAAAAABZCAAAAAAAs
hAAAAAAAWAgBAAAAALAQAgAAAABgIQQAAAAAwEIIAAAAAICFEAAAAAAACyEAAAAAABZCAAAAAAAs
hAAAAAAAWAgBAAAAALAQAgAAAABgIQQAAAAAwEIIAAAAAICFEAAAAAAACyEAAAAAABZCAAAAAAAs
hAAAAAAAWAgBAAAAALAQAgAAAABgIQQAAAAAwEIIAAAAAICFEAAAAAAACyEAAAAAABZCAAAAAAAs
hAAAAAAAWAgBAAAAALAQAgAAAABgIQQAAAAAwEIIAAAAAICFEAAAAAAAnN6/PAAADj1JREFUCyEA
AAAAABZCAAAAAAAshAAAAAAAWAgBAAAAALAQAgAAAABgIQQAAAAAwEIIAAAAAICFEAAAAAAACyEA
AAAAABZCAAAAAAAshAAAAAAAWAgBAAAAALAQAgAAAABgIQQAAAAAwEIIAAAAAICFEAAAAAAACyEA
AAAAABZCAAAAAAAshAAAAAAAWAgBAAAAALAQAgAAAABgIQQAAAAAwEIIAAAAAICFEAAAAAAACyEA
AAAAABZCAAAAAAAshAAAAAAAWAgBAAAAALAQAgAAAABgIQQAAAAAwEIIAAAAAICFEAAAAAAACyEA
AAAAABZCAAAAAAAshAAAAAAAWAgBAAAAALAQAgAAAABgIQQAAAAAwEIIAAAAAICFEAAAAAAACyEA
AAAAABZCAAAAAAAshAAAAAAAWAgBAP+/vfvnietMGzh8WxrJo2kyBZYNKQAXDliWgkiR0ky6pAmN
g1BkmRQpQsP4E5h8AiaVyziOEFYay43dGdMlRYwLEywK/uwqEGSkTBoMFhJbvLuRspvX63VmzgD3
dZUwnPuhYDi/OWeeAQAgEQEAAACJCAAAAEhEAAAAQCICAAAAEhEAAACQiAAAAIBEBAAAACQiAAAA
IBEBAAAAiQgAAABIRAAAAEAiAgAAABIRAAAAkIgAAACARAQAAAAkIgAAACARAQAAAIkIAAAASEQA
AABAIgIAAAASEQAAAJCIAAAAgEQEAAAAJCIAAAAgEQEAAACJCAAAAEhEAAAAQCICAAAAEhEAAACQ
iAAAAIBEBAAAACQiAAAAIBEBAAAAiQgAAABIRAAAAEAiAgAAABIRAAAAkIgAAACARAQAAAAkIgAA
ACARAQAAAIkIAAAASEQAAABAIgIAAAASEQAAAJCIAAAAgEQEAAAAJCIAAAAgEQEAAACJCAAAAEhE
AAAAQCICAAAAEhEAAACQiAAAAIBEBAAAACQiAAAAIBEBAAAAiQgAAABIRAAAAEAiAgAAABIRAAAA
kIgAAACARAQAAAAkIgAAACARAQAAAIkIAAAASEQAAABAIgIAAAASEQAAAJCIAAAAgEQEAAAAJCIA
AAAgEQEAAACJCAAAAEhEAAAAQCICAAAAEhEAAACQiAAAAIBEBAAAACQiAAAAIBEBAAAAiQgAAABI
RAAAAEAiAgAAABIRAAAAkIgAAACARAQAAAAkIgAAACARAQAAAIkIAAAASEQAAABAIgIAAAASEQAA
AJCIAAAAgEQEAAAAJCIAAAAgEQEAAACJCAAAAEhEAAAAQCICAAAAEhEAAACQiAAAAIBEBAAAACQi
AAAAIBEBAAAAiQgAAABIRAAAAEAiAgAAABIRAAAAkIgAAACARAQAAAAkIgAAACARAQAAAIkIAAAA
SEQAAABAIgIAAAASEQAAAJCIAAAAgEQEAAAAJCIAAAAgEQEAAACJCAAAAEhEAAAAQCICAAAAEhEA
AACQiAAAAIBEBAAAACQiAAAAIBEBAAAAiQgAAABIRAAAAEAiAgAAABIRAAAAkIgAAACARAQAAAAk
IgAAACARAQAAAIkIAAAASEQAAABAIgIAAAASEQAAAJCIAAAAgEQEAAAAJCIAAAAgEQEAAACJCAAA
AEhEAAAAQCICAAAAEhEAAACQiAAAAIBEBAAAACQiAAAAIBEBAAAAiQgAAABIRAAAAEAiAgAAABIR
AAAAkIgAAACARAQAAAAkIgAAACARAQAAAIkIAAAASEQAAABAIgIAAAASEQAAAJCIAAAAgEQEAAAA
JCIAAAAgEQEAAACJCAAAAEhEAAAAQCICAAAAEhEAAACQiAAAAIBEBAAAACQiAAAAIBEBAAAAiQgA
AABIRAAAAEAiAgAAABIRAAAAkIgAAACARAQAAAAkIgAAACARAQAAAIkIAAAASEQAAABAIgIAAAAS
EQAAAJCIAAAAgEQEAAAAJCIAAAAgEQEAAACJCAAAAEhEAAAAQCICAAAAEhEAAACQiAAAAIBEBAAA
ACQiAAAAIBEBAAAAiQgAAABIRAAAAEAiAgAAABIRAAAAkIgAAACARAQAAAAkIgAAACARAQAAAIkI
AAAASEQAAABAIgIAAAASEQAAAJCIAAAAgERKERF//9vfOr0OAACgAKcODw8PO70IAACgGKciQgAA
AEAS3gMAAACJCAAAAEhEAAAAQCICAAAAEhEAAACQiAAAAIBEBAAAACQiAAAAIBEBAAAAiQgAAABI
RAAAAEAiAgAAABIRAAAAkIgAAACARAQAAAAkIgAAACARAQAAAIkIAAAASEQAAABAIgIAAAASEQAA
AJCIAAAAgEQEAAAAJCIAAAAgEQEAAACJCAAAAEhEAAAAQCICAAAAEhEAAACQiAAAAIBEBAAAACQi
ADgWqtVq3LhxI3799ddYW1uLoaGhTi8JAOBYOhURh51eBLzKtWvXotFoRLVa/f1r6+vr0d/f38FV
wfFRKpXi3Llz8c4770RXV1eUy+U4c+ZMREQ8f/489vb2YnNzM1ZXV2N7ezsODg46vGI4uur1ekxN
TUVfX19b56yvr0ej0YivvvqqrXPISQBwZA0NDcXMzEyMjIz86fdPnTpV8IrgeKlUKjE4OBjDw8Nx
8eLFGB4ejp6enqhUKtHT0xMREZubm7G7uxurq6uxtLQUy8vL8fjx4/jpp5/ixYsXHf4N4Gip1+sx
MzNT6Mzr169Ho9EodCYnnwDgyKlWqzEzMxMTExOvfJwAgD9XKpWiu7s7arVajI6ORq1W+8MVtFdp
Npvx8OHDuHfvXszPz8fW1pYrAvBP6+vr0dvbW/hMV7xpNQHAkTI1NRXT09OvdbIiAOA/lcvlGBgY
iLGxsRgfH3/jk5WNjY2Ym5uL2dnZWFlZiZcvX7Z4pXD8HB525pTJ/ztaTQBwJIyMjMTXX3/9P91T
6QkR/qhcLsfQ0FBMTk7GlStXolwu/6Xj7e3txbfffhs3b96MpaUlEUB6AoCTwi5AdFRfX1/cvXs3
5ufn2/6GKjjJSqVSDAwMxOTkZFy9evUvn/xH/F9QfP755/HFF1/EhQsXolQqtWClAHSaAKAj/rWt
5+LiYoyOjnZ6OXDsdXd3x9jYWFy5cqXlx7569Wp8+umn0d3d3fJjA1A8AUDhRkdHY3Fx8bXv9Qde
rVKpxAcffBDj4+MteeX/35XL5RgfH4/Lly+35fgAFEsAUJi+vr6Yn5+Pu3fvut0HWujixYvx8ccf
t3V3kt7e3vjoo4/iwoULbZsBQDEEAG33r20919bW/t89/YE3UyqVYnh4OGq1Wttnffjhh/H+++97
LwDAMScAaKtr167F2tpa1Ov1Ti8FTqRz587F4OBgIbfTVavVGBwcjLNnz7Z9FgDtIwBoi5GRkVhc
XIxbt265zx/aaGBgIN57773C5l26dCnOnz9f2DwAWs91XFrqdT/FF2iNrq6uQnfn6e/vj7fffruw
eQC0nisAtMzExESsra05+YcClcvlqFQqhc2rVCpx+vTpwuYB0HoCgJa5ceOG232gYF1dXdHT01PY
vJ6enjhz5kxh8wBoPQFAy/iocgCAo08A0DKjo6Px22+/dXoZkMrOzk5sbm4WNm9zczOeP39e2DwA
Wk8A0DJPnjyJvr6++Oabbzq9FEhjb28vdnd3C5u3u7sb+/v7hc0DoPUEAC3VbDZjYmIiarVaLCws
dHo5cOLt7OzE1tZWYfPW1tbi559/LmweAK0nAGiLR48excjISHz22WduC4I2evbsWfz444+FzXv6
9Gmsrq4WNg+A1hMAtNWtW7eir68vvvzyy04vBU6kX375JZaXl6PZbLZ9VrPZjGfPnsX29nbbZwHQ
PgKAtms2mzE9PR39/f1uC4IWOzg4iMePH8f8/HzbZz148CC+//77ODg4aPssANpHAFCY9fX1GBkZ
iVqtFhsbG51eDpwYS0tLce/evbb+XW1sbMT9+/djZWWlbTMAKIYAoHCPHj36/bYg7w+Av+7Fixfx
8OHDuHPnTlt26Nnf34+5ublYWFiIvb29lh8fgGIJADpmeno6hoaGbBsKLbC1tRV37tyJ7777ruXH
vn37dszOzha62xAA7XMqIg47vQgYGRmJRqMR77777mv/jE8ehj8ql8sxNDQUk5OT8cknn8Tp06f/
0vH29/fj9u3bcfPmzVhaWoqXL1+2aKVwPB0eduaUyf87Wk0AcKTU6/WYnp6Ot956678+1hMi/Kdy
uRwDAwMxNjYW4+Pj0dvb+0bH2djYiLm5uZidnY2VlRUn/xACgJNDAHDkVKvVmJ6ejqmpqVc+zhMi
/LlSqRTd3d1Rq9VidHQ0arVaVKvV1/rZZrMZDx48iPv378fCwkJsbW3Z9Qf+aX19/Y2j+k1tbGxE
X19foTM5+QQAR9bQ0FA0Go24fPnyn35fAMCrVSqVGBwcjOHh4RgcHIxLly5Ff39/VCqV6OnpiYiI
zc3N2N3djbW1tXj69GksLy/HDz/8ECsrK97wC/+mXq/HzMxMoTOvX78ejUaj0JmcfAKAI29iYiKm
p6f/8KqLV0Tg9ZVKpTh79mycP38+enp6olwuR1dXV0RE7OzsxN7eXmxubsbq6mpsb297xR9eoV6v
R71eb/uVgI2NjWg0Gk7+aQsBwLFQrVZ/f9JtNpsxOjoaT5486fSyAACOHQEAAACJ+BwAAABIRAAA
AEAiAgAAABIRAAAAkIgAAACARAQAAAAkIgAAACARAQAAAIkIAAAASEQAAABAIgIAAAASEQAAAJCI
AAAAgEQEAAAAJCIAAAAgEQEAAACJCAAAAEhEAAAAQCICAAAAEhEAAACQiAAAAIBEBAAAACQiAAAA
IBEBAAAAiQgAAABIRAAAAEAiAgAAABIRAAAAkIgAAACARAQAAAAkIgAAACCRfwBTij6An/VVWgAA
AABJRU5ErkJggg==
" width="800px"&gt;</msg>
<status status="PASS" starttime="20230611 01:58:35.518" endtime="20230611 01:58:36.685"/>
</kw>
<msg timestamp="20230611 01:58:36.685" level="INFO">xpath criteria: //*[@bounds='[[0,48][768,1184]']
xpath criteria: //*[@bounds='[[0,48][768,1184]']
xpath criteria: //*[@bounds='[[0,48][768,1184]']
xpath criteria: //*[@bounds='[[0,48][768,1184]']
xpath criteria: //*[@bounds='[[0,48][768,1184]']
xpath criteria: //*[@bounds='[[0,48][768,1184]']
xpath criteria: //*[@bounds='[[0,48][768,1184]']
xpath criteria: //*[@bounds='[[0,48][768,1184]']
xpath criteria: //*[@bounds='[[0,48][768,1184]']
xpath criteria: //*[@bounds='[[0,48][768,1184]']</msg>
<msg timestamp="20230611 01:58:36.686" level="FAIL">Element locator '//*[@bounds='[[0,48][768,1184]']' did not match any elements after 3 seconds</msg>
<status status="FAIL" starttime="20230611 01:58:31.868" endtime="20230611 01:58:36.686"/>
</kw>
<kw name="Click Element" library="AppiumLibrary">
<arg>//*[@bounds='[[0,48][768,1184]']</arg>
<doc>Click element identified by `locator`.</doc>
<status status="NOT RUN" starttime="20230611 01:58:36.687" endtime="20230611 01:58:36.687"/>
</kw>
<kw name="Capture Page Screenshot" library="AppiumLibrary">
<doc>Takes a screenshot of the current page and embeds it into the log.</doc>
<status status="NOT RUN" starttime="20230611 01:58:36.687" endtime="20230611 01:58:36.687"/>
</kw>
<status status="FAIL" starttime="20230611 01:58:29.509" endtime="20230611 01:58:36.688"/>
</kw>
<kw name="teardown" type="TEARDOWN">
<kw name="Close App">
<kw name="Close All Applications" library="AppiumLibrary">
<doc>Closes all open applications.</doc>
<status status="PASS" starttime="20230611 01:58:36.690" endtime="20230611 01:58:37.104"/>
</kw>
<status status="PASS" starttime="20230611 01:58:36.689" endtime="20230611 01:58:37.104"/>
</kw>
<status status="PASS" starttime="20230611 01:58:36.688" endtime="20230611 01:58:37.104"/>
</kw>
<status status="FAIL" starttime="20230611 01:56:57.668" endtime="20230611 01:58:37.104">Element locator '//*[@bounds='[[0,48][768,1184]']' did not match any elements after 3 seconds</status>
</test>
<status status="FAIL" starttime="20230611 01:56:57.633" endtime="20230611 01:58:37.106"/>
</suite>
<status status="FAIL" starttime="20230611 01:56:57.628" endtime="20230611 01:58:37.108"/>
</suite>
<status status="FAIL" starttime="20230611 01:56:57.620" endtime="20230611 01:58:37.109"/>
</suite>
<doc>user.country=CA</doc>
<status status="FAIL" starttime="20230611 01:56:55.202" endtime="20230611 01:58:37.111"/>
</suite>
<statistics>
<total>
<stat pass="0" fail="1" skip="0">All Tests</stat>
</total>
<tag>
</tag>
<suite>
<stat pass="0" fail="1" skip="0" id="s1" name="[Project] Demonstration Test Application Mobile">[Project] Demonstration Test Application Mobile</stat>
<stat pass="0" fail="1" skip="0" id="s1-s1" name="[TestPlan] Test Application Android">[Project] Demonstration Test Application Mobile.[TestPlan] Test Application Android</stat>
<stat pass="0" fail="1" skip="0" id="s1-s1-s1" name="[Functionality] Tester Home page">[Project] Demonstration Test Application Mobile.[TestPlan] Test Application Android.[Functionality] Tester Home page</stat>
<stat pass="0" fail="1" skip="0" id="s1-s1-s1-s1" name="[Scenario] EER CIH MOBILE">[Project] Demonstration Test Application Mobile.[TestPlan] Test Application Android.[Functionality] Tester Home page.[Scenario] EER CIH MOBILE</stat>
</suite>
</statistics>
<errors>
</errors>
</robot>
