<?xml version="1.0" encoding="UTF-8"?>
<robot generator="Robot 6.0.2 (Python 3.8.13 on linux)" generated="20230610 00:59:55.073" rpa="false" schemaversion="3">
<suite id="s1" name="[Project] SauceLabdemo" source="/var/jenkins_home/jobs/Testify_8/workspace/[Project]_SauceLabdemo">
<suite id="s1-s1" name="[TestPlan] Tester login ajout produit checkout et logout" source="/var/jenkins_home/jobs/Testify_8/workspace/[Project]_SauceLabdemo/[TestPlan]_Tester login ajout produit checkout et logout">
<suite id="s1-s1-s1" name="[Functionality] Login" source="/var/jenkins_home/jobs/Testify_8/workspace/[Project]_SauceLabdemo/[TestPlan]_Tester login ajout produit checkout et logout/001__[Functionality]_Login">
<suite id="s1-s1-s1-s1" name="[Scenario] Login et mot de passe correcte" source="/var/jenkins_home/jobs/Testify_8/workspace/[Project]_SauceLabdemo/[TestPlan]_Tester login ajout produit checkout et logout/001__[Functionality]_Login/001__[Scenario]_Login et mot de passe correcte.robot">
<test id="s1-s1-s1-s1-t1" name="Login et mot de passe correcte" line="11">
<kw name="setup" type="SETUP">
<kw name="Open Browser">
<doc>Ouverture du navigateur chrome</doc>
<kw name="Open Browser" library="SeleniumLibrary">
<arg>url=https://www.saucedemo.com/</arg>
<arg>browser=Chrome</arg>
<arg>alias=Chrome</arg>
<arg>remote_url=http://selenium-hub:4444/wd/hub</arg>
<doc>Opens a new browser instance to the optional ``url``.</doc>
<msg timestamp="20230610 00:59:57.452" level="INFO">Opening browser 'Chrome' to base url 'https://www.saucedemo.com/' through remote server at 'http://selenium-hub:4444/wd/hub'.</msg>
<status status="PASS" starttime="20230610 00:59:57.451" endtime="20230610 01:02:30.376"/>
</kw>
<kw name="Set Window Size" library="SeleniumLibrary">
<arg>1900</arg>
<arg>1020</arg>
<doc>Sets current windows size to given ``width`` and ``height``.</doc>
<status status="PASS" starttime="20230610 01:02:30.377" endtime="20230610 01:02:30.536"/>
</kw>
<status status="PASS" starttime="20230610 00:59:57.450" endtime="20230610 01:02:30.537"/>
</kw>
<status status="PASS" starttime="20230610 00:59:57.450" endtime="20230610 01:02:30.537"/>
</kw>
<kw name="Saisi formulaire de login">
<doc>Saisir le nom de compte et mdp et cliquer sur le boutton login</doc>
<kw name="Capture Page Screenshot" library="SeleniumLibrary">
<doc>Takes a screenshot of the current page and embeds it into a log file.</doc>
<msg timestamp="20230610 01:02:30.811" level="INFO" html="true">&lt;/td&gt;&lt;/tr&gt;&lt;tr&gt;&lt;td colspan="3"&gt;&lt;a href="selenium-screenshot-1.png"&gt;&lt;img src="selenium-screenshot-1.png" width="800px"&gt;&lt;/a&gt;</msg>
<status status="PASS" starttime="20230610 01:02:30.538" endtime="20230610 01:02:30.812"/>
</kw>
<kw name="Input Text" library="SeleniumLibrary">
<arg>id=user-name</arg>
<arg>standard_user</arg>
<doc>Types the given ``text`` into the text field identified by ``locator``.</doc>
<msg timestamp="20230610 01:02:30.813" level="INFO">Typing text 'standard_user' into text field 'id=user-name'.</msg>
<status status="PASS" starttime="20230610 01:02:30.812" endtime="20230610 01:02:31.195"/>
</kw>
<kw name="Input Password" library="SeleniumLibrary">
<arg>id=password</arg>
<arg>secret_sauce</arg>
<doc>Types the given password into the text field identified by ``locator``.</doc>
<msg timestamp="20230610 01:02:31.197" level="INFO">Typing password into text field 'id=password'.</msg>
<msg timestamp="20230610 01:02:31.308" level="INFO">Temporally setting log level to: NONE</msg>
<msg timestamp="20230610 01:02:31.470" level="INFO">Log level changed from NONE to INFO.</msg>
<status status="PASS" starttime="20230610 01:02:31.196" endtime="20230610 01:02:31.470"/>
</kw>
<kw name="Click Element" library="SeleniumLibrary">
<arg>id=login-button</arg>
<doc>Click the element identified by ``locator``.</doc>
<msg timestamp="20230610 01:02:31.471" level="INFO">Clicking element 'id=login-button'.</msg>
<status status="PASS" starttime="20230610 01:02:31.470" endtime="20230610 01:02:31.714"/>
</kw>
<kw name="Sleep" library="BuiltIn">
<arg>3</arg>
<arg>reason=to wait for page</arg>
<doc>Pauses the test executed for the given time.</doc>
<msg timestamp="20230610 01:02:34.715" level="INFO">Slept 3 seconds</msg>
<msg timestamp="20230610 01:02:34.715" level="INFO">to wait for page</msg>
<status status="PASS" starttime="20230610 01:02:31.714" endtime="20230610 01:02:34.715"/>
</kw>
<kw name="Capture Page Screenshot" library="SeleniumLibrary">
<doc>Takes a screenshot of the current page and embeds it into a log file.</doc>
<msg timestamp="20230610 01:02:35.179" level="INFO" html="true">&lt;/td&gt;&lt;/tr&gt;&lt;tr&gt;&lt;td colspan="3"&gt;&lt;a href="selenium-screenshot-2.png"&gt;&lt;img src="selenium-screenshot-2.png" width="800px"&gt;&lt;/a&gt;</msg>
<status status="PASS" starttime="20230610 01:02:34.716" endtime="20230610 01:02:35.180"/>
</kw>
<status status="PASS" starttime="20230610 01:02:30.538" endtime="20230610 01:02:35.180"/>
</kw>
<status status="PASS" starttime="20230610 00:59:57.449" endtime="20230610 01:02:35.180"/>
</test>
<doc>Login et mot de passe correcte</doc>
<status status="PASS" starttime="20230610 00:59:57.424" endtime="20230610 01:02:35.183"/>
</suite>
<doc>L'utilisateur doit entrer son login et mdp pour s'authentifier</doc>
<status status="PASS" starttime="20230610 00:59:57.421" endtime="20230610 01:02:35.185"/>
</suite>
<status status="PASS" starttime="20230610 00:59:57.417" endtime="20230610 01:02:35.187"/>
</suite>
<doc>user.country=CA</doc>
<status status="PASS" starttime="20230610 00:59:55.075" endtime="20230610 01:02:35.188"/>
</suite>
<statistics>
<total>
<stat pass="1" fail="0" skip="0">All Tests</stat>
</total>
<tag>
</tag>
<suite>
<stat pass="1" fail="0" skip="0" id="s1" name="[Project] SauceLabdemo">[Project] SauceLabdemo</stat>
<stat pass="1" fail="0" skip="0" id="s1-s1" name="[TestPlan] Tester login ajout produit checkout et logout">[Project] SauceLabdemo.[TestPlan] Tester login ajout produit checkout et logout</stat>
<stat pass="1" fail="0" skip="0" id="s1-s1-s1" name="[Functionality] Login">[Project] SauceLabdemo.[TestPlan] Tester login ajout produit checkout et logout.[Functionality] Login</stat>
<stat pass="1" fail="0" skip="0" id="s1-s1-s1-s1" name="[Scenario] Login et mot de passe correcte">[Project] SauceLabdemo.[TestPlan] Tester login ajout produit checkout et logout.[Functionality] Login.[Scenario] Login et mot de passe correcte</stat>
</suite>
</statistics>
<errors>
</errors>
</robot>
