<?xml version="1.0" encoding="UTF-8"?>
<robot generator="Robot 6.0.2 (Python 3.8.13 on linux)" generated="20230507 14:27:32.605"
  rpa="false" schemaversion="3">
  <suite id="s1" name="[Project] Bmci Connect Bis"
    source="/var/jenkins_home/jobs/Testify_151/workspace/[Project]_Bmci Connect Bis">
    <suite id="s1-s1" name="[TestPlan] Tester"
      source="/var/jenkins_home/jobs/Testify_151/workspace/[Project]_Bmci Connect Bis/[TestPlan]_Tester">
      <suite id="s1-s1-s1" name="[Functionality] Onboarding and login"
        source="/var/jenkins_home/jobs/Testify_151/workspace/[Project]_Bmci Connect Bis/[TestPlan]_Tester/001__[Functionality]_Onboarding and login">
        <suite id="s1-s1-s1-s1" name="[Scenario] Tester sur Google Chrome"
          source="/var/jenkins_home/jobs/Testify_151/workspace/[Project]_Bmci Connect Bis/[TestPlan]_Tester/001__[Functionality]_Onboarding and login/001__[Scenario]_Tester sur Google Chrome.robot">
          <test id="s1-s1-s1-s1-t1" name="Tester sur Google Chrome" line="9">
            <kw name="setup" type="SETUP">
              <kw name="Ouvrir Google Chrome">
                <kw name="Open Browser" library="SeleniumLibrary">
                  <arg>url=https://mbank-per.staging.bnpparibas.ma/</arg>
                  <arg>browser=Chrome</arg>
                  <arg>alias=Chrome</arg>
                  <arg>remote_url=http://173.249.49.116:4444/wd/hub</arg>
                  <doc>Opens a new browser instance to the optional ``url``.</doc>
                  <msg timestamp="20230507 14:27:36.827" level="INFO">Opening browser 'Chrome' to
                    base url 'https://mbank-per.staging.bnpparibas.ma/' through remote server at
                    'http://173.249.49.116:4444/wd/hub'.
                  </msg>
                  <status status="PASS" starttime="20230507 14:27:36.823"
                    endtime="20230507 14:27:43.254"/>
                </kw>
                <status status="PASS" starttime="20230507 14:27:36.822"
                  endtime="20230507 14:27:43.256"/>
              </kw>
              <status status="PASS" starttime="20230507 14:27:36.821"
                endtime="20230507 14:27:43.258"/>
            </kw>
            <kw name="Onboarding">
              <kw name="Element Should Contain" library="SeleniumLibrary">
                <arg>//*[@id="cdk-step-content-0-0"]/div/div[1]/p</arg>
                <arg>Visualisez et accédez aux détails</arg>
                <doc>Verifies that element ``locator`` contains text ``expected``.</doc>
                <msg timestamp="20230507 14:27:43.712" level="INFO">Element
                  '//*[@id="cdk-step-content-0-0"]/div/div[1]/p' contains text 'Visualisez et
                  accédez aux détails'.
                </msg>
                <status status="PASS" starttime="20230507 14:27:43.264"
                  endtime="20230507 14:27:43.713"/>
              </kw>
              <kw name="Capture Element Screenshot" library="SeleniumLibrary">
                <arg>//*[@id="cdk-step-content-0-0"]</arg>
                <arg>filename=oboarding1.png</arg>
                <doc>Captures a screenshot from the element identified by ``locator`` and embeds it
                  into log file.
                </doc>
                <msg timestamp="20230507 14:27:44.113" level="INFO" html="true">&lt;/td&gt;&lt;/tr&gt;&lt;tr&gt;&lt;td
                  colspan="3"&gt;&lt;a href="oboarding1.png"&gt;&lt;img src="oboarding1.png"
                  width="400px"&gt;&lt;/a&gt;
                </msg>
                <status status="PASS" starttime="20230507 14:27:43.717"
                  endtime="20230507 14:27:44.114"/>
              </kw>
              <kw name="Click Element" library="SeleniumLibrary">
                <arg>//*[@id="mat-dialog-0"]/app-onboarding-dialog/div[1]/button</arg>
                <doc>Click the element identified by ``locator``.</doc>
                <msg timestamp="20230507 14:27:44.124" level="INFO">Clicking element
                  '//*[@id="mat-dialog-0"]/app-onboarding-dialog/div[1]/button'.
                </msg>
                <status status="PASS" starttime="20230507 14:27:44.117"
                  endtime="20230507 14:27:44.413"/>
              </kw>
              <kw name="Wait Until Element Is Visible" library="SeleniumLibrary">
                <arg>//*[@id="cdk-step-content-0-1"]/div/div[1]/p</arg>
                <doc>Waits until the element ``locator`` is visible.</doc>
                <status status="PASS" starttime="20230507 14:27:44.419"
                  endtime="20230507 14:27:44.773"/>
              </kw>
              <kw name="Element Should Contain" library="SeleniumLibrary">
                <arg>//*[@id="cdk-step-content-0-1"]/div/div[1]/p</arg>
                <arg>Suivez l’évolution de vos portefeuilles titres et consultez${SPACE}</arg>
                <doc>Verifies that element ``locator`` contains text ``expected``.</doc>
                <msg timestamp="20230507 14:27:45.045" level="INFO">Element
                  '//*[@id="cdk-step-content-0-1"]/div/div[1]/p' contains text 'Suivez l’évolution
                  de vos portefeuilles titres et consultez '.
                </msg>
                <status status="PASS" starttime="20230507 14:27:44.777"
                  endtime="20230507 14:27:45.048"/>
              </kw>
              <kw name="Capture Element Screenshot" library="SeleniumLibrary">
                <arg>//*[@id="cdk-step-content-0-1"]</arg>
                <doc>Captures a screenshot from the element identified by ``locator`` and embeds it
                  into log file.
                </doc>
                <msg timestamp="20230507 14:27:45.397" level="INFO" html="true">&lt;/td&gt;&lt;/tr&gt;&lt;tr&gt;&lt;td
                  colspan="3"&gt;&lt;a href="selenium-element-screenshot-1.png"&gt;&lt;img
                  src="selenium-element-screenshot-1.png" width="400px"&gt;&lt;/a&gt;
                </msg>
                <status status="PASS" starttime="20230507 14:27:45.052"
                  endtime="20230507 14:27:45.399"/>
              </kw>
              <kw name="Click Element" library="SeleniumLibrary">
                <arg>//*[@id="mat-dialog-0"]/app-onboarding-dialog/div[1]/button[2]</arg>
                <doc>Click the element identified by ``locator``.</doc>
                <msg timestamp="20230507 14:27:45.408" level="INFO">Clicking element
                  '//*[@id="mat-dialog-0"]/app-onboarding-dialog/div[1]/button[2]'.
                </msg>
                <status status="PASS" starttime="20230507 14:27:45.402"
                  endtime="20230507 14:27:45.692"/>
              </kw>
              <kw name="Wait Until Element Is Visible" library="SeleniumLibrary">
                <arg>//*[@id="cdk-step-content-0-2"]/div/div[1]/p</arg>
                <doc>Waits until the element ``locator`` is visible.</doc>
                <status status="PASS" starttime="20230507 14:27:45.697"
                  endtime="20230507 14:27:45.996"/>
              </kw>
              <kw name="Element Should Contain" library="SeleniumLibrary">
                <arg>//*[@id="cdk-step-content-0-2"]/div/div[1]/p</arg>
                <arg>Activez ou rechargez vos dotations touristiques</arg>
                <doc>Verifies that element ``locator`` contains text ``expected``.</doc>
                <msg timestamp="20230507 14:27:46.245" level="INFO">Element
                  '//*[@id="cdk-step-content-0-2"]/div/div[1]/p' contains text 'Activez ou rechargez
                  vos dotations touristiques'.
                </msg>
                <status status="PASS" starttime="20230507 14:27:46.001"
                  endtime="20230507 14:27:46.247"/>
              </kw>
              <kw name="Capture Element Screenshot" library="SeleniumLibrary">
                <arg>//*[@id="cdk-step-content-0-2"]</arg>
                <doc>Captures a screenshot from the element identified by ``locator`` and embeds it
                  into log file.
                </doc>
                <msg timestamp="20230507 14:27:46.596" level="INFO" html="true">&lt;/td&gt;&lt;/tr&gt;&lt;tr&gt;&lt;td
                  colspan="3"&gt;&lt;a href="selenium-element-screenshot-2.png"&gt;&lt;img
                  src="selenium-element-screenshot-2.png" width="400px"&gt;&lt;/a&gt;
                </msg>
                <status status="PASS" starttime="20230507 14:27:46.250"
                  endtime="20230507 14:27:46.598"/>
              </kw>
              <kw name="Click Element" library="SeleniumLibrary">
                <arg>//*[@id="mat-dialog-0"]/app-onboarding-dialog/div[1]/button[2]</arg>
                <doc>Click the element identified by ``locator``.</doc>
                <msg timestamp="20230507 14:27:46.606" level="INFO">Clicking element
                  '//*[@id="mat-dialog-0"]/app-onboarding-dialog/div[1]/button[2]'.
                </msg>
                <status status="PASS" starttime="20230507 14:27:46.601"
                  endtime="20230507 14:27:46.850"/>
              </kw>
              <kw name="Wait Until Element Is Visible" library="SeleniumLibrary">
                <arg>//*[@id="cdk-step-content-0-3"]/div/div[1]/p</arg>
                <doc>Waits until the element ``locator`` is visible.</doc>
                <status status="PASS" starttime="20230507 14:27:46.853"
                  endtime="20230507 14:27:47.168"/>
              </kw>
              <kw name="Element Should Contain" library="SeleniumLibrary">
                <arg>//*[@id="cdk-step-content-0-3"]/div/div[1]/p</arg>
                <arg>Initiez et gérez vos virements permanents</arg>
                <doc>Verifies that element ``locator`` contains text ``expected``.</doc>
                <msg timestamp="20230507 14:27:47.396" level="INFO">Element
                  '//*[@id="cdk-step-content-0-3"]/div/div[1]/p' contains text 'Initiez et gérez vos
                  virements permanents'.
                </msg>
                <status status="PASS" starttime="20230507 14:27:47.172"
                  endtime="20230507 14:27:47.398"/>
              </kw>
              <kw name="Capture Element Screenshot" library="SeleniumLibrary">
                <arg>//*[@id="cdk-step-content-0-3"]</arg>
                <doc>Captures a screenshot from the element identified by ``locator`` and embeds it
                  into log file.
                </doc>
                <msg timestamp="20230507 14:27:47.739" level="INFO" html="true">&lt;/td&gt;&lt;/tr&gt;&lt;tr&gt;&lt;td
                  colspan="3"&gt;&lt;a href="selenium-element-screenshot-3.png"&gt;&lt;img
                  src="selenium-element-screenshot-3.png" width="400px"&gt;&lt;/a&gt;
                </msg>
                <status status="PASS" starttime="20230507 14:27:47.402"
                  endtime="20230507 14:27:47.741"/>
              </kw>
              <kw name="Click Element" library="SeleniumLibrary">
                <arg>//*[@id="mat-dialog-0"]/app-onboarding-dialog/div[1]/button[2]</arg>
                <doc>Click the element identified by ``locator``.</doc>
                <msg timestamp="20230507 14:27:47.749" level="INFO">Clicking element
                  '//*[@id="mat-dialog-0"]/app-onboarding-dialog/div[1]/button[2]'.
                </msg>
                <status status="PASS" starttime="20230507 14:27:47.744"
                  endtime="20230507 14:27:48.010"/>
              </kw>
              <kw name="Wait Until Element Is Visible" library="SeleniumLibrary">
                <arg>//*[@id="login"]</arg>
                <doc>Waits until the element ``locator`` is visible.</doc>
                <status status="PASS" starttime="20230507 14:27:48.015"
                  endtime="20230507 14:27:49.627"/>
              </kw>
              <kw name="Capture Page Screenshot" library="SeleniumLibrary">
                <doc>Takes a screenshot of the current page and embeds it into a log file.</doc>
                <msg timestamp="20230507 14:27:50.116" level="INFO" html="true">&lt;/td&gt;&lt;/tr&gt;&lt;tr&gt;&lt;td
                  colspan="3"&gt;&lt;a href="selenium-screenshot-1.png"&gt;&lt;img
                  src="selenium-screenshot-1.png" width="800px"&gt;&lt;/a&gt;
                </msg>
                <status status="PASS" starttime="20230507 14:27:49.633"
                  endtime="20230507 14:27:50.116"/>
              </kw>
              <kw name="Sleep" library="BuiltIn">
                <arg>2</arg>
                <doc>Pauses the test executed for the given time.</doc>
                <msg timestamp="20230507 14:27:52.121" level="INFO">Slept 2 seconds</msg>
                <status status="PASS" starttime="20230507 14:27:50.117"
                  endtime="20230507 14:27:52.123"/>
              </kw>
              <status status="PASS" starttime="20230507 14:27:43.260"
                endtime="20230507 14:27:52.126"/>
            </kw>
            <kw name="Login">
              <kw name="Input Text" library="SeleniumLibrary">
                <arg>//*[@id="login"]</arg>
                <arg>2307750825</arg>
                <doc>Types the given ``text`` into the text field identified by ``locator``.</doc>
                <msg timestamp="20230507 14:27:52.145" level="INFO">Typing text '2307750825' into
                  text field '//*[@id="login"]'.
                </msg>
                <status status="PASS" starttime="20230507 14:27:52.137"
                  endtime="20230507 14:27:52.710"/>
              </kw>
              <kw name="Click Element" library="SeleniumLibrary">
                <arg>xpath=//span[@class='eb-keyboard-key-text' and text()='1']</arg>
                <doc>Click the element identified by ``locator``.</doc>
                <msg timestamp="20230507 14:27:52.722" level="INFO">Clicking element
                  'xpath=//span[@class='eb-keyboard-key-text' and text()='1']'.
                </msg>
                <status status="PASS" starttime="20230507 14:27:52.714"
                  endtime="20230507 14:27:53.037"/>
              </kw>
              <kw name="Click Element" library="SeleniumLibrary">
                <arg>xpath=//span[@class='eb-keyboard-key-text' and text()='1']</arg>
                <doc>Click the element identified by ``locator``.</doc>
                <msg timestamp="20230507 14:27:53.048" level="INFO">Clicking element
                  'xpath=//span[@class='eb-keyboard-key-text' and text()='1']'.
                </msg>
                <status status="PASS" starttime="20230507 14:27:53.041"
                  endtime="20230507 14:27:53.294"/>
              </kw>
              <kw name="Click Element" library="SeleniumLibrary">
                <arg>xpath=//span[@class='eb-keyboard-key-text' and text()='1']</arg>
                <doc>Click the element identified by ``locator``.</doc>
                <msg timestamp="20230507 14:27:53.307" level="INFO">Clicking element
                  'xpath=//span[@class='eb-keyboard-key-text' and text()='1']'.
                </msg>
                <status status="PASS" starttime="20230507 14:27:53.297"
                  endtime="20230507 14:27:53.620"/>
              </kw>
              <kw name="Click Element" library="SeleniumLibrary">
                <arg>xpath=//span[@class='eb-keyboard-key-text' and text()='1']</arg>
                <doc>Click the element identified by ``locator``.</doc>
                <msg timestamp="20230507 14:27:53.636" level="INFO">Clicking element
                  'xpath=//span[@class='eb-keyboard-key-text' and text()='1']'.
                </msg>
                <status status="PASS" starttime="20230507 14:27:53.626"
                  endtime="20230507 14:27:53.924"/>
              </kw>
              <kw name="Click Element" library="SeleniumLibrary">
                <arg>xpath=//span[@class='eb-keyboard-key-text' and text()='1']</arg>
                <doc>Click the element identified by ``locator``.</doc>
                <msg timestamp="20230507 14:27:53.942" level="INFO">Clicking element
                  'xpath=//span[@class='eb-keyboard-key-text' and text()='1']'.
                </msg>
                <status status="PASS" starttime="20230507 14:27:53.928"
                  endtime="20230507 14:27:54.236"/>
              </kw>
              <kw name="Click Element" library="SeleniumLibrary">
                <arg>xpath=//span[@class='eb-keyboard-key-text' and text()='1']</arg>
                <doc>Click the element identified by ``locator``.</doc>
                <msg timestamp="20230507 14:27:54.245" level="INFO">Clicking element
                  'xpath=//span[@class='eb-keyboard-key-text' and text()='1']'.
                </msg>
                <status status="PASS" starttime="20230507 14:27:54.239"
                  endtime="20230507 14:27:54.541"/>
              </kw>
              <kw name="Click Element" library="SeleniumLibrary">
                <arg>//*[@class="eb-btn-connect mat-flat-button mat-button-base"]</arg>
                <doc>Click the element identified by ``locator``.</doc>
                <msg timestamp="20230507 14:27:54.552" level="INFO">Clicking element
                  '//*[@class="eb-btn-connect mat-flat-button mat-button-base"]'.
                </msg>
                <status status="PASS" starttime="20230507 14:27:54.545"
                  endtime="20230507 14:27:54.954"/>
              </kw>
              <kw name="Sleep" library="BuiltIn">
                <arg>10</arg>
                <doc>Pauses the test executed for the given time.</doc>
                <msg timestamp="20230507 14:28:04.964" level="INFO">Slept 10 seconds</msg>
                <status status="PASS" starttime="20230507 14:27:54.957"
                  endtime="20230507 14:28:04.967"/>
              </kw>
              <kw name="Capture Page Screenshot" library="SeleniumLibrary">
                <doc>Takes a screenshot of the current page and embeds it into a log file.</doc>
                <msg timestamp="20230507 14:28:05.478" level="INFO" html="true">&lt;/td&gt;&lt;/tr&gt;&lt;tr&gt;&lt;td
                  colspan="3"&gt;&lt;a href="selenium-screenshot-2.png"&gt;&lt;img
                  src="selenium-screenshot-2.png" width="800px"&gt;&lt;/a&gt;
                </msg>
                <status status="PASS" starttime="20230507 14:28:04.974"
                  endtime="20230507 14:28:05.479"/>
              </kw>
              <status status="PASS" starttime="20230507 14:27:52.129"
                endtime="20230507 14:28:05.480"/>
            </kw>
            <kw name="teardown" type="TEARDOWN">
              <kw name="Femer les navigateurs">
                <kw name="Close All Browsers" library="SeleniumLibrary">
                  <doc>Closes all open browsers and resets the browser cache.</doc>
                  <status status="PASS" starttime="20230507 14:28:05.484"
                    endtime="20230507 14:28:05.638"/>
                </kw>
                <status status="PASS" starttime="20230507 14:28:05.482"
                  endtime="20230507 14:28:05.642"/>
              </kw>
              <status status="PASS" starttime="20230507 14:28:05.481"
                endtime="20230507 14:28:05.643"/>
            </kw>
            <status status="PASS" starttime="20230507 14:27:36.816"
              endtime="20230507 14:28:05.645"/>
          </test>
          <status status="PASS" starttime="20230507 14:27:36.758" endtime="20230507 14:28:05.653"/>
        </suite>
        <doc>1- Ouvrir un navigateur sur google Chrome, Firefox, Opera, Safari

          2- Tapper https://mbank-per.staging.bnpparibas.ma/

          3- Passer la visite guidé , vérifier le wording et prendre des capture d'écran

          4- Afficher la page login

          5- Se connecter avec un mot de passe permanent

          6 - Afficher le dashboard

          7 - Prendre un capture d'écran

          8 - Quitter le navigateur
        </doc>
        <status status="PASS" starttime="20230507 14:27:36.751" endtime="20230507 14:28:05.666"/>
      </suite>
      <status status="PASS" starttime="20230507 14:27:36.744" endtime="20230507 14:28:05.673"/>
    </suite>
    <doc>user.country=CA</doc>
    <status status="PASS" starttime="20230507 14:27:32.610" endtime="20230507 14:28:05.681"/>
  </suite>
  <statistics>
    <total>
      <stat pass="1" fail="0" skip="0">All Tests</stat>
    </total>
    <tag>
    </tag>
    <suite>
      <stat pass="1" fail="0" skip="0" id="s1" name="[Project] Bmci Connect Bis">[Project] Bmci
        Connect Bis
      </stat>
      <stat pass="1" fail="0" skip="0" id="s1-s1" name="[TestPlan] Tester">[Project] Bmci Connect
        Bis.[TestPlan] Tester
      </stat>
      <stat pass="1" fail="0" skip="0" id="s1-s1-s1" name="[Functionality] Onboarding and login">
        [Project] Bmci Connect Bis.[TestPlan] Tester.[Functionality] Onboarding and login
      </stat>
      <stat pass="1" fail="0" skip="0" id="s1-s1-s1-s1" name="[Scenario] Tester sur Google Chrome">
        [Project] Bmci Connect Bis.[TestPlan] Tester.[Functionality] Onboarding and login.[Scenario]
        Tester sur Google Chrome
      </stat>
    </suite>
  </statistics>
  <errors>
  </errors>
</robot>
