<?xml version="1.0" encoding="UTF-8"?>
<robot generator="Robot 6.0.2 (Python 3.8.13 on linux)" generated="20230610 01:06:10.398" rpa="false" schemaversion="3">
<suite id="s1" name="[Project] SauceLabdemo" source="/var/jenkins_home/jobs/Testify_9/workspace/[Project]_SauceLabdemo">
<suite id="s1-s1" name="[TestPlan] Tester login ajout produit checkout et logout" source="/var/jenkins_home/jobs/Testify_9/workspace/[Project]_SauceLabdemo/[TestPlan]_Tester login ajout produit checkout et logout">
<suite id="s1-s1-s1" name="[Functionality] Login" source="/var/jenkins_home/jobs/Testify_9/workspace/[Project]_SauceLabdemo/[TestPlan]_Tester login ajout produit checkout et logout/001__[Functionality]_Login">
<suite id="s1-s1-s1-s1" name="[Scenario] Login et mot de passe correcte" source="/var/jenkins_home/jobs/Testify_9/workspace/[Project]_SauceLabdemo/[TestPlan]_Tester login ajout produit checkout et logout/001__[Functionality]_Login/001__[Scenario]_Login et mot de passe correcte.robot">
<test id="s1-s1-s1-s1-t1" name="Login et mot de passe correcte" line="11">
<kw name="setup" type="SETUP">
<kw name="Open Browser">
<doc>Ouverture du navigateur chrome</doc>
<kw name="Open Browser" library="SeleniumLibrary">
<arg>url=https://www.saucedemo.com/</arg>
<arg>browser=Chrome</arg>
<arg>alias=Chrome</arg>
<arg>remote_url=http://selenium-hub:4444/wd/hub</arg>
<doc>Opens a new browser instance to the optional ``url``.</doc>
<msg timestamp="20230610 01:06:12.733" level="INFO">Opening browser 'Chrome' to base url 'https://www.saucedemo.com/' through remote server at 'http://selenium-hub:4444/wd/hub'.</msg>
<status status="PASS" starttime="20230610 01:06:12.732" endtime="20230610 01:08:00.258"/>
</kw>
<kw name="Set Window Size" library="SeleniumLibrary">
<arg>1900</arg>
<arg>1020</arg>
<doc>Sets current windows size to given ``width`` and ``height``.</doc>
<status status="PASS" starttime="20230610 01:08:00.259" endtime="20230610 01:08:00.404"/>
</kw>
<status status="PASS" starttime="20230610 01:06:12.731" endtime="20230610 01:08:00.404"/>
</kw>
<status status="PASS" starttime="20230610 01:06:12.731" endtime="20230610 01:08:00.405"/>
</kw>
<kw name="Saisi formulaire de login">
<doc>Saisir le nom de compte et mdp et cliquer sur le boutton login</doc>
<kw name="Capture Page Screenshot" library="SeleniumLibrary">
<doc>Takes a screenshot of the current page and embeds it into a log file.</doc>
<msg timestamp="20230610 01:08:00.709" level="INFO" html="true">&lt;/td&gt;&lt;/tr&gt;&lt;tr&gt;&lt;td colspan="3"&gt;&lt;a href="selenium-screenshot-1.png"&gt;&lt;img src="selenium-screenshot-1.png" width="800px"&gt;&lt;/a&gt;</msg>
<status status="PASS" starttime="20230610 01:08:00.405" endtime="20230610 01:08:00.709"/>
</kw>
<kw name="Input Text" library="SeleniumLibrary">
<arg>id=user-name</arg>
<arg>standard_user</arg>
<doc>Types the given ``text`` into the text field identified by ``locator``.</doc>
<msg timestamp="20230610 01:08:00.712" level="INFO">Typing text 'standard_user' into text field 'id=user-name'.</msg>
<status status="PASS" starttime="20230610 01:08:00.710" endtime="20230610 01:08:01.009"/>
</kw>
<kw name="Input Password" library="SeleniumLibrary">
<arg>id=password</arg>
<arg>secret_sauce</arg>
<doc>Types the given password into the text field identified by ``locator``.</doc>
<msg timestamp="20230610 01:08:01.011" level="INFO">Typing password into text field 'id=password'.</msg>
<msg timestamp="20230610 01:08:01.109" level="INFO">Temporally setting log level to: NONE</msg>
<msg timestamp="20230610 01:08:01.224" level="INFO">Log level changed from NONE to INFO.</msg>
<status status="PASS" starttime="20230610 01:08:01.010" endtime="20230610 01:08:01.225"/>
</kw>
<kw name="Click Element" library="SeleniumLibrary">
<arg>id=login-button</arg>
<doc>Click the element identified by ``locator``.</doc>
<msg timestamp="20230610 01:08:01.226" level="INFO">Clicking element 'id=login-button'.</msg>
<status status="PASS" starttime="20230610 01:08:01.225" endtime="20230610 01:08:01.439"/>
</kw>
<kw name="Sleep" library="BuiltIn">
<arg>3</arg>
<arg>reason=to wait for page</arg>
<doc>Pauses the test executed for the given time.</doc>
<msg timestamp="20230610 01:08:04.441" level="INFO">Slept 3 seconds</msg>
<msg timestamp="20230610 01:08:04.441" level="INFO">to wait for page</msg>
<status status="PASS" starttime="20230610 01:08:01.440" endtime="20230610 01:08:04.441"/>
</kw>
<kw name="Capture Page Screenshot" library="SeleniumLibrary">
<doc>Takes a screenshot of the current page and embeds it into a log file.</doc>
<msg timestamp="20230610 01:08:04.828" level="INFO" html="true">&lt;/td&gt;&lt;/tr&gt;&lt;tr&gt;&lt;td colspan="3"&gt;&lt;a href="selenium-screenshot-2.png"&gt;&lt;img src="selenium-screenshot-2.png" width="800px"&gt;&lt;/a&gt;</msg>
<status status="PASS" starttime="20230610 01:08:04.442" endtime="20230610 01:08:04.828"/>
</kw>
<status status="PASS" starttime="20230610 01:08:00.405" endtime="20230610 01:08:04.829"/>
</kw>
<kw name="teardown" type="TEARDOWN">
<kw name="Close Browser">
<doc>Fermer tout les navigateurs</doc>
<kw name="Close All Browsers" library="SeleniumLibrary">
<doc>Closes all open browsers and resets the browser cache.</doc>
<status status="PASS" starttime="20230610 01:08:04.831" endtime="20230610 01:08:04.993"/>
</kw>
<status status="PASS" starttime="20230610 01:08:04.830" endtime="20230610 01:08:04.994"/>
</kw>
<status status="PASS" starttime="20230610 01:08:04.829" endtime="20230610 01:08:04.994"/>
</kw>
<status status="PASS" starttime="20230610 01:06:12.729" endtime="20230610 01:08:04.994"/>
</test>
<doc>Login et mot de passe correcte</doc>
<status status="PASS" starttime="20230610 01:06:12.703" endtime="20230610 01:08:04.995"/>
</suite>
<doc>L'utilisateur doit entrer son login et mdp pour s'authentifier</doc>
<status status="PASS" starttime="20230610 01:06:12.700" endtime="20230610 01:08:04.998"/>
</suite>
<status status="PASS" starttime="20230610 01:06:12.695" endtime="20230610 01:08:04.999"/>
</suite>
<doc>user.country=CA</doc>
<status status="PASS" starttime="20230610 01:06:10.401" endtime="20230610 01:08:05.001"/>
</suite>
<statistics>
<total>
<stat pass="1" fail="0" skip="0">All Tests</stat>
</total>
<tag>
</tag>
<suite>
<stat pass="1" fail="0" skip="0" id="s1" name="[Project] SauceLabdemo">[Project] SauceLabdemo</stat>
<stat pass="1" fail="0" skip="0" id="s1-s1" name="[TestPlan] Tester login ajout produit checkout et logout">[Project] SauceLabdemo.[TestPlan] Tester login ajout produit checkout et logout</stat>
<stat pass="1" fail="0" skip="0" id="s1-s1-s1" name="[Functionality] Login">[Project] SauceLabdemo.[TestPlan] Tester login ajout produit checkout et logout.[Functionality] Login</stat>
<stat pass="1" fail="0" skip="0" id="s1-s1-s1-s1" name="[Scenario] Login et mot de passe correcte">[Project] SauceLabdemo.[TestPlan] Tester login ajout produit checkout et logout.[Functionality] Login.[Scenario] Login et mot de passe correcte</stat>
</suite>
</statistics>
<errors>
</errors>
</robot>
