<?xml version="1.0" encoding="UTF-8"?>
<robot generator="Robot 6.0.2 (Python 3.8.13 on linux)" generated="20230611 23:09:25.864" rpa="false" schemaversion="3">
<suite id="s1" name="[Project] SauceLabdemo" source="/var/jenkins_home/jobs/Testify_28/workspace/[Project]_SauceLabdemo">
<suite id="s1-s1" name="[TestPlan] Tester login ajout produit checkout et logout" source="/var/jenkins_home/jobs/Testify_28/workspace/[Project]_SauceLabdemo/[TestPlan]_Tester login ajout produit checkout et logout">
<suite id="s1-s1-s1" name="[Functionality] parcours complet" source="/var/jenkins_home/jobs/Testify_28/workspace/[Project]_SauceLabdemo/[TestPlan]_Tester login ajout produit checkout et logout/001__[Functionality]_parcours complet">
<suite id="s1-s1-s1-s1" name="[Scenario] Login et mot de passe correcte" source="/var/jenkins_home/jobs/Testify_28/workspace/[Project]_SauceLabdemo/[TestPlan]_Tester login ajout produit checkout et logout/001__[Functionality]_parcours complet/001__[Scenario]_Login et mot de passe correcte.robot">
<test id="s1-s1-s1-s1-t1" name="Login et mot de passe correcte" line="11">
<kw name="setup" type="SETUP">
<kw name="Open Browser">
<doc>Ouverture du navigateur chrome</doc>
<kw name="Open Browser" library="SeleniumLibrary">
<arg>url=https://www.saucedemo.com/</arg>
<arg>browser=Chrome</arg>
<arg>alias=Chrome</arg>
<arg>remote_url=http://selenium-hub:4444/wd/hub</arg>
<doc>Opens a new browser instance to the optional ``url``.</doc>
<msg timestamp="20230611 23:09:31.725" level="INFO">Opening browser 'Chrome' to base url 'https://www.saucedemo.com/' through remote server at 'http://selenium-hub:4444/wd/hub'.</msg>
<status status="PASS" starttime="20230611 23:09:31.723" endtime="20230611 23:09:36.392"/>
</kw>
<kw name="Set Window Size" library="SeleniumLibrary">
<arg>1900</arg>
<arg>1020</arg>
<doc>Sets current windows size to given ``width`` and ``height``.</doc>
<status status="PASS" starttime="20230611 23:09:36.393" endtime="20230611 23:09:36.574"/>
</kw>
<status status="PASS" starttime="20230611 23:09:31.721" endtime="20230611 23:09:36.575"/>
</kw>
<status status="PASS" starttime="20230611 23:09:31.721" endtime="20230611 23:09:36.575"/>
</kw>
<kw name="Saisi formulaire de login">
<doc>Saisir le nom de compte et mdp et cliquer sur le boutton login</doc>
<kw name="Capture Page Screenshot" library="SeleniumLibrary">
<doc>Takes a screenshot of the current page and embeds it into a log file.</doc>
<msg timestamp="20230611 23:09:36.958" level="INFO" html="true">&lt;/td&gt;&lt;/tr&gt;&lt;tr&gt;&lt;td colspan="3"&gt;&lt;a href="selenium-screenshot-1.png"&gt;&lt;img src="selenium-screenshot-1.png" width="800px"&gt;&lt;/a&gt;</msg>
<status status="PASS" starttime="20230611 23:09:36.576" endtime="20230611 23:09:36.958"/>
</kw>
<kw name="Input Text" library="SeleniumLibrary">
<arg>id=user-name</arg>
<arg>standard_user</arg>
<doc>Types the given ``text`` into the text field identified by ``locator``.</doc>
<msg timestamp="20230611 23:09:36.960" level="INFO">Typing text 'standard_user' into text field 'id=user-name'.</msg>
<status status="PASS" starttime="20230611 23:09:36.958" endtime="20230611 23:09:37.338"/>
</kw>
<kw name="Input Password" library="SeleniumLibrary">
<arg>id=password</arg>
<arg>secret_sauce</arg>
<doc>Types the given password into the text field identified by ``locator``.</doc>
<msg timestamp="20230611 23:09:37.340" level="INFO">Typing password into text field 'id=password'.</msg>
<msg timestamp="20230611 23:09:37.456" level="INFO">Temporally setting log level to: NONE</msg>
<msg timestamp="20230611 23:09:37.583" level="INFO">Log level changed from NONE to INFO.</msg>
<status status="PASS" starttime="20230611 23:09:37.339" endtime="20230611 23:09:37.583"/>
</kw>
<kw name="Click Element" library="SeleniumLibrary">
<arg>id=login-button</arg>
<doc>Click the element identified by ``locator``.</doc>
<msg timestamp="20230611 23:09:37.584" level="INFO">Clicking element 'id=login-button'.</msg>
<status status="PASS" starttime="20230611 23:09:37.584" endtime="20230611 23:09:37.812"/>
</kw>
<kw name="Sleep" library="BuiltIn">
<arg>3</arg>
<arg>reason=to wait for page</arg>
<doc>Pauses the test executed for the given time.</doc>
<msg timestamp="20230611 23:09:40.813" level="INFO">Slept 3 seconds</msg>
<msg timestamp="20230611 23:09:40.813" level="INFO">to wait for page</msg>
<status status="PASS" starttime="20230611 23:09:37.812" endtime="20230611 23:09:40.814"/>
</kw>
<kw name="Capture Page Screenshot" library="SeleniumLibrary">
<doc>Takes a screenshot of the current page and embeds it into a log file.</doc>
<msg timestamp="20230611 23:09:41.227" level="INFO" html="true">&lt;/td&gt;&lt;/tr&gt;&lt;tr&gt;&lt;td colspan="3"&gt;&lt;a href="selenium-screenshot-2.png"&gt;&lt;img src="selenium-screenshot-2.png" width="800px"&gt;&lt;/a&gt;</msg>
<status status="PASS" starttime="20230611 23:09:40.814" endtime="20230611 23:09:41.227"/>
</kw>
<kw name="Click Button" library="SeleniumLibrary">
<arg>css=.bm-burger-button</arg>
<doc>Clicks the button identified by ``locator``.</doc>
<msg timestamp="20230611 23:09:41.228" level="INFO">Clicking button 'css=.bm-burger-button'.</msg>
<kw name="Capture Page Screenshot" library="SeleniumLibrary">
<doc>Takes a screenshot of the current page and embeds it into a log file.</doc>
<msg timestamp="20230611 23:09:41.788" level="INFO" html="true">&lt;/td&gt;&lt;/tr&gt;&lt;tr&gt;&lt;td colspan="3"&gt;&lt;a href="selenium-screenshot-3.png"&gt;&lt;img src="selenium-screenshot-3.png" width="800px"&gt;&lt;/a&gt;</msg>
<status status="PASS" starttime="20230611 23:09:41.389" endtime="20230611 23:09:41.789"/>
</kw>
<msg timestamp="20230611 23:09:41.789" level="FAIL">Button with locator 'css=.bm-burger-button' not found.</msg>
<status status="FAIL" starttime="20230611 23:09:41.228" endtime="20230611 23:09:41.801"/>
</kw>
<kw name="Click Element" library="SeleniumLibrary">
<arg>id=react-burger-menu-btn</arg>
<doc>Click the element identified by ``locator``.</doc>
<status status="NOT RUN" starttime="20230611 23:09:41.801" endtime="20230611 23:09:41.801"/>
</kw>
<kw name="Click Element" library="SeleniumLibrary">
<arg>id=reset_sidebar_link</arg>
<doc>Click the element identified by ``locator``.</doc>
<status status="NOT RUN" starttime="20230611 23:09:41.802" endtime="20230611 23:09:41.802"/>
</kw>
<kw name="Click Element" library="SeleniumLibrary">
<arg>id=add-to-cart-sauce-labs-backpack</arg>
<doc>Click the element identified by ``locator``.</doc>
<status status="NOT RUN" starttime="20230611 23:09:41.802" endtime="20230611 23:09:41.802"/>
</kw>
<kw name="Click Element" library="SeleniumLibrary">
<arg>id=add-to-cart-sauce-labs-bike-light</arg>
<doc>Click the element identified by ``locator``.</doc>
<status status="NOT RUN" starttime="20230611 23:09:41.802" endtime="20230611 23:09:41.802"/>
</kw>
<kw name="Click Element" library="SeleniumLibrary">
<arg>linkText=2</arg>
<doc>Click the element identified by ``locator``.</doc>
<status status="NOT RUN" starttime="20230611 23:09:41.802" endtime="20230611 23:09:41.803"/>
</kw>
<kw name="Sleep" library="BuiltIn">
<arg>3</arg>
<arg>reason=to wait for page</arg>
<doc>Pauses the test executed for the given time.</doc>
<status status="NOT RUN" starttime="20230611 23:09:41.803" endtime="20230611 23:09:41.803"/>
</kw>
<kw name="Capture Page Screenshot" library="SeleniumLibrary">
<doc>Takes a screenshot of the current page and embeds it into a log file.</doc>
<status status="NOT RUN" starttime="20230611 23:09:41.803" endtime="20230611 23:09:41.803"/>
</kw>
<kw name="Click Element" library="SeleniumLibrary">
<arg>id=checkout</arg>
<doc>Click the element identified by ``locator``.</doc>
<status status="NOT RUN" starttime="20230611 23:09:41.803" endtime="20230611 23:09:41.803"/>
</kw>
<kw name="Click Element" library="SeleniumLibrary">
<arg>id=first-name</arg>
<doc>Click the element identified by ``locator``.</doc>
<status status="NOT RUN" starttime="20230611 23:09:41.803" endtime="20230611 23:09:41.803"/>
</kw>
<kw name="Sleep" library="BuiltIn">
<arg>3</arg>
<arg>reason=to wait for page</arg>
<doc>Pauses the test executed for the given time.</doc>
<status status="NOT RUN" starttime="20230611 23:09:41.804" endtime="20230611 23:09:41.804"/>
</kw>
<kw name="Capture Page Screenshot" library="SeleniumLibrary">
<doc>Takes a screenshot of the current page and embeds it into a log file.</doc>
<status status="NOT RUN" starttime="20230611 23:09:41.804" endtime="20230611 23:09:41.804"/>
</kw>
<kw name="Input Text" library="SeleniumLibrary">
<arg>id=first-name</arg>
<arg>Testing</arg>
<doc>Types the given ``text`` into the text field identified by ``locator``.</doc>
<status status="NOT RUN" starttime="20230611 23:09:41.804" endtime="20230611 23:09:41.804"/>
</kw>
<kw name="Input Text" library="SeleniumLibrary">
<arg>id=last-name</arg>
<arg>Testify</arg>
<doc>Types the given ``text`` into the text field identified by ``locator``.</doc>
<status status="NOT RUN" starttime="20230611 23:09:41.805" endtime="20230611 23:09:41.805"/>
</kw>
<kw name="Input Text" library="SeleniumLibrary">
<arg>id=postal-code</arg>
<arg>20100</arg>
<doc>Types the given ``text`` into the text field identified by ``locator``.</doc>
<status status="NOT RUN" starttime="20230611 23:09:41.805" endtime="20230611 23:09:41.805"/>
</kw>
<kw name="Click Element" library="SeleniumLibrary">
<arg>id=continue</arg>
<doc>Click the element identified by ``locator``.</doc>
<status status="NOT RUN" starttime="20230611 23:09:41.805" endtime="20230611 23:09:41.805"/>
</kw>
<kw name="Click Element" library="SeleniumLibrary">
<arg>id=finish</arg>
<doc>Click the element identified by ``locator``.</doc>
<status status="NOT RUN" starttime="20230611 23:09:41.805" endtime="20230611 23:09:41.805"/>
</kw>
<kw name="Click Element" library="SeleniumLibrary">
<arg>id=back-to-products</arg>
<doc>Click the element identified by ``locator``.</doc>
<status status="NOT RUN" starttime="20230611 23:09:41.806" endtime="20230611 23:09:41.806"/>
</kw>
<kw name="Sleep" library="BuiltIn">
<arg>3</arg>
<arg>reason=to wait for page</arg>
<doc>Pauses the test executed for the given time.</doc>
<status status="NOT RUN" starttime="20230611 23:09:41.806" endtime="20230611 23:09:41.806"/>
</kw>
<kw name="Capture Page Screenshot" library="SeleniumLibrary">
<doc>Takes a screenshot of the current page and embeds it into a log file.</doc>
<status status="NOT RUN" starttime="20230611 23:09:41.806" endtime="20230611 23:09:41.806"/>
</kw>
<status status="FAIL" starttime="20230611 23:09:36.575" endtime="20230611 23:09:41.807"/>
</kw>
<kw name="teardown" type="TEARDOWN">
<kw name="Close Browser">
<doc>Fermer tout les navigateurs</doc>
<kw name="Close All Browsers" library="SeleniumLibrary">
<doc>Closes all open browsers and resets the browser cache.</doc>
<status status="PASS" starttime="20230611 23:09:41.809" endtime="20230611 23:09:41.951"/>
</kw>
<status status="PASS" starttime="20230611 23:09:41.808" endtime="20230611 23:09:41.951"/>
</kw>
<status status="PASS" starttime="20230611 23:09:41.807" endtime="20230611 23:09:41.951"/>
</kw>
<status status="FAIL" starttime="20230611 23:09:31.719" endtime="20230611 23:09:41.952">Button with locator 'css=.bm-burger-button' not found.</status>
</test>
<doc>Login et mot de passe correcte</doc>
<status status="FAIL" starttime="20230611 23:09:31.695" endtime="20230611 23:09:41.954"/>
</suite>
<doc>L'utilisateur doit entrer son login et mdp pour s'authentifier selectionner un produit et confirmer l'achat dans le checkout puis logout</doc>
<status status="FAIL" starttime="20230611 23:09:31.692" endtime="20230611 23:09:41.957"/>
</suite>
<status status="FAIL" starttime="20230611 23:09:31.687" endtime="20230611 23:09:41.960"/>
</suite>
<doc>user.country=CA</doc>
<status status="FAIL" starttime="20230611 23:09:25.867" endtime="20230611 23:09:41.962"/>
</suite>
<statistics>
<total>
<stat pass="0" fail="1" skip="0">All Tests</stat>
</total>
<tag>
</tag>
<suite>
<stat pass="0" fail="1" skip="0" id="s1" name="[Project] SauceLabdemo">[Project] SauceLabdemo</stat>
<stat pass="0" fail="1" skip="0" id="s1-s1" name="[TestPlan] Tester login ajout produit checkout et logout">[Project] SauceLabdemo.[TestPlan] Tester login ajout produit checkout et logout</stat>
<stat pass="0" fail="1" skip="0" id="s1-s1-s1" name="[Functionality] parcours complet">[Project] SauceLabdemo.[TestPlan] Tester login ajout produit checkout et logout.[Functionality] parcours complet</stat>
<stat pass="0" fail="1" skip="0" id="s1-s1-s1-s1" name="[Scenario] Login et mot de passe correcte">[Project] SauceLabdemo.[TestPlan] Tester login ajout produit checkout et logout.[Functionality] parcours complet.[Scenario] Login et mot de passe correcte</stat>
</suite>
</statistics>
<errors>
</errors>
</robot>
